Step:0	{"metric": {"dev": {"eval_loss": 0.1470949649810791}}, "step": 0}
Step:0	{"metric": {"dev": {"eval_F1_score": 0.06572769950474454}}, "step": 0}
Step:0	{"metric": {"dev": {"eval_Precision": 0.21649484536060154}}, "step": 0}
Step:0	{"metric": {"dev": {"eval_Recall": 0.03874538745386739}}, "step": 0}
Step:0	{"metric": {"dev": {"eval_Metric_time": 3.1247642040252686}}, "step": 0}
Step:0	{"metric": {"dev": {"eval_runtime": 4.2041}}, "step": 0}
Step:0	{"metric": {"dev": {"eval_samples_per_second": 261.647}}, "step": 0}
Step:0	{"metric": {"dev": {"eval_steps_per_second": 2.141}}, "step": 0}
Step:0	{"metric": {"dev": {"epoch": 1.0}}, "step": 0}
Step:1	{"metric": {"dev": {"eval_loss": 0.11412675678730011}}, "step": 1}
Step:1	{"metric": {"dev": {"eval_F1_score": 0.12463768112568704}}, "step": 1}
Step:1	{"metric": {"dev": {"eval_Precision": 0.2905405405403442}}, "step": 1}
Step:1	{"metric": {"dev": {"eval_Recall": 0.07933579335791893}}, "step": 1}
Step:1	{"metric": {"dev": {"eval_Metric_time": 3.141045570373535}}, "step": 1}
Step:1	{"metric": {"dev": {"eval_runtime": 4.2211}}, "step": 1}
Step:1	{"metric": {"dev": {"eval_samples_per_second": 260.597}}, "step": 1}
Step:1	{"metric": {"dev": {"eval_steps_per_second": 2.132}}, "step": 1}
Step:1	{"metric": {"dev": {"epoch": 2.0}}, "step": 1}
Step:2	{"metric": {"dev": {"eval_loss": 0.10046976804733276}}, "step": 2}
Step:2	{"metric": {"dev": {"eval_F1_score": 0.18039215682139212}}, "step": 2}
Step:2	{"metric": {"dev": {"eval_Precision": 0.3094170403586057}}, "step": 2}
Step:2	{"metric": {"dev": {"eval_Recall": 0.12730627306270711}}, "step": 2}
Step:2	{"metric": {"dev": {"eval_Metric_time": 3.1484320163726807}}, "step": 2}
Step:2	{"metric": {"dev": {"eval_runtime": 4.2434}}, "step": 2}
Step:2	{"metric": {"dev": {"eval_samples_per_second": 259.226}}, "step": 2}
Step:2	{"metric": {"dev": {"eval_steps_per_second": 2.121}}, "step": 2}
Step:2	{"metric": {"dev": {"epoch": 3.0}}, "step": 2}
Step:3	{"metric": {"dev": {"eval_loss": 0.08920475095510483}}, "step": 3}
Step:3	{"metric": {"dev": {"eval_F1_score": 0.2755344417592904}}, "step": 3}
Step:3	{"metric": {"dev": {"eval_Precision": 0.3866666666665378}}, "step": 3}
Step:3	{"metric": {"dev": {"eval_Recall": 0.2140221402213627}}, "step": 3}
Step:3	{"metric": {"dev": {"eval_Metric_time": 3.189939260482788}}, "step": 3}
Step:3	{"metric": {"dev": {"eval_runtime": 4.2688}}, "step": 3}
Step:3	{"metric": {"dev": {"eval_samples_per_second": 257.681}}, "step": 3}
Step:3	{"metric": {"dev": {"eval_steps_per_second": 2.108}}, "step": 3}
Step:3	{"metric": {"dev": {"epoch": 4.0}}, "step": 3}
Step:4	{"metric": {"dev": {"eval_loss": 0.0799594447016716}}, "step": 4}
Step:4	{"metric": {"dev": {"eval_F1_score": 0.3642691414845543}}, "step": 4}
Step:4	{"metric": {"dev": {"eval_Precision": 0.4906249999998467}}, "step": 4}
Step:4	{"metric": {"dev": {"eval_Recall": 0.2896678966789133}}, "step": 4}
Step:4	{"metric": {"dev": {"eval_Metric_time": 3.1380462646484375}}, "step": 4}
Step:4	{"metric": {"dev": {"eval_runtime": 4.216}}, "step": 4}
Step:4	{"metric": {"dev": {"eval_samples_per_second": 260.913}}, "step": 4}
Step:4	{"metric": {"dev": {"eval_steps_per_second": 2.135}}, "step": 4}
Step:4	{"metric": {"dev": {"epoch": 5.0}}, "step": 4}
