Step:0	{"metric": {"dev": {"eval_loss": 0.1470949649810791}}, "step": 0}
Step:0	{"metric": {"dev": {"eval_F1_score": 0.06572769950474454}}, "step": 0}
Step:0	{"metric": {"dev": {"eval_Precision": 0.21649484536060154}}, "step": 0}
Step:0	{"metric": {"dev": {"eval_Recall": 0.03874538745386739}}, "step": 0}
Step:0	{"metric": {"dev": {"eval_Metric_time": 3.1303629875183105}}, "step": 0}
Step:0	{"metric": {"dev": {"eval_runtime": 4.221}}, "step": 0}
Step:0	{"metric": {"dev": {"eval_samples_per_second": 260.605}}, "step": 0}
Step:0	{"metric": {"dev": {"eval_steps_per_second": 2.132}}, "step": 0}
Step:0	{"metric": {"dev": {"epoch": 1.0}}, "step": 0}
Step:1	{"metric": {"dev": {"eval_loss": 0.11412675678730011}}, "step": 1}
Step:1	{"metric": {"dev": {"eval_F1_score": 0.12463768112568704}}, "step": 1}
Step:1	{"metric": {"dev": {"eval_Precision": 0.2905405405403442}}, "step": 1}
Step:1	{"metric": {"dev": {"eval_Recall": 0.07933579335791893}}, "step": 1}
Step:1	{"metric": {"dev": {"eval_Metric_time": 3.1308913230895996}}, "step": 1}
Step:1	{"metric": {"dev": {"eval_runtime": 4.2261}}, "step": 1}
Step:1	{"metric": {"dev": {"eval_samples_per_second": 260.287}}, "step": 1}
Step:1	{"metric": {"dev": {"eval_steps_per_second": 2.13}}, "step": 1}
Step:1	{"metric": {"dev": {"epoch": 2.0}}, "step": 1}
Step:2	{"metric": {"dev": {"eval_loss": 0.10046976804733276}}, "step": 2}
Step:2	{"metric": {"dev": {"eval_F1_score": 0.18039215682139212}}, "step": 2}
Step:2	{"metric": {"dev": {"eval_Precision": 0.3094170403586057}}, "step": 2}
Step:2	{"metric": {"dev": {"eval_Recall": 0.12730627306270711}}, "step": 2}
Step:2	{"metric": {"dev": {"eval_Metric_time": 3.201432943344116}}, "step": 2}
Step:2	{"metric": {"dev": {"eval_runtime": 4.314}}, "step": 2}
Step:2	{"metric": {"dev": {"eval_samples_per_second": 254.984}}, "step": 2}
Step:2	{"metric": {"dev": {"eval_steps_per_second": 2.086}}, "step": 2}
Step:2	{"metric": {"dev": {"epoch": 3.0}}, "step": 2}
