Step:0	{"metric": {"dev": {"eval_loss": 2.5637762546539307}}, "step": 0}
Step:0	{"metric": {"dev": {"eval_F1_score": 0.0}}, "step": 0}
Step:0	{"metric": {"dev": {"eval_Precision": 0.0}}, "step": 0}
Step:0	{"metric": {"dev": {"eval_Recall": 0.0}}, "step": 0}
Step:0	{"metric": {"dev": {"eval_Metric_time": 0.0802774429321289}}, "step": 0}
Step:0	{"metric": {"dev": {"eval_runtime": 1.3799}}, "step": 0}
Step:0	{"metric": {"dev": {"eval_samples_per_second": 797.134}}, "step": 0}
Step:0	{"metric": {"dev": {"eval_steps_per_second": 6.522}}, "step": 0}
Step:0	{"metric": {"dev": {"epoch": 0.45}}, "step": 0}
Step:0	{"metric": {"dev": {"eval_loss": 4.392809867858887}}, "step": 0}
Step:0	{"metric": {"dev": {"eval_F1_score": 0.0}}, "step": 0}
Step:0	{"metric": {"dev": {"eval_Precision": 0.0}}, "step": 0}
Step:0	{"metric": {"dev": {"eval_Recall": 0.0}}, "step": 0}
Step:0	{"metric": {"dev": {"eval_Metric_time": 0.07999253273010254}}, "step": 0}
Step:0	{"metric": {"dev": {"eval_runtime": 1.3343}}, "step": 0}
Step:0	{"metric": {"dev": {"eval_samples_per_second": 824.422}}, "step": 0}
Step:0	{"metric": {"dev": {"eval_steps_per_second": 6.745}}, "step": 0}
Step:0	{"metric": {"dev": {"epoch": 0.9}}, "step": 0}
Step:1	{"metric": {"dev": {"eval_loss": 5.594465255737305}}, "step": 1}
Step:1	{"metric": {"dev": {"eval_F1_score": 0.0}}, "step": 1}
Step:1	{"metric": {"dev": {"eval_Precision": 0.0}}, "step": 1}
Step:1	{"metric": {"dev": {"eval_Recall": 0.0}}, "step": 1}
Step:1	{"metric": {"dev": {"eval_Metric_time": 0.06326580047607422}}, "step": 1}
Step:1	{"metric": {"dev": {"eval_runtime": 1.3198}}, "step": 1}
Step:1	{"metric": {"dev": {"eval_samples_per_second": 833.446}}, "step": 1}
Step:1	{"metric": {"dev": {"eval_steps_per_second": 6.819}}, "step": 1}
Step:1	{"metric": {"dev": {"epoch": 1.35}}, "step": 1}
Step:1	{"metric": {"dev": {"eval_loss": 6.046112537384033}}, "step": 1}
Step:1	{"metric": {"dev": {"eval_F1_score": 0.0}}, "step": 1}
Step:1	{"metric": {"dev": {"eval_Precision": 0.0}}, "step": 1}
Step:1	{"metric": {"dev": {"eval_Recall": 0.0}}, "step": 1}
Step:1	{"metric": {"dev": {"eval_Metric_time": 0.07974815368652344}}, "step": 1}
Step:1	{"metric": {"dev": {"eval_runtime": 1.3265}}, "step": 1}
Step:1	{"metric": {"dev": {"eval_samples_per_second": 829.243}}, "step": 1}
Step:1	{"metric": {"dev": {"eval_steps_per_second": 6.785}}, "step": 1}
Step:1	{"metric": {"dev": {"epoch": 1.8}}, "step": 1}
Step:2	{"metric": {"dev": {"eval_loss": 6.217103004455566}}, "step": 2}
Step:2	{"metric": {"dev": {"eval_F1_score": 0.0}}, "step": 2}
Step:2	{"metric": {"dev": {"eval_Precision": 0.0}}, "step": 2}
Step:2	{"metric": {"dev": {"eval_Recall": 0.0}}, "step": 2}
Step:2	{"metric": {"dev": {"eval_Metric_time": 0.07940173149108887}}, "step": 2}
Step:2	{"metric": {"dev": {"eval_runtime": 1.3299}}, "step": 2}
Step:2	{"metric": {"dev": {"eval_samples_per_second": 827.129}}, "step": 2}
Step:2	{"metric": {"dev": {"eval_steps_per_second": 6.767}}, "step": 2}
Step:2	{"metric": {"dev": {"epoch": 2.25}}, "step": 2}
