Step:0	{"metric": {"dev": {"eval_loss": 0.33628320693969727}}, "step": 0}
Step:0	{"metric": {"dev": {"eval_F1_score": 0.0}}, "step": 0}
Step:0	{"metric": {"dev": {"eval_Precision": 0.0}}, "step": 0}
Step:0	{"metric": {"dev": {"eval_Recall": 0.0}}, "step": 0}
Step:0	{"metric": {"dev": {"eval_Metric_time": 0.06347775459289551}}, "step": 0}
Step:0	{"metric": {"dev": {"eval_runtime": 4.2827}}, "step": 0}
Step:0	{"metric": {"dev": {"eval_samples_per_second": 256.849}}, "step": 0}
Step:0	{"metric": {"dev": {"eval_steps_per_second": 4.203}}, "step": 0}
Step:0	{"metric": {"dev": {"epoch": 0.23}}, "step": 0}
Step:0	{"metric": {"dev": {"eval_loss": 0.2388901263475418}}, "step": 0}
Step:0	{"metric": {"dev": {"eval_F1_score": 0.006191950437590218}}, "step": 0}
Step:0	{"metric": {"dev": {"eval_Precision": 0.01941747572813649}}, "step": 0}
Step:0	{"metric": {"dev": {"eval_Recall": 0.003683241252301347}}, "step": 0}
Step:0	{"metric": {"dev": {"eval_Metric_time": 0.06329059600830078}}, "step": 0}
Step:0	{"metric": {"dev": {"eval_runtime": 2.1601}}, "step": 0}
Step:0	{"metric": {"dev": {"eval_samples_per_second": 509.237}}, "step": 0}
Step:0	{"metric": {"dev": {"eval_steps_per_second": 8.333}}, "step": 0}
Step:0	{"metric": {"dev": {"epoch": 0.45}}, "step": 0}
Step:0	{"metric": {"dev": {"eval_loss": 0.17522209882736206}}, "step": 0}
Step:0	{"metric": {"dev": {"eval_F1_score": 0.04740740737593064}}, "step": 0}
Step:0	{"metric": {"dev": {"eval_Precision": 0.1212121212120294}}, "step": 0}
Step:0	{"metric": {"dev": {"eval_Recall": 0.029465930018410778}}, "step": 0}
Step:0	{"metric": {"dev": {"eval_Metric_time": 0.06548881530761719}}, "step": 0}
Step:0	{"metric": {"dev": {"eval_runtime": 2.1595}}, "step": 0}
Step:0	{"metric": {"dev": {"eval_samples_per_second": 509.387}}, "step": 0}
Step:0	{"metric": {"dev": {"eval_steps_per_second": 8.335}}, "step": 0}
Step:0	{"metric": {"dev": {"epoch": 0.68}}, "step": 0}
Step:0	{"metric": {"dev": {"eval_loss": 0.14962439239025116}}, "step": 0}
Step:0	{"metric": {"dev": {"eval_F1_score": 0.07267833105081106}}, "step": 0}
Step:0	{"metric": {"dev": {"eval_Precision": 0.1349999999999325}}, "step": 0}
Step:0	{"metric": {"dev": {"eval_Recall": 0.04972375690606819}}, "step": 0}
Step:0	{"metric": {"dev": {"eval_Metric_time": 0.06511712074279785}}, "step": 0}
Step:0	{"metric": {"dev": {"eval_runtime": 2.163}}, "step": 0}
Step:0	{"metric": {"dev": {"eval_samples_per_second": 508.543}}, "step": 0}
Step:0	{"metric": {"dev": {"eval_steps_per_second": 8.322}}, "step": 0}
Step:0	{"metric": {"dev": {"epoch": 0.9}}, "step": 0}
Step:1	{"metric": {"dev": {"eval_loss": 0.13483873009681702}}, "step": 1}
Step:1	{"metric": {"dev": {"eval_F1_score": 0.09523809519759699}}, "step": 1}
Step:1	{"metric": {"dev": {"eval_Precision": 0.16901408450696292}}, "step": 1}
Step:1	{"metric": {"dev": {"eval_Recall": 0.06629834254142425}}, "step": 1}
Step:1	{"metric": {"dev": {"eval_Metric_time": 0.06469154357910156}}, "step": 1}
Step:1	{"metric": {"dev": {"eval_runtime": 2.1622}}, "step": 1}
Step:1	{"metric": {"dev": {"eval_samples_per_second": 508.734}}, "step": 1}
Step:1	{"metric": {"dev": {"eval_steps_per_second": 8.325}}, "step": 1}
Step:1	{"metric": {"dev": {"epoch": 1.13}}, "step": 1}
Step:1	{"metric": {"dev": {"eval_loss": 0.12020256370306015}}, "step": 1}
Step:1	{"metric": {"dev": {"eval_F1_score": 0.10572687221434919}}, "step": 1}
Step:1	{"metric": {"dev": {"eval_Precision": 0.2608695652172023}}, "step": 1}
Step:1	{"metric": {"dev": {"eval_Recall": 0.06629834254142425}}, "step": 1}
Step:1	{"metric": {"dev": {"eval_Metric_time": 0.06713366508483887}}, "step": 1}
Step:1	{"metric": {"dev": {"eval_runtime": 2.178}}, "step": 1}
Step:1	{"metric": {"dev": {"eval_samples_per_second": 505.061}}, "step": 1}
Step:1	{"metric": {"dev": {"eval_steps_per_second": 8.265}}, "step": 1}
Step:1	{"metric": {"dev": {"epoch": 1.35}}, "step": 1}
Step:1	{"metric": {"dev": {"eval_loss": 0.11598579585552216}}, "step": 1}
Step:1	{"metric": {"dev": {"eval_F1_score": 0.13997308206021422}}, "step": 1}
Step:1	{"metric": {"dev": {"eval_Precision": 0.25999999999987}}, "step": 1}
Step:1	{"metric": {"dev": {"eval_Recall": 0.09576427255983502}}, "step": 1}
Step:1	{"metric": {"dev": {"eval_Metric_time": 0.06865715980529785}}, "step": 1}
Step:1	{"metric": {"dev": {"eval_runtime": 2.1706}}, "step": 1}
Step:1	{"metric": {"dev": {"eval_samples_per_second": 506.767}}, "step": 1}
Step:1	{"metric": {"dev": {"eval_steps_per_second": 8.293}}, "step": 1}
Step:1	{"metric": {"dev": {"epoch": 1.58}}, "step": 1}
Step:1	{"metric": {"dev": {"eval_loss": 0.11316784471273422}}, "step": 1}
Step:1	{"metric": {"dev": {"eval_F1_score": 0.166887417178109}}, "step": 1}
Step:1	{"metric": {"dev": {"eval_Precision": 0.29716981132061454}}, "step": 1}
Step:1	{"metric": {"dev": {"eval_Recall": 0.11602209944749244}}, "step": 1}
Step:1	{"metric": {"dev": {"eval_Metric_time": 0.06492996215820312}}, "step": 1}
Step:1	{"metric": {"dev": {"eval_runtime": 2.1732}}, "step": 1}
Step:1	{"metric": {"dev": {"eval_samples_per_second": 506.176}}, "step": 1}
Step:1	{"metric": {"dev": {"eval_steps_per_second": 8.283}}, "step": 1}
Step:1	{"metric": {"dev": {"epoch": 1.8}}, "step": 1}
Step:2	{"metric": {"dev": {"eval_loss": 0.10628926008939743}}, "step": 2}
Step:2	{"metric": {"dev": {"eval_F1_score": 0.17766497457639494}}, "step": 2}
Step:2	{"metric": {"dev": {"eval_Precision": 0.2857142857141691}}, "step": 2}
Step:2	{"metric": {"dev": {"eval_Recall": 0.12891344383054715}}, "step": 2}
Step:2	{"metric": {"dev": {"eval_Metric_time": 0.0660238265991211}}, "step": 2}
Step:2	{"metric": {"dev": {"eval_runtime": 2.1596}}, "step": 2}
Step:2	{"metric": {"dev": {"eval_samples_per_second": 509.348}}, "step": 2}
Step:2	{"metric": {"dev": {"eval_steps_per_second": 8.335}}, "step": 2}
Step:2	{"metric": {"dev": {"epoch": 2.03}}, "step": 2}
Step:2	{"metric": {"dev": {"eval_loss": 0.10443001240491867}}, "step": 2}
Step:2	{"metric": {"dev": {"eval_F1_score": 0.18159509198002363}}, "step": 2}
Step:2	{"metric": {"dev": {"eval_Precision": 0.27205882352931177}}, "step": 2}
Step:2	{"metric": {"dev": {"eval_Recall": 0.13627992633514985}}, "step": 2}
Step:2	{"metric": {"dev": {"eval_Metric_time": 0.06788754463195801}}, "step": 2}
Step:2	{"metric": {"dev": {"eval_runtime": 2.1687}}, "step": 2}
Step:2	{"metric": {"dev": {"eval_samples_per_second": 507.228}}, "step": 2}
Step:2	{"metric": {"dev": {"eval_steps_per_second": 8.3}}, "step": 2}
Step:2	{"metric": {"dev": {"epoch": 2.25}}, "step": 2}
Step:2	{"metric": {"dev": {"eval_loss": 0.09757382422685623}}, "step": 2}
Step:2	{"metric": {"dev": {"eval_F1_score": 0.23076923072520764}}, "step": 2}
Step:2	{"metric": {"dev": {"eval_Precision": 0.3536121673002458}}, "step": 2}
Step:2	{"metric": {"dev": {"eval_Recall": 0.17127071823201265}}, "step": 2}
Step:2	{"metric": {"dev": {"eval_Metric_time": 0.06424093246459961}}, "step": 2}
Step:2	{"metric": {"dev": {"eval_runtime": 2.1698}}, "step": 2}
Step:2	{"metric": {"dev": {"eval_samples_per_second": 506.966}}, "step": 2}
Step:2	{"metric": {"dev": {"eval_steps_per_second": 8.296}}, "step": 2}
Step:2	{"metric": {"dev": {"epoch": 2.48}}, "step": 2}
Step:2	{"metric": {"dev": {"eval_loss": 0.09620171040296555}}, "step": 2}
Step:2	{"metric": {"dev": {"eval_F1_score": 0.24537037032361456}}, "step": 2}
Step:2	{"metric": {"dev": {"eval_Precision": 0.33021806853572266}}, "step": 2}
Step:2	{"metric": {"dev": {"eval_Recall": 0.1952117863719714}}, "step": 2}
Step:2	{"metric": {"dev": {"eval_Metric_time": 0.06721711158752441}}, "step": 2}
Step:2	{"metric": {"dev": {"eval_runtime": 2.1642}}, "step": 2}
Step:2	{"metric": {"dev": {"eval_samples_per_second": 508.276}}, "step": 2}
Step:2	{"metric": {"dev": {"eval_steps_per_second": 8.317}}, "step": 2}
Step:2	{"metric": {"dev": {"epoch": 2.7}}, "step": 2}
Step:2	{"metric": {"dev": {"eval_loss": 0.09376978129148483}}, "step": 2}
Step:2	{"metric": {"dev": {"eval_F1_score": 0.2903225805982483}}, "step": 2}
Step:2	{"metric": {"dev": {"eval_Precision": 0.38769230769218843}}, "step": 2}
Step:2	{"metric": {"dev": {"eval_Recall": 0.23204419889498487}}, "step": 2}
Step:2	{"metric": {"dev": {"eval_Metric_time": 0.0640873908996582}}, "step": 2}
Step:2	{"metric": {"dev": {"eval_runtime": 2.1715}}, "step": 2}
Step:2	{"metric": {"dev": {"eval_samples_per_second": 506.568}}, "step": 2}
Step:2	{"metric": {"dev": {"eval_steps_per_second": 8.289}}, "step": 2}
Step:2	{"metric": {"dev": {"epoch": 2.93}}, "step": 2}
Step:3	{"metric": {"dev": {"eval_loss": 0.09016130864620209}}, "step": 3}
Step:3	{"metric": {"dev": {"eval_F1_score": 0.30837988822036466}}, "step": 3}
Step:3	{"metric": {"dev": {"eval_Precision": 0.3920454545453432}}, "step": 3}
Step:3	{"metric": {"dev": {"eval_Recall": 0.25414364640879294}}, "step": 3}
Step:3	{"metric": {"dev": {"eval_Metric_time": 0.06611776351928711}}, "step": 3}
Step:3	{"metric": {"dev": {"eval_runtime": 2.1615}}, "step": 3}
Step:3	{"metric": {"dev": {"eval_samples_per_second": 508.908}}, "step": 3}
Step:3	{"metric": {"dev": {"eval_steps_per_second": 8.328}}, "step": 3}
Step:3	{"metric": {"dev": {"epoch": 3.15}}, "step": 3}
Step:3	{"metric": {"dev": {"eval_loss": 0.08519139140844345}}, "step": 3}
Step:3	{"metric": {"dev": {"eval_F1_score": 0.38562091498427026}}, "step": 3}
Step:3	{"metric": {"dev": {"eval_Precision": 0.47199999999987413}}, "step": 3}
Step:3	{"metric": {"dev": {"eval_Recall": 0.3259668508286692}}, "step": 3}
Step:3	{"metric": {"dev": {"eval_Metric_time": 0.06649899482727051}}, "step": 3}
Step:3	{"metric": {"dev": {"eval_runtime": 2.163}}, "step": 3}
Step:3	{"metric": {"dev": {"eval_samples_per_second": 508.557}}, "step": 3}
Step:3	{"metric": {"dev": {"eval_steps_per_second": 8.322}}, "step": 3}
Step:3	{"metric": {"dev": {"epoch": 3.38}}, "step": 3}
Step:3	{"metric": {"dev": {"eval_loss": 0.08536059409379959}}, "step": 3}
Step:3	{"metric": {"dev": {"eval_F1_score": 0.34482758615827164}}, "step": 3}
Step:3	{"metric": {"dev": {"eval_Precision": 0.41558441558430764}}, "step": 3}
Step:3	{"metric": {"dev": {"eval_Recall": 0.2946593001841078}}, "step": 3}
Step:3	{"metric": {"dev": {"eval_Metric_time": 0.06579852104187012}}, "step": 3}
Step:3	{"metric": {"dev": {"eval_runtime": 2.1606}}, "step": 3}
Step:3	{"metric": {"dev": {"eval_samples_per_second": 509.118}}, "step": 3}
Step:3	{"metric": {"dev": {"eval_steps_per_second": 8.331}}, "step": 3}
Step:3	{"metric": {"dev": {"epoch": 3.6}}, "step": 3}
Step:3	{"metric": {"dev": {"eval_loss": 0.07932963967323303}}, "step": 3}
Step:3	{"metric": {"dev": {"eval_F1_score": 0.39651416117163174}}, "step": 3}
Step:3	{"metric": {"dev": {"eval_Precision": 0.48533333333320394}}, "step": 3}
Step:3	{"metric": {"dev": {"eval_Recall": 0.3351749539594226}}, "step": 3}
Step:3	{"metric": {"dev": {"eval_Metric_time": 0.06604409217834473}}, "step": 3}
Step:3	{"metric": {"dev": {"eval_runtime": 2.161}}, "step": 3}
Step:3	{"metric": {"dev": {"eval_samples_per_second": 509.024}}, "step": 3}
Step:3	{"metric": {"dev": {"eval_steps_per_second": 8.329}}, "step": 3}
Step:3	{"metric": {"dev": {"epoch": 3.83}}, "step": 3}
Step:4	{"metric": {"dev": {"eval_loss": 0.07584213465452194}}, "step": 4}
Step:4	{"metric": {"dev": {"eval_F1_score": 0.40724946690211744}}, "step": 4}
Step:4	{"metric": {"dev": {"eval_Precision": 0.483544303797346}}, "step": 4}
Step:4	{"metric": {"dev": {"eval_Recall": 0.35174953959477867}}, "step": 4}
Step:4	{"metric": {"dev": {"eval_Metric_time": 0.06745171546936035}}, "step": 4}
Step:4	{"metric": {"dev": {"eval_runtime": 2.1577}}, "step": 4}
Step:4	{"metric": {"dev": {"eval_samples_per_second": 509.798}}, "step": 4}
Step:4	{"metric": {"dev": {"eval_steps_per_second": 8.342}}, "step": 4}
Step:4	{"metric": {"dev": {"epoch": 4.05}}, "step": 4}
Step:4	{"metric": {"dev": {"eval_loss": 0.07594164460897446}}, "step": 4}
Step:4	{"metric": {"dev": {"eval_F1_score": 0.40624999995077665}}, "step": 4}
Step:4	{"metric": {"dev": {"eval_Precision": 0.4676258992804634}}, "step": 4}
Step:4	{"metric": {"dev": {"eval_Recall": 0.35911602209938137}}, "step": 4}
Step:4	{"metric": {"dev": {"eval_Metric_time": 0.0677955150604248}}, "step": 4}
Step:4	{"metric": {"dev": {"eval_runtime": 2.1698}}, "step": 4}
Step:4	{"metric": {"dev": {"eval_samples_per_second": 506.952}}, "step": 4}
Step:4	{"metric": {"dev": {"eval_steps_per_second": 8.296}}, "step": 4}
Step:4	{"metric": {"dev": {"epoch": 4.28}}, "step": 4}
Step:4	{"metric": {"dev": {"eval_loss": 0.07242803275585175}}, "step": 4}
Step:4	{"metric": {"dev": {"eval_F1_score": 0.4357894736351434}}, "step": 4}
Step:4	{"metric": {"dev": {"eval_Precision": 0.5085995085993836}}, "step": 4}
Step:4	{"metric": {"dev": {"eval_Recall": 0.3812154696131894}}, "step": 4}
Step:4	{"metric": {"dev": {"eval_Metric_time": 0.07050037384033203}}, "step": 4}
Step:4	{"metric": {"dev": {"eval_runtime": 2.1621}}, "step": 4}
Step:4	{"metric": {"dev": {"eval_samples_per_second": 508.763}}, "step": 4}
Step:4	{"metric": {"dev": {"eval_steps_per_second": 8.325}}, "step": 4}
Step:4	{"metric": {"dev": {"epoch": 4.5}}, "step": 4}
Step:4	{"metric": {"dev": {"eval_loss": 0.07267133891582489}}, "step": 4}
Step:4	{"metric": {"dev": {"eval_F1_score": 0.4329268292187419}}, "step": 4}
Step:4	{"metric": {"dev": {"eval_Precision": 0.4829931972788021}}, "step": 4}
Step:4	{"metric": {"dev": {"eval_Recall": 0.39226519337009347}}, "step": 4}
Step:4	{"metric": {"dev": {"eval_Metric_time": 0.06737804412841797}}, "step": 4}
Step:4	{"metric": {"dev": {"eval_runtime": 2.183}}, "step": 4}
Step:4	{"metric": {"dev": {"eval_samples_per_second": 503.891}}, "step": 4}
Step:4	{"metric": {"dev": {"eval_steps_per_second": 8.245}}, "step": 4}
Step:4	{"metric": {"dev": {"epoch": 4.73}}, "step": 4}
Step:4	{"metric": {"dev": {"eval_loss": 0.07209036499261856}}, "step": 4}
Step:4	{"metric": {"dev": {"eval_F1_score": 0.42771084332381637}}, "step": 4}
Step:4	{"metric": {"dev": {"eval_Precision": 0.47019867549658495}}, "step": 4}
Step:4	{"metric": {"dev": {"eval_Recall": 0.39226519337009347}}, "step": 4}
Step:4	{"metric": {"dev": {"eval_Metric_time": 0.0680856704711914}}, "step": 4}
Step:4	{"metric": {"dev": {"eval_runtime": 2.1645}}, "step": 4}
Step:4	{"metric": {"dev": {"eval_samples_per_second": 508.193}}, "step": 4}
Step:4	{"metric": {"dev": {"eval_steps_per_second": 8.316}}, "step": 4}
Step:4	{"metric": {"dev": {"epoch": 4.95}}, "step": 4}
Step:5	{"metric": {"dev": {"eval_loss": 0.07161900401115417}}, "step": 5}
Step:5	{"metric": {"dev": {"eval_F1_score": 0.45544554450464836}}, "step": 5}
Step:5	{"metric": {"dev": {"eval_Precision": 0.49250535331895234}}, "step": 5}
Step:5	{"metric": {"dev": {"eval_Recall": 0.42357274401465494}}, "step": 5}
Step:5	{"metric": {"dev": {"eval_Metric_time": 0.06757497787475586}}, "step": 5}
Step:5	{"metric": {"dev": {"eval_runtime": 2.1595}}, "step": 5}
Step:5	{"metric": {"dev": {"eval_samples_per_second": 509.377}}, "step": 5}
Step:5	{"metric": {"dev": {"eval_steps_per_second": 8.335}}, "step": 5}
Step:5	{"metric": {"dev": {"epoch": 5.18}}, "step": 5}
Step:5	{"metric": {"dev": {"eval_loss": 0.07451034337282181}}, "step": 5}
Step:5	{"metric": {"dev": {"eval_F1_score": 0.4519230768730878}}, "step": 5}
Step:5	{"metric": {"dev": {"eval_Precision": 0.4728370221327017}}, "step": 5}
Step:5	{"metric": {"dev": {"eval_Recall": 0.43278084714540827}}, "step": 5}
Step:5	{"metric": {"dev": {"eval_Metric_time": 0.06771516799926758}}, "step": 5}
Step:5	{"metric": {"dev": {"eval_runtime": 2.1644}}, "step": 5}
Step:5	{"metric": {"dev": {"eval_samples_per_second": 508.217}}, "step": 5}
Step:5	{"metric": {"dev": {"eval_steps_per_second": 8.316}}, "step": 5}
Step:5	{"metric": {"dev": {"epoch": 5.4}}, "step": 5}
Step:5	{"metric": {"dev": {"eval_loss": 0.06981007009744644}}, "step": 5}
Step:5	{"metric": {"dev": {"eval_F1_score": 0.4604604604107475}}, "step": 5}
Step:5	{"metric": {"dev": {"eval_Precision": 0.5043859649121701}}, "step": 5}
Step:5	{"metric": {"dev": {"eval_Recall": 0.42357274401465494}}, "step": 5}
Step:5	{"metric": {"dev": {"eval_Metric_time": 0.06720995903015137}}, "step": 5}
Step:5	{"metric": {"dev": {"eval_runtime": 2.159}}, "step": 5}
Step:5	{"metric": {"dev": {"eval_samples_per_second": 509.497}}, "step": 5}
Step:5	{"metric": {"dev": {"eval_steps_per_second": 8.337}}, "step": 5}
Step:5	{"metric": {"dev": {"epoch": 5.63}}, "step": 5}
Step:5	{"metric": {"dev": {"eval_loss": 0.06930367648601532}}, "step": 5}
Step:5	{"metric": {"dev": {"eval_F1_score": 0.46896551719153157}}, "step": 5}
Step:5	{"metric": {"dev": {"eval_Precision": 0.5042372881354864}}, "step": 5}
Step:5	{"metric": {"dev": {"eval_Recall": 0.4383057090238603}}, "step": 5}
Step:5	{"metric": {"dev": {"eval_Metric_time": 0.06742119789123535}}, "step": 5}
Step:5	{"metric": {"dev": {"eval_runtime": 2.1931}}, "step": 5}
Step:5	{"metric": {"dev": {"eval_samples_per_second": 501.584}}, "step": 5}
Step:5	{"metric": {"dev": {"eval_steps_per_second": 8.208}}, "step": 5}
Step:5	{"metric": {"dev": {"epoch": 5.85}}, "step": 5}
Step:6	{"metric": {"dev": {"eval_loss": 0.06657282263040543}}, "step": 6}
Step:6	{"metric": {"dev": {"eval_F1_score": 0.4940476189978204}}, "step": 6}
Step:6	{"metric": {"dev": {"eval_Precision": 0.5354838709676268}}, "step": 6}
Step:6	{"metric": {"dev": {"eval_Recall": 0.4585635359115177}}, "step": 6}
Step:6	{"metric": {"dev": {"eval_Metric_time": 0.06657981872558594}}, "step": 6}
Step:6	{"metric": {"dev": {"eval_runtime": 2.1592}}, "step": 6}
Step:6	{"metric": {"dev": {"eval_samples_per_second": 509.446}}, "step": 6}
Step:6	{"metric": {"dev": {"eval_steps_per_second": 8.336}}, "step": 6}
Step:6	{"metric": {"dev": {"epoch": 6.08}}, "step": 6}
Step:6	{"metric": {"dev": {"eval_loss": 0.07194764912128448}}, "step": 6}
Step:6	{"metric": {"dev": {"eval_F1_score": 0.44552529177886624}}, "step": 6}
Step:6	{"metric": {"dev": {"eval_Precision": 0.4721649484535109}}, "step": 6}
Step:6	{"metric": {"dev": {"eval_Recall": 0.42173112338850427}}, "step": 6}
Step:6	{"metric": {"dev": {"eval_Metric_time": 0.06761741638183594}}, "step": 6}
Step:6	{"metric": {"dev": {"eval_runtime": 2.1634}}, "step": 6}
Step:6	{"metric": {"dev": {"eval_samples_per_second": 508.452}}, "step": 6}
Step:6	{"metric": {"dev": {"eval_steps_per_second": 8.32}}, "step": 6}
Step:6	{"metric": {"dev": {"epoch": 6.3}}, "step": 6}
Step:6	{"metric": {"dev": {"eval_loss": 0.07309070974588394}}, "step": 6}
Step:6	{"metric": {"dev": {"eval_F1_score": 0.4818805092547116}}, "step": 6}
Step:6	{"metric": {"dev": {"eval_Precision": 0.5146443514643275}}, "step": 6}
Step:6	{"metric": {"dev": {"eval_Recall": 0.4530386740330657}}, "step": 6}
Step:6	{"metric": {"dev": {"eval_Metric_time": 0.06842827796936035}}, "step": 6}
Step:6	{"metric": {"dev": {"eval_runtime": 2.1748}}, "step": 6}
Step:6	{"metric": {"dev": {"eval_samples_per_second": 505.783}}, "step": 6}
Step:6	{"metric": {"dev": {"eval_steps_per_second": 8.276}}, "step": 6}
Step:6	{"metric": {"dev": {"epoch": 6.53}}, "step": 6}
Step:6	{"metric": {"dev": {"eval_loss": 0.0712408721446991}}, "step": 6}
Step:6	{"metric": {"dev": {"eval_F1_score": 0.4744455158613026}}, "step": 6}
Step:6	{"metric": {"dev": {"eval_Precision": 0.4979757085019235}}, "step": 6}
Step:6	{"metric": {"dev": {"eval_Recall": 0.4530386740330657}}, "step": 6}
Step:6	{"metric": {"dev": {"eval_Metric_time": 0.06781554222106934}}, "step": 6}
Step:6	{"metric": {"dev": {"eval_runtime": 2.1629}}, "step": 6}
Step:6	{"metric": {"dev": {"eval_samples_per_second": 508.572}}, "step": 6}
Step:6	{"metric": {"dev": {"eval_steps_per_second": 8.322}}, "step": 6}
Step:6	{"metric": {"dev": {"epoch": 6.76}}, "step": 6}
Step:6	{"metric": {"dev": {"eval_loss": 0.06985551118850708}}, "step": 6}
Step:6	{"metric": {"dev": {"eval_F1_score": 0.47766990286267635}}, "step": 6}
Step:6	{"metric": {"dev": {"eval_Precision": 0.5051334702257689}}, "step": 6}
Step:6	{"metric": {"dev": {"eval_Recall": 0.4530386740330657}}, "step": 6}
Step:6	{"metric": {"dev": {"eval_Metric_time": 0.0677192211151123}}, "step": 6}
Step:6	{"metric": {"dev": {"eval_runtime": 2.1707}}, "step": 6}
Step:6	{"metric": {"dev": {"eval_samples_per_second": 506.754}}, "step": 6}
Step:6	{"metric": {"dev": {"eval_steps_per_second": 8.292}}, "step": 6}
Step:6	{"metric": {"dev": {"epoch": 6.98}}, "step": 6}
Step:7	{"metric": {"dev": {"eval_loss": 0.07117665559053421}}, "step": 7}
Step:7	{"metric": {"dev": {"eval_F1_score": 0.4668587895753639}}, "step": 7}
Step:7	{"metric": {"dev": {"eval_Precision": 0.4879518072288177}}, "step": 7}
Step:7	{"metric": {"dev": {"eval_Recall": 0.44751381215461367}}, "step": 7}
Step:7	{"metric": {"dev": {"eval_Metric_time": 0.06878495216369629}}, "step": 7}
Step:7	{"metric": {"dev": {"eval_runtime": 2.1594}}, "step": 7}
Step:7	{"metric": {"dev": {"eval_samples_per_second": 509.39}}, "step": 7}
Step:7	{"metric": {"dev": {"eval_steps_per_second": 8.335}}, "step": 7}
Step:7	{"metric": {"dev": {"epoch": 7.21}}, "step": 7}
Step:7	{"metric": {"dev": {"eval_loss": 0.07288206368684769}}, "step": 7}
Step:7	{"metric": {"dev": {"eval_F1_score": 0.4740882916966392}}, "step": 7}
Step:7	{"metric": {"dev": {"eval_Precision": 0.49498997995982064}}, "step": 7}
Step:7	{"metric": {"dev": {"eval_Recall": 0.45488029465921637}}, "step": 7}
Step:7	{"metric": {"dev": {"eval_Metric_time": 0.06855082511901855}}, "step": 7}
Step:7	{"metric": {"dev": {"eval_runtime": 2.1646}}, "step": 7}
Step:7	{"metric": {"dev": {"eval_samples_per_second": 508.166}}, "step": 7}
Step:7	{"metric": {"dev": {"eval_steps_per_second": 8.315}}, "step": 7}
Step:7	{"metric": {"dev": {"epoch": 7.43}}, "step": 7}
Step:7	{"metric": {"dev": {"eval_loss": 0.07192104309797287}}, "step": 7}
Step:7	{"metric": {"dev": {"eval_F1_score": 0.4745098038716849}}, "step": 7}
Step:7	{"metric": {"dev": {"eval_Precision": 0.5073375262053443}}, "step": 7}
Step:7	{"metric": {"dev": {"eval_Recall": 0.445672191528463}}, "step": 7}
Step:7	{"metric": {"dev": {"eval_Metric_time": 0.06744790077209473}}, "step": 7}
Step:7	{"metric": {"dev": {"eval_runtime": 2.1589}}, "step": 7}
Step:7	{"metric": {"dev": {"eval_samples_per_second": 509.528}}, "step": 7}
Step:7	{"metric": {"dev": {"eval_steps_per_second": 8.338}}, "step": 7}
Step:7	{"metric": {"dev": {"epoch": 7.66}}, "step": 7}
Step:7	{"metric": {"dev": {"eval_loss": 0.07235395163297653}}, "step": 7}
Step:7	{"metric": {"dev": {"eval_F1_score": 0.48269040548924985}}, "step": 7}
Step:7	{"metric": {"dev": {"eval_Precision": 0.5213675213674099}}, "step": 7}
Step:7	{"metric": {"dev": {"eval_Recall": 0.44935543278076434}}, "step": 7}
Step:7	{"metric": {"dev": {"eval_Metric_time": 0.06763792037963867}}, "step": 7}
Step:7	{"metric": {"dev": {"eval_runtime": 2.1582}}, "step": 7}
Step:7	{"metric": {"dev": {"eval_samples_per_second": 509.674}}, "step": 7}
Step:7	{"metric": {"dev": {"eval_steps_per_second": 8.34}}, "step": 7}
Step:7	{"metric": {"dev": {"epoch": 7.88}}, "step": 7}
Step:8	{"metric": {"dev": {"eval_loss": 0.07689747214317322}}, "step": 8}
Step:8	{"metric": {"dev": {"eval_F1_score": 0.46850393695801906}}, "step": 8}
Step:8	{"metric": {"dev": {"eval_Precision": 0.5031712473571875}}, "step": 8}
Step:8	{"metric": {"dev": {"eval_Recall": 0.4383057090238603}}, "step": 8}
Step:8	{"metric": {"dev": {"eval_Metric_time": 0.06731462478637695}}, "step": 8}
Step:8	{"metric": {"dev": {"eval_runtime": 2.1611}}, "step": 8}
Step:8	{"metric": {"dev": {"eval_samples_per_second": 508.997}}, "step": 8}
Step:8	{"metric": {"dev": {"eval_steps_per_second": 8.329}}, "step": 8}
Step:8	{"metric": {"dev": {"epoch": 8.11}}, "step": 8}
Step:8	{"metric": {"dev": {"eval_loss": 0.07726749777793884}}, "step": 8}
Step:8	{"metric": {"dev": {"eval_F1_score": 0.47230320694714617}}, "step": 8}
Step:8	{"metric": {"dev": {"eval_Precision": 0.49999999999989714}}, "step": 8}
Step:8	{"metric": {"dev": {"eval_Recall": 0.44751381215461367}}, "step": 8}
Step:8	{"metric": {"dev": {"eval_Metric_time": 0.06683540344238281}}, "step": 8}
Step:8	{"metric": {"dev": {"eval_runtime": 2.1584}}, "step": 8}
Step:8	{"metric": {"dev": {"eval_samples_per_second": 509.634}}, "step": 8}
Step:8	{"metric": {"dev": {"eval_steps_per_second": 8.339}}, "step": 8}
Step:8	{"metric": {"dev": {"epoch": 8.33}}, "step": 8}
Step:8	{"metric": {"dev": {"eval_loss": 0.07856510579586029}}, "step": 8}
Step:8	{"metric": {"dev": {"eval_F1_score": 0.49411764700893607}}, "step": 8}
Step:8	{"metric": {"dev": {"eval_Precision": 0.5283018867923421}}, "step": 8}
Step:8	{"metric": {"dev": {"eval_Recall": 0.46408839778996974}}, "step": 8}
Step:8	{"metric": {"dev": {"eval_Metric_time": 0.07303380966186523}}, "step": 8}
Step:8	{"metric": {"dev": {"eval_runtime": 2.1658}}, "step": 8}
Step:8	{"metric": {"dev": {"eval_samples_per_second": 507.895}}, "step": 8}
Step:8	{"metric": {"dev": {"eval_steps_per_second": 8.311}}, "step": 8}
Step:8	{"metric": {"dev": {"epoch": 8.56}}, "step": 8}
Step:8	{"metric": {"dev": {"eval_loss": 0.08067534118890762}}, "step": 8}
Step:8	{"metric": {"dev": {"eval_F1_score": 0.48176583488281816}}, "step": 8}
Step:8	{"metric": {"dev": {"eval_Precision": 0.5030060120239473}}, "step": 8}
Step:8	{"metric": {"dev": {"eval_Recall": 0.46224677716381907}}, "step": 8}
Step:8	{"metric": {"dev": {"eval_Metric_time": 0.06807470321655273}}, "step": 8}
Step:8	{"metric": {"dev": {"eval_runtime": 2.1605}}, "step": 8}
Step:8	{"metric": {"dev": {"eval_samples_per_second": 509.133}}, "step": 8}
Step:8	{"metric": {"dev": {"eval_steps_per_second": 8.331}}, "step": 8}
Step:8	{"metric": {"dev": {"epoch": 8.78}}, "step": 8}
Step:9	{"metric": {"dev": {"eval_loss": 0.07771657407283783}}, "step": 9}
Step:9	{"metric": {"dev": {"eval_F1_score": 0.4920948616102491}}, "step": 9}
Step:9	{"metric": {"dev": {"eval_Precision": 0.530916844349567}}, "step": 9}
Step:9	{"metric": {"dev": {"eval_Recall": 0.4585635359115177}}, "step": 9}
Step:9	{"metric": {"dev": {"eval_Metric_time": 0.06865453720092773}}, "step": 9}
Step:9	{"metric": {"dev": {"eval_runtime": 2.1678}}, "step": 9}
Step:9	{"metric": {"dev": {"eval_samples_per_second": 507.427}}, "step": 9}
Step:9	{"metric": {"dev": {"eval_steps_per_second": 8.303}}, "step": 9}
Step:9	{"metric": {"dev": {"epoch": 9.01}}, "step": 9}
Step:9	{"metric": {"dev": {"eval_loss": 0.07948651909828186}}, "step": 9}
Step:9	{"metric": {"dev": {"eval_F1_score": 0.48979591831740515}}, "step": 9}
Step:9	{"metric": {"dev": {"eval_Precision": 0.5185185185184118}}, "step": 9}
Step:9	{"metric": {"dev": {"eval_Recall": 0.46408839778996974}}, "step": 9}
Step:9	{"metric": {"dev": {"eval_Metric_time": 0.06820487976074219}}, "step": 9}
Step:9	{"metric": {"dev": {"eval_runtime": 2.1583}}, "step": 9}
Step:9	{"metric": {"dev": {"eval_samples_per_second": 509.661}}, "step": 9}
Step:9	{"metric": {"dev": {"eval_steps_per_second": 8.34}}, "step": 9}
Step:9	{"metric": {"dev": {"epoch": 9.23}}, "step": 9}
Step:9	{"metric": {"dev": {"eval_loss": 0.08044969290494919}}, "step": 9}
Step:9	{"metric": {"dev": {"eval_F1_score": 0.48983543073416064}}, "step": 9}
Step:9	{"metric": {"dev": {"eval_Precision": 0.5163265306121395}}, "step": 9}
Step:9	{"metric": {"dev": {"eval_Recall": 0.4659300184161204}}, "step": 9}
Step:9	{"metric": {"dev": {"eval_Metric_time": 0.0674898624420166}}, "step": 9}
Step:9	{"metric": {"dev": {"eval_runtime": 2.1594}}, "step": 9}
Step:9	{"metric": {"dev": {"eval_samples_per_second": 509.398}}, "step": 9}
Step:9	{"metric": {"dev": {"eval_steps_per_second": 8.336}}, "step": 9}
Step:9	{"metric": {"dev": {"epoch": 9.46}}, "step": 9}
Step:9	{"metric": {"dev": {"eval_loss": 0.07946006953716278}}, "step": 9}
Step:9	{"metric": {"dev": {"eval_F1_score": 0.486803519011678}}, "step": 9}
Step:9	{"metric": {"dev": {"eval_Precision": 0.5187499999998919}}, "step": 9}
Step:9	{"metric": {"dev": {"eval_Recall": 0.4585635359115177}}, "step": 9}
Step:9	{"metric": {"dev": {"eval_Metric_time": 0.06718945503234863}}, "step": 9}
Step:9	{"metric": {"dev": {"eval_runtime": 2.1636}}, "step": 9}
Step:9	{"metric": {"dev": {"eval_samples_per_second": 508.407}}, "step": 9}
Step:9	{"metric": {"dev": {"eval_steps_per_second": 8.319}}, "step": 9}
Step:9	{"metric": {"dev": {"epoch": 9.68}}, "step": 9}
Step:9	{"metric": {"dev": {"eval_loss": 0.0804622694849968}}, "step": 9}
Step:9	{"metric": {"dev": {"eval_F1_score": 0.4931773878643049}}, "step": 9}
Step:9	{"metric": {"dev": {"eval_Precision": 0.5238095238094154}}, "step": 9}
Step:9	{"metric": {"dev": {"eval_Recall": 0.4659300184161204}}, "step": 9}
Step:9	{"metric": {"dev": {"eval_Metric_time": 0.06889009475708008}}, "step": 9}
Step:9	{"metric": {"dev": {"eval_runtime": 2.1595}}, "step": 9}
Step:9	{"metric": {"dev": {"eval_samples_per_second": 509.388}}, "step": 9}
Step:9	{"metric": {"dev": {"eval_steps_per_second": 8.335}}, "step": 9}
Step:9	{"metric": {"dev": {"epoch": 9.91}}, "step": 9}
