Step:0	{"metric": {"dev": {"eval_loss": 4.491023540496826}}, "step": 0}
Step:0	{"metric": {"dev": {"eval_F1_score": 0.0}}, "step": 0}
Step:0	{"metric": {"dev": {"eval_Precision": 0.0}}, "step": 0}
Step:0	{"metric": {"dev": {"eval_Recall": 0.0}}, "step": 0}
Step:0	{"metric": {"dev": {"eval_Metric_time": 0.06135678291320801}}, "step": 0}
Step:0	{"metric": {"dev": {"eval_runtime": 1.1589}}, "step": 0}
Step:0	{"metric": {"dev": {"eval_samples_per_second": 949.2}}, "step": 0}
Step:0	{"metric": {"dev": {"eval_steps_per_second": 7.766}}, "step": 0}
Step:0	{"metric": {"dev": {"epoch": 0.45}}, "step": 0}
Step:0	{"metric": {"dev": {"eval_loss": 4.620025634765625}}, "step": 0}
Step:0	{"metric": {"dev": {"eval_F1_score": 0.0}}, "step": 0}
Step:0	{"metric": {"dev": {"eval_Precision": 0.0}}, "step": 0}
Step:0	{"metric": {"dev": {"eval_Recall": 0.0}}, "step": 0}
Step:0	{"metric": {"dev": {"eval_Metric_time": 0.06109881401062012}}, "step": 0}
Step:0	{"metric": {"dev": {"eval_runtime": 1.1608}}, "step": 0}
Step:0	{"metric": {"dev": {"eval_samples_per_second": 947.652}}, "step": 0}
Step:0	{"metric": {"dev": {"eval_steps_per_second": 7.754}}, "step": 0}
Step:0	{"metric": {"dev": {"epoch": 0.9}}, "step": 0}
Step:1	{"metric": {"dev": {"eval_loss": 4.6384382247924805}}, "step": 1}
Step:1	{"metric": {"dev": {"eval_F1_score": 0.0}}, "step": 1}
Step:1	{"metric": {"dev": {"eval_Precision": 0.0}}, "step": 1}
Step:1	{"metric": {"dev": {"eval_Recall": 0.0}}, "step": 1}
Step:1	{"metric": {"dev": {"eval_Metric_time": 0.060593366622924805}}, "step": 1}
Step:1	{"metric": {"dev": {"eval_runtime": 1.1547}}, "step": 1}
Step:1	{"metric": {"dev": {"eval_samples_per_second": 952.588}}, "step": 1}
Step:1	{"metric": {"dev": {"eval_steps_per_second": 7.794}}, "step": 1}
Step:1	{"metric": {"dev": {"epoch": 1.35}}, "step": 1}
Step:1	{"metric": {"dev": {"eval_loss": 4.645108222961426}}, "step": 1}
Step:1	{"metric": {"dev": {"eval_F1_score": 0.0}}, "step": 1}
Step:1	{"metric": {"dev": {"eval_Precision": 0.0}}, "step": 1}
Step:1	{"metric": {"dev": {"eval_Recall": 0.0}}, "step": 1}
Step:1	{"metric": {"dev": {"eval_Metric_time": 0.0605008602142334}}, "step": 1}
Step:1	{"metric": {"dev": {"eval_runtime": 1.1545}}, "step": 1}
Step:1	{"metric": {"dev": {"eval_samples_per_second": 952.831}}, "step": 1}
Step:1	{"metric": {"dev": {"eval_steps_per_second": 7.796}}, "step": 1}
Step:1	{"metric": {"dev": {"epoch": 1.8}}, "step": 1}
Step:2	{"metric": {"dev": {"eval_loss": 4.648027420043945}}, "step": 2}
Step:2	{"metric": {"dev": {"eval_F1_score": 0.0}}, "step": 2}
Step:2	{"metric": {"dev": {"eval_Precision": 0.0}}, "step": 2}
Step:2	{"metric": {"dev": {"eval_Recall": 0.0}}, "step": 2}
Step:2	{"metric": {"dev": {"eval_Metric_time": 0.06075763702392578}}, "step": 2}
Step:2	{"metric": {"dev": {"eval_runtime": 1.1547}}, "step": 2}
Step:2	{"metric": {"dev": {"eval_samples_per_second": 952.598}}, "step": 2}
Step:2	{"metric": {"dev": {"eval_steps_per_second": 7.794}}, "step": 2}
Step:2	{"metric": {"dev": {"epoch": 2.25}}, "step": 2}
Step:2	{"metric": {"dev": {"eval_loss": 4.649841785430908}}, "step": 2}
Step:2	{"metric": {"dev": {"eval_F1_score": 0.0}}, "step": 2}
Step:2	{"metric": {"dev": {"eval_Precision": 0.0}}, "step": 2}
Step:2	{"metric": {"dev": {"eval_Recall": 0.0}}, "step": 2}
Step:2	{"metric": {"dev": {"eval_Metric_time": 0.06064462661743164}}, "step": 2}
Step:2	{"metric": {"dev": {"eval_runtime": 1.1547}}, "step": 2}
Step:2	{"metric": {"dev": {"eval_samples_per_second": 952.638}}, "step": 2}
Step:2	{"metric": {"dev": {"eval_steps_per_second": 7.794}}, "step": 2}
Step:2	{"metric": {"dev": {"epoch": 2.7}}, "step": 2}
Step:3	{"metric": {"dev": {"eval_loss": 4.650448322296143}}, "step": 3}
Step:3	{"metric": {"dev": {"eval_F1_score": 0.0}}, "step": 3}
Step:3	{"metric": {"dev": {"eval_Precision": 0.0}}, "step": 3}
Step:3	{"metric": {"dev": {"eval_Recall": 0.0}}, "step": 3}
Step:3	{"metric": {"dev": {"eval_Metric_time": 0.06139326095581055}}, "step": 3}
Step:3	{"metric": {"dev": {"eval_runtime": 1.1768}}, "step": 3}
Step:3	{"metric": {"dev": {"eval_samples_per_second": 934.756}}, "step": 3}
Step:3	{"metric": {"dev": {"eval_steps_per_second": 7.648}}, "step": 3}
Step:3	{"metric": {"dev": {"epoch": 3.15}}, "step": 3}
