Step:0	{"metric": {"dev": {"eval_loss": 9.436675071716309}}, "step": 0}
Step:0	{"metric": {"dev": {"eval_F1_score": 0.0}}, "step": 0}
Step:0	{"metric": {"dev": {"eval_Precision": 0.0}}, "step": 0}
Step:0	{"metric": {"dev": {"eval_Recall": 0.0}}, "step": 0}
Step:0	{"metric": {"dev": {"eval_Metric_time": 0.08800673484802246}}, "step": 0}
Step:0	{"metric": {"dev": {"eval_runtime": 1.3627}}, "step": 0}
Step:0	{"metric": {"dev": {"eval_samples_per_second": 807.247}}, "step": 0}
Step:0	{"metric": {"dev": {"eval_steps_per_second": 6.605}}, "step": 0}
Step:0	{"metric": {"dev": {"epoch": 0.45}}, "step": 0}
Step:0	{"metric": {"dev": {"eval_loss": 9.377644538879395}}, "step": 0}
Step:0	{"metric": {"dev": {"eval_F1_score": 0.0}}, "step": 0}
Step:0	{"metric": {"dev": {"eval_Precision": 0.0}}, "step": 0}
Step:0	{"metric": {"dev": {"eval_Recall": 0.0}}, "step": 0}
Step:0	{"metric": {"dev": {"eval_Metric_time": 0.0825810432434082}}, "step": 0}
Step:0	{"metric": {"dev": {"eval_runtime": 1.2935}}, "step": 0}
Step:0	{"metric": {"dev": {"eval_samples_per_second": 850.381}}, "step": 0}
Step:0	{"metric": {"dev": {"eval_steps_per_second": 6.958}}, "step": 0}
Step:0	{"metric": {"dev": {"epoch": 0.9}}, "step": 0}
Step:1	{"metric": {"dev": {"eval_loss": 9.346050262451172}}, "step": 1}
Step:1	{"metric": {"dev": {"eval_F1_score": 0.0}}, "step": 1}
Step:1	{"metric": {"dev": {"eval_Precision": 0.0}}, "step": 1}
Step:1	{"metric": {"dev": {"eval_Recall": 0.0}}, "step": 1}
Step:1	{"metric": {"dev": {"eval_Metric_time": 0.08816218376159668}}, "step": 1}
Step:1	{"metric": {"dev": {"eval_runtime": 1.2798}}, "step": 1}
Step:1	{"metric": {"dev": {"eval_samples_per_second": 859.513}}, "step": 1}
Step:1	{"metric": {"dev": {"eval_steps_per_second": 7.032}}, "step": 1}
Step:1	{"metric": {"dev": {"epoch": 1.35}}, "step": 1}
Step:1	{"metric": {"dev": {"eval_loss": 9.31995964050293}}, "step": 1}
Step:1	{"metric": {"dev": {"eval_F1_score": 0.0}}, "step": 1}
Step:1	{"metric": {"dev": {"eval_Precision": 0.0}}, "step": 1}
Step:1	{"metric": {"dev": {"eval_Recall": 0.0}}, "step": 1}
Step:1	{"metric": {"dev": {"eval_Metric_time": 0.08698749542236328}}, "step": 1}
Step:1	{"metric": {"dev": {"eval_runtime": 1.2731}}, "step": 1}
Step:1	{"metric": {"dev": {"eval_samples_per_second": 864.015}}, "step": 1}
Step:1	{"metric": {"dev": {"eval_steps_per_second": 7.069}}, "step": 1}
Step:1	{"metric": {"dev": {"epoch": 1.8}}, "step": 1}
Step:2	{"metric": {"dev": {"eval_loss": 9.267577171325684}}, "step": 2}
Step:2	{"metric": {"dev": {"eval_F1_score": 0.0}}, "step": 2}
Step:2	{"metric": {"dev": {"eval_Precision": 0.0}}, "step": 2}
Step:2	{"metric": {"dev": {"eval_Recall": 0.0}}, "step": 2}
Step:2	{"metric": {"dev": {"eval_Metric_time": 0.08732438087463379}}, "step": 2}
Step:2	{"metric": {"dev": {"eval_runtime": 1.2774}}, "step": 2}
Step:2	{"metric": {"dev": {"eval_samples_per_second": 861.123}}, "step": 2}
Step:2	{"metric": {"dev": {"eval_steps_per_second": 7.046}}, "step": 2}
Step:2	{"metric": {"dev": {"epoch": 2.25}}, "step": 2}
Step:2	{"metric": {"dev": {"eval_loss": 9.227425575256348}}, "step": 2}
Step:2	{"metric": {"dev": {"eval_F1_score": 0.0}}, "step": 2}
Step:2	{"metric": {"dev": {"eval_Precision": 0.0}}, "step": 2}
Step:2	{"metric": {"dev": {"eval_Recall": 0.0}}, "step": 2}
Step:2	{"metric": {"dev": {"eval_Metric_time": 0.0834202766418457}}, "step": 2}
Step:2	{"metric": {"dev": {"eval_runtime": 1.2537}}, "step": 2}
Step:2	{"metric": {"dev": {"eval_samples_per_second": 877.425}}, "step": 2}
Step:2	{"metric": {"dev": {"eval_steps_per_second": 7.179}}, "step": 2}
Step:2	{"metric": {"dev": {"epoch": 2.7}}, "step": 2}
Step:3	{"metric": {"dev": {"eval_loss": 9.187849998474121}}, "step": 3}
Step:3	{"metric": {"dev": {"eval_F1_score": 0.0}}, "step": 3}
Step:3	{"metric": {"dev": {"eval_Precision": 0.0}}, "step": 3}
Step:3	{"metric": {"dev": {"eval_Recall": 0.0}}, "step": 3}
Step:3	{"metric": {"dev": {"eval_Metric_time": 0.08348727226257324}}, "step": 3}
Step:3	{"metric": {"dev": {"eval_runtime": 1.2863}}, "step": 3}
Step:3	{"metric": {"dev": {"eval_samples_per_second": 855.159}}, "step": 3}
Step:3	{"metric": {"dev": {"eval_steps_per_second": 6.997}}, "step": 3}
Step:3	{"metric": {"dev": {"epoch": 3.15}}, "step": 3}
Step:3	{"metric": {"dev": {"eval_loss": 9.141697883605957}}, "step": 3}
Step:3	{"metric": {"dev": {"eval_F1_score": 0.0}}, "step": 3}
Step:3	{"metric": {"dev": {"eval_Precision": 0.0}}, "step": 3}
Step:3	{"metric": {"dev": {"eval_Recall": 0.0}}, "step": 3}
Step:3	{"metric": {"dev": {"eval_Metric_time": 0.08319306373596191}}, "step": 3}
Step:3	{"metric": {"dev": {"eval_runtime": 1.2674}}, "step": 3}
Step:3	{"metric": {"dev": {"eval_samples_per_second": 867.887}}, "step": 3}
Step:3	{"metric": {"dev": {"eval_steps_per_second": 7.101}}, "step": 3}
Step:3	{"metric": {"dev": {"epoch": 3.6}}, "step": 3}
Step:4	{"metric": {"dev": {"eval_loss": 9.093511581420898}}, "step": 4}
Step:4	{"metric": {"dev": {"eval_F1_score": 0.0}}, "step": 4}
Step:4	{"metric": {"dev": {"eval_Precision": 0.0}}, "step": 4}
Step:4	{"metric": {"dev": {"eval_Recall": 0.0}}, "step": 4}
Step:4	{"metric": {"dev": {"eval_Metric_time": 0.08361148834228516}}, "step": 4}
Step:4	{"metric": {"dev": {"eval_runtime": 1.2772}}, "step": 4}
Step:4	{"metric": {"dev": {"eval_samples_per_second": 861.231}}, "step": 4}
Step:4	{"metric": {"dev": {"eval_steps_per_second": 7.046}}, "step": 4}
Step:4	{"metric": {"dev": {"epoch": 4.05}}, "step": 4}
Step:4	{"metric": {"dev": {"eval_loss": 9.04904842376709}}, "step": 4}
Step:4	{"metric": {"dev": {"eval_F1_score": 0.0}}, "step": 4}
Step:4	{"metric": {"dev": {"eval_Precision": 0.0}}, "step": 4}
Step:4	{"metric": {"dev": {"eval_Recall": 0.0}}, "step": 4}
Step:4	{"metric": {"dev": {"eval_Metric_time": 0.08745217323303223}}, "step": 4}
Step:4	{"metric": {"dev": {"eval_runtime": 1.2828}}, "step": 4}
Step:4	{"metric": {"dev": {"eval_samples_per_second": 857.511}}, "step": 4}
Step:4	{"metric": {"dev": {"eval_steps_per_second": 7.016}}, "step": 4}
Step:4	{"metric": {"dev": {"epoch": 4.5}}, "step": 4}
Step:4	{"metric": {"dev": {"eval_loss": 9.014063835144043}}, "step": 4}
Step:4	{"metric": {"dev": {"eval_F1_score": 0.0}}, "step": 4}
Step:4	{"metric": {"dev": {"eval_Precision": 0.0}}, "step": 4}
Step:4	{"metric": {"dev": {"eval_Recall": 0.0}}, "step": 4}
Step:4	{"metric": {"dev": {"eval_Metric_time": 0.08767986297607422}}, "step": 4}
Step:4	{"metric": {"dev": {"eval_runtime": 1.2897}}, "step": 4}
Step:4	{"metric": {"dev": {"eval_samples_per_second": 852.92}}, "step": 4}
Step:4	{"metric": {"dev": {"eval_steps_per_second": 6.978}}, "step": 4}
Step:4	{"metric": {"dev": {"epoch": 4.95}}, "step": 4}
Step:5	{"metric": {"dev": {"eval_loss": 8.963872909545898}}, "step": 5}
Step:5	{"metric": {"dev": {"eval_F1_score": 0.0}}, "step": 5}
Step:5	{"metric": {"dev": {"eval_Precision": 0.0}}, "step": 5}
Step:5	{"metric": {"dev": {"eval_Recall": 0.0}}, "step": 5}
Step:5	{"metric": {"dev": {"eval_Metric_time": 0.08284687995910645}}, "step": 5}
Step:5	{"metric": {"dev": {"eval_runtime": 1.2634}}, "step": 5}
Step:5	{"metric": {"dev": {"eval_samples_per_second": 870.646}}, "step": 5}
Step:5	{"metric": {"dev": {"eval_steps_per_second": 7.123}}, "step": 5}
Step:5	{"metric": {"dev": {"epoch": 5.4}}, "step": 5}
Step:5	{"metric": {"dev": {"eval_loss": 8.91856861114502}}, "step": 5}
Step:5	{"metric": {"dev": {"eval_F1_score": 0.0}}, "step": 5}
Step:5	{"metric": {"dev": {"eval_Precision": 0.0}}, "step": 5}
Step:5	{"metric": {"dev": {"eval_Recall": 0.0}}, "step": 5}
Step:5	{"metric": {"dev": {"eval_Metric_time": 0.08292078971862793}}, "step": 5}
Step:5	{"metric": {"dev": {"eval_runtime": 1.2796}}, "step": 5}
Step:5	{"metric": {"dev": {"eval_samples_per_second": 859.611}}, "step": 5}
Step:5	{"metric": {"dev": {"eval_steps_per_second": 7.033}}, "step": 5}
Step:5	{"metric": {"dev": {"epoch": 5.85}}, "step": 5}
Step:6	{"metric": {"dev": {"eval_loss": 8.89236068725586}}, "step": 6}
Step:6	{"metric": {"dev": {"eval_F1_score": 0.0}}, "step": 6}
Step:6	{"metric": {"dev": {"eval_Precision": 0.0}}, "step": 6}
Step:6	{"metric": {"dev": {"eval_Recall": 0.0}}, "step": 6}
Step:6	{"metric": {"dev": {"eval_Metric_time": 0.083587646484375}}, "step": 6}
Step:6	{"metric": {"dev": {"eval_runtime": 1.3017}}, "step": 6}
Step:6	{"metric": {"dev": {"eval_samples_per_second": 845.057}}, "step": 6}
Step:6	{"metric": {"dev": {"eval_steps_per_second": 6.914}}, "step": 6}
Step:6	{"metric": {"dev": {"epoch": 6.3}}, "step": 6}
Step:6	{"metric": {"dev": {"eval_loss": 8.806100845336914}}, "step": 6}
Step:6	{"metric": {"dev": {"eval_F1_score": 0.0}}, "step": 6}
Step:6	{"metric": {"dev": {"eval_Precision": 0.0}}, "step": 6}
Step:6	{"metric": {"dev": {"eval_Recall": 0.0}}, "step": 6}
Step:6	{"metric": {"dev": {"eval_Metric_time": 0.08288025856018066}}, "step": 6}
Step:6	{"metric": {"dev": {"eval_runtime": 1.2955}}, "step": 6}
Step:6	{"metric": {"dev": {"eval_samples_per_second": 849.105}}, "step": 6}
Step:6	{"metric": {"dev": {"eval_steps_per_second": 6.947}}, "step": 6}
Step:6	{"metric": {"dev": {"epoch": 6.75}}, "step": 6}
Step:7	{"metric": {"dev": {"eval_loss": 8.807448387145996}}, "step": 7}
Step:7	{"metric": {"dev": {"eval_F1_score": 0.0}}, "step": 7}
Step:7	{"metric": {"dev": {"eval_Precision": 0.0}}, "step": 7}
Step:7	{"metric": {"dev": {"eval_Recall": 0.0}}, "step": 7}
Step:7	{"metric": {"dev": {"eval_Metric_time": 0.08310127258300781}}, "step": 7}
Step:7	{"metric": {"dev": {"eval_runtime": 1.2773}}, "step": 7}
Step:7	{"metric": {"dev": {"eval_samples_per_second": 861.223}}, "step": 7}
Step:7	{"metric": {"dev": {"eval_steps_per_second": 7.046}}, "step": 7}
Step:7	{"metric": {"dev": {"epoch": 7.2}}, "step": 7}
Step:7	{"metric": {"dev": {"eval_loss": 8.779616355895996}}, "step": 7}
Step:7	{"metric": {"dev": {"eval_F1_score": 0.0}}, "step": 7}
Step:7	{"metric": {"dev": {"eval_Precision": 0.0}}, "step": 7}
Step:7	{"metric": {"dev": {"eval_Recall": 0.0}}, "step": 7}
Step:7	{"metric": {"dev": {"eval_Metric_time": 0.08280372619628906}}, "step": 7}
Step:7	{"metric": {"dev": {"eval_runtime": 1.2737}}, "step": 7}
Step:7	{"metric": {"dev": {"eval_samples_per_second": 863.649}}, "step": 7}
Step:7	{"metric": {"dev": {"eval_steps_per_second": 7.066}}, "step": 7}
Step:7	{"metric": {"dev": {"epoch": 7.65}}, "step": 7}
Step:8	{"metric": {"dev": {"eval_loss": 8.734701156616211}}, "step": 8}
Step:8	{"metric": {"dev": {"eval_F1_score": 0.0}}, "step": 8}
Step:8	{"metric": {"dev": {"eval_Precision": 0.0}}, "step": 8}
Step:8	{"metric": {"dev": {"eval_Recall": 0.0}}, "step": 8}
Step:8	{"metric": {"dev": {"eval_Metric_time": 0.08384513854980469}}, "step": 8}
Step:8	{"metric": {"dev": {"eval_runtime": 1.267}}, "step": 8}
Step:8	{"metric": {"dev": {"eval_samples_per_second": 868.167}}, "step": 8}
Step:8	{"metric": {"dev": {"eval_steps_per_second": 7.103}}, "step": 8}
Step:8	{"metric": {"dev": {"epoch": 8.1}}, "step": 8}
Step:8	{"metric": {"dev": {"eval_loss": 8.699870109558105}}, "step": 8}
Step:8	{"metric": {"dev": {"eval_F1_score": 0.0}}, "step": 8}
Step:8	{"metric": {"dev": {"eval_Precision": 0.0}}, "step": 8}
Step:8	{"metric": {"dev": {"eval_Recall": 0.0}}, "step": 8}
Step:8	{"metric": {"dev": {"eval_Metric_time": 0.08303046226501465}}, "step": 8}
Step:8	{"metric": {"dev": {"eval_runtime": 1.2745}}, "step": 8}
Step:8	{"metric": {"dev": {"eval_samples_per_second": 863.083}}, "step": 8}
Step:8	{"metric": {"dev": {"eval_steps_per_second": 7.062}}, "step": 8}
Step:8	{"metric": {"dev": {"epoch": 8.55}}, "step": 8}
Step:9	{"metric": {"dev": {"eval_loss": 8.718576431274414}}, "step": 9}
Step:9	{"metric": {"dev": {"eval_F1_score": 0.0}}, "step": 9}
Step:9	{"metric": {"dev": {"eval_Precision": 0.0}}, "step": 9}
Step:9	{"metric": {"dev": {"eval_Recall": 0.0}}, "step": 9}
Step:9	{"metric": {"dev": {"eval_Metric_time": 0.08328652381896973}}, "step": 9}
Step:9	{"metric": {"dev": {"eval_runtime": 1.2617}}, "step": 9}
Step:9	{"metric": {"dev": {"eval_samples_per_second": 871.827}}, "step": 9}
Step:9	{"metric": {"dev": {"eval_steps_per_second": 7.133}}, "step": 9}
Step:9	{"metric": {"dev": {"epoch": 9.0}}, "step": 9}
Step:9	{"metric": {"dev": {"eval_loss": 8.718755722045898}}, "step": 9}
Step:9	{"metric": {"dev": {"eval_F1_score": 0.0}}, "step": 9}
Step:9	{"metric": {"dev": {"eval_Precision": 0.0}}, "step": 9}
Step:9	{"metric": {"dev": {"eval_Recall": 0.0}}, "step": 9}
Step:9	{"metric": {"dev": {"eval_Metric_time": 0.08283257484436035}}, "step": 9}
Step:9	{"metric": {"dev": {"eval_runtime": 1.2615}}, "step": 9}
Step:9	{"metric": {"dev": {"eval_samples_per_second": 871.974}}, "step": 9}
Step:9	{"metric": {"dev": {"eval_steps_per_second": 7.134}}, "step": 9}
Step:9	{"metric": {"dev": {"epoch": 9.46}}, "step": 9}
Step:9	{"metric": {"dev": {"eval_loss": 8.716374397277832}}, "step": 9}
Step:9	{"metric": {"dev": {"eval_F1_score": 0.0}}, "step": 9}
Step:9	{"metric": {"dev": {"eval_Precision": 0.0}}, "step": 9}
Step:9	{"metric": {"dev": {"eval_Recall": 0.0}}, "step": 9}
Step:9	{"metric": {"dev": {"eval_Metric_time": 0.08294463157653809}}, "step": 9}
Step:9	{"metric": {"dev": {"eval_runtime": 1.3074}}, "step": 9}
Step:9	{"metric": {"dev": {"eval_samples_per_second": 841.367}}, "step": 9}
Step:9	{"metric": {"dev": {"eval_steps_per_second": 6.884}}, "step": 9}
Step:9	{"metric": {"dev": {"epoch": 9.91}}, "step": 9}
