Step:0	{"metric": {"dev": {"eval_loss": 7.046596527099609}}, "step": 0}
Step:0	{"metric": {"dev": {"eval_F1_score": 0.0}}, "step": 0}
Step:0	{"metric": {"dev": {"eval_Precision": 0.0}}, "step": 0}
Step:0	{"metric": {"dev": {"eval_Recall": 0.0}}, "step": 0}
Step:0	{"metric": {"dev": {"eval_Metric_time": 0.06662797927856445}}, "step": 0}
Step:0	{"metric": {"dev": {"eval_runtime": 2.0252}}, "step": 0}
Step:0	{"metric": {"dev": {"eval_samples_per_second": 543.163}}, "step": 0}
Step:0	{"metric": {"dev": {"eval_steps_per_second": 8.888}}, "step": 0}
Step:0	{"metric": {"dev": {"epoch": 0.23}}, "step": 0}
Step:0	{"metric": {"dev": {"eval_loss": 8.352044105529785}}, "step": 0}
Step:0	{"metric": {"dev": {"eval_F1_score": 0.0}}, "step": 0}
Step:0	{"metric": {"dev": {"eval_Precision": 0.0}}, "step": 0}
Step:0	{"metric": {"dev": {"eval_Recall": 0.0}}, "step": 0}
Step:0	{"metric": {"dev": {"eval_Metric_time": 0.07103300094604492}}, "step": 0}
Step:0	{"metric": {"dev": {"eval_runtime": 1.5482}}, "step": 0}
Step:0	{"metric": {"dev": {"eval_samples_per_second": 710.481}}, "step": 0}
Step:0	{"metric": {"dev": {"eval_steps_per_second": 11.626}}, "step": 0}
Step:0	{"metric": {"dev": {"epoch": 0.45}}, "step": 0}
Step:0	{"metric": {"dev": {"eval_loss": 8.761321067810059}}, "step": 0}
Step:0	{"metric": {"dev": {"eval_F1_score": 0.0}}, "step": 0}
Step:0	{"metric": {"dev": {"eval_Precision": 0.0}}, "step": 0}
Step:0	{"metric": {"dev": {"eval_Recall": 0.0}}, "step": 0}
Step:0	{"metric": {"dev": {"eval_Metric_time": 0.07071304321289062}}, "step": 0}
Step:0	{"metric": {"dev": {"eval_runtime": 1.5443}}, "step": 0}
Step:0	{"metric": {"dev": {"eval_samples_per_second": 712.31}}, "step": 0}
Step:0	{"metric": {"dev": {"eval_steps_per_second": 11.656}}, "step": 0}
Step:0	{"metric": {"dev": {"epoch": 0.68}}, "step": 0}
Step:0	{"metric": {"dev": {"eval_loss": 8.88587474822998}}, "step": 0}
Step:0	{"metric": {"dev": {"eval_F1_score": 0.0}}, "step": 0}
Step:0	{"metric": {"dev": {"eval_Precision": 0.0}}, "step": 0}
Step:0	{"metric": {"dev": {"eval_Recall": 0.0}}, "step": 0}
Step:0	{"metric": {"dev": {"eval_Metric_time": 0.07486391067504883}}, "step": 0}
Step:0	{"metric": {"dev": {"eval_runtime": 1.5633}}, "step": 0}
Step:0	{"metric": {"dev": {"eval_samples_per_second": 703.645}}, "step": 0}
Step:0	{"metric": {"dev": {"eval_steps_per_second": 11.514}}, "step": 0}
Step:0	{"metric": {"dev": {"epoch": 0.9}}, "step": 0}
