Step:0	{"metric": {"dev": {"eval_loss": 25.106515884399414}}, "step": 0}
Step:0	{"metric": {"dev": {"eval_F1_score": 0.0}}, "step": 0}
Step:0	{"metric": {"dev": {"eval_Precision": 0.0}}, "step": 0}
Step:0	{"metric": {"dev": {"eval_Recall": 0.0}}, "step": 0}
Step:0	{"metric": {"dev": {"eval_Metric_time": 0.08351922035217285}}, "step": 0}
Step:0	{"metric": {"dev": {"eval_runtime": 1.3533}}, "step": 0}
Step:0	{"metric": {"dev": {"eval_samples_per_second": 812.839}}, "step": 0}
Step:0	{"metric": {"dev": {"eval_steps_per_second": 6.651}}, "step": 0}
Step:0	{"metric": {"dev": {"epoch": 0.45}}, "step": 0}
Step:0	{"metric": {"dev": {"eval_loss": 25.073083877563477}}, "step": 0}
Step:0	{"metric": {"dev": {"eval_F1_score": 0.0}}, "step": 0}
Step:0	{"metric": {"dev": {"eval_Precision": 0.0}}, "step": 0}
Step:0	{"metric": {"dev": {"eval_Recall": 0.0}}, "step": 0}
Step:0	{"metric": {"dev": {"eval_Metric_time": 0.08280301094055176}}, "step": 0}
Step:0	{"metric": {"dev": {"eval_runtime": 1.2585}}, "step": 0}
Step:0	{"metric": {"dev": {"eval_samples_per_second": 874.053}}, "step": 0}
Step:0	{"metric": {"dev": {"eval_steps_per_second": 7.151}}, "step": 0}
Step:0	{"metric": {"dev": {"epoch": 0.9}}, "step": 0}
Step:1	{"metric": {"dev": {"eval_loss": 25.049747467041016}}, "step": 1}
Step:1	{"metric": {"dev": {"eval_F1_score": 0.0}}, "step": 1}
Step:1	{"metric": {"dev": {"eval_Precision": 0.0}}, "step": 1}
Step:1	{"metric": {"dev": {"eval_Recall": 0.0}}, "step": 1}
Step:1	{"metric": {"dev": {"eval_Metric_time": 0.08361196517944336}}, "step": 1}
Step:1	{"metric": {"dev": {"eval_runtime": 1.2648}}, "step": 1}
Step:1	{"metric": {"dev": {"eval_samples_per_second": 869.687}}, "step": 1}
Step:1	{"metric": {"dev": {"eval_steps_per_second": 7.116}}, "step": 1}
Step:1	{"metric": {"dev": {"epoch": 1.35}}, "step": 1}
Step:1	{"metric": {"dev": {"eval_loss": 25.022859573364258}}, "step": 1}
Step:1	{"metric": {"dev": {"eval_F1_score": 0.0}}, "step": 1}
Step:1	{"metric": {"dev": {"eval_Precision": 0.0}}, "step": 1}
Step:1	{"metric": {"dev": {"eval_Recall": 0.0}}, "step": 1}
Step:1	{"metric": {"dev": {"eval_Metric_time": 0.08284616470336914}}, "step": 1}
Step:1	{"metric": {"dev": {"eval_runtime": 1.2739}}, "step": 1}
Step:1	{"metric": {"dev": {"eval_samples_per_second": 863.499}}, "step": 1}
Step:1	{"metric": {"dev": {"eval_steps_per_second": 7.065}}, "step": 1}
Step:1	{"metric": {"dev": {"epoch": 1.8}}, "step": 1}
Step:2	{"metric": {"dev": {"eval_loss": 24.999794006347656}}, "step": 2}
Step:2	{"metric": {"dev": {"eval_F1_score": 0.0}}, "step": 2}
Step:2	{"metric": {"dev": {"eval_Precision": 0.0}}, "step": 2}
Step:2	{"metric": {"dev": {"eval_Recall": 0.0}}, "step": 2}
Step:2	{"metric": {"dev": {"eval_Metric_time": 0.08402061462402344}}, "step": 2}
Step:2	{"metric": {"dev": {"eval_runtime": 1.2727}}, "step": 2}
Step:2	{"metric": {"dev": {"eval_samples_per_second": 864.302}}, "step": 2}
Step:2	{"metric": {"dev": {"eval_steps_per_second": 7.072}}, "step": 2}
Step:2	{"metric": {"dev": {"epoch": 2.25}}, "step": 2}
Step:2	{"metric": {"dev": {"eval_loss": 24.968168258666992}}, "step": 2}
Step:2	{"metric": {"dev": {"eval_F1_score": 0.0}}, "step": 2}
Step:2	{"metric": {"dev": {"eval_Precision": 0.0}}, "step": 2}
Step:2	{"metric": {"dev": {"eval_Recall": 0.0}}, "step": 2}
Step:2	{"metric": {"dev": {"eval_Metric_time": 0.0835731029510498}}, "step": 2}
Step:2	{"metric": {"dev": {"eval_runtime": 1.2797}}, "step": 2}
Step:2	{"metric": {"dev": {"eval_samples_per_second": 859.566}}, "step": 2}
Step:2	{"metric": {"dev": {"eval_steps_per_second": 7.033}}, "step": 2}
Step:2	{"metric": {"dev": {"epoch": 2.7}}, "step": 2}
Step:3	{"metric": {"dev": {"eval_loss": 24.959993362426758}}, "step": 3}
Step:3	{"metric": {"dev": {"eval_F1_score": 0.0}}, "step": 3}
Step:3	{"metric": {"dev": {"eval_Precision": 0.0}}, "step": 3}
Step:3	{"metric": {"dev": {"eval_Recall": 0.0}}, "step": 3}
Step:3	{"metric": {"dev": {"eval_Metric_time": 0.08458304405212402}}, "step": 3}
Step:3	{"metric": {"dev": {"eval_runtime": 1.2901}}, "step": 3}
Step:3	{"metric": {"dev": {"eval_samples_per_second": 852.663}}, "step": 3}
Step:3	{"metric": {"dev": {"eval_steps_per_second": 6.976}}, "step": 3}
Step:3	{"metric": {"dev": {"epoch": 3.15}}, "step": 3}
Step:3	{"metric": {"dev": {"eval_loss": 24.914648056030273}}, "step": 3}
Step:3	{"metric": {"dev": {"eval_F1_score": 0.0}}, "step": 3}
Step:3	{"metric": {"dev": {"eval_Precision": 0.0}}, "step": 3}
Step:3	{"metric": {"dev": {"eval_Recall": 0.0}}, "step": 3}
Step:3	{"metric": {"dev": {"eval_Metric_time": 0.0828855037689209}}, "step": 3}
Step:3	{"metric": {"dev": {"eval_runtime": 1.2626}}, "step": 3}
Step:3	{"metric": {"dev": {"eval_samples_per_second": 871.22}}, "step": 3}
Step:3	{"metric": {"dev": {"eval_steps_per_second": 7.128}}, "step": 3}
Step:3	{"metric": {"dev": {"epoch": 3.6}}, "step": 3}
