Step:2	{"metric": {"dev": {"eval_loss": 2.3441717624664307}}, "step": 2}
Step:2	{"metric": {"dev": {"eval_F1_score": 0.025509890746439216}}, "step": 2}
Step:2	{"metric": {"dev": {"eval_F1_score_detect": 0.02745734458213375}}, "step": 2}
Step:2	{"metric": {"dev": {"eval_Precision_detect": 0.018491167956519065}}, "step": 2}
Step:2	{"metric": {"dev": {"eval_Recall_detect": 0.05330381471389555}}, "step": 2}
Step:2	{"metric": {"dev": {"eval_F1_score_correct": 0.017720075403661092}}, "step": 2}
Step:2	{"metric": {"dev": {"eval_Precision_correct": 0.011933597211555434}}, "step": 2}
Step:2	{"metric": {"dev": {"eval_Recall_correct": 0.03440054495912748}}, "step": 2}
Step:2	{"metric": {"dev": {"eval_Metric_time": 32.923763036727905}}, "step": 2}
Step:2	{"metric": {"dev": {"eval_runtime": 232.772}}, "step": 2}
Step:2	{"metric": {"dev": {"eval_samples_per_second": 4.296}}, "step": 2}
Step:2	{"metric": {"dev": {"eval_steps_per_second": 0.034}}, "step": 2}
Step:2	{"metric": {"dev": {"epoch": 2.58}}, "step": 2}
Step:5	{"metric": {"dev": {"eval_loss": 0.8708657622337341}}, "step": 5}
Step:5	{"metric": {"dev": {"eval_F1_score": 0.03738086715837447}}, "step": 5}
Step:5	{"metric": {"dev": {"eval_F1_score_detect": 0.0407247177910388}}, "step": 5}
Step:5	{"metric": {"dev": {"eval_Precision_detect": 0.025169876563065317}}, "step": 5}
Step:5	{"metric": {"dev": {"eval_Recall_detect": 0.1066076294277911}}, "step": 5}
Step:5	{"metric": {"dev": {"eval_F1_score_correct": 0.02400546462771717}}, "step": 5}
Step:5	{"metric": {"dev": {"eval_Precision_correct": 0.014836556632222208}}, "step": 5}
Step:5	{"metric": {"dev": {"eval_Recall_correct": 0.0628405994550398}}, "step": 5}
Step:5	{"metric": {"dev": {"eval_Metric_time": 37.138487100601196}}, "step": 5}
Step:5	{"metric": {"dev": {"eval_runtime": 229.7828}}, "step": 5}
Step:5	{"metric": {"dev": {"eval_samples_per_second": 4.352}}, "step": 5}
Step:5	{"metric": {"dev": {"eval_steps_per_second": 0.035}}, "step": 5}
Step:5	{"metric": {"dev": {"epoch": 5.17}}, "step": 5}
Step:7	{"metric": {"dev": {"eval_loss": 0.5795280933380127}}, "step": 7}
Step:7	{"metric": {"dev": {"eval_F1_score": 0.05096683788639355}}, "step": 7}
Step:7	{"metric": {"dev": {"eval_F1_score_detect": 0.055581503930298225}}, "step": 7}
Step:7	{"metric": {"dev": {"eval_Precision_detect": 0.03829321663019669}}, "step": 7}
Step:7	{"metric": {"dev": {"eval_Recall_detect": 0.10132833787465767}}, "step": 7}
Step:7	{"metric": {"dev": {"eval_F1_score_correct": 0.03250817371077485}}, "step": 7}
Step:7	{"metric": {"dev": {"eval_Precision_correct": 0.02239670485261924}}, "step": 7}
Step:7	{"metric": {"dev": {"eval_Recall_correct": 0.059264305177110704}}, "step": 7}
Step:7	{"metric": {"dev": {"eval_Metric_time": 34.51083302497864}}, "step": 7}
Step:7	{"metric": {"dev": {"eval_runtime": 221.0567}}, "step": 7}
Step:7	{"metric": {"dev": {"eval_samples_per_second": 4.524}}, "step": 7}
Step:7	{"metric": {"dev": {"eval_steps_per_second": 0.036}}, "step": 7}
Step:7	{"metric": {"dev": {"epoch": 7.75}}, "step": 7}
