Step:0	{"metric": {"dev": {"eval_loss": 0.1953677386045456}}, "step": 0}
Step:0	{"metric": {"dev": {"eval_F1_score": 0.017857142826114742}}, "step": 0}
Step:0	{"metric": {"dev": {"eval_Precision": 0.046511627906940696}}, "step": 0}
Step:0	{"metric": {"dev": {"eval_Recall": 0.011049723756904042}}, "step": 0}
Step:0	{"metric": {"dev": {"eval_Metric_time": 0.07485437393188477}}, "step": 0}
Step:0	{"metric": {"dev": {"eval_runtime": 1.6925}}, "step": 0}
Step:0	{"metric": {"dev": {"eval_samples_per_second": 649.915}}, "step": 0}
Step:0	{"metric": {"dev": {"eval_steps_per_second": 5.317}}, "step": 0}
Step:0	{"metric": {"dev": {"epoch": 0.9}}, "step": 0}
Step:1	{"metric": {"dev": {"eval_loss": 0.1235463097691536}}, "step": 1}
Step:1	{"metric": {"dev": {"eval_F1_score": 0.0872180450827954}}, "step": 1}
Step:1	{"metric": {"dev": {"eval_Precision": 0.23770491803259206}}, "step": 1}
Step:1	{"metric": {"dev": {"eval_Recall": 0.05340699815836954}}, "step": 1}
Step:1	{"metric": {"dev": {"eval_Metric_time": 0.08610296249389648}}, "step": 1}
Step:1	{"metric": {"dev": {"eval_runtime": 1.1097}}, "step": 1}
Step:1	{"metric": {"dev": {"eval_samples_per_second": 991.259}}, "step": 1}
Step:1	{"metric": {"dev": {"eval_steps_per_second": 8.11}}, "step": 1}
Step:1	{"metric": {"dev": {"epoch": 1.8}}, "step": 1}
Step:2	{"metric": {"dev": {"eval_loss": 0.11311003565788269}}, "step": 2}
Step:2	{"metric": {"dev": {"eval_F1_score": 0.1536458332918657}}, "step": 2}
Step:2	{"metric": {"dev": {"eval_Precision": 0.26222222222210567}}, "step": 2}
Step:2	{"metric": {"dev": {"eval_Recall": 0.10865561694288974}}, "step": 2}
Step:2	{"metric": {"dev": {"eval_Metric_time": 0.08604121208190918}}, "step": 2}
Step:2	{"metric": {"dev": {"eval_runtime": 1.1106}}, "step": 2}
Step:2	{"metric": {"dev": {"eval_samples_per_second": 990.414}}, "step": 2}
Step:2	{"metric": {"dev": {"eval_steps_per_second": 8.103}}, "step": 2}
Step:2	{"metric": {"dev": {"epoch": 2.7}}, "step": 2}
Step:3	{"metric": {"dev": {"eval_loss": 0.09714623540639877}}, "step": 3}
Step:3	{"metric": {"dev": {"eval_F1_score": 0.23181257702104327}}, "step": 3}
Step:3	{"metric": {"dev": {"eval_Precision": 0.35074626865658554}}, "step": 3}
Step:3	{"metric": {"dev": {"eval_Recall": 0.17311233885816332}}, "step": 3}
Step:3	{"metric": {"dev": {"eval_Metric_time": 0.08610749244689941}}, "step": 3}
Step:3	{"metric": {"dev": {"eval_runtime": 1.106}}, "step": 3}
Step:3	{"metric": {"dev": {"eval_samples_per_second": 994.576}}, "step": 3}
Step:3	{"metric": {"dev": {"eval_steps_per_second": 8.137}}, "step": 3}
Step:3	{"metric": {"dev": {"epoch": 3.6}}, "step": 3}
Step:4	{"metric": {"dev": {"eval_loss": 0.08519531041383743}}, "step": 4}
Step:4	{"metric": {"dev": {"eval_F1_score": 0.3200934578974602}}, "step": 4}
Step:4	{"metric": {"dev": {"eval_Precision": 0.4376996805110423}}, "step": 4}
Step:4	{"metric": {"dev": {"eval_Recall": 0.25230202578264227}}, "step": 4}
Step:4	{"metric": {"dev": {"eval_Metric_time": 0.08870577812194824}}, "step": 4}
Step:4	{"metric": {"dev": {"eval_runtime": 1.1171}}, "step": 4}
Step:4	{"metric": {"dev": {"eval_samples_per_second": 984.669}}, "step": 4}
Step:4	{"metric": {"dev": {"eval_steps_per_second": 8.056}}, "step": 4}
Step:4	{"metric": {"dev": {"epoch": 4.5}}, "step": 4}
Step:5	{"metric": {"dev": {"eval_loss": 0.08468547463417053}}, "step": 5}
Step:5	{"metric": {"dev": {"eval_F1_score": 0.3727748690608104}}, "step": 5}
Step:5	{"metric": {"dev": {"eval_Precision": 0.4320388349513515}}, "step": 5}
Step:5	{"metric": {"dev": {"eval_Recall": 0.3278084714548199}}, "step": 5}
Step:5	{"metric": {"dev": {"eval_Metric_time": 0.08267784118652344}}, "step": 5}
Step:5	{"metric": {"dev": {"eval_runtime": 1.1096}}, "step": 5}
Step:5	{"metric": {"dev": {"eval_samples_per_second": 991.311}}, "step": 5}
Step:5	{"metric": {"dev": {"eval_steps_per_second": 8.111}}, "step": 5}
Step:5	{"metric": {"dev": {"epoch": 5.4}}, "step": 5}
Step:6	{"metric": {"dev": {"eval_loss": 0.07863125205039978}}, "step": 6}
Step:6	{"metric": {"dev": {"eval_F1_score": 0.40290758042840596}}, "step": 6}
Step:6	{"metric": {"dev": {"eval_Precision": 0.46190476190465196}}, "step": 6}
Step:6	{"metric": {"dev": {"eval_Recall": 0.3572744014732307}}, "step": 6}
Step:6	{"metric": {"dev": {"eval_Metric_time": 0.08664965629577637}}, "step": 6}
Step:6	{"metric": {"dev": {"eval_runtime": 1.109}}, "step": 6}
Step:6	{"metric": {"dev": {"eval_samples_per_second": 991.907}}, "step": 6}
Step:6	{"metric": {"dev": {"eval_steps_per_second": 8.116}}, "step": 6}
Step:6	{"metric": {"dev": {"epoch": 6.3}}, "step": 6}
Step:7	{"metric": {"dev": {"eval_loss": 0.07720575481653214}}, "step": 7}
Step:7	{"metric": {"dev": {"eval_F1_score": 0.3876288659300166}}, "step": 7}
Step:7	{"metric": {"dev": {"eval_Precision": 0.4402810304448618}}, "step": 7}
Step:7	{"metric": {"dev": {"eval_Recall": 0.34622467771632665}}, "step": 7}
Step:7	{"metric": {"dev": {"eval_Metric_time": 0.07507586479187012}}, "step": 7}
Step:7	{"metric": {"dev": {"eval_runtime": 1.0987}}, "step": 7}
Step:7	{"metric": {"dev": {"eval_samples_per_second": 1001.156}}, "step": 7}
Step:7	{"metric": {"dev": {"eval_steps_per_second": 8.191}}, "step": 7}
Step:7	{"metric": {"dev": {"epoch": 7.2}}, "step": 7}
Step:8	{"metric": {"dev": {"eval_loss": 0.07506623864173889}}, "step": 8}
Step:8	{"metric": {"dev": {"eval_F1_score": 0.4201005024628966}}, "step": 8}
Step:8	{"metric": {"dev": {"eval_Precision": 0.46238938053087114}}, "step": 8}
Step:8	{"metric": {"dev": {"eval_Recall": 0.38489871086549077}}, "step": 8}
Step:8	{"metric": {"dev": {"eval_Metric_time": 0.07526803016662598}}, "step": 8}
Step:8	{"metric": {"dev": {"eval_runtime": 1.1007}}, "step": 8}
Step:8	{"metric": {"dev": {"eval_samples_per_second": 999.344}}, "step": 8}
Step:8	{"metric": {"dev": {"eval_steps_per_second": 8.176}}, "step": 8}
Step:8	{"metric": {"dev": {"epoch": 8.1}}, "step": 8}
Step:9	{"metric": {"dev": {"eval_loss": 0.07441464811563492}}, "step": 9}
Step:9	{"metric": {"dev": {"eval_F1_score": 0.44421906688754387}}, "step": 9}
Step:9	{"metric": {"dev": {"eval_Precision": 0.4943566591421006}}, "step": 9}
Step:9	{"metric": {"dev": {"eval_Recall": 0.4033149171269975}}, "step": 9}
Step:9	{"metric": {"dev": {"eval_Metric_time": 0.0863795280456543}}, "step": 9}
Step:9	{"metric": {"dev": {"eval_runtime": 1.1063}}, "step": 9}
Step:9	{"metric": {"dev": {"eval_samples_per_second": 994.326}}, "step": 9}
Step:9	{"metric": {"dev": {"eval_steps_per_second": 8.135}}, "step": 9}
Step:9	{"metric": {"dev": {"epoch": 9.0}}, "step": 9}
Step:9	{"metric": {"dev": {"eval_loss": 0.07410627603530884}}, "step": 9}
Step:9	{"metric": {"dev": {"eval_F1_score": 0.4343434342938167}}, "step": 9}
Step:9	{"metric": {"dev": {"eval_Precision": 0.48098434004463514}}, "step": 9}
Step:9	{"metric": {"dev": {"eval_Recall": 0.3959484346223948}}, "step": 9}
Step:9	{"metric": {"dev": {"eval_Metric_time": 0.08622264862060547}}, "step": 9}
Step:9	{"metric": {"dev": {"eval_runtime": 1.1079}}, "step": 9}
Step:9	{"metric": {"dev": {"eval_samples_per_second": 992.89}}, "step": 9}
Step:9	{"metric": {"dev": {"eval_steps_per_second": 8.124}}, "step": 9}
Step:9	{"metric": {"dev": {"epoch": 9.91}}, "step": 9}
