Step:0	{"metric": {"dev": {"eval_loss": 2.9858858585357666}}, "step": 0}
Step:0	{"metric": {"dev": {"eval_F1_score": 0.024273211305362218}}, "step": 0}
Step:0	{"metric": {"dev": {"eval_F1_score_detect": 0.026929432616335944}}, "step": 0}
Step:0	{"metric": {"dev": {"eval_Precision_detect": 0.016414235618891233}}, "step": 0}
Step:0	{"metric": {"dev": {"eval_Recall_detect": 0.07493188010899055}}, "step": 0}
Step:0	{"metric": {"dev": {"eval_F1_score_correct": 0.0136483260614673}}, "step": 0}
Step:0	{"metric": {"dev": {"eval_Precision_correct": 0.008319033052301692}}, "step": 0}
Step:0	{"metric": {"dev": {"eval_Recall_correct": 0.037976839237056574}}, "step": 0}
Step:0	{"metric": {"dev": {"eval_Metric_time": 33.03501629829407}}, "step": 0}
Step:0	{"metric": {"dev": {"eval_runtime": 161.7955}}, "step": 0}
Step:0	{"metric": {"dev": {"eval_samples_per_second": 6.181}}, "step": 0}
Step:0	{"metric": {"dev": {"eval_steps_per_second": 0.049}}, "step": 0}
Step:0	{"metric": {"dev": {"epoch": 0.36}}, "step": 0}
Step:0	{"metric": {"dev": {"eval_loss": 0.9327601790428162}}, "step": 0}
Step:0	{"metric": {"dev": {"eval_F1_score": 0.032906433595199354}}, "step": 0}
Step:0	{"metric": {"dev": {"eval_F1_score_detect": 0.036838933218523114}}, "step": 0}
Step:0	{"metric": {"dev": {"eval_Precision_detect": 0.023650609402205345}}, "step": 0}
Step:0	{"metric": {"dev": {"eval_Recall_detect": 0.08327656675749177}}, "step": 0}
Step:0	{"metric": {"dev": {"eval_F1_score_correct": 0.0171764351019043}}, "step": 0}
Step:0	{"metric": {"dev": {"eval_Precision_correct": 0.011027278003482245}}, "step": 0}
Step:0	{"metric": {"dev": {"eval_Recall_correct": 0.03882833787465874}}, "step": 0}
Step:0	{"metric": {"dev": {"eval_Metric_time": 33.124491691589355}}, "step": 0}
Step:0	{"metric": {"dev": {"eval_runtime": 159.414}}, "step": 0}
Step:0	{"metric": {"dev": {"eval_samples_per_second": 6.273}}, "step": 0}
Step:0	{"metric": {"dev": {"eval_steps_per_second": 0.05}}, "step": 0}
Step:0	{"metric": {"dev": {"epoch": 0.73}}, "step": 0}
Step:1	{"metric": {"dev": {"eval_loss": 0.6764600872993469}}, "step": 1}
Step:1	{"metric": {"dev": {"eval_F1_score": 0.04641052750738562}}, "step": 1}
Step:1	{"metric": {"dev": {"eval_F1_score_detect": 0.052167782824034586}}, "step": 1}
Step:1	{"metric": {"dev": {"eval_Precision_detect": 0.039820627802690224}}, "step": 1}
Step:1	{"metric": {"dev": {"eval_Recall_detect": 0.07561307901907229}}, "step": 1}
Step:1	{"metric": {"dev": {"eval_F1_score_correct": 0.023381506240789725}}, "step": 1}
Step:1	{"metric": {"dev": {"eval_Precision_correct": 0.017847533632286836}}, "step": 1}
Step:1	{"metric": {"dev": {"eval_Recall_correct": 0.03388964577656618}}, "step": 1}
Step:1	{"metric": {"dev": {"eval_Metric_time": 33.080029010772705}}, "step": 1}
Step:1	{"metric": {"dev": {"eval_runtime": 215.6458}}, "step": 1}
Step:1	{"metric": {"dev": {"eval_samples_per_second": 4.637}}, "step": 1}
Step:1	{"metric": {"dev": {"eval_steps_per_second": 0.037}}, "step": 1}
Step:1	{"metric": {"dev": {"epoch": 1.09}}, "step": 1}
Step:1	{"metric": {"dev": {"eval_loss": 0.5731291174888611}}, "step": 1}
Step:1	{"metric": {"dev": {"eval_F1_score": 0.053781030228178886}}, "step": 1}
Step:1	{"metric": {"dev": {"eval_F1_score_detect": 0.05969292576555862}}, "step": 1}
Step:1	{"metric": {"dev": {"eval_Precision_detect": 0.05157451029010598}}, "step": 1}
Step:1	{"metric": {"dev": {"eval_Recall_detect": 0.07084468664850016}}, "step": 1}
Step:1	{"metric": {"dev": {"eval_F1_score_correct": 0.03013344807865992}}, "step": 1}
Step:1	{"metric": {"dev": {"eval_Precision_correct": 0.026035209521447732}}, "step": 1}
Step:1	{"metric": {"dev": {"eval_Recall_correct": 0.03576294277929094}}, "step": 1}
Step:1	{"metric": {"dev": {"eval_Metric_time": 36.44292950630188}}, "step": 1}
Step:1	{"metric": {"dev": {"eval_runtime": 204.9713}}, "step": 1}
Step:1	{"metric": {"dev": {"eval_samples_per_second": 4.879}}, "step": 1}
Step:1	{"metric": {"dev": {"eval_steps_per_second": 0.039}}, "step": 1}
Step:1	{"metric": {"dev": {"epoch": 1.46}}, "step": 1}
Step:1	{"metric": {"dev": {"eval_loss": 0.5158947706222534}}, "step": 1}
Step:1	{"metric": {"dev": {"eval_F1_score": 0.07128877089048719}}, "step": 1}
Step:1	{"metric": {"dev": {"eval_F1_score_detect": 0.07862000326733232}}, "step": 1}
Step:1	{"metric": {"dev": {"eval_Precision_detect": 0.07662463627545948}}, "step": 1}
Step:1	{"metric": {"dev": {"eval_Recall_detect": 0.08072207084468527}}, "step": 1}
Step:1	{"metric": {"dev": {"eval_F1_score_correct": 0.04196384138310669}}, "step": 1}
Step:1	{"metric": {"dev": {"eval_Precision_correct": 0.04089880375040348}}, "step": 1}
Step:1	{"metric": {"dev": {"eval_Recall_correct": 0.04308583106266957}}, "step": 1}
Step:1	{"metric": {"dev": {"eval_Metric_time": 39.61529183387756}}, "step": 1}
Step:1	{"metric": {"dev": {"eval_runtime": 222.0005}}, "step": 1}
Step:1	{"metric": {"dev": {"eval_samples_per_second": 4.504}}, "step": 1}
Step:1	{"metric": {"dev": {"eval_steps_per_second": 0.036}}, "step": 1}
Step:1	{"metric": {"dev": {"epoch": 1.82}}, "step": 1}
Step:2	{"metric": {"dev": {"eval_loss": 0.4776670038700104}}, "step": 2}
Step:2	{"metric": {"dev": {"eval_F1_score": 0.07726210345586118}}, "step": 2}
Step:2	{"metric": {"dev": {"eval_F1_score_detect": 0.08414023367288945}}, "step": 2}
Step:2	{"metric": {"dev": {"eval_Precision_detect": 0.08251473477406544}}, "step": 2}
Step:2	{"metric": {"dev": {"eval_Recall_detect": 0.08583106267029826}}, "step": 2}
Step:2	{"metric": {"dev": {"eval_F1_score_correct": 0.04974958258774812}}, "step": 2}
Step:2	{"metric": {"dev": {"eval_Precision_correct": 0.04878847413228473}}, "step": 2}
Step:2	{"metric": {"dev": {"eval_Recall_correct": 0.05074931880108905}}, "step": 2}
Step:2	{"metric": {"dev": {"eval_Metric_time": 37.525617361068726}}, "step": 2}
Step:2	{"metric": {"dev": {"eval_runtime": 231.9301}}, "step": 2}
Step:2	{"metric": {"dev": {"eval_samples_per_second": 4.312}}, "step": 2}
Step:2	{"metric": {"dev": {"eval_steps_per_second": 0.034}}, "step": 2}
Step:2	{"metric": {"dev": {"epoch": 2.19}}, "step": 2}
Step:2	{"metric": {"dev": {"eval_loss": 0.44592878222465515}}, "step": 2}
Step:2	{"metric": {"dev": {"eval_F1_score": 0.08317237837919335}}, "step": 2}
Step:2	{"metric": {"dev": {"eval_F1_score_detect": 0.09059054776642507}}, "step": 2}
Step:2	{"metric": {"dev": {"eval_Precision_detect": 0.09092468691027464}}, "step": 2}
Step:2	{"metric": {"dev": {"eval_Recall_detect": 0.09025885558582952}}, "step": 2}
Step:2	{"metric": {"dev": {"eval_F1_score_correct": 0.05349970083026641}}, "step": 2}
Step:2	{"metric": {"dev": {"eval_Precision_correct": 0.05369703208097352}}, "step": 2}
Step:2	{"metric": {"dev": {"eval_Recall_correct": 0.05330381471389555}}, "step": 2}
Step:2	{"metric": {"dev": {"eval_Metric_time": 38.0187873840332}}, "step": 2}
Step:2	{"metric": {"dev": {"eval_runtime": 228.5498}}, "step": 2}
Step:2	{"metric": {"dev": {"eval_samples_per_second": 4.375}}, "step": 2}
Step:2	{"metric": {"dev": {"eval_steps_per_second": 0.035}}, "step": 2}
Step:2	{"metric": {"dev": {"epoch": 2.55}}, "step": 2}
Step:2	{"metric": {"dev": {"eval_loss": 0.43272891640663147}}, "step": 2}
Step:2	{"metric": {"dev": {"eval_F1_score": 0.08959365703639123}}, "step": 2}
Step:2	{"metric": {"dev": {"eval_F1_score_detect": 0.0964050814890445}}, "step": 2}
Step:2	{"metric": {"dev": {"eval_Precision_detect": 0.10235316625215032}}, "step": 2}
Step:2	{"metric": {"dev": {"eval_Recall_detect": 0.0911103542234317}}, "step": 2}
Step:2	{"metric": {"dev": {"eval_F1_score_correct": 0.06234795922577814}}, "step": 2}
Step:2	{"metric": {"dev": {"eval_Precision_correct": 0.06619475798737198}}, "step": 2}
Step:2	{"metric": {"dev": {"eval_Recall_correct": 0.05892370572206984}}, "step": 2}
Step:2	{"metric": {"dev": {"eval_Metric_time": 37.83478379249573}}, "step": 2}
Step:2	{"metric": {"dev": {"eval_runtime": 235.0114}}, "step": 2}
Step:2	{"metric": {"dev": {"eval_samples_per_second": 4.255}}, "step": 2}
Step:2	{"metric": {"dev": {"eval_steps_per_second": 0.034}}, "step": 2}
Step:2	{"metric": {"dev": {"epoch": 2.91}}, "step": 2}
Step:3	{"metric": {"dev": {"eval_loss": 0.4202357828617096}}, "step": 3}
Step:3	{"metric": {"dev": {"eval_F1_score": 0.09245283013889084}}, "step": 3}
Step:3	{"metric": {"dev": {"eval_F1_score_detect": 0.09960087077749738}}, "step": 3}
Step:3	{"metric": {"dev": {"eval_Precision_detect": 0.10656055900620912}}, "step": 3}
Step:3	{"metric": {"dev": {"eval_Recall_detect": 0.09349455040871775}}, "step": 3}
Step:3	{"metric": {"dev": {"eval_F1_score_correct": 0.06386066758446465}}, "step": 3}
Step:3	{"metric": {"dev": {"eval_Precision_correct": 0.0683229813664583}}, "step": 3}
Step:3	{"metric": {"dev": {"eval_Recall_correct": 0.05994550408719244}}, "step": 3}
Step:3	{"metric": {"dev": {"eval_Metric_time": 39.96820783615112}}, "step": 3}
Step:3	{"metric": {"dev": {"eval_runtime": 224.7899}}, "step": 3}
Step:3	{"metric": {"dev": {"eval_samples_per_second": 4.449}}, "step": 3}
Step:3	{"metric": {"dev": {"eval_steps_per_second": 0.036}}, "step": 3}
Step:3	{"metric": {"dev": {"epoch": 3.28}}, "step": 3}
Step:3	{"metric": {"dev": {"eval_loss": 0.40528252720832825}}, "step": 3}
Step:3	{"metric": {"dev": {"eval_F1_score": 0.09835601904146168}}, "step": 3}
Step:3	{"metric": {"dev": {"eval_F1_score_detect": 0.10588651223573413}}, "step": 3}
Step:3	{"metric": {"dev": {"eval_Precision_detect": 0.11006982726938423}}, "step": 3}
Step:3	{"metric": {"dev": {"eval_Recall_detect": 0.10200953678473941}}, "step": 3}
Step:3	{"metric": {"dev": {"eval_F1_score_correct": 0.06823404626437186}}, "step": 3}
Step:3	{"metric": {"dev": {"eval_Precision_correct": 0.0709298052186683}}, "step": 3}
Step:3	{"metric": {"dev": {"eval_Recall_correct": 0.06573569482288716}}, "step": 3}
Step:3	{"metric": {"dev": {"eval_Metric_time": 37.272197246551514}}, "step": 3}
Step:3	{"metric": {"dev": {"eval_runtime": 219.8376}}, "step": 3}
Step:3	{"metric": {"dev": {"eval_samples_per_second": 4.549}}, "step": 3}
Step:3	{"metric": {"dev": {"eval_steps_per_second": 0.036}}, "step": 3}
Step:3	{"metric": {"dev": {"epoch": 3.64}}, "step": 3}
Step:4	{"metric": {"dev": {"eval_loss": 0.3940907120704651}}, "step": 4}
Step:4	{"metric": {"dev": {"eval_F1_score": 0.0992386922922733}}, "step": 4}
Step:4	{"metric": {"dev": {"eval_F1_score_detect": 0.10658307205044602}}, "step": 4}
Step:4	{"metric": {"dev": {"eval_Precision_detect": 0.1124126204420912}}, "step": 4}
Step:4	{"metric": {"dev": {"eval_Recall_detect": 0.10132833787465767}}, "step": 4}
Step:4	{"metric": {"dev": {"eval_F1_score_correct": 0.06986117325958238}}, "step": 4}
Step:4	{"metric": {"dev": {"eval_Precision_correct": 0.07368222180237911}}, "step": 4}
Step:4	{"metric": {"dev": {"eval_Recall_correct": 0.0664168937329689}}, "step": 4}
Step:4	{"metric": {"dev": {"eval_Metric_time": 37.070470571517944}}, "step": 4}
Step:4	{"metric": {"dev": {"eval_runtime": 226.989}}, "step": 4}
Step:4	{"metric": {"dev": {"eval_samples_per_second": 4.405}}, "step": 4}
Step:4	{"metric": {"dev": {"eval_steps_per_second": 0.035}}, "step": 4}
Step:4	{"metric": {"dev": {"epoch": 4.01}}, "step": 4}
Step:4	{"metric": {"dev": {"eval_loss": 0.3922301232814789}}, "step": 4}
Step:4	{"metric": {"dev": {"eval_F1_score": 0.10513318040516897}}, "step": 4}
Step:4	{"metric": {"dev": {"eval_F1_score_detect": 0.11254189446408576}}, "step": 4}
Step:4	{"metric": {"dev": {"eval_Precision_detect": 0.11672155140870624}}, "step": 4}
Step:4	{"metric": {"dev": {"eval_Recall_detect": 0.1086512261580363}}, "step": 4}
Step:4	{"metric": {"dev": {"eval_F1_score_correct": 0.07549832416950183}}, "step": 4}
Step:4	{"metric": {"dev": {"eval_Precision_correct": 0.07830223197950827}}, "step": 4}
Step:4	{"metric": {"dev": {"eval_Recall_correct": 0.07288828337874535}}, "step": 4}
Step:4	{"metric": {"dev": {"eval_Metric_time": 37.728569746017456}}, "step": 4}
Step:4	{"metric": {"dev": {"eval_runtime": 221.4709}}, "step": 4}
Step:4	{"metric": {"dev": {"eval_samples_per_second": 4.515}}, "step": 4}
Step:4	{"metric": {"dev": {"eval_steps_per_second": 0.036}}, "step": 4}
Step:4	{"metric": {"dev": {"epoch": 4.37}}, "step": 4}
Step:4	{"metric": {"dev": {"eval_loss": 0.37913408875465393}}, "step": 4}
Step:4	{"metric": {"dev": {"eval_F1_score": 0.1139783138106435}}, "step": 4}
Step:4	{"metric": {"dev": {"eval_F1_score_detect": 0.12204757496891855}}, "step": 4}
Step:4	{"metric": {"dev": {"eval_Precision_detect": 0.12049792531120132}}, "step": 4}
Step:4	{"metric": {"dev": {"eval_Recall_detect": 0.12363760217983441}}, "step": 4}
Step:4	{"metric": {"dev": {"eval_F1_score_correct": 0.08170126917754325}}, "step": 4}
Step:4	{"metric": {"dev": {"eval_Precision_correct": 0.08066390041493642}}, "step": 4}
Step:4	{"metric": {"dev": {"eval_Recall_correct": 0.08276566757493047}}, "step": 4}
Step:4	{"metric": {"dev": {"eval_Metric_time": 37.56757974624634}}, "step": 4}
Step:4	{"metric": {"dev": {"eval_runtime": 224.1348}}, "step": 4}
Step:4	{"metric": {"dev": {"eval_samples_per_second": 4.462}}, "step": 4}
Step:4	{"metric": {"dev": {"eval_steps_per_second": 0.036}}, "step": 4}
Step:4	{"metric": {"dev": {"epoch": 4.74}}, "step": 4}
Step:5	{"metric": {"dev": {"eval_loss": 0.38101160526275635}}, "step": 5}
Step:5	{"metric": {"dev": {"eval_F1_score": 0.11282862915958257}}, "step": 5}
Step:5	{"metric": {"dev": {"eval_F1_score_detect": 0.12098830558620688}}, "step": 5}
Step:5	{"metric": {"dev": {"eval_Precision_detect": 0.12506816942373886}}, "step": 5}
Step:5	{"metric": {"dev": {"eval_Recall_detect": 0.11716621253405794}}, "step": 5}
Step:5	{"metric": {"dev": {"eval_F1_score_correct": 0.08018992345308529}}, "step": 5}
Step:5	{"metric": {"dev": {"eval_Precision_correct": 0.08289401926922227}}, "step": 5}
Step:5	{"metric": {"dev": {"eval_Recall_correct": 0.07765667574931748}}, "step": 5}
Step:5	{"metric": {"dev": {"eval_Metric_time": 36.84088635444641}}, "step": 5}
Step:5	{"metric": {"dev": {"eval_runtime": 248.3929}}, "step": 5}
Step:5	{"metric": {"dev": {"eval_samples_per_second": 4.026}}, "step": 5}
Step:5	{"metric": {"dev": {"eval_steps_per_second": 0.032}}, "step": 5}
Step:5	{"metric": {"dev": {"epoch": 5.1}}, "step": 5}
Step:5	{"metric": {"dev": {"eval_loss": 0.37882575392723083}}, "step": 5}
Step:5	{"metric": {"dev": {"eval_F1_score": 0.10854619442572455}}, "step": 5}
Step:5	{"metric": {"dev": {"eval_F1_score_detect": 0.11620053679302894}}, "step": 5}
Step:5	{"metric": {"dev": {"eval_Precision_detect": 0.11819623040337998}}, "step": 5}
Step:5	{"metric": {"dev": {"eval_Recall_detect": 0.11427111716621059}}, "step": 5}
Step:5	{"metric": {"dev": {"eval_F1_score_correct": 0.07792882495650698}}, "step": 5}
Step:5	{"metric": {"dev": {"eval_Precision_correct": 0.07926721860137256}}, "step": 5}
Step:5	{"metric": {"dev": {"eval_Recall_correct": 0.07663487738419487}}, "step": 5}
Step:5	{"metric": {"dev": {"eval_Metric_time": 36.9357385635376}}, "step": 5}
Step:5	{"metric": {"dev": {"eval_runtime": 222.6272}}, "step": 5}
Step:5	{"metric": {"dev": {"eval_samples_per_second": 4.492}}, "step": 5}
Step:5	{"metric": {"dev": {"eval_steps_per_second": 0.036}}, "step": 5}
Step:5	{"metric": {"dev": {"epoch": 5.46}}, "step": 5}
Step:5	{"metric": {"dev": {"eval_loss": 0.36893194913864136}}, "step": 5}
Step:5	{"metric": {"dev": {"eval_F1_score": 0.11190020785023334}}, "step": 5}
Step:5	{"metric": {"dev": {"eval_F1_score_detect": 0.11925155920158458}}, "step": 5}
Step:5	{"metric": {"dev": {"eval_Precision_detect": 0.11652852267186549}}, "step": 5}
Step:5	{"metric": {"dev": {"eval_Recall_detect": 0.12210490463215051}}, "step": 5}
Step:5	{"metric": {"dev": {"eval_F1_score_correct": 0.0824948024448284}}, "step": 5}
Step:5	{"metric": {"dev": {"eval_Precision_correct": 0.080611084024052}}, "step": 5}
Step:5	{"metric": {"dev": {"eval_Recall_correct": 0.0844686648501348}}, "step": 5}
Step:5	{"metric": {"dev": {"eval_Metric_time": 36.92341589927673}}, "step": 5}
Step:5	{"metric": {"dev": {"eval_runtime": 220.9108}}, "step": 5}
Step:5	{"metric": {"dev": {"eval_samples_per_second": 4.527}}, "step": 5}
Step:5	{"metric": {"dev": {"eval_steps_per_second": 0.036}}, "step": 5}
Step:5	{"metric": {"dev": {"epoch": 5.83}}, "step": 5}
Step:6	{"metric": {"dev": {"eval_loss": 0.3700142800807953}}, "step": 6}
Step:6	{"metric": {"dev": {"eval_F1_score": 0.11352905300342653}}, "step": 6}
Step:6	{"metric": {"dev": {"eval_F1_score_detect": 0.12074222488250994}}, "step": 6}
Step:6	{"metric": {"dev": {"eval_Precision_detect": 0.12359550561797532}}, "step": 6}
Step:6	{"metric": {"dev": {"eval_Recall_detect": 0.11801771117166011}}, "step": 6}
Step:6	{"metric": {"dev": {"eval_F1_score_correct": 0.08467636548709286}}, "step": 6}
Step:6	{"metric": {"dev": {"eval_Precision_correct": 0.08667736757624243}}, "step": 6}
Step:6	{"metric": {"dev": {"eval_Recall_correct": 0.08276566757493047}}, "step": 6}
Step:6	{"metric": {"dev": {"eval_Metric_time": 37.10929870605469}}, "step": 6}
Step:6	{"metric": {"dev": {"eval_runtime": 222.6616}}, "step": 6}
Step:6	{"metric": {"dev": {"eval_samples_per_second": 4.491}}, "step": 6}
Step:6	{"metric": {"dev": {"eval_steps_per_second": 0.036}}, "step": 6}
Step:6	{"metric": {"dev": {"epoch": 6.19}}, "step": 6}
Step:6	{"metric": {"dev": {"eval_loss": 0.3634029030799866}}, "step": 6}
Step:6	{"metric": {"dev": {"eval_F1_score": 0.11378690624011488}}, "step": 6}
Step:6	{"metric": {"dev": {"eval_F1_score_detect": 0.12118100123369625}}, "step": 6}
Step:6	{"metric": {"dev": {"eval_Precision_detect": 0.12179597453982244}}, "step": 6}
Step:6	{"metric": {"dev": {"eval_Recall_detect": 0.12057220708446661}}, "step": 6}
Step:6	{"metric": {"dev": {"eval_F1_score_correct": 0.0842105262657893}}, "step": 6}
Step:6	{"metric": {"dev": {"eval_Precision_correct": 0.08463788061241898}}, "step": 6}
Step:6	{"metric": {"dev": {"eval_Recall_correct": 0.08378746594005307}}, "step": 6}
Step:6	{"metric": {"dev": {"eval_Metric_time": 36.955408811569214}}, "step": 6}
Step:6	{"metric": {"dev": {"eval_runtime": 218.4618}}, "step": 6}
Step:6	{"metric": {"dev": {"eval_samples_per_second": 4.577}}, "step": 6}
Step:6	{"metric": {"dev": {"eval_steps_per_second": 0.037}}, "step": 6}
Step:6	{"metric": {"dev": {"epoch": 6.56}}, "step": 6}
Step:6	{"metric": {"dev": {"eval_loss": 0.36037856340408325}}, "step": 6}
Step:6	{"metric": {"dev": {"eval_F1_score": 0.11487796718505344}}, "step": 6}
Step:6	{"metric": {"dev": {"eval_F1_score_detect": 0.12169842856920578}}, "step": 6}
Step:6	{"metric": {"dev": {"eval_Precision_detect": 0.11950098489822522}}, "step": 6}
Step:6	{"metric": {"dev": {"eval_Recall_detect": 0.12397820163487527}}, "step": 6}
Step:6	{"metric": {"dev": {"eval_F1_score_correct": 0.08759612164844405}}, "step": 6}
Step:6	{"metric": {"dev": {"eval_Precision_correct": 0.08601444517399727}}, "step": 6}
Step:6	{"metric": {"dev": {"eval_Recall_correct": 0.08923705722070692}}, "step": 6}
Step:6	{"metric": {"dev": {"eval_Metric_time": 37.040170431137085}}, "step": 6}
Step:6	{"metric": {"dev": {"eval_runtime": 217.5182}}, "step": 6}
Step:6	{"metric": {"dev": {"eval_samples_per_second": 4.597}}, "step": 6}
Step:6	{"metric": {"dev": {"eval_steps_per_second": 0.037}}, "step": 6}
Step:6	{"metric": {"dev": {"epoch": 6.92}}, "step": 6}
Step:7	{"metric": {"dev": {"eval_loss": 0.3599235713481903}}, "step": 7}
Step:7	{"metric": {"dev": {"eval_F1_score": 0.11985946121820815}}, "step": 7}
Step:7	{"metric": {"dev": {"eval_F1_score_detect": 0.12698678261690302}}, "step": 7}
Step:7	{"metric": {"dev": {"eval_Precision_detect": 0.12479447550147772}}, "step": 7}
Step:7	{"metric": {"dev": {"eval_Recall_detect": 0.1292574931880087}}, "step": 7}
Step:7	{"metric": {"dev": {"eval_F1_score_correct": 0.09135017562342865}}, "step": 7}
Step:7	{"metric": {"dev": {"eval_Precision_correct": 0.0897731009536322}}, "step": 7}
Step:7	{"metric": {"dev": {"eval_Recall_correct": 0.09298365122615646}}, "step": 7}
Step:7	{"metric": {"dev": {"eval_Metric_time": 36.87454128265381}}, "step": 7}
Step:7	{"metric": {"dev": {"eval_runtime": 220.656}}, "step": 7}
Step:7	{"metric": {"dev": {"eval_samples_per_second": 4.532}}, "step": 7}
Step:7	{"metric": {"dev": {"eval_steps_per_second": 0.036}}, "step": 7}
Step:7	{"metric": {"dev": {"epoch": 7.29}}, "step": 7}
Step:7	{"metric": {"dev": {"eval_loss": 0.36122000217437744}}, "step": 7}
Step:7	{"metric": {"dev": {"eval_F1_score": 0.11882160387806083}}, "step": 7}
Step:7	{"metric": {"dev": {"eval_F1_score_detect": 0.12635024544925547}}, "step": 7}
Step:7	{"metric": {"dev": {"eval_Precision_detect": 0.12161310649023123}}, "step": 7}
Step:7	{"metric": {"dev": {"eval_Recall_detect": 0.13147138964577432}}, "step": 7}
Step:7	{"metric": {"dev": {"eval_F1_score_correct": 0.08870703759328226}}, "step": 7}
Step:7	{"metric": {"dev": {"eval_Precision_correct": 0.08538122243226079}}, "step": 7}
Step:7	{"metric": {"dev": {"eval_Recall_correct": 0.09230245231607472}}, "step": 7}
Step:7	{"metric": {"dev": {"eval_Metric_time": 37.02760338783264}}, "step": 7}
Step:7	{"metric": {"dev": {"eval_runtime": 242.0474}}, "step": 7}
Step:7	{"metric": {"dev": {"eval_samples_per_second": 4.131}}, "step": 7}
Step:7	{"metric": {"dev": {"eval_steps_per_second": 0.033}}, "step": 7}
Step:7	{"metric": {"dev": {"epoch": 7.65}}, "step": 7}
Step:8	{"metric": {"dev": {"eval_loss": 0.3584041893482208}}, "step": 8}
Step:8	{"metric": {"dev": {"eval_F1_score": 0.12463935367191839}}, "step": 8}
Step:8	{"metric": {"dev": {"eval_F1_score_detect": 0.1328826971720419}}, "step": 8}
Step:8	{"metric": {"dev": {"eval_Precision_detect": 0.12877456462693515}}, "step": 8}
Step:8	{"metric": {"dev": {"eval_Recall_detect": 0.13726158038146904}}, "step": 8}
Step:8	{"metric": {"dev": {"eval_F1_score_correct": 0.09166597967142437}}, "step": 8}
Step:8	{"metric": {"dev": {"eval_Precision_correct": 0.08883208180220341}}, "step": 8}
Step:8	{"metric": {"dev": {"eval_Recall_correct": 0.09468664850136078}}, "step": 8}
Step:8	{"metric": {"dev": {"eval_Metric_time": 36.92773175239563}}, "step": 8}
Step:8	{"metric": {"dev": {"eval_runtime": 248.2567}}, "step": 8}
Step:8	{"metric": {"dev": {"eval_samples_per_second": 4.028}}, "step": 8}
Step:8	{"metric": {"dev": {"eval_steps_per_second": 0.032}}, "step": 8}
Step:8	{"metric": {"dev": {"epoch": 8.01}}, "step": 8}
Step:8	{"metric": {"dev": {"eval_loss": 0.36090052127838135}}, "step": 8}
Step:8	{"metric": {"dev": {"eval_F1_score": 0.1170137459373777}}, "step": 8}
Step:8	{"metric": {"dev": {"eval_F1_score_detect": 0.12429006497598158}}, "step": 8}
Step:8	{"metric": {"dev": {"eval_Precision_detect": 0.12028038872072455}}, "step": 8}
Step:8	{"metric": {"dev": {"eval_Recall_detect": 0.12857629427792697}}, "step": 8}
Step:8	{"metric": {"dev": {"eval_F1_score_correct": 0.08790846978296218}}, "step": 8}
Step:8	{"metric": {"dev": {"eval_Precision_correct": 0.08507248685677736}}, "step": 8}
Step:8	{"metric": {"dev": {"eval_Recall_correct": 0.09094005449591126}}, "step": 8}
Step:8	{"metric": {"dev": {"eval_Metric_time": 37.02942943572998}}, "step": 8}
Step:8	{"metric": {"dev": {"eval_runtime": 244.1336}}, "step": 8}
Step:8	{"metric": {"dev": {"eval_samples_per_second": 4.096}}, "step": 8}
Step:8	{"metric": {"dev": {"eval_steps_per_second": 0.033}}, "step": 8}
Step:8	{"metric": {"dev": {"epoch": 8.38}}, "step": 8}
Step:8	{"metric": {"dev": {"eval_loss": 0.36039257049560547}}, "step": 8}
Step:8	{"metric": {"dev": {"eval_F1_score": 0.11490787264682897}}, "step": 8}
Step:8	{"metric": {"dev": {"eval_F1_score_detect": 0.12194304852622584}}, "step": 8}
Step:8	{"metric": {"dev": {"eval_Precision_detect": 0.11997363216875215}}, "step": 8}
Step:8	{"metric": {"dev": {"eval_Recall_detect": 0.12397820163487527}}, "step": 8}
Step:8	{"metric": {"dev": {"eval_F1_score_correct": 0.0867671691292415}}, "step": 8}
Step:8	{"metric": {"dev": {"eval_Precision_correct": 0.08536585365853518}}, "step": 8}
Step:8	{"metric": {"dev": {"eval_Recall_correct": 0.08821525885558433}}, "step": 8}
Step:8	{"metric": {"dev": {"eval_Metric_time": 37.074214935302734}}, "step": 8}
Step:8	{"metric": {"dev": {"eval_runtime": 246.8016}}, "step": 8}
Step:8	{"metric": {"dev": {"eval_samples_per_second": 4.052}}, "step": 8}
Step:8	{"metric": {"dev": {"eval_steps_per_second": 0.032}}, "step": 8}
Step:8	{"metric": {"dev": {"epoch": 8.74}}, "step": 8}
Step:9	{"metric": {"dev": {"eval_loss": 0.3600868582725525}}, "step": 9}
Step:9	{"metric": {"dev": {"eval_F1_score": 0.11693989066041882}}, "step": 9}
Step:9	{"metric": {"dev": {"eval_F1_score_detect": 0.12402715676407824}}, "step": 9}
Step:9	{"metric": {"dev": {"eval_Precision_detect": 0.12068965517241184}}, "step": 9}
Step:9	{"metric": {"dev": {"eval_Recall_detect": 0.12755449591280438}}, "step": 9}
Step:9	{"metric": {"dev": {"eval_F1_score_correct": 0.08859082624578109}}, "step": 9}
Step:9	{"metric": {"dev": {"eval_Precision_correct": 0.08620689655172274}}, "step": 9}
Step:9	{"metric": {"dev": {"eval_Recall_correct": 0.0911103542234317}}, "step": 9}
Step:9	{"metric": {"dev": {"eval_Metric_time": 36.87713098526001}}, "step": 9}
Step:9	{"metric": {"dev": {"eval_runtime": 220.7132}}, "step": 9}
Step:9	{"metric": {"dev": {"eval_samples_per_second": 4.531}}, "step": 9}
Step:9	{"metric": {"dev": {"eval_steps_per_second": 0.036}}, "step": 9}
Step:9	{"metric": {"dev": {"epoch": 9.11}}, "step": 9}
Step:9	{"metric": {"dev": {"eval_loss": 0.3598732352256775}}, "step": 9}
Step:9	{"metric": {"dev": {"eval_F1_score": 0.1191257731459237}}, "step": 9}
Step:9	{"metric": {"dev": {"eval_F1_score_detect": 0.12651546386757304}}, "step": 9}
Step:9	{"metric": {"dev": {"eval_Precision_detect": 0.1226611226611207}}, "step": 9}
Step:9	{"metric": {"dev": {"eval_Recall_detect": 0.13061989100817217}}, "step": 9}
Step:9	{"metric": {"dev": {"eval_F1_score_correct": 0.08956701025932626}}, "step": 9}
Step:9	{"metric": {"dev": {"eval_Precision_correct": 0.08683831760754698}}, "step": 9}
Step:9	{"metric": {"dev": {"eval_Recall_correct": 0.09247275204359516}}, "step": 9}
Step:9	{"metric": {"dev": {"eval_Metric_time": 36.85494422912598}}, "step": 9}
Step:9	{"metric": {"dev": {"eval_runtime": 220.1776}}, "step": 9}
Step:9	{"metric": {"dev": {"eval_samples_per_second": 4.542}}, "step": 9}
Step:9	{"metric": {"dev": {"eval_steps_per_second": 0.036}}, "step": 9}
Step:9	{"metric": {"dev": {"epoch": 9.47}}, "step": 9}
Step:9	{"metric": {"dev": {"eval_loss": 0.35963889956474304}}, "step": 9}
Step:9	{"metric": {"dev": {"eval_F1_score": 0.11695291309000484}}, "step": 9}
Step:9	{"metric": {"dev": {"eval_F1_score_detect": 0.12408579171602165}}, "step": 9}
Step:9	{"metric": {"dev": {"eval_Precision_detect": 0.11989836430045864}}, "step": 9}
Step:9	{"metric": {"dev": {"eval_Recall_detect": 0.12857629427792697}}, "step": 9}
Step:9	{"metric": {"dev": {"eval_F1_score_correct": 0.08842139858593757}}, "step": 9}
Step:9	{"metric": {"dev": {"eval_Precision_correct": 0.08543750992535992}}, "step": 9}
Step:9	{"metric": {"dev": {"eval_Recall_correct": 0.09162125340599299}}, "step": 9}
Step:9	{"metric": {"dev": {"eval_Metric_time": 39.582557678222656}}, "step": 9}
Step:9	{"metric": {"dev": {"eval_runtime": 238.4851}}, "step": 9}
Step:9	{"metric": {"dev": {"eval_samples_per_second": 4.193}}, "step": 9}
Step:9	{"metric": {"dev": {"eval_steps_per_second": 0.034}}, "step": 9}
Step:9	{"metric": {"dev": {"epoch": 9.84}}, "step": 9}
