Step:0	{"metric": {"dev": {"eval_loss": 2.345733642578125}}, "step": 0}
Step:0	{"metric": {"dev": {"eval_F1_score": 0.0}}, "step": 0}
Step:0	{"metric": {"dev": {"eval_Precision": 0.0}}, "step": 0}
Step:0	{"metric": {"dev": {"eval_Recall": 0.0}}, "step": 0}
Step:0	{"metric": {"dev": {"eval_Metric_time": 0.0665585994720459}}, "step": 0}
Step:0	{"metric": {"dev": {"eval_runtime": 1.9815}}, "step": 0}
Step:0	{"metric": {"dev": {"eval_samples_per_second": 555.14}}, "step": 0}
Step:0	{"metric": {"dev": {"eval_steps_per_second": 9.084}}, "step": 0}
Step:0	{"metric": {"dev": {"epoch": 0.23}}, "step": 0}
Step:0	{"metric": {"dev": {"eval_loss": 2.2564706802368164}}, "step": 0}
Step:0	{"metric": {"dev": {"eval_F1_score": 0.21325648411574674}}, "step": 0}
Step:0	{"metric": {"dev": {"eval_Precision": 0.4900662251652384}}, "step": 0}
Step:0	{"metric": {"dev": {"eval_Recall": 0.13627992633514985}}, "step": 0}
Step:0	{"metric": {"dev": {"eval_Metric_time": 0.06547951698303223}}, "step": 0}
Step:0	{"metric": {"dev": {"eval_runtime": 1.9387}}, "step": 0}
Step:0	{"metric": {"dev": {"eval_samples_per_second": 567.395}}, "step": 0}
Step:0	{"metric": {"dev": {"eval_steps_per_second": 9.285}}, "step": 0}
Step:0	{"metric": {"dev": {"epoch": 0.45}}, "step": 0}
Step:0	{"metric": {"dev": {"eval_loss": 2.2029755115509033}}, "step": 0}
Step:0	{"metric": {"dev": {"eval_F1_score": 0.4964028776522876}}, "step": 0}
Step:0	{"metric": {"dev": {"eval_Precision": 0.7113402061853226}}, "step": 0}
Step:0	{"metric": {"dev": {"eval_Recall": 0.3812154696131894}}, "step": 0}
Step:0	{"metric": {"dev": {"eval_Metric_time": 0.06679773330688477}}, "step": 0}
Step:0	{"metric": {"dev": {"eval_runtime": 1.9324}}, "step": 0}
Step:0	{"metric": {"dev": {"eval_samples_per_second": 569.247}}, "step": 0}
Step:0	{"metric": {"dev": {"eval_steps_per_second": 9.315}}, "step": 0}
Step:0	{"metric": {"dev": {"epoch": 0.68}}, "step": 0}
Step:0	{"metric": {"dev": {"eval_loss": 2.1739065647125244}}, "step": 0}
Step:0	{"metric": {"dev": {"eval_F1_score": 0.6035242290266783}}, "step": 0}
Step:0	{"metric": {"dev": {"eval_Precision": 0.7506849315066437}}, "step": 0}
Step:0	{"metric": {"dev": {"eval_Recall": 0.5046040515652845}}, "step": 0}
Step:0	{"metric": {"dev": {"eval_Metric_time": 0.06789803504943848}}, "step": 0}
Step:0	{"metric": {"dev": {"eval_runtime": 1.9372}}, "step": 0}
Step:0	{"metric": {"dev": {"eval_samples_per_second": 567.836}}, "step": 0}
Step:0	{"metric": {"dev": {"eval_steps_per_second": 9.292}}, "step": 0}
Step:0	{"metric": {"dev": {"epoch": 0.9}}, "step": 0}
Step:1	{"metric": {"dev": {"eval_loss": 2.158445119857788}}, "step": 1}
Step:1	{"metric": {"dev": {"eval_F1_score": 0.6596417280857818}}, "step": 1}
Step:1	{"metric": {"dev": {"eval_Precision": 0.7709359605909432}}, "step": 1}
Step:1	{"metric": {"dev": {"eval_Recall": 0.5764272559851609}}, "step": 1}
Step:1	{"metric": {"dev": {"eval_Metric_time": 0.06931638717651367}}, "step": 1}
Step:1	{"metric": {"dev": {"eval_runtime": 1.9462}}, "step": 1}
Step:1	{"metric": {"dev": {"eval_samples_per_second": 565.192}}, "step": 1}
Step:1	{"metric": {"dev": {"eval_steps_per_second": 9.249}}, "step": 1}
Step:1	{"metric": {"dev": {"epoch": 1.13}}, "step": 1}
Step:1	{"metric": {"dev": {"eval_loss": 2.1510508060455322}}, "step": 1}
Step:1	{"metric": {"dev": {"eval_F1_score": 0.6740665993448742}}, "step": 1}
Step:1	{"metric": {"dev": {"eval_Precision": 0.7455357142855479}}, "step": 1}
Step:1	{"metric": {"dev": {"eval_Recall": 0.6151012891343249}}, "step": 1}
Step:1	{"metric": {"dev": {"eval_Metric_time": 0.07750439643859863}}, "step": 1}
Step:1	{"metric": {"dev": {"eval_runtime": 1.9468}}, "step": 1}
Step:1	{"metric": {"dev": {"eval_samples_per_second": 565.02}}, "step": 1}
Step:1	{"metric": {"dev": {"eval_steps_per_second": 9.246}}, "step": 1}
Step:1	{"metric": {"dev": {"epoch": 1.35}}, "step": 1}
Step:1	{"metric": {"dev": {"eval_loss": 2.149291753768921}}, "step": 1}
Step:1	{"metric": {"dev": {"eval_F1_score": 0.6760280842030211}}, "step": 1}
Step:1	{"metric": {"dev": {"eval_Precision": 0.742290748898515}}, "step": 1}
Step:1	{"metric": {"dev": {"eval_Recall": 0.620626151012777}}, "step": 1}
Step:1	{"metric": {"dev": {"eval_Metric_time": 0.06859016418457031}}, "step": 1}
Step:1	{"metric": {"dev": {"eval_runtime": 1.9335}}, "step": 1}
Step:1	{"metric": {"dev": {"eval_samples_per_second": 568.904}}, "step": 1}
Step:1	{"metric": {"dev": {"eval_steps_per_second": 9.309}}, "step": 1}
Step:1	{"metric": {"dev": {"epoch": 1.58}}, "step": 1}
Step:1	{"metric": {"dev": {"eval_loss": 2.1448843479156494}}, "step": 1}
Step:1	{"metric": {"dev": {"eval_F1_score": 0.7051671732026398}}, "step": 1}
Step:1	{"metric": {"dev": {"eval_Precision": 0.7837837837836072}}, "step": 1}
Step:1	{"metric": {"dev": {"eval_Recall": 0.6408839779004344}}, "step": 1}
Step:1	{"metric": {"dev": {"eval_Metric_time": 0.07008051872253418}}, "step": 1}
Step:1	{"metric": {"dev": {"eval_runtime": 1.9363}}, "step": 1}
Step:1	{"metric": {"dev": {"eval_samples_per_second": 568.081}}, "step": 1}
Step:1	{"metric": {"dev": {"eval_steps_per_second": 9.296}}, "step": 1}
Step:1	{"metric": {"dev": {"epoch": 1.8}}, "step": 1}
Step:2	{"metric": {"dev": {"eval_loss": 2.1489150524139404}}, "step": 2}
Step:2	{"metric": {"dev": {"eval_F1_score": 0.6987487968700833}}, "step": 2}
Step:2	{"metric": {"dev": {"eval_Precision": 0.7318548387095298}}, "step": 2}
Step:2	{"metric": {"dev": {"eval_Recall": 0.6685082872926945}}, "step": 2}
Step:2	{"metric": {"dev": {"eval_Metric_time": 0.07080340385437012}}, "step": 2}
Step:2	{"metric": {"dev": {"eval_runtime": 1.9388}}, "step": 2}
Step:2	{"metric": {"dev": {"eval_samples_per_second": 567.348}}, "step": 2}
Step:2	{"metric": {"dev": {"eval_steps_per_second": 9.284}}, "step": 2}
Step:2	{"metric": {"dev": {"epoch": 2.03}}, "step": 2}
Step:2	{"metric": {"dev": {"eval_loss": 2.1647403240203857}}, "step": 2}
Step:2	{"metric": {"dev": {"eval_F1_score": 0.703739213756278}}, "step": 2}
Step:2	{"metric": {"dev": {"eval_Precision": 0.7339999999998532}}, "step": 2}
Step:2	{"metric": {"dev": {"eval_Recall": 0.6758747697972972}}, "step": 2}
Step:2	{"metric": {"dev": {"eval_Metric_time": 0.07082700729370117}}, "step": 2}
Step:2	{"metric": {"dev": {"eval_runtime": 1.9458}}, "step": 2}
Step:2	{"metric": {"dev": {"eval_samples_per_second": 565.319}}, "step": 2}
Step:2	{"metric": {"dev": {"eval_steps_per_second": 9.251}}, "step": 2}
Step:2	{"metric": {"dev": {"epoch": 2.25}}, "step": 2}
Step:2	{"metric": {"dev": {"eval_loss": 2.1598474979400635}}, "step": 2}
Step:2	{"metric": {"dev": {"eval_F1_score": 0.7216294858859869}}, "step": 2}
Step:2	{"metric": {"dev": {"eval_Precision": 0.762295081967057}}, "step": 2}
Step:2	{"metric": {"dev": {"eval_Recall": 0.6850828729280506}}, "step": 2}
Step:2	{"metric": {"dev": {"eval_Metric_time": 0.06907367706298828}}, "step": 2}
Step:2	{"metric": {"dev": {"eval_runtime": 1.9936}}, "step": 2}
Step:2	{"metric": {"dev": {"eval_samples_per_second": 551.752}}, "step": 2}
Step:2	{"metric": {"dev": {"eval_steps_per_second": 9.029}}, "step": 2}
Step:2	{"metric": {"dev": {"epoch": 2.48}}, "step": 2}
Step:2	{"metric": {"dev": {"eval_loss": 2.141507625579834}}, "step": 2}
Step:2	{"metric": {"dev": {"eval_F1_score": 0.7306562193428117}}, "step": 2}
Step:2	{"metric": {"dev": {"eval_Precision": 0.7803347280333096}}, "step": 2}
Step:2	{"metric": {"dev": {"eval_Recall": 0.6869244935542013}}, "step": 2}
Step:2	{"metric": {"dev": {"eval_Metric_time": 0.07001972198486328}}, "step": 2}
Step:2	{"metric": {"dev": {"eval_runtime": 1.9365}}, "step": 2}
Step:2	{"metric": {"dev": {"eval_samples_per_second": 568.036}}, "step": 2}
Step:2	{"metric": {"dev": {"eval_steps_per_second": 9.295}}, "step": 2}
Step:2	{"metric": {"dev": {"epoch": 2.7}}, "step": 2}
Step:2	{"metric": {"dev": {"eval_loss": 2.1541261672973633}}, "step": 2}
Step:2	{"metric": {"dev": {"eval_F1_score": 0.7466918714054704}}, "step": 2}
Step:2	{"metric": {"dev": {"eval_Precision": 0.7669902912619869}}, "step": 2}
Step:2	{"metric": {"dev": {"eval_Recall": 0.7274401473295161}}, "step": 2}
Step:2	{"metric": {"dev": {"eval_Metric_time": 0.06941056251525879}}, "step": 2}
Step:2	{"metric": {"dev": {"eval_runtime": 1.9464}}, "step": 2}
Step:2	{"metric": {"dev": {"eval_samples_per_second": 565.132}}, "step": 2}
Step:2	{"metric": {"dev": {"eval_steps_per_second": 9.248}}, "step": 2}
Step:2	{"metric": {"dev": {"epoch": 2.93}}, "step": 2}
Step:3	{"metric": {"dev": {"eval_loss": 2.157545566558838}}, "step": 3}
Step:3	{"metric": {"dev": {"eval_F1_score": 0.7238805969647988}}, "step": 3}
Step:3	{"metric": {"dev": {"eval_Precision": 0.7334593572777441}}, "step": 3}
Step:3	{"metric": {"dev": {"eval_Recall": 0.7145488029464614}}, "step": 3}
Step:3	{"metric": {"dev": {"eval_Metric_time": 0.07138562202453613}}, "step": 3}
Step:3	{"metric": {"dev": {"eval_runtime": 1.9392}}, "step": 3}
Step:3	{"metric": {"dev": {"eval_samples_per_second": 567.236}}, "step": 3}
Step:3	{"metric": {"dev": {"eval_steps_per_second": 9.282}}, "step": 3}
Step:3	{"metric": {"dev": {"epoch": 3.15}}, "step": 3}
Step:3	{"metric": {"dev": {"eval_loss": 2.162139892578125}}, "step": 3}
Step:3	{"metric": {"dev": {"eval_F1_score": 0.7299813779759411}}, "step": 3}
Step:3	{"metric": {"dev": {"eval_Precision": 0.7382297551787687}}, "step": 3}
Step:3	{"metric": {"dev": {"eval_Recall": 0.7219152854510641}}, "step": 3}
Step:3	{"metric": {"dev": {"eval_Metric_time": 0.07175970077514648}}, "step": 3}
Step:3	{"metric": {"dev": {"eval_runtime": 1.9633}}, "step": 3}
Step:3	{"metric": {"dev": {"eval_samples_per_second": 560.281}}, "step": 3}
Step:3	{"metric": {"dev": {"eval_steps_per_second": 9.168}}, "step": 3}
Step:3	{"metric": {"dev": {"epoch": 3.38}}, "step": 3}
Step:3	{"metric": {"dev": {"eval_loss": 2.141664981842041}}, "step": 3}
Step:3	{"metric": {"dev": {"eval_F1_score": 0.726755218166227}}, "step": 3}
Step:3	{"metric": {"dev": {"eval_Precision": 0.7495107632092467}}, "step": 3}
Step:3	{"metric": {"dev": {"eval_Recall": 0.705340699815708}}, "step": 3}
Step:3	{"metric": {"dev": {"eval_Metric_time": 0.07104945182800293}}, "step": 3}
Step:3	{"metric": {"dev": {"eval_runtime": 1.9404}}, "step": 3}
Step:3	{"metric": {"dev": {"eval_samples_per_second": 566.882}}, "step": 3}
Step:3	{"metric": {"dev": {"eval_steps_per_second": 9.276}}, "step": 3}
Step:3	{"metric": {"dev": {"epoch": 3.6}}, "step": 3}
Step:3	{"metric": {"dev": {"eval_loss": 2.1555416584014893}}, "step": 3}
Step:3	{"metric": {"dev": {"eval_F1_score": 0.7438794726429174}}, "step": 3}
Step:3	{"metric": {"dev": {"eval_Precision": 0.761078998073071}}, "step": 3}
Step:3	{"metric": {"dev": {"eval_Recall": 0.7274401473295161}}, "step": 3}
Step:3	{"metric": {"dev": {"eval_Metric_time": 0.07045722007751465}}, "step": 3}
Step:3	{"metric": {"dev": {"eval_runtime": 1.9488}}, "step": 3}
Step:3	{"metric": {"dev": {"eval_samples_per_second": 564.457}}, "step": 3}
Step:3	{"metric": {"dev": {"eval_steps_per_second": 9.237}}, "step": 3}
Step:3	{"metric": {"dev": {"epoch": 3.83}}, "step": 3}
Step:4	{"metric": {"dev": {"eval_loss": 2.156337022781372}}, "step": 4}
Step:4	{"metric": {"dev": {"eval_F1_score": 0.7335834896309306}}, "step": 4}
Step:4	{"metric": {"dev": {"eval_Precision": 0.7476099426384804}}, "step": 4}
Step:4	{"metric": {"dev": {"eval_Recall": 0.7200736648249134}}, "step": 4}
Step:4	{"metric": {"dev": {"eval_Metric_time": 0.07159185409545898}}, "step": 4}
Step:4	{"metric": {"dev": {"eval_runtime": 1.947}}, "step": 4}
Step:4	{"metric": {"dev": {"eval_samples_per_second": 564.968}}, "step": 4}
Step:4	{"metric": {"dev": {"eval_steps_per_second": 9.245}}, "step": 4}
Step:4	{"metric": {"dev": {"epoch": 4.05}}, "step": 4}
Step:4	{"metric": {"dev": {"eval_loss": 2.1585028171539307}}, "step": 4}
Step:4	{"metric": {"dev": {"eval_F1_score": 0.7388414054579809}}, "step": 4}
Step:4	{"metric": {"dev": {"eval_Precision": 0.7627450980390661}}, "step": 4}
Step:4	{"metric": {"dev": {"eval_Recall": 0.7163904235726121}}, "step": 4}
Step:4	{"metric": {"dev": {"eval_Metric_time": 0.07044601440429688}}, "step": 4}
Step:4	{"metric": {"dev": {"eval_runtime": 1.9503}}, "step": 4}
Step:4	{"metric": {"dev": {"eval_samples_per_second": 564.002}}, "step": 4}
Step:4	{"metric": {"dev": {"eval_steps_per_second": 9.229}}, "step": 4}
Step:4	{"metric": {"dev": {"epoch": 4.28}}, "step": 4}
Step:4	{"metric": {"dev": {"eval_loss": 2.1628847122192383}}, "step": 4}
Step:4	{"metric": {"dev": {"eval_F1_score": 0.7433460075544736}}, "step": 4}
Step:4	{"metric": {"dev": {"eval_Precision": 0.7681728880155662}}, "step": 4}
Step:4	{"metric": {"dev": {"eval_Recall": 0.7200736648249134}}, "step": 4}
Step:4	{"metric": {"dev": {"eval_Metric_time": 0.07160544395446777}}, "step": 4}
Step:4	{"metric": {"dev": {"eval_runtime": 1.948}}, "step": 4}
Step:4	{"metric": {"dev": {"eval_samples_per_second": 564.684}}, "step": 4}
Step:4	{"metric": {"dev": {"eval_steps_per_second": 9.24}}, "step": 4}
Step:4	{"metric": {"dev": {"epoch": 4.5}}, "step": 4}
Step:4	{"metric": {"dev": {"eval_loss": 2.155362367630005}}, "step": 4}
Step:4	{"metric": {"dev": {"eval_F1_score": 0.7364485980807146}}, "step": 4}
Step:4	{"metric": {"dev": {"eval_Precision": 0.7476280834913192}}, "step": 4}
Step:4	{"metric": {"dev": {"eval_Recall": 0.7255985267033654}}, "step": 4}
Step:4	{"metric": {"dev": {"eval_Metric_time": 0.0712437629699707}}, "step": 4}
Step:4	{"metric": {"dev": {"eval_runtime": 1.9427}}, "step": 4}
Step:4	{"metric": {"dev": {"eval_samples_per_second": 566.22}}, "step": 4}
Step:4	{"metric": {"dev": {"eval_steps_per_second": 9.265}}, "step": 4}
Step:4	{"metric": {"dev": {"epoch": 4.73}}, "step": 4}
Step:4	{"metric": {"dev": {"eval_loss": 2.1617431640625}}, "step": 4}
Step:4	{"metric": {"dev": {"eval_F1_score": 0.7306967984432965}}, "step": 4}
Step:4	{"metric": {"dev": {"eval_Precision": 0.7475915221578521}}, "step": 4}
Step:4	{"metric": {"dev": {"eval_Recall": 0.7145488029464614}}, "step": 4}
Step:4	{"metric": {"dev": {"eval_Metric_time": 0.07086944580078125}}, "step": 4}
Step:4	{"metric": {"dev": {"eval_runtime": 1.9445}}, "step": 4}
Step:4	{"metric": {"dev": {"eval_samples_per_second": 565.695}}, "step": 4}
Step:4	{"metric": {"dev": {"eval_steps_per_second": 9.257}}, "step": 4}
Step:4	{"metric": {"dev": {"epoch": 4.95}}, "step": 4}
Step:5	{"metric": {"dev": {"eval_loss": 2.1742846965789795}}, "step": 5}
Step:5	{"metric": {"dev": {"eval_F1_score": 0.7450611476450854}}, "step": 5}
Step:5	{"metric": {"dev": {"eval_Precision": 0.7615384615383151}}, "step": 5}
Step:5	{"metric": {"dev": {"eval_Recall": 0.7292817679556668}}, "step": 5}
Step:5	{"metric": {"dev": {"eval_Metric_time": 0.0705564022064209}}, "step": 5}
Step:5	{"metric": {"dev": {"eval_runtime": 1.9383}}, "step": 5}
Step:5	{"metric": {"dev": {"eval_samples_per_second": 567.506}}, "step": 5}
Step:5	{"metric": {"dev": {"eval_steps_per_second": 9.286}}, "step": 5}
Step:5	{"metric": {"dev": {"epoch": 5.18}}, "step": 5}
Step:5	{"metric": {"dev": {"eval_loss": 2.1656060218811035}}, "step": 5}
Step:5	{"metric": {"dev": {"eval_F1_score": 0.7394167450110319}}, "step": 5}
Step:5	{"metric": {"dev": {"eval_Precision": 0.7557692307690853}}, "step": 5}
Step:5	{"metric": {"dev": {"eval_Recall": 0.7237569060772148}}, "step": 5}
Step:5	{"metric": {"dev": {"eval_Metric_time": 0.0766458511352539}}, "step": 5}
Step:5	{"metric": {"dev": {"eval_runtime": 1.9447}}, "step": 5}
Step:5	{"metric": {"dev": {"eval_samples_per_second": 565.633}}, "step": 5}
Step:5	{"metric": {"dev": {"eval_steps_per_second": 9.256}}, "step": 5}
Step:5	{"metric": {"dev": {"epoch": 5.4}}, "step": 5}
Step:5	{"metric": {"dev": {"eval_loss": 2.159634590148926}}, "step": 5}
Step:5	{"metric": {"dev": {"eval_F1_score": 0.7343895619256392}}, "step": 5}
Step:5	{"metric": {"dev": {"eval_Precision": 0.7433962264149541}}, "step": 5}
Step:5	{"metric": {"dev": {"eval_Recall": 0.7255985267033654}}, "step": 5}
Step:5	{"metric": {"dev": {"eval_Metric_time": 0.07263565063476562}}, "step": 5}
Step:5	{"metric": {"dev": {"eval_runtime": 1.941}}, "step": 5}
Step:5	{"metric": {"dev": {"eval_samples_per_second": 566.73}}, "step": 5}
Step:5	{"metric": {"dev": {"eval_steps_per_second": 9.274}}, "step": 5}
Step:5	{"metric": {"dev": {"epoch": 5.63}}, "step": 5}
Step:5	{"metric": {"dev": {"eval_loss": 2.161238431930542}}, "step": 5}
Step:5	{"metric": {"dev": {"eval_F1_score": 0.7337057727617876}}, "step": 5}
Step:5	{"metric": {"dev": {"eval_Precision": 0.7419962335215174}}, "step": 5}
Step:5	{"metric": {"dev": {"eval_Recall": 0.7255985267033654}}, "step": 5}
Step:5	{"metric": {"dev": {"eval_Metric_time": 0.07148957252502441}}, "step": 5}
Step:5	{"metric": {"dev": {"eval_runtime": 1.9404}}, "step": 5}
Step:5	{"metric": {"dev": {"eval_samples_per_second": 566.9}}, "step": 5}
Step:5	{"metric": {"dev": {"eval_steps_per_second": 9.277}}, "step": 5}
Step:5	{"metric": {"dev": {"epoch": 5.85}}, "step": 5}
Step:6	{"metric": {"dev": {"eval_loss": 2.1674342155456543}}, "step": 6}
Step:6	{"metric": {"dev": {"eval_F1_score": 0.7495395947933242}}, "step": 6}
Step:6	{"metric": {"dev": {"eval_Precision": 0.7495395948433241}}, "step": 6}
Step:6	{"metric": {"dev": {"eval_Recall": 0.7495395948433241}}, "step": 6}
Step:6	{"metric": {"dev": {"eval_Metric_time": 0.07167410850524902}}, "step": 6}
Step:6	{"metric": {"dev": {"eval_runtime": 1.9436}}, "step": 6}
Step:6	{"metric": {"dev": {"eval_samples_per_second": 565.946}}, "step": 6}
Step:6	{"metric": {"dev": {"eval_steps_per_second": 9.261}}, "step": 6}
Step:6	{"metric": {"dev": {"epoch": 6.08}}, "step": 6}
Step:6	{"metric": {"dev": {"eval_loss": 2.1661252975463867}}, "step": 6}
Step:6	{"metric": {"dev": {"eval_F1_score": 0.7606679034749079}}, "step": 6}
Step:6	{"metric": {"dev": {"eval_Precision": 0.7663551401867725}}, "step": 6}
Step:6	{"metric": {"dev": {"eval_Recall": 0.7550644567217761}}, "step": 6}
Step:6	{"metric": {"dev": {"eval_Metric_time": 0.07133698463439941}}, "step": 6}
Step:6	{"metric": {"dev": {"eval_runtime": 1.941}}, "step": 6}
Step:6	{"metric": {"dev": {"eval_samples_per_second": 566.729}}, "step": 6}
Step:6	{"metric": {"dev": {"eval_steps_per_second": 9.274}}, "step": 6}
Step:6	{"metric": {"dev": {"epoch": 6.3}}, "step": 6}
Step:6	{"metric": {"dev": {"eval_loss": 2.1731600761413574}}, "step": 6}
Step:6	{"metric": {"dev": {"eval_F1_score": 0.7520891364401143}}, "step": 6}
Step:6	{"metric": {"dev": {"eval_Precision": 0.7584269662919927}}, "step": 6}
Step:6	{"metric": {"dev": {"eval_Recall": 0.7458563535910228}}, "step": 6}
Step:6	{"metric": {"dev": {"eval_Metric_time": 0.07494735717773438}}, "step": 6}
Step:6	{"metric": {"dev": {"eval_runtime": 1.9424}}, "step": 6}
Step:6	{"metric": {"dev": {"eval_samples_per_second": 566.312}}, "step": 6}
Step:6	{"metric": {"dev": {"eval_steps_per_second": 9.267}}, "step": 6}
Step:6	{"metric": {"dev": {"epoch": 6.53}}, "step": 6}
Step:6	{"metric": {"dev": {"eval_loss": 2.161935806274414}}, "step": 6}
Step:6	{"metric": {"dev": {"eval_F1_score": 0.762886597888017}}, "step": 6}
Step:6	{"metric": {"dev": {"eval_Precision": 0.7767175572517601}}, "step": 6}
Step:6	{"metric": {"dev": {"eval_Recall": 0.7495395948433241}}, "step": 6}
Step:6	{"metric": {"dev": {"eval_Metric_time": 0.0708625316619873}}, "step": 6}
Step:6	{"metric": {"dev": {"eval_runtime": 1.9418}}, "step": 6}
Step:6	{"metric": {"dev": {"eval_samples_per_second": 566.494}}, "step": 6}
Step:6	{"metric": {"dev": {"eval_steps_per_second": 9.27}}, "step": 6}
Step:6	{"metric": {"dev": {"epoch": 6.76}}, "step": 6}
Step:6	{"metric": {"dev": {"eval_loss": 2.1728498935699463}}, "step": 6}
Step:6	{"metric": {"dev": {"eval_F1_score": 0.7397769516227292}}, "step": 6}
Step:6	{"metric": {"dev": {"eval_Precision": 0.74671669793607}}, "step": 6}
Step:6	{"metric": {"dev": {"eval_Recall": 0.732965009207968}}, "step": 6}
Step:6	{"metric": {"dev": {"eval_Metric_time": 0.06947469711303711}}, "step": 6}
Step:6	{"metric": {"dev": {"eval_runtime": 1.9395}}, "step": 6}
Step:6	{"metric": {"dev": {"eval_samples_per_second": 567.147}}, "step": 6}
Step:6	{"metric": {"dev": {"eval_steps_per_second": 9.281}}, "step": 6}
Step:6	{"metric": {"dev": {"epoch": 6.98}}, "step": 6}
Step:7	{"metric": {"dev": {"eval_loss": 2.174853563308716}}, "step": 7}
Step:7	{"metric": {"dev": {"eval_F1_score": 0.7388888888387535}}, "step": 7}
Step:7	{"metric": {"dev": {"eval_Precision": 0.7430167597763979}}, "step": 7}
Step:7	{"metric": {"dev": {"eval_Recall": 0.7348066298341187}}, "step": 7}
Step:7	{"metric": {"dev": {"eval_Metric_time": 0.06909704208374023}}, "step": 7}
Step:7	{"metric": {"dev": {"eval_runtime": 1.9389}}, "step": 7}
Step:7	{"metric": {"dev": {"eval_samples_per_second": 567.345}}, "step": 7}
Step:7	{"metric": {"dev": {"eval_steps_per_second": 9.284}}, "step": 7}
Step:7	{"metric": {"dev": {"epoch": 7.21}}, "step": 7}
Step:7	{"metric": {"dev": {"eval_loss": 2.18216609954834}}, "step": 7}
Step:7	{"metric": {"dev": {"eval_F1_score": 0.7308411214452015}}, "step": 7}
Step:7	{"metric": {"dev": {"eval_Precision": 0.7419354838708269}}, "step": 7}
Step:7	{"metric": {"dev": {"eval_Recall": 0.7200736648249134}}, "step": 7}
Step:7	{"metric": {"dev": {"eval_Metric_time": 0.07007694244384766}}, "step": 7}
Step:7	{"metric": {"dev": {"eval_runtime": 1.9403}}, "step": 7}
Step:7	{"metric": {"dev": {"eval_samples_per_second": 566.924}}, "step": 7}
Step:7	{"metric": {"dev": {"eval_steps_per_second": 9.277}}, "step": 7}
Step:7	{"metric": {"dev": {"epoch": 7.43}}, "step": 7}
Step:7	{"metric": {"dev": {"eval_loss": 2.1807141304016113}}, "step": 7}
Step:7	{"metric": {"dev": {"eval_F1_score": 0.755102040766189}}, "step": 7}
Step:7	{"metric": {"dev": {"eval_Precision": 0.7607476635512596}}, "step": 7}
Step:7	{"metric": {"dev": {"eval_Recall": 0.7495395948433241}}, "step": 7}
Step:7	{"metric": {"dev": {"eval_Metric_time": 0.06998538970947266}}, "step": 7}
Step:7	{"metric": {"dev": {"eval_runtime": 1.9374}}, "step": 7}
Step:7	{"metric": {"dev": {"eval_samples_per_second": 567.778}}, "step": 7}
Step:7	{"metric": {"dev": {"eval_steps_per_second": 9.291}}, "step": 7}
Step:7	{"metric": {"dev": {"epoch": 7.66}}, "step": 7}
Step:7	{"metric": {"dev": {"eval_loss": 2.1788547039031982}}, "step": 7}
Step:7	{"metric": {"dev": {"eval_F1_score": 0.7481343283080778}}, "step": 7}
Step:7	{"metric": {"dev": {"eval_Precision": 0.758034026464885}}, "step": 7}
Step:7	{"metric": {"dev": {"eval_Recall": 0.7384898710864201}}, "step": 7}
Step:7	{"metric": {"dev": {"eval_Metric_time": 0.07703304290771484}}, "step": 7}
Step:7	{"metric": {"dev": {"eval_runtime": 1.9518}}, "step": 7}
Step:7	{"metric": {"dev": {"eval_samples_per_second": 563.582}}, "step": 7}
Step:7	{"metric": {"dev": {"eval_steps_per_second": 9.222}}, "step": 7}
Step:7	{"metric": {"dev": {"epoch": 7.88}}, "step": 7}
Step:8	{"metric": {"dev": {"eval_loss": 2.185856342315674}}, "step": 8}
Step:8	{"metric": {"dev": {"eval_F1_score": 0.7408793264232135}}, "step": 8}
Step:8	{"metric": {"dev": {"eval_Precision": 0.7528517110264727}}, "step": 8}
Step:8	{"metric": {"dev": {"eval_Recall": 0.7292817679556668}}, "step": 8}
Step:8	{"metric": {"dev": {"eval_Metric_time": 0.0710153579711914}}, "step": 8}
Step:8	{"metric": {"dev": {"eval_runtime": 1.9403}}, "step": 8}
Step:8	{"metric": {"dev": {"eval_samples_per_second": 566.936}}, "step": 8}
Step:8	{"metric": {"dev": {"eval_steps_per_second": 9.277}}, "step": 8}
Step:8	{"metric": {"dev": {"epoch": 8.11}}, "step": 8}
Step:8	{"metric": {"dev": {"eval_loss": 2.1840872764587402}}, "step": 8}
Step:8	{"metric": {"dev": {"eval_F1_score": 0.738317756959219}}, "step": 8}
Step:8	{"metric": {"dev": {"eval_Precision": 0.7495256166981499}}, "step": 8}
Step:8	{"metric": {"dev": {"eval_Recall": 0.7274401473295161}}, "step": 8}
Step:8	{"metric": {"dev": {"eval_Metric_time": 0.07215547561645508}}, "step": 8}
Step:8	{"metric": {"dev": {"eval_runtime": 1.9579}}, "step": 8}
Step:8	{"metric": {"dev": {"eval_samples_per_second": 561.828}}, "step": 8}
Step:8	{"metric": {"dev": {"eval_steps_per_second": 9.194}}, "step": 8}
Step:8	{"metric": {"dev": {"epoch": 8.33}}, "step": 8}
Step:8	{"metric": {"dev": {"eval_loss": 2.1826863288879395}}, "step": 8}
Step:8	{"metric": {"dev": {"eval_F1_score": 0.7457943924732362}}, "step": 8}
Step:8	{"metric": {"dev": {"eval_Precision": 0.757115749525473}}, "step": 8}
Step:8	{"metric": {"dev": {"eval_Recall": 0.7348066298341187}}, "step": 8}
Step:8	{"metric": {"dev": {"eval_Metric_time": 0.07337021827697754}}, "step": 8}
Step:8	{"metric": {"dev": {"eval_runtime": 1.9413}}, "step": 8}
Step:8	{"metric": {"dev": {"eval_samples_per_second": 566.63}}, "step": 8}
Step:8	{"metric": {"dev": {"eval_steps_per_second": 9.272}}, "step": 8}
Step:8	{"metric": {"dev": {"epoch": 8.56}}, "step": 8}
Step:8	{"metric": {"dev": {"eval_loss": 2.183220148086548}}, "step": 8}
Step:8	{"metric": {"dev": {"eval_F1_score": 0.7555970148752406}}, "step": 8}
Step:8	{"metric": {"dev": {"eval_Precision": 0.7655954631378514}}, "step": 8}
Step:8	{"metric": {"dev": {"eval_Recall": 0.7458563535910228}}, "step": 8}
Step:8	{"metric": {"dev": {"eval_Metric_time": 0.07153987884521484}}, "step": 8}
Step:8	{"metric": {"dev": {"eval_runtime": 1.9403}}, "step": 8}
Step:8	{"metric": {"dev": {"eval_samples_per_second": 566.925}}, "step": 8}
Step:8	{"metric": {"dev": {"eval_steps_per_second": 9.277}}, "step": 8}
Step:8	{"metric": {"dev": {"epoch": 8.78}}, "step": 8}
Step:9	{"metric": {"dev": {"eval_loss": 2.1818149089813232}}, "step": 9}
Step:9	{"metric": {"dev": {"eval_F1_score": 0.7467411545122506}}, "step": 9}
Step:9	{"metric": {"dev": {"eval_Precision": 0.7551789077211383}}, "step": 9}
Step:9	{"metric": {"dev": {"eval_Recall": 0.7384898710864201}}, "step": 9}
Step:9	{"metric": {"dev": {"eval_Metric_time": 0.07094502449035645}}, "step": 9}
Step:9	{"metric": {"dev": {"eval_runtime": 1.9454}}, "step": 9}
Step:9	{"metric": {"dev": {"eval_samples_per_second": 565.428}}, "step": 9}
Step:9	{"metric": {"dev": {"eval_steps_per_second": 9.252}}, "step": 9}
Step:9	{"metric": {"dev": {"epoch": 9.01}}, "step": 9}
Step:9	{"metric": {"dev": {"eval_loss": 2.182708263397217}}, "step": 9}
Step:9	{"metric": {"dev": {"eval_F1_score": 0.7518656715916593}}, "step": 9}
Step:9	{"metric": {"dev": {"eval_Precision": 0.7618147448013682}}, "step": 9}
Step:9	{"metric": {"dev": {"eval_Recall": 0.7421731123387214}}, "step": 9}
Step:9	{"metric": {"dev": {"eval_Metric_time": 0.07128620147705078}}, "step": 9}
Step:9	{"metric": {"dev": {"eval_runtime": 1.9599}}, "step": 9}
Step:9	{"metric": {"dev": {"eval_samples_per_second": 561.249}}, "step": 9}
Step:9	{"metric": {"dev": {"eval_steps_per_second": 9.184}}, "step": 9}
Step:9	{"metric": {"dev": {"epoch": 9.23}}, "step": 9}
Step:9	{"metric": {"dev": {"eval_loss": 2.185488700866699}}, "step": 9}
Step:9	{"metric": {"dev": {"eval_F1_score": 0.7441860464614946}}, "step": 9}
Step:9	{"metric": {"dev": {"eval_Precision": 0.7518796992479789}}, "step": 9}
Step:9	{"metric": {"dev": {"eval_Recall": 0.7366482504602694}}, "step": 9}
Step:9	{"metric": {"dev": {"eval_Metric_time": 0.0716395378112793}}, "step": 9}
Step:9	{"metric": {"dev": {"eval_runtime": 1.9494}}, "step": 9}
Step:9	{"metric": {"dev": {"eval_samples_per_second": 564.271}}, "step": 9}
Step:9	{"metric": {"dev": {"eval_steps_per_second": 9.234}}, "step": 9}
Step:9	{"metric": {"dev": {"epoch": 9.46}}, "step": 9}
Step:9	{"metric": {"dev": {"eval_loss": 2.1857106685638428}}, "step": 9}
Step:9	{"metric": {"dev": {"eval_F1_score": 0.7488415198757205}}, "step": 9}
Step:9	{"metric": {"dev": {"eval_Precision": 0.7537313432834414}}, "step": 9}
Step:9	{"metric": {"dev": {"eval_Recall": 0.7440147329648721}}, "step": 9}
Step:9	{"metric": {"dev": {"eval_Metric_time": 0.07086825370788574}}, "step": 9}
Step:9	{"metric": {"dev": {"eval_runtime": 1.94}}, "step": 9}
Step:9	{"metric": {"dev": {"eval_samples_per_second": 567.016}}, "step": 9}
Step:9	{"metric": {"dev": {"eval_steps_per_second": 9.278}}, "step": 9}
Step:9	{"metric": {"dev": {"epoch": 9.68}}, "step": 9}
Step:9	{"metric": {"dev": {"eval_loss": 2.1871674060821533}}, "step": 9}
Step:9	{"metric": {"dev": {"eval_F1_score": 0.7439703153487515}}, "step": 9}
Step:9	{"metric": {"dev": {"eval_Precision": 0.7495327102802337}}, "step": 9}
Step:9	{"metric": {"dev": {"eval_Recall": 0.7384898710864201}}, "step": 9}
Step:9	{"metric": {"dev": {"eval_Metric_time": 0.07127237319946289}}, "step": 9}
Step:9	{"metric": {"dev": {"eval_runtime": 1.9406}}, "step": 9}
Step:9	{"metric": {"dev": {"eval_samples_per_second": 566.844}}, "step": 9}
Step:9	{"metric": {"dev": {"eval_steps_per_second": 9.276}}, "step": 9}
Step:9	{"metric": {"dev": {"epoch": 9.91}}, "step": 9}
