Step:0	{"metric": {"dev": {"eval_loss": 2.050278425216675}}, "step": 0}
Step:0	{"metric": {"dev": {"eval_F1_score": 0.0}}, "step": 0}
Step:0	{"metric": {"dev": {"eval_Precision": 0.0}}, "step": 0}
Step:0	{"metric": {"dev": {"eval_Recall": 0.0}}, "step": 0}
Step:0	{"metric": {"dev": {"eval_Metric_time": 0.06274271011352539}}, "step": 0}
Step:0	{"metric": {"dev": {"eval_runtime": 1.1639}}, "step": 0}
Step:0	{"metric": {"dev": {"eval_samples_per_second": 945.091}}, "step": 0}
Step:0	{"metric": {"dev": {"eval_steps_per_second": 7.733}}, "step": 0}
Step:0	{"metric": {"dev": {"epoch": 0.45}}, "step": 0}
Step:0	{"metric": {"dev": {"eval_loss": 2.0502943992614746}}, "step": 0}
Step:0	{"metric": {"dev": {"eval_F1_score": 0.0}}, "step": 0}
Step:0	{"metric": {"dev": {"eval_Precision": 0.0}}, "step": 0}
Step:0	{"metric": {"dev": {"eval_Recall": 0.0}}, "step": 0}
Step:0	{"metric": {"dev": {"eval_Metric_time": 0.06239652633666992}}, "step": 0}
Step:0	{"metric": {"dev": {"eval_runtime": 1.1647}}, "step": 0}
Step:0	{"metric": {"dev": {"eval_samples_per_second": 944.452}}, "step": 0}
Step:0	{"metric": {"dev": {"eval_steps_per_second": 7.727}}, "step": 0}
Step:0	{"metric": {"dev": {"epoch": 0.9}}, "step": 0}
Step:1	{"metric": {"dev": {"eval_loss": 2.0502943992614746}}, "step": 1}
Step:1	{"metric": {"dev": {"eval_F1_score": 0.0}}, "step": 1}
Step:1	{"metric": {"dev": {"eval_Precision": 0.0}}, "step": 1}
Step:1	{"metric": {"dev": {"eval_Recall": 0.0}}, "step": 1}
Step:1	{"metric": {"dev": {"eval_Metric_time": 0.06138014793395996}}, "step": 1}
Step:1	{"metric": {"dev": {"eval_runtime": 1.1613}}, "step": 1}
Step:1	{"metric": {"dev": {"eval_samples_per_second": 947.229}}, "step": 1}
Step:1	{"metric": {"dev": {"eval_steps_per_second": 7.75}}, "step": 1}
Step:1	{"metric": {"dev": {"epoch": 1.35}}, "step": 1}
Step:1	{"metric": {"dev": {"eval_loss": 2.0502943992614746}}, "step": 1}
Step:1	{"metric": {"dev": {"eval_F1_score": 0.0}}, "step": 1}
Step:1	{"metric": {"dev": {"eval_Precision": 0.0}}, "step": 1}
Step:1	{"metric": {"dev": {"eval_Recall": 0.0}}, "step": 1}
Step:1	{"metric": {"dev": {"eval_Metric_time": 0.06304502487182617}}, "step": 1}
Step:1	{"metric": {"dev": {"eval_runtime": 1.1783}}, "step": 1}
Step:1	{"metric": {"dev": {"eval_samples_per_second": 933.533}}, "step": 1}
Step:1	{"metric": {"dev": {"eval_steps_per_second": 7.638}}, "step": 1}
Step:1	{"metric": {"dev": {"epoch": 1.8}}, "step": 1}
Step:2	{"metric": {"dev": {"eval_loss": 2.0502943992614746}}, "step": 2}
Step:2	{"metric": {"dev": {"eval_F1_score": 0.0}}, "step": 2}
Step:2	{"metric": {"dev": {"eval_Precision": 0.0}}, "step": 2}
Step:2	{"metric": {"dev": {"eval_Recall": 0.0}}, "step": 2}
Step:2	{"metric": {"dev": {"eval_Metric_time": 0.0628805160522461}}, "step": 2}
Step:2	{"metric": {"dev": {"eval_runtime": 1.162}}, "step": 2}
Step:2	{"metric": {"dev": {"eval_samples_per_second": 946.674}}, "step": 2}
Step:2	{"metric": {"dev": {"eval_steps_per_second": 7.746}}, "step": 2}
Step:2	{"metric": {"dev": {"epoch": 2.25}}, "step": 2}
Step:2	{"metric": {"dev": {"eval_loss": 2.0502943992614746}}, "step": 2}
Step:2	{"metric": {"dev": {"eval_F1_score": 0.0}}, "step": 2}
Step:2	{"metric": {"dev": {"eval_Precision": 0.0}}, "step": 2}
Step:2	{"metric": {"dev": {"eval_Recall": 0.0}}, "step": 2}
Step:2	{"metric": {"dev": {"eval_Metric_time": 0.06262874603271484}}, "step": 2}
Step:2	{"metric": {"dev": {"eval_runtime": 1.1632}}, "step": 2}
Step:2	{"metric": {"dev": {"eval_samples_per_second": 945.7}}, "step": 2}
Step:2	{"metric": {"dev": {"eval_steps_per_second": 7.738}}, "step": 2}
Step:2	{"metric": {"dev": {"epoch": 2.7}}, "step": 2}
