Step:0	{"metric": {"dev": {"eval_loss": 44.61628723144531}}, "step": 0}
Step:0	{"metric": {"dev": {"eval_F1_score": 0.0}}, "step": 0}
Step:0	{"metric": {"dev": {"eval_Precision": 0.0}}, "step": 0}
Step:0	{"metric": {"dev": {"eval_Recall": 0.0}}, "step": 0}
Step:0	{"metric": {"dev": {"eval_Metric_time": 0.09103131294250488}}, "step": 0}
Step:0	{"metric": {"dev": {"eval_runtime": 1.3122}}, "step": 0}
Step:0	{"metric": {"dev": {"eval_samples_per_second": 838.308}}, "step": 0}
Step:0	{"metric": {"dev": {"eval_steps_per_second": 9.145}}, "step": 0}
Step:0	{"metric": {"dev": {"epoch": 0.34}}, "step": 0}
Step:0	{"metric": {"dev": {"eval_loss": 34.987796783447266}}, "step": 0}
Step:0	{"metric": {"dev": {"eval_F1_score": 0.0}}, "step": 0}
Step:0	{"metric": {"dev": {"eval_Precision": 0.0}}, "step": 0}
Step:0	{"metric": {"dev": {"eval_Recall": 0.0}}, "step": 0}
Step:0	{"metric": {"dev": {"eval_Metric_time": 0.06368184089660645}}, "step": 0}
Step:0	{"metric": {"dev": {"eval_runtime": 1.2412}}, "step": 0}
Step:0	{"metric": {"dev": {"eval_samples_per_second": 886.241}}, "step": 0}
Step:0	{"metric": {"dev": {"eval_steps_per_second": 9.668}}, "step": 0}
Step:0	{"metric": {"dev": {"epoch": 0.68}}, "step": 0}
Step:1	{"metric": {"dev": {"eval_loss": 34.92250442504883}}, "step": 1}
Step:1	{"metric": {"dev": {"eval_F1_score": 0.0}}, "step": 1}
Step:1	{"metric": {"dev": {"eval_Precision": 0.0}}, "step": 1}
Step:1	{"metric": {"dev": {"eval_Recall": 0.0}}, "step": 1}
Step:1	{"metric": {"dev": {"eval_Metric_time": 0.06455039978027344}}, "step": 1}
Step:1	{"metric": {"dev": {"eval_runtime": 1.2359}}, "step": 1}
Step:1	{"metric": {"dev": {"eval_samples_per_second": 890.055}}, "step": 1}
Step:1	{"metric": {"dev": {"eval_steps_per_second": 9.71}}, "step": 1}
Step:1	{"metric": {"dev": {"epoch": 1.01}}, "step": 1}
Step:1	{"metric": {"dev": {"eval_loss": 34.92245101928711}}, "step": 1}
Step:1	{"metric": {"dev": {"eval_F1_score": 0.0}}, "step": 1}
Step:1	{"metric": {"dev": {"eval_Precision": 0.0}}, "step": 1}
Step:1	{"metric": {"dev": {"eval_Recall": 0.0}}, "step": 1}
Step:1	{"metric": {"dev": {"eval_Metric_time": 0.0838165283203125}}, "step": 1}
Step:1	{"metric": {"dev": {"eval_runtime": 1.257}}, "step": 1}
Step:1	{"metric": {"dev": {"eval_samples_per_second": 875.109}}, "step": 1}
Step:1	{"metric": {"dev": {"eval_steps_per_second": 9.547}}, "step": 1}
Step:1	{"metric": {"dev": {"epoch": 1.35}}, "step": 1}
Step:1	{"metric": {"dev": {"eval_loss": 34.92243194580078}}, "step": 1}
Step:1	{"metric": {"dev": {"eval_F1_score": 0.0}}, "step": 1}
Step:1	{"metric": {"dev": {"eval_Precision": 0.0}}, "step": 1}
Step:1	{"metric": {"dev": {"eval_Recall": 0.0}}, "step": 1}
Step:1	{"metric": {"dev": {"eval_Metric_time": 0.06360530853271484}}, "step": 1}
Step:1	{"metric": {"dev": {"eval_runtime": 1.219}}, "step": 1}
Step:1	{"metric": {"dev": {"eval_samples_per_second": 902.411}}, "step": 1}
Step:1	{"metric": {"dev": {"eval_steps_per_second": 9.844}}, "step": 1}
Step:1	{"metric": {"dev": {"epoch": 1.69}}, "step": 1}
Step:2	{"metric": {"dev": {"eval_loss": 34.922420501708984}}, "step": 2}
Step:2	{"metric": {"dev": {"eval_F1_score": 0.0}}, "step": 2}
Step:2	{"metric": {"dev": {"eval_Precision": 0.0}}, "step": 2}
Step:2	{"metric": {"dev": {"eval_Recall": 0.0}}, "step": 2}
Step:2	{"metric": {"dev": {"eval_Metric_time": 0.08397674560546875}}, "step": 2}
Step:2	{"metric": {"dev": {"eval_runtime": 1.2673}}, "step": 2}
Step:2	{"metric": {"dev": {"eval_samples_per_second": 867.974}}, "step": 2}
Step:2	{"metric": {"dev": {"eval_steps_per_second": 9.469}}, "step": 2}
Step:2	{"metric": {"dev": {"epoch": 2.03}}, "step": 2}
Step:2	{"metric": {"dev": {"eval_loss": 34.92241287231445}}, "step": 2}
Step:2	{"metric": {"dev": {"eval_F1_score": 0.0}}, "step": 2}
Step:2	{"metric": {"dev": {"eval_Precision": 0.0}}, "step": 2}
Step:2	{"metric": {"dev": {"eval_Recall": 0.0}}, "step": 2}
Step:2	{"metric": {"dev": {"eval_Metric_time": 0.06429886817932129}}, "step": 2}
Step:2	{"metric": {"dev": {"eval_runtime": 1.2449}}, "step": 2}
Step:2	{"metric": {"dev": {"eval_samples_per_second": 883.615}}, "step": 2}
Step:2	{"metric": {"dev": {"eval_steps_per_second": 9.639}}, "step": 2}
Step:2	{"metric": {"dev": {"epoch": 2.36}}, "step": 2}
Step:2	{"metric": {"dev": {"eval_loss": 34.92241287231445}}, "step": 2}
Step:2	{"metric": {"dev": {"eval_F1_score": 0.0}}, "step": 2}
Step:2	{"metric": {"dev": {"eval_Precision": 0.0}}, "step": 2}
Step:2	{"metric": {"dev": {"eval_Recall": 0.0}}, "step": 2}
Step:2	{"metric": {"dev": {"eval_Metric_time": 0.08380126953125}}, "step": 2}
Step:2	{"metric": {"dev": {"eval_runtime": 1.2564}}, "step": 2}
Step:2	{"metric": {"dev": {"eval_samples_per_second": 875.518}}, "step": 2}
Step:2	{"metric": {"dev": {"eval_steps_per_second": 9.551}}, "step": 2}
Step:2	{"metric": {"dev": {"epoch": 2.7}}, "step": 2}
Step:3	{"metric": {"dev": {"eval_loss": 35.39456558227539}}, "step": 3}
Step:3	{"metric": {"dev": {"eval_F1_score": 0.0}}, "step": 3}
Step:3	{"metric": {"dev": {"eval_Precision": 0.0}}, "step": 3}
Step:3	{"metric": {"dev": {"eval_Recall": 0.0}}, "step": 3}
Step:3	{"metric": {"dev": {"eval_Metric_time": 0.09137654304504395}}, "step": 3}
Step:3	{"metric": {"dev": {"eval_runtime": 1.2672}}, "step": 3}
Step:3	{"metric": {"dev": {"eval_samples_per_second": 868.047}}, "step": 3}
Step:3	{"metric": {"dev": {"eval_steps_per_second": 9.47}}, "step": 3}
Step:3	{"metric": {"dev": {"epoch": 3.04}}, "step": 3}
Step:3	{"metric": {"dev": {"eval_loss": 35.394554138183594}}, "step": 3}
Step:3	{"metric": {"dev": {"eval_F1_score": 0.0}}, "step": 3}
Step:3	{"metric": {"dev": {"eval_Precision": 0.0}}, "step": 3}
Step:3	{"metric": {"dev": {"eval_Recall": 0.0}}, "step": 3}
Step:3	{"metric": {"dev": {"eval_Metric_time": 0.09114193916320801}}, "step": 3}
Step:3	{"metric": {"dev": {"eval_runtime": 1.2699}}, "step": 3}
Step:3	{"metric": {"dev": {"eval_samples_per_second": 866.18}}, "step": 3}
Step:3	{"metric": {"dev": {"eval_steps_per_second": 9.449}}, "step": 3}
Step:3	{"metric": {"dev": {"epoch": 3.38}}, "step": 3}
Step:3	{"metric": {"dev": {"eval_loss": 36.88539123535156}}, "step": 3}
Step:3	{"metric": {"dev": {"eval_F1_score": 0.0}}, "step": 3}
Step:3	{"metric": {"dev": {"eval_Precision": 0.0}}, "step": 3}
Step:3	{"metric": {"dev": {"eval_Recall": 0.0}}, "step": 3}
Step:3	{"metric": {"dev": {"eval_Metric_time": 0.09147167205810547}}, "step": 3}
Step:3	{"metric": {"dev": {"eval_runtime": 1.2744}}, "step": 3}
Step:3	{"metric": {"dev": {"eval_samples_per_second": 863.167}}, "step": 3}
Step:3	{"metric": {"dev": {"eval_steps_per_second": 9.416}}, "step": 3}
Step:3	{"metric": {"dev": {"epoch": 3.71}}, "step": 3}
Step:4	{"metric": {"dev": {"eval_loss": 35.15949630737305}}, "step": 4}
Step:4	{"metric": {"dev": {"eval_F1_score": 0.0}}, "step": 4}
Step:4	{"metric": {"dev": {"eval_Precision": 0.0}}, "step": 4}
Step:4	{"metric": {"dev": {"eval_Recall": 0.0}}, "step": 4}
Step:4	{"metric": {"dev": {"eval_Metric_time": 0.0857551097869873}}, "step": 4}
Step:4	{"metric": {"dev": {"eval_runtime": 1.2682}}, "step": 4}
Step:4	{"metric": {"dev": {"eval_samples_per_second": 867.363}}, "step": 4}
Step:4	{"metric": {"dev": {"eval_steps_per_second": 9.462}}, "step": 4}
Step:4	{"metric": {"dev": {"epoch": 4.05}}, "step": 4}
Step:4	{"metric": {"dev": {"eval_loss": 35.86763000488281}}, "step": 4}
Step:4	{"metric": {"dev": {"eval_F1_score": 0.0}}, "step": 4}
Step:4	{"metric": {"dev": {"eval_Precision": 0.0}}, "step": 4}
Step:4	{"metric": {"dev": {"eval_Recall": 0.0}}, "step": 4}
Step:4	{"metric": {"dev": {"eval_Metric_time": 0.09038662910461426}}, "step": 4}
Step:4	{"metric": {"dev": {"eval_runtime": 1.2632}}, "step": 4}
Step:4	{"metric": {"dev": {"eval_samples_per_second": 870.808}}, "step": 4}
Step:4	{"metric": {"dev": {"eval_steps_per_second": 9.5}}, "step": 4}
Step:4	{"metric": {"dev": {"epoch": 4.39}}, "step": 4}
Step:4	{"metric": {"dev": {"eval_loss": 37.2924690246582}}, "step": 4}
Step:4	{"metric": {"dev": {"eval_F1_score": 0.0}}, "step": 4}
Step:4	{"metric": {"dev": {"eval_Precision": 0.0}}, "step": 4}
Step:4	{"metric": {"dev": {"eval_Recall": 0.0}}, "step": 4}
Step:4	{"metric": {"dev": {"eval_Metric_time": 0.09085202217102051}}, "step": 4}
Step:4	{"metric": {"dev": {"eval_runtime": 1.2703}}, "step": 4}
Step:4	{"metric": {"dev": {"eval_samples_per_second": 865.922}}, "step": 4}
Step:4	{"metric": {"dev": {"eval_steps_per_second": 9.446}}, "step": 4}
Step:4	{"metric": {"dev": {"epoch": 4.73}}, "step": 4}
Step:5	{"metric": {"dev": {"eval_loss": 35.36221694946289}}, "step": 5}
Step:5	{"metric": {"dev": {"eval_F1_score": 0.0}}, "step": 5}
Step:5	{"metric": {"dev": {"eval_Precision": 0.0}}, "step": 5}
Step:5	{"metric": {"dev": {"eval_Recall": 0.0}}, "step": 5}
Step:5	{"metric": {"dev": {"eval_Metric_time": 0.09000229835510254}}, "step": 5}
Step:5	{"metric": {"dev": {"eval_runtime": 1.2704}}, "step": 5}
Step:5	{"metric": {"dev": {"eval_samples_per_second": 865.866}}, "step": 5}
Step:5	{"metric": {"dev": {"eval_steps_per_second": 9.446}}, "step": 5}
Step:5	{"metric": {"dev": {"epoch": 5.07}}, "step": 5}
Step:5	{"metric": {"dev": {"eval_loss": 39.74309539794922}}, "step": 5}
Step:5	{"metric": {"dev": {"eval_F1_score": 0.0}}, "step": 5}
Step:5	{"metric": {"dev": {"eval_Precision": 0.0}}, "step": 5}
Step:5	{"metric": {"dev": {"eval_Recall": 0.0}}, "step": 5}
Step:5	{"metric": {"dev": {"eval_Metric_time": 0.07263684272766113}}, "step": 5}
Step:5	{"metric": {"dev": {"eval_runtime": 1.2462}}, "step": 5}
Step:5	{"metric": {"dev": {"eval_samples_per_second": 882.669}}, "step": 5}
Step:5	{"metric": {"dev": {"eval_steps_per_second": 9.629}}, "step": 5}
Step:5	{"metric": {"dev": {"epoch": 5.4}}, "step": 5}
Step:5	{"metric": {"dev": {"eval_loss": 39.743309020996094}}, "step": 5}
Step:5	{"metric": {"dev": {"eval_F1_score": 0.0}}, "step": 5}
Step:5	{"metric": {"dev": {"eval_Precision": 0.0}}, "step": 5}
Step:5	{"metric": {"dev": {"eval_Recall": 0.0}}, "step": 5}
Step:5	{"metric": {"dev": {"eval_Metric_time": 0.0912027359008789}}, "step": 5}
Step:5	{"metric": {"dev": {"eval_runtime": 1.2698}}, "step": 5}
Step:5	{"metric": {"dev": {"eval_samples_per_second": 866.285}}, "step": 5}
Step:5	{"metric": {"dev": {"eval_steps_per_second": 9.45}}, "step": 5}
Step:5	{"metric": {"dev": {"epoch": 5.74}}, "step": 5}
Step:6	{"metric": {"dev": {"eval_loss": 39.74489974975586}}, "step": 6}
Step:6	{"metric": {"dev": {"eval_F1_score": 0.0}}, "step": 6}
Step:6	{"metric": {"dev": {"eval_Precision": 0.0}}, "step": 6}
Step:6	{"metric": {"dev": {"eval_Recall": 0.0}}, "step": 6}
Step:6	{"metric": {"dev": {"eval_Metric_time": 0.09115171432495117}}, "step": 6}
Step:6	{"metric": {"dev": {"eval_runtime": 1.2621}}, "step": 6}
Step:6	{"metric": {"dev": {"eval_samples_per_second": 871.572}}, "step": 6}
Step:6	{"metric": {"dev": {"eval_steps_per_second": 9.508}}, "step": 6}
Step:6	{"metric": {"dev": {"epoch": 6.08}}, "step": 6}
Step:6	{"metric": {"dev": {"eval_loss": 39.746646881103516}}, "step": 6}
Step:6	{"metric": {"dev": {"eval_F1_score": 0.0}}, "step": 6}
Step:6	{"metric": {"dev": {"eval_Precision": 0.0}}, "step": 6}
Step:6	{"metric": {"dev": {"eval_Recall": 0.0}}, "step": 6}
Step:6	{"metric": {"dev": {"eval_Metric_time": 0.07191944122314453}}, "step": 6}
Step:6	{"metric": {"dev": {"eval_runtime": 1.256}}, "step": 6}
Step:6	{"metric": {"dev": {"eval_samples_per_second": 875.771}}, "step": 6}
Step:6	{"metric": {"dev": {"eval_steps_per_second": 9.554}}, "step": 6}
Step:6	{"metric": {"dev": {"epoch": 6.42}}, "step": 6}
Step:6	{"metric": {"dev": {"eval_loss": 39.747623443603516}}, "step": 6}
Step:6	{"metric": {"dev": {"eval_F1_score": 0.0}}, "step": 6}
Step:6	{"metric": {"dev": {"eval_Precision": 0.0}}, "step": 6}
Step:6	{"metric": {"dev": {"eval_Recall": 0.0}}, "step": 6}
Step:6	{"metric": {"dev": {"eval_Metric_time": 0.09120059013366699}}, "step": 6}
Step:6	{"metric": {"dev": {"eval_runtime": 1.2661}}, "step": 6}
Step:6	{"metric": {"dev": {"eval_samples_per_second": 868.787}}, "step": 6}
Step:6	{"metric": {"dev": {"eval_steps_per_second": 9.478}}, "step": 6}
Step:6	{"metric": {"dev": {"epoch": 6.75}}, "step": 6}
Step:7	{"metric": {"dev": {"eval_loss": 39.75183868408203}}, "step": 7}
Step:7	{"metric": {"dev": {"eval_F1_score": 0.0}}, "step": 7}
Step:7	{"metric": {"dev": {"eval_Precision": 0.0}}, "step": 7}
Step:7	{"metric": {"dev": {"eval_Recall": 0.0}}, "step": 7}
Step:7	{"metric": {"dev": {"eval_Metric_time": 0.0913839340209961}}, "step": 7}
Step:7	{"metric": {"dev": {"eval_runtime": 1.2771}}, "step": 7}
Step:7	{"metric": {"dev": {"eval_samples_per_second": 861.341}}, "step": 7}
Step:7	{"metric": {"dev": {"eval_steps_per_second": 9.396}}, "step": 7}
Step:7	{"metric": {"dev": {"epoch": 7.09}}, "step": 7}
Step:7	{"metric": {"dev": {"eval_loss": 39.75423812866211}}, "step": 7}
Step:7	{"metric": {"dev": {"eval_F1_score": 0.0}}, "step": 7}
Step:7	{"metric": {"dev": {"eval_Precision": 0.0}}, "step": 7}
Step:7	{"metric": {"dev": {"eval_Recall": 0.0}}, "step": 7}
Step:7	{"metric": {"dev": {"eval_Metric_time": 0.09101343154907227}}, "step": 7}
Step:7	{"metric": {"dev": {"eval_runtime": 1.2697}}, "step": 7}
Step:7	{"metric": {"dev": {"eval_samples_per_second": 866.329}}, "step": 7}
Step:7	{"metric": {"dev": {"eval_steps_per_second": 9.451}}, "step": 7}
Step:7	{"metric": {"dev": {"epoch": 7.43}}, "step": 7}
Step:7	{"metric": {"dev": {"eval_loss": 39.75722122192383}}, "step": 7}
Step:7	{"metric": {"dev": {"eval_F1_score": 0.0}}, "step": 7}
Step:7	{"metric": {"dev": {"eval_Precision": 0.0}}, "step": 7}
Step:7	{"metric": {"dev": {"eval_Recall": 0.0}}, "step": 7}
Step:7	{"metric": {"dev": {"eval_Metric_time": 0.09097814559936523}}, "step": 7}
Step:7	{"metric": {"dev": {"eval_runtime": 1.2751}}, "step": 7}
Step:7	{"metric": {"dev": {"eval_samples_per_second": 862.661}}, "step": 7}
Step:7	{"metric": {"dev": {"eval_steps_per_second": 9.411}}, "step": 7}
Step:7	{"metric": {"dev": {"epoch": 7.77}}, "step": 7}
Step:8	{"metric": {"dev": {"eval_loss": 37.958194732666016}}, "step": 8}
Step:8	{"metric": {"dev": {"eval_F1_score": 0.0}}, "step": 8}
Step:8	{"metric": {"dev": {"eval_Precision": 0.0}}, "step": 8}
Step:8	{"metric": {"dev": {"eval_Recall": 0.0}}, "step": 8}
Step:8	{"metric": {"dev": {"eval_Metric_time": 0.0913689136505127}}, "step": 8}
Step:8	{"metric": {"dev": {"eval_runtime": 1.2723}}, "step": 8}
Step:8	{"metric": {"dev": {"eval_samples_per_second": 864.564}}, "step": 8}
Step:8	{"metric": {"dev": {"eval_steps_per_second": 9.432}}, "step": 8}
Step:8	{"metric": {"dev": {"epoch": 8.11}}, "step": 8}
Step:8	{"metric": {"dev": {"eval_loss": 37.96021270751953}}, "step": 8}
Step:8	{"metric": {"dev": {"eval_F1_score": 0.0}}, "step": 8}
Step:8	{"metric": {"dev": {"eval_Precision": 0.0}}, "step": 8}
Step:8	{"metric": {"dev": {"eval_Recall": 0.0}}, "step": 8}
Step:8	{"metric": {"dev": {"eval_Metric_time": 0.09087634086608887}}, "step": 8}
Step:8	{"metric": {"dev": {"eval_runtime": 1.2706}}, "step": 8}
Step:8	{"metric": {"dev": {"eval_samples_per_second": 865.744}}, "step": 8}
Step:8	{"metric": {"dev": {"eval_steps_per_second": 9.444}}, "step": 8}
Step:8	{"metric": {"dev": {"epoch": 8.44}}, "step": 8}
Step:8	{"metric": {"dev": {"eval_loss": 37.962059020996094}}, "step": 8}
Step:8	{"metric": {"dev": {"eval_F1_score": 0.0}}, "step": 8}
Step:8	{"metric": {"dev": {"eval_Precision": 0.0}}, "step": 8}
Step:8	{"metric": {"dev": {"eval_Recall": 0.0}}, "step": 8}
Step:8	{"metric": {"dev": {"eval_Metric_time": 0.07052350044250488}}, "step": 8}
Step:8	{"metric": {"dev": {"eval_runtime": 1.2532}}, "step": 8}
Step:8	{"metric": {"dev": {"eval_samples_per_second": 877.743}}, "step": 8}
Step:8	{"metric": {"dev": {"eval_steps_per_second": 9.575}}, "step": 8}
Step:8	{"metric": {"dev": {"epoch": 8.78}}, "step": 8}
Step:9	{"metric": {"dev": {"eval_loss": 37.9660530090332}}, "step": 9}
Step:9	{"metric": {"dev": {"eval_F1_score": 0.0}}, "step": 9}
Step:9	{"metric": {"dev": {"eval_Precision": 0.0}}, "step": 9}
Step:9	{"metric": {"dev": {"eval_Recall": 0.0}}, "step": 9}
Step:9	{"metric": {"dev": {"eval_Metric_time": 0.09096550941467285}}, "step": 9}
Step:9	{"metric": {"dev": {"eval_runtime": 1.2572}}, "step": 9}
Step:9	{"metric": {"dev": {"eval_samples_per_second": 874.953}}, "step": 9}
Step:9	{"metric": {"dev": {"eval_steps_per_second": 9.545}}, "step": 9}
Step:9	{"metric": {"dev": {"epoch": 9.12}}, "step": 9}
Step:9	{"metric": {"dev": {"eval_loss": 37.967735290527344}}, "step": 9}
Step:9	{"metric": {"dev": {"eval_F1_score": 0.0}}, "step": 9}
Step:9	{"metric": {"dev": {"eval_Precision": 0.0}}, "step": 9}
Step:9	{"metric": {"dev": {"eval_Recall": 0.0}}, "step": 9}
Step:9	{"metric": {"dev": {"eval_Metric_time": 0.09225726127624512}}, "step": 9}
Step:9	{"metric": {"dev": {"eval_runtime": 1.2909}}, "step": 9}
Step:9	{"metric": {"dev": {"eval_samples_per_second": 852.138}}, "step": 9}
Step:9	{"metric": {"dev": {"eval_steps_per_second": 9.296}}, "step": 9}
Step:9	{"metric": {"dev": {"epoch": 9.46}}, "step": 9}
Step:9	{"metric": {"dev": {"eval_loss": 37.97113800048828}}, "step": 9}
Step:9	{"metric": {"dev": {"eval_F1_score": 0.0}}, "step": 9}
Step:9	{"metric": {"dev": {"eval_Precision": 0.0}}, "step": 9}
Step:9	{"metric": {"dev": {"eval_Recall": 0.0}}, "step": 9}
Step:9	{"metric": {"dev": {"eval_Metric_time": 0.09104728698730469}}, "step": 9}
Step:9	{"metric": {"dev": {"eval_runtime": 1.2672}}, "step": 9}
Step:9	{"metric": {"dev": {"eval_samples_per_second": 868.051}}, "step": 9}
Step:9	{"metric": {"dev": {"eval_steps_per_second": 9.47}}, "step": 9}
Step:9	{"metric": {"dev": {"epoch": 9.79}}, "step": 9}
