Step:0	{"metric": {"dev": {"eval_loss": 4.7659196853637695}}, "step": 0}
Step:0	{"metric": {"dev": {"eval_F1_score": 0.0}}, "step": 0}
Step:0	{"metric": {"dev": {"eval_Precision": 0.0}}, "step": 0}
Step:0	{"metric": {"dev": {"eval_Recall": 0.0}}, "step": 0}
Step:0	{"metric": {"dev": {"eval_Metric_time": 0.0619349479675293}}, "step": 0}
Step:0	{"metric": {"dev": {"eval_runtime": 1.6267}}, "step": 0}
Step:0	{"metric": {"dev": {"eval_samples_per_second": 676.233}}, "step": 0}
Step:0	{"metric": {"dev": {"eval_steps_per_second": 11.066}}, "step": 0}
Step:0	{"metric": {"dev": {"epoch": 0.23}}, "step": 0}
Step:0	{"metric": {"dev": {"eval_loss": 4.645717620849609}}, "step": 0}
Step:0	{"metric": {"dev": {"eval_F1_score": 0.003120124779088836}}, "step": 0}
Step:0	{"metric": {"dev": {"eval_Precision": 0.010204081632642649}}, "step": 0}
Step:0	{"metric": {"dev": {"eval_Recall": 0.0018416206261506736}}, "step": 0}
Step:0	{"metric": {"dev": {"eval_Metric_time": 0.06193351745605469}}, "step": 0}
Step:0	{"metric": {"dev": {"eval_runtime": 1.5052}}, "step": 0}
Step:0	{"metric": {"dev": {"eval_samples_per_second": 730.824}}, "step": 0}
Step:0	{"metric": {"dev": {"eval_steps_per_second": 11.959}}, "step": 0}
Step:0	{"metric": {"dev": {"epoch": 0.45}}, "step": 0}
Step:0	{"metric": {"dev": {"eval_loss": 4.591572284698486}}, "step": 0}
Step:0	{"metric": {"dev": {"eval_F1_score": 0.038518518487044386}}, "step": 0}
Step:0	{"metric": {"dev": {"eval_Precision": 0.09848484848477389}}, "step": 0}
Step:0	{"metric": {"dev": {"eval_Recall": 0.023941068139958756}}, "step": 0}
Step:0	{"metric": {"dev": {"eval_Metric_time": 0.06149864196777344}}, "step": 0}
Step:0	{"metric": {"dev": {"eval_runtime": 1.501}}, "step": 0}
Step:0	{"metric": {"dev": {"eval_samples_per_second": 732.84}}, "step": 0}
Step:0	{"metric": {"dev": {"eval_steps_per_second": 11.992}}, "step": 0}
Step:0	{"metric": {"dev": {"epoch": 0.68}}, "step": 0}
Step:0	{"metric": {"dev": {"eval_loss": 4.567432403564453}}, "step": 0}
Step:0	{"metric": {"dev": {"eval_F1_score": 0.06915629318526807}}, "step": 0}
Step:0	{"metric": {"dev": {"eval_Precision": 0.13888888888881173}}, "step": 0}
Step:0	{"metric": {"dev": {"eval_Recall": 0.046040515653766836}}, "step": 0}
Step:0	{"metric": {"dev": {"eval_Metric_time": 0.06298613548278809}}, "step": 0}
Step:0	{"metric": {"dev": {"eval_runtime": 1.5131}}, "step": 0}
Step:0	{"metric": {"dev": {"eval_samples_per_second": 726.971}}, "step": 0}
Step:0	{"metric": {"dev": {"eval_steps_per_second": 11.896}}, "step": 0}
Step:0	{"metric": {"dev": {"epoch": 0.9}}, "step": 0}
Step:1	{"metric": {"dev": {"eval_loss": 4.554413318634033}}, "step": 1}
Step:1	{"metric": {"dev": {"eval_F1_score": 0.08108108104199013}}, "step": 1}
Step:1	{"metric": {"dev": {"eval_Precision": 0.15228426395931358}}, "step": 1}
Step:1	{"metric": {"dev": {"eval_Recall": 0.055248618784520205}}, "step": 1}
Step:1	{"metric": {"dev": {"eval_Metric_time": 0.061615705490112305}}, "step": 1}
Step:1	{"metric": {"dev": {"eval_runtime": 1.4998}}, "step": 1}
Step:1	{"metric": {"dev": {"eval_samples_per_second": 733.434}}, "step": 1}
Step:1	{"metric": {"dev": {"eval_steps_per_second": 12.002}}, "step": 1}
Step:1	{"metric": {"dev": {"epoch": 1.13}}, "step": 1}
Step:1	{"metric": {"dev": {"eval_loss": 4.543780326843262}}, "step": 1}
Step:1	{"metric": {"dev": {"eval_F1_score": 0.10416666663561286}}, "step": 1}
Step:1	{"metric": {"dev": {"eval_Precision": 0.27131782945715405}}, "step": 1}
Step:1	{"metric": {"dev": {"eval_Recall": 0.06445672191527357}}, "step": 1}
Step:1	{"metric": {"dev": {"eval_Metric_time": 0.0636439323425293}}, "step": 1}
Step:1	{"metric": {"dev": {"eval_runtime": 1.507}}, "step": 1}
Step:1	{"metric": {"dev": {"eval_samples_per_second": 729.914}}, "step": 1}
Step:1	{"metric": {"dev": {"eval_steps_per_second": 11.944}}, "step": 1}
Step:1	{"metric": {"dev": {"epoch": 1.35}}, "step": 1}
Step:1	{"metric": {"dev": {"eval_loss": 4.542917251586914}}, "step": 1}
Step:1	{"metric": {"dev": {"eval_F1_score": 0.14594594590683746}}, "step": 1}
Step:1	{"metric": {"dev": {"eval_Precision": 0.27411167512676443}}, "step": 1}
Step:1	{"metric": {"dev": {"eval_Recall": 0.09944751381213637}}, "step": 1}
Step:1	{"metric": {"dev": {"eval_Metric_time": 0.061940670013427734}}, "step": 1}
Step:1	{"metric": {"dev": {"eval_runtime": 1.5088}}, "step": 1}
Step:1	{"metric": {"dev": {"eval_samples_per_second": 729.08}}, "step": 1}
Step:1	{"metric": {"dev": {"eval_steps_per_second": 11.93}}, "step": 1}
Step:1	{"metric": {"dev": {"epoch": 1.58}}, "step": 1}
Step:1	{"metric": {"dev": {"eval_loss": 4.539557933807373}}, "step": 1}
Step:1	{"metric": {"dev": {"eval_F1_score": 0.17599999995998825}}, "step": 1}
Step:1	{"metric": {"dev": {"eval_Precision": 0.3188405797099909}}, "step": 1}
Step:1	{"metric": {"dev": {"eval_Recall": 0.12154696132594446}}, "step": 1}
Step:1	{"metric": {"dev": {"eval_Metric_time": 0.06385350227355957}}, "step": 1}
Step:1	{"metric": {"dev": {"eval_runtime": 1.502}}, "step": 1}
Step:1	{"metric": {"dev": {"eval_samples_per_second": 732.374}}, "step": 1}
Step:1	{"metric": {"dev": {"eval_steps_per_second": 11.984}}, "step": 1}
Step:1	{"metric": {"dev": {"epoch": 1.8}}, "step": 1}
Step:2	{"metric": {"dev": {"eval_loss": 4.537123680114746}}, "step": 2}
Step:2	{"metric": {"dev": {"eval_F1_score": 0.16966580972643025}}, "step": 2}
Step:2	{"metric": {"dev": {"eval_Precision": 0.28085106382966774}}, "step": 2}
Step:2	{"metric": {"dev": {"eval_Recall": 0.12154696132594446}}, "step": 2}
Step:2	{"metric": {"dev": {"eval_Metric_time": 0.062133073806762695}}, "step": 2}
Step:2	{"metric": {"dev": {"eval_runtime": 1.5002}}, "step": 2}
Step:2	{"metric": {"dev": {"eval_samples_per_second": 733.253}}, "step": 2}
Step:2	{"metric": {"dev": {"eval_steps_per_second": 11.999}}, "step": 2}
Step:2	{"metric": {"dev": {"epoch": 2.03}}, "step": 2}
Step:2	{"metric": {"dev": {"eval_loss": 4.53510856628418}}, "step": 2}
Step:2	{"metric": {"dev": {"eval_F1_score": 0.17731421117111895}}, "step": 2}
Step:2	{"metric": {"dev": {"eval_Precision": 0.30357142857129304}}, "step": 2}
Step:2	{"metric": {"dev": {"eval_Recall": 0.1252302025782458}}, "step": 2}
Step:2	{"metric": {"dev": {"eval_Metric_time": 0.0625307559967041}}, "step": 2}
Step:2	{"metric": {"dev": {"eval_runtime": 1.5075}}, "step": 2}
Step:2	{"metric": {"dev": {"eval_samples_per_second": 729.685}}, "step": 2}
Step:2	{"metric": {"dev": {"eval_steps_per_second": 11.94}}, "step": 2}
Step:2	{"metric": {"dev": {"epoch": 2.25}}, "step": 2}
Step:2	{"metric": {"dev": {"eval_loss": 4.533464431762695}}, "step": 2}
Step:2	{"metric": {"dev": {"eval_F1_score": 0.21728395057303548}}, "step": 2}
Step:2	{"metric": {"dev": {"eval_Precision": 0.32958801498115}}, "step": 2}
Step:2	{"metric": {"dev": {"eval_Recall": 0.16206261510125927}}, "step": 2}
Step:2	{"metric": {"dev": {"eval_Metric_time": 0.06352353096008301}}, "step": 2}
Step:2	{"metric": {"dev": {"eval_runtime": 1.5091}}, "step": 2}
Step:2	{"metric": {"dev": {"eval_samples_per_second": 728.9}}, "step": 2}
Step:2	{"metric": {"dev": {"eval_steps_per_second": 11.927}}, "step": 2}
Step:2	{"metric": {"dev": {"epoch": 2.48}}, "step": 2}
Step:2	{"metric": {"dev": {"eval_loss": 4.530838966369629}}, "step": 2}
Step:2	{"metric": {"dev": {"eval_F1_score": 0.22884386169444582}}, "step": 2}
Step:2	{"metric": {"dev": {"eval_Precision": 0.32432432432421476}}, "step": 2}
Step:2	{"metric": {"dev": {"eval_Recall": 0.17679558011046467}}, "step": 2}
Step:2	{"metric": {"dev": {"eval_Metric_time": 0.06311631202697754}}, "step": 2}
Step:2	{"metric": {"dev": {"eval_runtime": 1.5069}}, "step": 2}
Step:2	{"metric": {"dev": {"eval_samples_per_second": 729.954}}, "step": 2}
Step:2	{"metric": {"dev": {"eval_steps_per_second": 11.945}}, "step": 2}
Step:2	{"metric": {"dev": {"epoch": 2.7}}, "step": 2}
Step:2	{"metric": {"dev": {"eval_loss": 4.531130313873291}}, "step": 2}
Step:2	{"metric": {"dev": {"eval_F1_score": 0.2542372880904856}}, "step": 2}
Step:2	{"metric": {"dev": {"eval_Precision": 0.37102473498220107}}, "step": 2}
Step:2	{"metric": {"dev": {"eval_Recall": 0.19337016574582072}}, "step": 2}
Step:2	{"metric": {"dev": {"eval_Metric_time": 0.06305360794067383}}, "step": 2}
Step:2	{"metric": {"dev": {"eval_runtime": 1.5142}}, "step": 2}
Step:2	{"metric": {"dev": {"eval_samples_per_second": 726.442}}, "step": 2}
Step:2	{"metric": {"dev": {"eval_steps_per_second": 11.887}}, "step": 2}
Step:2	{"metric": {"dev": {"epoch": 2.93}}, "step": 2}
Step:3	{"metric": {"dev": {"eval_loss": 4.528406143188477}}, "step": 3}
Step:3	{"metric": {"dev": {"eval_F1_score": 0.29069767437199}}, "step": 3}
Step:3	{"metric": {"dev": {"eval_Precision": 0.39432176656138984}}, "step": 3}
Step:3	{"metric": {"dev": {"eval_Recall": 0.2302025782688342}}, "step": 3}
Step:3	{"metric": {"dev": {"eval_Metric_time": 0.06253981590270996}}, "step": 3}
Step:3	{"metric": {"dev": {"eval_runtime": 1.5056}}, "step": 3}
Step:3	{"metric": {"dev": {"eval_samples_per_second": 730.6}}, "step": 3}
Step:3	{"metric": {"dev": {"eval_steps_per_second": 11.955}}, "step": 3}
Step:3	{"metric": {"dev": {"epoch": 3.15}}, "step": 3}
Step:3	{"metric": {"dev": {"eval_loss": 4.526325702667236}}, "step": 3}
Step:3	{"metric": {"dev": {"eval_F1_score": 0.34891676164033136}}, "step": 3}
Step:3	{"metric": {"dev": {"eval_Precision": 0.45808383233519223}}, "step": 3}
Step:3	{"metric": {"dev": {"eval_Recall": 0.28176795580105307}}, "step": 3}
Step:3	{"metric": {"dev": {"eval_Metric_time": 0.06360650062561035}}, "step": 3}
Step:3	{"metric": {"dev": {"eval_runtime": 1.5128}}, "step": 3}
Step:3	{"metric": {"dev": {"eval_samples_per_second": 727.134}}, "step": 3}
Step:3	{"metric": {"dev": {"eval_steps_per_second": 11.899}}, "step": 3}
Step:3	{"metric": {"dev": {"epoch": 3.38}}, "step": 3}
Step:3	{"metric": {"dev": {"eval_loss": 4.527423858642578}}, "step": 3}
Step:3	{"metric": {"dev": {"eval_F1_score": 0.2936596217541003}}, "step": 3}
Step:3	{"metric": {"dev": {"eval_Precision": 0.37078651685382846}}, "step": 3}
Step:3	{"metric": {"dev": {"eval_Recall": 0.24309392265188892}}, "step": 3}
Step:3	{"metric": {"dev": {"eval_Metric_time": 0.06295037269592285}}, "step": 3}
Step:3	{"metric": {"dev": {"eval_runtime": 1.5119}}, "step": 3}
Step:3	{"metric": {"dev": {"eval_samples_per_second": 727.558}}, "step": 3}
Step:3	{"metric": {"dev": {"eval_steps_per_second": 11.905}}, "step": 3}
Step:3	{"metric": {"dev": {"epoch": 3.6}}, "step": 3}
Step:3	{"metric": {"dev": {"eval_loss": 4.523340702056885}}, "step": 3}
Step:3	{"metric": {"dev": {"eval_F1_score": 0.34722222217544285}}, "step": 3}
Step:3	{"metric": {"dev": {"eval_Precision": 0.46728971962602267}}, "step": 3}
Step:3	{"metric": {"dev": {"eval_Recall": 0.27624309392260105}}, "step": 3}
Step:3	{"metric": {"dev": {"eval_Metric_time": 0.062161922454833984}}, "step": 3}
Step:3	{"metric": {"dev": {"eval_runtime": 1.5062}}, "step": 3}
Step:3	{"metric": {"dev": {"eval_samples_per_second": 730.323}}, "step": 3}
Step:3	{"metric": {"dev": {"eval_steps_per_second": 11.951}}, "step": 3}
Step:3	{"metric": {"dev": {"epoch": 3.83}}, "step": 3}
Step:4	{"metric": {"dev": {"eval_loss": 4.523044109344482}}, "step": 4}
Step:4	{"metric": {"dev": {"eval_F1_score": 0.34945054940234294}}, "step": 4}
Step:4	{"metric": {"dev": {"eval_Precision": 0.43324250681187104}}, "step": 4}
Step:4	{"metric": {"dev": {"eval_Recall": 0.2928176795579571}}, "step": 4}
Step:4	{"metric": {"dev": {"eval_Metric_time": 0.06349849700927734}}, "step": 4}
Step:4	{"metric": {"dev": {"eval_runtime": 1.5061}}, "step": 4}
Step:4	{"metric": {"dev": {"eval_samples_per_second": 730.359}}, "step": 4}
Step:4	{"metric": {"dev": {"eval_steps_per_second": 11.951}}, "step": 4}
Step:4	{"metric": {"dev": {"epoch": 4.05}}, "step": 4}
Step:4	{"metric": {"dev": {"eval_loss": 4.523703575134277}}, "step": 4}
Step:4	{"metric": {"dev": {"eval_F1_score": 0.3640256958827238}}, "step": 4}
Step:4	{"metric": {"dev": {"eval_Precision": 0.434782608695541}}, "step": 4}
Step:4	{"metric": {"dev": {"eval_Recall": 0.3130755064456145}}, "step": 4}
Step:4	{"metric": {"dev": {"eval_Metric_time": 0.06296062469482422}}, "step": 4}
Step:4	{"metric": {"dev": {"eval_runtime": 1.5071}}, "step": 4}
Step:4	{"metric": {"dev": {"eval_samples_per_second": 729.9}}, "step": 4}
Step:4	{"metric": {"dev": {"eval_steps_per_second": 11.944}}, "step": 4}
Step:4	{"metric": {"dev": {"epoch": 4.28}}, "step": 4}
Step:4	{"metric": {"dev": {"eval_loss": 4.521082878112793}}, "step": 4}
Step:4	{"metric": {"dev": {"eval_F1_score": 0.4030172413306729}}, "step": 4}
Step:4	{"metric": {"dev": {"eval_Precision": 0.4857142857141596}}, "step": 4}
Step:4	{"metric": {"dev": {"eval_Recall": 0.34438305709017597}}, "step": 4}
Step:4	{"metric": {"dev": {"eval_Metric_time": 0.0639641284942627}}, "step": 4}
Step:4	{"metric": {"dev": {"eval_runtime": 1.5117}}, "step": 4}
Step:4	{"metric": {"dev": {"eval_samples_per_second": 727.642}}, "step": 4}
Step:4	{"metric": {"dev": {"eval_steps_per_second": 11.907}}, "step": 4}
Step:4	{"metric": {"dev": {"epoch": 4.5}}, "step": 4}
Step:4	{"metric": {"dev": {"eval_loss": 4.521301746368408}}, "step": 4}
Step:4	{"metric": {"dev": {"eval_F1_score": 0.4012806829821285}}, "step": 4}
Step:4	{"metric": {"dev": {"eval_Precision": 0.4771573604059703}}, "step": 4}
Step:4	{"metric": {"dev": {"eval_Recall": 0.34622467771632665}}, "step": 4}
Step:4	{"metric": {"dev": {"eval_Metric_time": 0.06599998474121094}}, "step": 4}
Step:4	{"metric": {"dev": {"eval_runtime": 1.5093}}, "step": 4}
Step:4	{"metric": {"dev": {"eval_samples_per_second": 728.838}}, "step": 4}
Step:4	{"metric": {"dev": {"eval_steps_per_second": 11.926}}, "step": 4}
Step:4	{"metric": {"dev": {"epoch": 4.73}}, "step": 4}
Step:4	{"metric": {"dev": {"eval_loss": 4.5206990242004395}}, "step": 4}
Step:4	{"metric": {"dev": {"eval_F1_score": 0.40126050415258696}}, "step": 4}
Step:4	{"metric": {"dev": {"eval_Precision": 0.4669926650365607}}, "step": 4}
Step:4	{"metric": {"dev": {"eval_Recall": 0.35174953959477867}}, "step": 4}
Step:4	{"metric": {"dev": {"eval_Metric_time": 0.06313061714172363}}, "step": 4}
Step:4	{"metric": {"dev": {"eval_runtime": 1.5063}}, "step": 4}
Step:4	{"metric": {"dev": {"eval_samples_per_second": 730.267}}, "step": 4}
Step:4	{"metric": {"dev": {"eval_steps_per_second": 11.95}}, "step": 4}
Step:4	{"metric": {"dev": {"epoch": 4.95}}, "step": 4}
Step:5	{"metric": {"dev": {"eval_loss": 4.522740364074707}}, "step": 5}
Step:5	{"metric": {"dev": {"eval_F1_score": 0.38297872335468075}}, "step": 5}
Step:5	{"metric": {"dev": {"eval_Precision": 0.4256756756755798}}, "step": 5}
Step:5	{"metric": {"dev": {"eval_Recall": 0.3480662983424773}}, "step": 5}
Step:5	{"metric": {"dev": {"eval_Metric_time": 0.0631093978881836}}, "step": 5}
Step:5	{"metric": {"dev": {"eval_runtime": 1.5084}}, "step": 5}
Step:5	{"metric": {"dev": {"eval_samples_per_second": 729.228}}, "step": 5}
Step:5	{"metric": {"dev": {"eval_steps_per_second": 11.933}}, "step": 5}
Step:5	{"metric": {"dev": {"epoch": 5.18}}, "step": 5}
Step:5	{"metric": {"dev": {"eval_loss": 4.5226826667785645}}, "step": 5}
Step:5	{"metric": {"dev": {"eval_F1_score": 0.4068136272048162}}, "step": 5}
Step:5	{"metric": {"dev": {"eval_Precision": 0.4461538461537481}}, "step": 5}
Step:5	{"metric": {"dev": {"eval_Recall": 0.3738489871085867}}, "step": 5}
Step:5	{"metric": {"dev": {"eval_Metric_time": 0.0635678768157959}}, "step": 5}
Step:5	{"metric": {"dev": {"eval_runtime": 1.5075}}, "step": 5}
Step:5	{"metric": {"dev": {"eval_samples_per_second": 729.708}}, "step": 5}
Step:5	{"metric": {"dev": {"eval_steps_per_second": 11.941}}, "step": 5}
Step:5	{"metric": {"dev": {"epoch": 5.4}}, "step": 5}
Step:5	{"metric": {"dev": {"eval_loss": 4.5202836990356445}}, "step": 5}
Step:5	{"metric": {"dev": {"eval_F1_score": 0.42355371895891997}}, "step": 5}
Step:5	{"metric": {"dev": {"eval_Precision": 0.48235294117635713}}, "step": 5}
Step:5	{"metric": {"dev": {"eval_Recall": 0.37753222836088807}}, "step": 5}
Step:5	{"metric": {"dev": {"eval_Metric_time": 0.06317663192749023}}, "step": 5}
Step:5	{"metric": {"dev": {"eval_runtime": 1.5097}}, "step": 5}
Step:5	{"metric": {"dev": {"eval_samples_per_second": 728.632}}, "step": 5}
Step:5	{"metric": {"dev": {"eval_steps_per_second": 11.923}}, "step": 5}
Step:5	{"metric": {"dev": {"epoch": 5.63}}, "step": 5}
Step:5	{"metric": {"dev": {"eval_loss": 4.521689414978027}}, "step": 5}
Step:5	{"metric": {"dev": {"eval_F1_score": 0.40782698244289334}}, "step": 5}
Step:5	{"metric": {"dev": {"eval_Precision": 0.46261682242979846}}, "step": 5}
Step:5	{"metric": {"dev": {"eval_Recall": 0.3646408839778334}}, "step": 5}
Step:5	{"metric": {"dev": {"eval_Metric_time": 0.06338644027709961}}, "step": 5}
Step:5	{"metric": {"dev": {"eval_runtime": 1.5099}}, "step": 5}
Step:5	{"metric": {"dev": {"eval_samples_per_second": 728.532}}, "step": 5}
Step:5	{"metric": {"dev": {"eval_steps_per_second": 11.921}}, "step": 5}
Step:5	{"metric": {"dev": {"epoch": 5.85}}, "step": 5}
Step:6	{"metric": {"dev": {"eval_loss": 4.521090030670166}}, "step": 6}
Step:6	{"metric": {"dev": {"eval_F1_score": 0.4065372828922916}}, "step": 6}
Step:6	{"metric": {"dev": {"eval_Precision": 0.4564220183485192}}, "step": 6}
Step:6	{"metric": {"dev": {"eval_Recall": 0.366482504603984}}, "step": 6}
Step:6	{"metric": {"dev": {"eval_Metric_time": 0.06389212608337402}}, "step": 6}
Step:6	{"metric": {"dev": {"eval_runtime": 1.5101}}, "step": 6}
Step:6	{"metric": {"dev": {"eval_samples_per_second": 728.437}}, "step": 6}
Step:6	{"metric": {"dev": {"eval_steps_per_second": 11.92}}, "step": 6}
Step:6	{"metric": {"dev": {"epoch": 6.08}}, "step": 6}
Step:6	{"metric": {"dev": {"eval_loss": 4.521519184112549}}, "step": 6}
Step:6	{"metric": {"dev": {"eval_F1_score": 0.41616161611200225}}, "step": 6}
Step:6	{"metric": {"dev": {"eval_Precision": 0.4608501118567202}}, "step": 6}
Step:6	{"metric": {"dev": {"eval_Recall": 0.37937384898703874}}, "step": 6}
Step:6	{"metric": {"dev": {"eval_Metric_time": 0.06388378143310547}}, "step": 6}
Step:6	{"metric": {"dev": {"eval_runtime": 1.5145}}, "step": 6}
Step:6	{"metric": {"dev": {"eval_samples_per_second": 726.288}}, "step": 6}
Step:6	{"metric": {"dev": {"eval_steps_per_second": 11.885}}, "step": 6}
Step:6	{"metric": {"dev": {"epoch": 6.3}}, "step": 6}
Step:6	{"metric": {"dev": {"eval_loss": 4.522765636444092}}, "step": 6}
Step:6	{"metric": {"dev": {"eval_F1_score": 0.42168674693827535}}, "step": 6}
Step:6	{"metric": {"dev": {"eval_Precision": 0.463576158940295}}, "step": 6}
Step:6	{"metric": {"dev": {"eval_Recall": 0.38674033149164144}}, "step": 6}
Step:6	{"metric": {"dev": {"eval_Metric_time": 0.0636441707611084}}, "step": 6}
Step:6	{"metric": {"dev": {"eval_runtime": 1.5133}}, "step": 6}
Step:6	{"metric": {"dev": {"eval_samples_per_second": 726.91}}, "step": 6}
Step:6	{"metric": {"dev": {"eval_steps_per_second": 11.895}}, "step": 6}
Step:6	{"metric": {"dev": {"epoch": 6.53}}, "step": 6}
Step:6	{"metric": {"dev": {"eval_loss": 4.521167278289795}}, "step": 6}
Step:6	{"metric": {"dev": {"eval_F1_score": 0.4185110663487345}}, "step": 6}
Step:6	{"metric": {"dev": {"eval_Precision": 0.46119733924601747}}, "step": 6}
Step:6	{"metric": {"dev": {"eval_Recall": 0.3830570902393401}}, "step": 6}
Step:6	{"metric": {"dev": {"eval_Metric_time": 0.06496191024780273}}, "step": 6}
Step:6	{"metric": {"dev": {"eval_runtime": 1.5113}}, "step": 6}
Step:6	{"metric": {"dev": {"eval_samples_per_second": 727.835}}, "step": 6}
Step:6	{"metric": {"dev": {"eval_steps_per_second": 11.91}}, "step": 6}
Step:6	{"metric": {"dev": {"epoch": 6.76}}, "step": 6}
Step:6	{"metric": {"dev": {"eval_loss": 4.521264553070068}}, "step": 6}
Step:6	{"metric": {"dev": {"eval_F1_score": 0.42786069646765257}}, "step": 6}
Step:6	{"metric": {"dev": {"eval_Precision": 0.4653679653678647}}, "step": 6}
Step:6	{"metric": {"dev": {"eval_Recall": 0.3959484346223948}}, "step": 6}
Step:6	{"metric": {"dev": {"eval_Metric_time": 0.06389999389648438}}, "step": 6}
Step:6	{"metric": {"dev": {"eval_runtime": 1.5174}}, "step": 6}
Step:6	{"metric": {"dev": {"eval_samples_per_second": 724.936}}, "step": 6}
Step:6	{"metric": {"dev": {"eval_steps_per_second": 11.863}}, "step": 6}
Step:6	{"metric": {"dev": {"epoch": 6.98}}, "step": 6}
Step:7	{"metric": {"dev": {"eval_loss": 4.52267599105835}}, "step": 7}
Step:7	{"metric": {"dev": {"eval_F1_score": 0.41967871480976177}}, "step": 7}
Step:7	{"metric": {"dev": {"eval_Precision": 0.4613686534215317}}, "step": 7}
Step:7	{"metric": {"dev": {"eval_Recall": 0.38489871086549077}}, "step": 7}
Step:7	{"metric": {"dev": {"eval_Metric_time": 0.06549859046936035}}, "step": 7}
Step:7	{"metric": {"dev": {"eval_runtime": 1.515}}, "step": 7}
Step:7	{"metric": {"dev": {"eval_samples_per_second": 726.096}}, "step": 7}
Step:7	{"metric": {"dev": {"eval_steps_per_second": 11.882}}, "step": 7}
Step:7	{"metric": {"dev": {"epoch": 7.21}}, "step": 7}
Step:7	{"metric": {"dev": {"eval_loss": 4.525301933288574}}, "step": 7}
Step:7	{"metric": {"dev": {"eval_F1_score": 0.42685370736513284}}, "step": 7}
Step:7	{"metric": {"dev": {"eval_Precision": 0.46813186813176527}}, "step": 7}
Step:7	{"metric": {"dev": {"eval_Recall": 0.39226519337009347}}, "step": 7}
Step:7	{"metric": {"dev": {"eval_Metric_time": 0.07273077964782715}}, "step": 7}
Step:7	{"metric": {"dev": {"eval_runtime": 1.5373}}, "step": 7}
Step:7	{"metric": {"dev": {"eval_samples_per_second": 715.557}}, "step": 7}
Step:7	{"metric": {"dev": {"eval_steps_per_second": 11.709}}, "step": 7}
Step:7	{"metric": {"dev": {"epoch": 7.43}}, "step": 7}
Step:7	{"metric": {"dev": {"eval_loss": 4.523421764373779}}, "step": 7}
Step:7	{"metric": {"dev": {"eval_F1_score": 0.4431256181499897}}, "step": 7}
Step:7	{"metric": {"dev": {"eval_Precision": 0.47863247863237635}}, "step": 7}
Step:7	{"metric": {"dev": {"eval_Recall": 0.4125230202577509}}, "step": 7}
Step:7	{"metric": {"dev": {"eval_Metric_time": 0.06432271003723145}}, "step": 7}
Step:7	{"metric": {"dev": {"eval_runtime": 1.511}}, "step": 7}
Step:7	{"metric": {"dev": {"eval_samples_per_second": 727.975}}, "step": 7}
Step:7	{"metric": {"dev": {"eval_steps_per_second": 11.912}}, "step": 7}
Step:7	{"metric": {"dev": {"epoch": 7.66}}, "step": 7}
Step:7	{"metric": {"dev": {"eval_loss": 4.523423194885254}}, "step": 7}
Step:7	{"metric": {"dev": {"eval_F1_score": 0.45951416999088474}}, "step": 7}
Step:7	{"metric": {"dev": {"eval_Precision": 0.5101123595504472}}, "step": 7}
Step:7	{"metric": {"dev": {"eval_Recall": 0.4180478821362029}}, "step": 7}
Step:7	{"metric": {"dev": {"eval_Metric_time": 0.06528735160827637}}, "step": 7}
Step:7	{"metric": {"dev": {"eval_runtime": 1.5277}}, "step": 7}
Step:7	{"metric": {"dev": {"eval_samples_per_second": 720.03}}, "step": 7}
Step:7	{"metric": {"dev": {"eval_steps_per_second": 11.782}}, "step": 7}
Step:7	{"metric": {"dev": {"epoch": 7.88}}, "step": 7}
Step:8	{"metric": {"dev": {"eval_loss": 4.526226043701172}}, "step": 8}
Step:8	{"metric": {"dev": {"eval_F1_score": 0.4162537165012493}}, "step": 8}
Step:8	{"metric": {"dev": {"eval_Precision": 0.45064377682393764}}, "step": 8}
Step:8	{"metric": {"dev": {"eval_Recall": 0.38674033149164144}}, "step": 8}
Step:8	{"metric": {"dev": {"eval_Metric_time": 0.06514787673950195}}, "step": 8}
Step:8	{"metric": {"dev": {"eval_runtime": 1.5162}}, "step": 8}
Step:8	{"metric": {"dev": {"eval_samples_per_second": 725.493}}, "step": 8}
Step:8	{"metric": {"dev": {"eval_steps_per_second": 11.872}}, "step": 8}
Step:8	{"metric": {"dev": {"epoch": 8.11}}, "step": 8}
Step:8	{"metric": {"dev": {"eval_loss": 4.523894786834717}}, "step": 8}
Step:8	{"metric": {"dev": {"eval_F1_score": 0.4486540378365939}}, "step": 8}
Step:8	{"metric": {"dev": {"eval_Precision": 0.4891304347825024}}, "step": 8}
Step:8	{"metric": {"dev": {"eval_Recall": 0.41436464088390157}}, "step": 8}
Step:8	{"metric": {"dev": {"eval_Metric_time": 0.07043051719665527}}, "step": 8}
Step:8	{"metric": {"dev": {"eval_runtime": 1.5276}}, "step": 8}
Step:8	{"metric": {"dev": {"eval_samples_per_second": 720.089}}, "step": 8}
Step:8	{"metric": {"dev": {"eval_steps_per_second": 11.783}}, "step": 8}
Step:8	{"metric": {"dev": {"epoch": 8.33}}, "step": 8}
Step:8	{"metric": {"dev": {"eval_loss": 4.526191234588623}}, "step": 8}
Step:8	{"metric": {"dev": {"eval_F1_score": 0.44378109447759967}}, "step": 8}
Step:8	{"metric": {"dev": {"eval_Precision": 0.48268398268387824}}, "step": 8}
Step:8	{"metric": {"dev": {"eval_Recall": 0.4106813996316002}}, "step": 8}
Step:8	{"metric": {"dev": {"eval_Metric_time": 0.06438136100769043}}, "step": 8}
Step:8	{"metric": {"dev": {"eval_runtime": 1.5102}}, "step": 8}
Step:8	{"metric": {"dev": {"eval_samples_per_second": 728.359}}, "step": 8}
Step:8	{"metric": {"dev": {"eval_steps_per_second": 11.919}}, "step": 8}
Step:8	{"metric": {"dev": {"epoch": 8.56}}, "step": 8}
Step:8	{"metric": {"dev": {"eval_loss": 4.526301383972168}}, "step": 8}
Step:8	{"metric": {"dev": {"eval_F1_score": 0.43743842359547863}}, "step": 8}
Step:8	{"metric": {"dev": {"eval_Precision": 0.47033898305074784}}, "step": 8}
Step:8	{"metric": {"dev": {"eval_Recall": 0.40883977900544954}}, "step": 8}
Step:8	{"metric": {"dev": {"eval_Metric_time": 0.0644073486328125}}, "step": 8}
Step:8	{"metric": {"dev": {"eval_runtime": 1.5123}}, "step": 8}
Step:8	{"metric": {"dev": {"eval_samples_per_second": 727.386}}, "step": 8}
Step:8	{"metric": {"dev": {"eval_steps_per_second": 11.903}}, "step": 8}
Step:8	{"metric": {"dev": {"epoch": 8.78}}, "step": 8}
Step:9	{"metric": {"dev": {"eval_loss": 4.5254807472229}}, "step": 9}
Step:9	{"metric": {"dev": {"eval_F1_score": 0.4584584584087459}}, "step": 9}
Step:9	{"metric": {"dev": {"eval_Precision": 0.5021929824560303}}, "step": 9}
Step:9	{"metric": {"dev": {"eval_Recall": 0.42173112338850427}}, "step": 9}
Step:9	{"metric": {"dev": {"eval_Metric_time": 0.06876564025878906}}, "step": 9}
Step:9	{"metric": {"dev": {"eval_runtime": 1.5168}}, "step": 9}
Step:9	{"metric": {"dev": {"eval_samples_per_second": 725.216}}, "step": 9}
Step:9	{"metric": {"dev": {"eval_steps_per_second": 11.867}}, "step": 9}
Step:9	{"metric": {"dev": {"epoch": 9.01}}, "step": 9}
Step:9	{"metric": {"dev": {"eval_loss": 4.5268144607543945}}, "step": 9}
Step:9	{"metric": {"dev": {"eval_F1_score": 0.437623762326434}}, "step": 9}
Step:9	{"metric": {"dev": {"eval_Precision": 0.4732334047108194}}, "step": 9}
Step:9	{"metric": {"dev": {"eval_Recall": 0.40699815837929887}}, "step": 9}
Step:9	{"metric": {"dev": {"eval_Metric_time": 0.0688784122467041}}, "step": 9}
Step:9	{"metric": {"dev": {"eval_runtime": 1.5226}}, "step": 9}
Step:9	{"metric": {"dev": {"eval_samples_per_second": 722.435}}, "step": 9}
Step:9	{"metric": {"dev": {"eval_steps_per_second": 11.822}}, "step": 9}
Step:9	{"metric": {"dev": {"epoch": 9.23}}, "step": 9}
Step:9	{"metric": {"dev": {"eval_loss": 4.526942253112793}}, "step": 9}
Step:9	{"metric": {"dev": {"eval_F1_score": 0.4373757454770682}}, "step": 9}
Step:9	{"metric": {"dev": {"eval_Precision": 0.4751619870409341}}, "step": 9}
Step:9	{"metric": {"dev": {"eval_Recall": 0.4051565377531482}}, "step": 9}
Step:9	{"metric": {"dev": {"eval_Metric_time": 0.06440496444702148}}, "step": 9}
Step:9	{"metric": {"dev": {"eval_runtime": 1.5145}}, "step": 9}
Step:9	{"metric": {"dev": {"eval_samples_per_second": 726.315}}, "step": 9}
Step:9	{"metric": {"dev": {"eval_steps_per_second": 11.885}}, "step": 9}
Step:9	{"metric": {"dev": {"epoch": 9.46}}, "step": 9}
Step:9	{"metric": {"dev": {"eval_loss": 4.527159214019775}}, "step": 9}
Step:9	{"metric": {"dev": {"eval_F1_score": 0.4330708660918844}}, "step": 9}
Step:9	{"metric": {"dev": {"eval_Precision": 0.4651162790696691}}, "step": 9}
Step:9	{"metric": {"dev": {"eval_Recall": 0.4051565377531482}}, "step": 9}
Step:9	{"metric": {"dev": {"eval_Metric_time": 0.06351947784423828}}, "step": 9}
Step:9	{"metric": {"dev": {"eval_runtime": 1.513}}, "step": 9}
Step:9	{"metric": {"dev": {"eval_samples_per_second": 727.027}}, "step": 9}
Step:9	{"metric": {"dev": {"eval_steps_per_second": 11.897}}, "step": 9}
Step:9	{"metric": {"dev": {"epoch": 9.68}}, "step": 9}
Step:9	{"metric": {"dev": {"eval_loss": 4.526763916015625}}, "step": 9}
Step:9	{"metric": {"dev": {"eval_F1_score": 0.4331337324851951}}, "step": 9}
Step:9	{"metric": {"dev": {"eval_Precision": 0.4727668845314874}}, "step": 9}
Step:9	{"metric": {"dev": {"eval_Recall": 0.39963167587469617}}, "step": 9}
Step:9	{"metric": {"dev": {"eval_Metric_time": 0.06393575668334961}}, "step": 9}
Step:9	{"metric": {"dev": {"eval_runtime": 1.5117}}, "step": 9}
Step:9	{"metric": {"dev": {"eval_samples_per_second": 727.661}}, "step": 9}
Step:9	{"metric": {"dev": {"eval_steps_per_second": 11.907}}, "step": 9}
Step:9	{"metric": {"dev": {"epoch": 9.91}}, "step": 9}
