Step:0	{"metric": {"dev": {"eval_loss": 4.828444480895996}}, "step": 0}
Step:0	{"metric": {"dev": {"eval_F1_score": 0.0}}, "step": 0}
Step:0	{"metric": {"dev": {"eval_Precision": 0.0}}, "step": 0}
Step:0	{"metric": {"dev": {"eval_Recall": 0.0}}, "step": 0}
Step:0	{"metric": {"dev": {"eval_Metric_time": 0.07247662544250488}}, "step": 0}
Step:0	{"metric": {"dev": {"eval_runtime": 1.426}}, "step": 0}
Step:0	{"metric": {"dev": {"eval_samples_per_second": 771.408}}, "step": 0}
Step:0	{"metric": {"dev": {"eval_steps_per_second": 12.623}}, "step": 0}
Step:0	{"metric": {"dev": {"epoch": 0.23}}, "step": 0}
Step:0	{"metric": {"dev": {"eval_loss": 4.804488658905029}}, "step": 0}
Step:0	{"metric": {"dev": {"eval_F1_score": 0.0}}, "step": 0}
Step:0	{"metric": {"dev": {"eval_Precision": 0.0}}, "step": 0}
Step:0	{"metric": {"dev": {"eval_Recall": 0.0}}, "step": 0}
Step:0	{"metric": {"dev": {"eval_Metric_time": 0.07377052307128906}}, "step": 0}
Step:0	{"metric": {"dev": {"eval_runtime": 1.4249}}, "step": 0}
Step:0	{"metric": {"dev": {"eval_samples_per_second": 771.988}}, "step": 0}
Step:0	{"metric": {"dev": {"eval_steps_per_second": 12.633}}, "step": 0}
Step:0	{"metric": {"dev": {"epoch": 0.45}}, "step": 0}
Step:0	{"metric": {"dev": {"eval_loss": 4.796816349029541}}, "step": 0}
Step:0	{"metric": {"dev": {"eval_F1_score": 0.0}}, "step": 0}
Step:0	{"metric": {"dev": {"eval_Precision": 0.0}}, "step": 0}
Step:0	{"metric": {"dev": {"eval_Recall": 0.0}}, "step": 0}
Step:0	{"metric": {"dev": {"eval_Metric_time": 0.07367062568664551}}, "step": 0}
Step:0	{"metric": {"dev": {"eval_runtime": 1.423}}, "step": 0}
Step:0	{"metric": {"dev": {"eval_samples_per_second": 773.022}}, "step": 0}
Step:0	{"metric": {"dev": {"eval_steps_per_second": 12.649}}, "step": 0}
Step:0	{"metric": {"dev": {"epoch": 0.68}}, "step": 0}
Step:0	{"metric": {"dev": {"eval_loss": 4.792220115661621}}, "step": 0}
Step:0	{"metric": {"dev": {"eval_F1_score": 0.0}}, "step": 0}
Step:0	{"metric": {"dev": {"eval_Precision": 0.0}}, "step": 0}
Step:0	{"metric": {"dev": {"eval_Recall": 0.0}}, "step": 0}
Step:0	{"metric": {"dev": {"eval_Metric_time": 0.0723111629486084}}, "step": 0}
Step:0	{"metric": {"dev": {"eval_runtime": 1.4237}}, "step": 0}
Step:0	{"metric": {"dev": {"eval_samples_per_second": 772.636}}, "step": 0}
Step:0	{"metric": {"dev": {"eval_steps_per_second": 12.643}}, "step": 0}
Step:0	{"metric": {"dev": {"epoch": 0.9}}, "step": 0}
Step:1	{"metric": {"dev": {"eval_loss": 4.789740085601807}}, "step": 1}
Step:1	{"metric": {"dev": {"eval_F1_score": 0.0}}, "step": 1}
Step:1	{"metric": {"dev": {"eval_Precision": 0.0}}, "step": 1}
Step:1	{"metric": {"dev": {"eval_Recall": 0.0}}, "step": 1}
Step:1	{"metric": {"dev": {"eval_Metric_time": 0.06834268569946289}}, "step": 1}
Step:1	{"metric": {"dev": {"eval_runtime": 1.4198}}, "step": 1}
Step:1	{"metric": {"dev": {"eval_samples_per_second": 774.773}}, "step": 1}
Step:1	{"metric": {"dev": {"eval_steps_per_second": 12.678}}, "step": 1}
Step:1	{"metric": {"dev": {"epoch": 1.13}}, "step": 1}
Step:1	{"metric": {"dev": {"eval_loss": 4.784433364868164}}, "step": 1}
Step:1	{"metric": {"dev": {"eval_F1_score": 0.0}}, "step": 1}
Step:1	{"metric": {"dev": {"eval_Precision": 0.0}}, "step": 1}
Step:1	{"metric": {"dev": {"eval_Recall": 0.0}}, "step": 1}
Step:1	{"metric": {"dev": {"eval_Metric_time": 0.07147860527038574}}, "step": 1}
Step:1	{"metric": {"dev": {"eval_runtime": 1.4218}}, "step": 1}
Step:1	{"metric": {"dev": {"eval_samples_per_second": 773.661}}, "step": 1}
Step:1	{"metric": {"dev": {"eval_steps_per_second": 12.66}}, "step": 1}
Step:1	{"metric": {"dev": {"epoch": 1.35}}, "step": 1}
Step:1	{"metric": {"dev": {"eval_loss": 4.785698413848877}}, "step": 1}
Step:1	{"metric": {"dev": {"eval_F1_score": 0.0}}, "step": 1}
Step:1	{"metric": {"dev": {"eval_Precision": 0.0}}, "step": 1}
Step:1	{"metric": {"dev": {"eval_Recall": 0.0}}, "step": 1}
Step:1	{"metric": {"dev": {"eval_Metric_time": 0.07073283195495605}}, "step": 1}
Step:1	{"metric": {"dev": {"eval_runtime": 1.421}}, "step": 1}
Step:1	{"metric": {"dev": {"eval_samples_per_second": 774.128}}, "step": 1}
Step:1	{"metric": {"dev": {"eval_steps_per_second": 12.668}}, "step": 1}
Step:1	{"metric": {"dev": {"epoch": 1.58}}, "step": 1}
Step:1	{"metric": {"dev": {"eval_loss": 4.787391662597656}}, "step": 1}
Step:1	{"metric": {"dev": {"eval_F1_score": 0.0}}, "step": 1}
Step:1	{"metric": {"dev": {"eval_Precision": 0.0}}, "step": 1}
Step:1	{"metric": {"dev": {"eval_Recall": 0.0}}, "step": 1}
Step:1	{"metric": {"dev": {"eval_Metric_time": 0.07450199127197266}}, "step": 1}
Step:1	{"metric": {"dev": {"eval_runtime": 1.4234}}, "step": 1}
Step:1	{"metric": {"dev": {"eval_samples_per_second": 772.82}}, "step": 1}
Step:1	{"metric": {"dev": {"eval_steps_per_second": 12.646}}, "step": 1}
Step:1	{"metric": {"dev": {"epoch": 1.8}}, "step": 1}
Step:2	{"metric": {"dev": {"eval_loss": 4.782470703125}}, "step": 2}
Step:2	{"metric": {"dev": {"eval_F1_score": 0.0}}, "step": 2}
Step:2	{"metric": {"dev": {"eval_Precision": 0.0}}, "step": 2}
Step:2	{"metric": {"dev": {"eval_Recall": 0.0}}, "step": 2}
Step:2	{"metric": {"dev": {"eval_Metric_time": 0.07407140731811523}}, "step": 2}
Step:2	{"metric": {"dev": {"eval_runtime": 1.4225}}, "step": 2}
Step:2	{"metric": {"dev": {"eval_samples_per_second": 773.262}}, "step": 2}
Step:2	{"metric": {"dev": {"eval_steps_per_second": 12.653}}, "step": 2}
Step:2	{"metric": {"dev": {"epoch": 2.03}}, "step": 2}
Step:2	{"metric": {"dev": {"eval_loss": 4.779250144958496}}, "step": 2}
Step:2	{"metric": {"dev": {"eval_F1_score": 0.0}}, "step": 2}
Step:2	{"metric": {"dev": {"eval_Precision": 0.0}}, "step": 2}
Step:2	{"metric": {"dev": {"eval_Recall": 0.0}}, "step": 2}
Step:2	{"metric": {"dev": {"eval_Metric_time": 0.07360601425170898}}, "step": 2}
Step:2	{"metric": {"dev": {"eval_runtime": 1.4261}}, "step": 2}
Step:2	{"metric": {"dev": {"eval_samples_per_second": 771.335}}, "step": 2}
Step:2	{"metric": {"dev": {"eval_steps_per_second": 12.622}}, "step": 2}
Step:2	{"metric": {"dev": {"epoch": 2.25}}, "step": 2}
Step:2	{"metric": {"dev": {"eval_loss": 4.777172565460205}}, "step": 2}
Step:2	{"metric": {"dev": {"eval_F1_score": 0.0}}, "step": 2}
Step:2	{"metric": {"dev": {"eval_Precision": 0.0}}, "step": 2}
Step:2	{"metric": {"dev": {"eval_Recall": 0.0}}, "step": 2}
Step:2	{"metric": {"dev": {"eval_Metric_time": 0.07312130928039551}}, "step": 2}
Step:2	{"metric": {"dev": {"eval_runtime": 1.4262}}, "step": 2}
Step:2	{"metric": {"dev": {"eval_samples_per_second": 771.258}}, "step": 2}
Step:2	{"metric": {"dev": {"eval_steps_per_second": 12.621}}, "step": 2}
Step:2	{"metric": {"dev": {"epoch": 2.48}}, "step": 2}
Step:2	{"metric": {"dev": {"eval_loss": 4.7822136878967285}}, "step": 2}
Step:2	{"metric": {"dev": {"eval_F1_score": 0.0}}, "step": 2}
Step:2	{"metric": {"dev": {"eval_Precision": 0.0}}, "step": 2}
Step:2	{"metric": {"dev": {"eval_Recall": 0.0}}, "step": 2}
Step:2	{"metric": {"dev": {"eval_Metric_time": 0.07300806045532227}}, "step": 2}
Step:2	{"metric": {"dev": {"eval_runtime": 1.427}}, "step": 2}
Step:2	{"metric": {"dev": {"eval_samples_per_second": 770.846}}, "step": 2}
Step:2	{"metric": {"dev": {"eval_steps_per_second": 12.614}}, "step": 2}
Step:2	{"metric": {"dev": {"epoch": 2.7}}, "step": 2}
Step:2	{"metric": {"dev": {"eval_loss": 4.783077716827393}}, "step": 2}
Step:2	{"metric": {"dev": {"eval_F1_score": 0.0}}, "step": 2}
Step:2	{"metric": {"dev": {"eval_Precision": 0.0}}, "step": 2}
Step:2	{"metric": {"dev": {"eval_Recall": 0.0}}, "step": 2}
Step:2	{"metric": {"dev": {"eval_Metric_time": 0.0728447437286377}}, "step": 2}
Step:2	{"metric": {"dev": {"eval_runtime": 1.4252}}, "step": 2}
Step:2	{"metric": {"dev": {"eval_samples_per_second": 771.813}}, "step": 2}
Step:2	{"metric": {"dev": {"eval_steps_per_second": 12.63}}, "step": 2}
Step:2	{"metric": {"dev": {"epoch": 2.93}}, "step": 2}
Step:3	{"metric": {"dev": {"eval_loss": 4.792348384857178}}, "step": 3}
Step:3	{"metric": {"dev": {"eval_F1_score": 0.0}}, "step": 3}
Step:3	{"metric": {"dev": {"eval_Precision": 0.0}}, "step": 3}
Step:3	{"metric": {"dev": {"eval_Recall": 0.0}}, "step": 3}
Step:3	{"metric": {"dev": {"eval_Metric_time": 0.0694577693939209}}, "step": 3}
Step:3	{"metric": {"dev": {"eval_runtime": 1.4222}}, "step": 3}
Step:3	{"metric": {"dev": {"eval_samples_per_second": 773.476}}, "step": 3}
Step:3	{"metric": {"dev": {"eval_steps_per_second": 12.657}}, "step": 3}
Step:3	{"metric": {"dev": {"epoch": 3.15}}, "step": 3}
Step:3	{"metric": {"dev": {"eval_loss": 4.7903337478637695}}, "step": 3}
Step:3	{"metric": {"dev": {"eval_F1_score": 0.0}}, "step": 3}
Step:3	{"metric": {"dev": {"eval_Precision": 0.0}}, "step": 3}
Step:3	{"metric": {"dev": {"eval_Recall": 0.0}}, "step": 3}
Step:3	{"metric": {"dev": {"eval_Metric_time": 0.0686943531036377}}, "step": 3}
Step:3	{"metric": {"dev": {"eval_runtime": 1.4247}}, "step": 3}
Step:3	{"metric": {"dev": {"eval_samples_per_second": 772.091}}, "step": 3}
Step:3	{"metric": {"dev": {"eval_steps_per_second": 12.634}}, "step": 3}
Step:3	{"metric": {"dev": {"epoch": 3.38}}, "step": 3}
Step:3	{"metric": {"dev": {"eval_loss": 4.7820563316345215}}, "step": 3}
Step:3	{"metric": {"dev": {"eval_F1_score": 0.0}}, "step": 3}
Step:3	{"metric": {"dev": {"eval_Precision": 0.0}}, "step": 3}
Step:3	{"metric": {"dev": {"eval_Recall": 0.0}}, "step": 3}
Step:3	{"metric": {"dev": {"eval_Metric_time": 0.07320547103881836}}, "step": 3}
Step:3	{"metric": {"dev": {"eval_runtime": 1.4224}}, "step": 3}
Step:3	{"metric": {"dev": {"eval_samples_per_second": 773.342}}, "step": 3}
Step:3	{"metric": {"dev": {"eval_steps_per_second": 12.655}}, "step": 3}
Step:3	{"metric": {"dev": {"epoch": 3.6}}, "step": 3}
Step:3	{"metric": {"dev": {"eval_loss": 4.778987884521484}}, "step": 3}
Step:3	{"metric": {"dev": {"eval_F1_score": 0.0}}, "step": 3}
Step:3	{"metric": {"dev": {"eval_Precision": 0.0}}, "step": 3}
Step:3	{"metric": {"dev": {"eval_Recall": 0.0}}, "step": 3}
Step:3	{"metric": {"dev": {"eval_Metric_time": 0.07313847541809082}}, "step": 3}
Step:3	{"metric": {"dev": {"eval_runtime": 1.4236}}, "step": 3}
Step:3	{"metric": {"dev": {"eval_samples_per_second": 772.682}}, "step": 3}
Step:3	{"metric": {"dev": {"eval_steps_per_second": 12.644}}, "step": 3}
Step:3	{"metric": {"dev": {"epoch": 3.83}}, "step": 3}
Step:4	{"metric": {"dev": {"eval_loss": 4.788299560546875}}, "step": 4}
Step:4	{"metric": {"dev": {"eval_F1_score": 0.0}}, "step": 4}
Step:4	{"metric": {"dev": {"eval_Precision": 0.0}}, "step": 4}
Step:4	{"metric": {"dev": {"eval_Recall": 0.0}}, "step": 4}
Step:4	{"metric": {"dev": {"eval_Metric_time": 0.07290196418762207}}, "step": 4}
Step:4	{"metric": {"dev": {"eval_runtime": 1.428}}, "step": 4}
Step:4	{"metric": {"dev": {"eval_samples_per_second": 770.325}}, "step": 4}
Step:4	{"metric": {"dev": {"eval_steps_per_second": 12.605}}, "step": 4}
Step:4	{"metric": {"dev": {"epoch": 4.05}}, "step": 4}
Step:4	{"metric": {"dev": {"eval_loss": 4.788849830627441}}, "step": 4}
Step:4	{"metric": {"dev": {"eval_F1_score": 0.0}}, "step": 4}
Step:4	{"metric": {"dev": {"eval_Precision": 0.0}}, "step": 4}
Step:4	{"metric": {"dev": {"eval_Recall": 0.0}}, "step": 4}
Step:4	{"metric": {"dev": {"eval_Metric_time": 0.0750417709350586}}, "step": 4}
Step:4	{"metric": {"dev": {"eval_runtime": 1.4322}}, "step": 4}
Step:4	{"metric": {"dev": {"eval_samples_per_second": 768.066}}, "step": 4}
Step:4	{"metric": {"dev": {"eval_steps_per_second": 12.568}}, "step": 4}
Step:4	{"metric": {"dev": {"epoch": 4.28}}, "step": 4}
Step:4	{"metric": {"dev": {"eval_loss": 4.7869157791137695}}, "step": 4}
Step:4	{"metric": {"dev": {"eval_F1_score": 0.0}}, "step": 4}
Step:4	{"metric": {"dev": {"eval_Precision": 0.0}}, "step": 4}
Step:4	{"metric": {"dev": {"eval_Recall": 0.0}}, "step": 4}
Step:4	{"metric": {"dev": {"eval_Metric_time": 0.07208585739135742}}, "step": 4}
Step:4	{"metric": {"dev": {"eval_runtime": 1.43}}, "step": 4}
Step:4	{"metric": {"dev": {"eval_samples_per_second": 769.248}}, "step": 4}
Step:4	{"metric": {"dev": {"eval_steps_per_second": 12.588}}, "step": 4}
Step:4	{"metric": {"dev": {"epoch": 4.5}}, "step": 4}
Step:4	{"metric": {"dev": {"eval_loss": 4.7918925285339355}}, "step": 4}
Step:4	{"metric": {"dev": {"eval_F1_score": 0.0}}, "step": 4}
Step:4	{"metric": {"dev": {"eval_Precision": 0.0}}, "step": 4}
Step:4	{"metric": {"dev": {"eval_Recall": 0.0}}, "step": 4}
Step:4	{"metric": {"dev": {"eval_Metric_time": 0.07392358779907227}}, "step": 4}
Step:4	{"metric": {"dev": {"eval_runtime": 1.4276}}, "step": 4}
Step:4	{"metric": {"dev": {"eval_samples_per_second": 770.528}}, "step": 4}
Step:4	{"metric": {"dev": {"eval_steps_per_second": 12.609}}, "step": 4}
Step:4	{"metric": {"dev": {"epoch": 4.73}}, "step": 4}
Step:4	{"metric": {"dev": {"eval_loss": 4.796909332275391}}, "step": 4}
Step:4	{"metric": {"dev": {"eval_F1_score": 0.0}}, "step": 4}
Step:4	{"metric": {"dev": {"eval_Precision": 0.0}}, "step": 4}
Step:4	{"metric": {"dev": {"eval_Recall": 0.0}}, "step": 4}
Step:4	{"metric": {"dev": {"eval_Metric_time": 0.07425689697265625}}, "step": 4}
Step:4	{"metric": {"dev": {"eval_runtime": 1.4334}}, "step": 4}
Step:4	{"metric": {"dev": {"eval_samples_per_second": 767.416}}, "step": 4}
Step:4	{"metric": {"dev": {"eval_steps_per_second": 12.558}}, "step": 4}
Step:4	{"metric": {"dev": {"epoch": 4.95}}, "step": 4}
Step:5	{"metric": {"dev": {"eval_loss": 4.800713062286377}}, "step": 5}
Step:5	{"metric": {"dev": {"eval_F1_score": 0.0}}, "step": 5}
Step:5	{"metric": {"dev": {"eval_Precision": 0.0}}, "step": 5}
Step:5	{"metric": {"dev": {"eval_Recall": 0.0}}, "step": 5}
Step:5	{"metric": {"dev": {"eval_Metric_time": 0.07177352905273438}}, "step": 5}
Step:5	{"metric": {"dev": {"eval_runtime": 1.428}}, "step": 5}
Step:5	{"metric": {"dev": {"eval_samples_per_second": 770.306}}, "step": 5}
Step:5	{"metric": {"dev": {"eval_steps_per_second": 12.605}}, "step": 5}
Step:5	{"metric": {"dev": {"epoch": 5.18}}, "step": 5}
Step:5	{"metric": {"dev": {"eval_loss": 4.804258346557617}}, "step": 5}
Step:5	{"metric": {"dev": {"eval_F1_score": 0.0}}, "step": 5}
Step:5	{"metric": {"dev": {"eval_Precision": 0.0}}, "step": 5}
Step:5	{"metric": {"dev": {"eval_Recall": 0.0}}, "step": 5}
Step:5	{"metric": {"dev": {"eval_Metric_time": 0.07372355461120605}}, "step": 5}
Step:5	{"metric": {"dev": {"eval_runtime": 1.4248}}, "step": 5}
Step:5	{"metric": {"dev": {"eval_samples_per_second": 772.06}}, "step": 5}
Step:5	{"metric": {"dev": {"eval_steps_per_second": 12.634}}, "step": 5}
Step:5	{"metric": {"dev": {"epoch": 5.4}}, "step": 5}
Step:5	{"metric": {"dev": {"eval_loss": 4.803234577178955}}, "step": 5}
Step:5	{"metric": {"dev": {"eval_F1_score": 0.0}}, "step": 5}
Step:5	{"metric": {"dev": {"eval_Precision": 0.0}}, "step": 5}
Step:5	{"metric": {"dev": {"eval_Recall": 0.0}}, "step": 5}
Step:5	{"metric": {"dev": {"eval_Metric_time": 0.07271718978881836}}, "step": 5}
Step:5	{"metric": {"dev": {"eval_runtime": 1.4244}}, "step": 5}
Step:5	{"metric": {"dev": {"eval_samples_per_second": 772.272}}, "step": 5}
Step:5	{"metric": {"dev": {"eval_steps_per_second": 12.637}}, "step": 5}
Step:5	{"metric": {"dev": {"epoch": 5.63}}, "step": 5}
Step:5	{"metric": {"dev": {"eval_loss": 4.806526184082031}}, "step": 5}
Step:5	{"metric": {"dev": {"eval_F1_score": 0.0}}, "step": 5}
Step:5	{"metric": {"dev": {"eval_Precision": 0.0}}, "step": 5}
Step:5	{"metric": {"dev": {"eval_Recall": 0.0}}, "step": 5}
Step:5	{"metric": {"dev": {"eval_Metric_time": 0.06950712203979492}}, "step": 5}
Step:5	{"metric": {"dev": {"eval_runtime": 1.4218}}, "step": 5}
Step:5	{"metric": {"dev": {"eval_samples_per_second": 773.678}}, "step": 5}
Step:5	{"metric": {"dev": {"eval_steps_per_second": 12.66}}, "step": 5}
Step:5	{"metric": {"dev": {"epoch": 5.85}}, "step": 5}
Step:6	{"metric": {"dev": {"eval_loss": 4.798445701599121}}, "step": 6}
Step:6	{"metric": {"dev": {"eval_F1_score": 0.0}}, "step": 6}
Step:6	{"metric": {"dev": {"eval_Precision": 0.0}}, "step": 6}
Step:6	{"metric": {"dev": {"eval_Recall": 0.0}}, "step": 6}
Step:6	{"metric": {"dev": {"eval_Metric_time": 0.07141852378845215}}, "step": 6}
Step:6	{"metric": {"dev": {"eval_runtime": 1.4211}}, "step": 6}
Step:6	{"metric": {"dev": {"eval_samples_per_second": 774.047}}, "step": 6}
Step:6	{"metric": {"dev": {"eval_steps_per_second": 12.666}}, "step": 6}
Step:6	{"metric": {"dev": {"epoch": 6.08}}, "step": 6}
Step:6	{"metric": {"dev": {"eval_loss": 4.812623500823975}}, "step": 6}
Step:6	{"metric": {"dev": {"eval_F1_score": 0.0}}, "step": 6}
Step:6	{"metric": {"dev": {"eval_Precision": 0.0}}, "step": 6}
Step:6	{"metric": {"dev": {"eval_Recall": 0.0}}, "step": 6}
Step:6	{"metric": {"dev": {"eval_Metric_time": 0.07416820526123047}}, "step": 6}
Step:6	{"metric": {"dev": {"eval_runtime": 1.4267}}, "step": 6}
Step:6	{"metric": {"dev": {"eval_samples_per_second": 771.03}}, "step": 6}
Step:6	{"metric": {"dev": {"eval_steps_per_second": 12.617}}, "step": 6}
Step:6	{"metric": {"dev": {"epoch": 6.3}}, "step": 6}
Step:6	{"metric": {"dev": {"eval_loss": 4.809474468231201}}, "step": 6}
Step:6	{"metric": {"dev": {"eval_F1_score": 0.0}}, "step": 6}
Step:6	{"metric": {"dev": {"eval_Precision": 0.0}}, "step": 6}
Step:6	{"metric": {"dev": {"eval_Recall": 0.0}}, "step": 6}
Step:6	{"metric": {"dev": {"eval_Metric_time": 0.07455563545227051}}, "step": 6}
Step:6	{"metric": {"dev": {"eval_runtime": 1.426}}, "step": 6}
Step:6	{"metric": {"dev": {"eval_samples_per_second": 771.372}}, "step": 6}
Step:6	{"metric": {"dev": {"eval_steps_per_second": 12.622}}, "step": 6}
Step:6	{"metric": {"dev": {"epoch": 6.53}}, "step": 6}
Step:6	{"metric": {"dev": {"eval_loss": 4.8141913414001465}}, "step": 6}
Step:6	{"metric": {"dev": {"eval_F1_score": 0.0}}, "step": 6}
Step:6	{"metric": {"dev": {"eval_Precision": 0.0}}, "step": 6}
Step:6	{"metric": {"dev": {"eval_Recall": 0.0}}, "step": 6}
Step:6	{"metric": {"dev": {"eval_Metric_time": 0.06953644752502441}}, "step": 6}
Step:6	{"metric": {"dev": {"eval_runtime": 1.4218}}, "step": 6}
Step:6	{"metric": {"dev": {"eval_samples_per_second": 773.641}}, "step": 6}
Step:6	{"metric": {"dev": {"eval_steps_per_second": 12.66}}, "step": 6}
Step:6	{"metric": {"dev": {"epoch": 6.76}}, "step": 6}
Step:6	{"metric": {"dev": {"eval_loss": 4.817044734954834}}, "step": 6}
Step:6	{"metric": {"dev": {"eval_F1_score": 0.0}}, "step": 6}
Step:6	{"metric": {"dev": {"eval_Precision": 0.0}}, "step": 6}
Step:6	{"metric": {"dev": {"eval_Recall": 0.0}}, "step": 6}
Step:6	{"metric": {"dev": {"eval_Metric_time": 0.06979489326477051}}, "step": 6}
Step:6	{"metric": {"dev": {"eval_runtime": 1.419}}, "step": 6}
Step:6	{"metric": {"dev": {"eval_samples_per_second": 775.18}}, "step": 6}
Step:6	{"metric": {"dev": {"eval_steps_per_second": 12.685}}, "step": 6}
Step:6	{"metric": {"dev": {"epoch": 6.98}}, "step": 6}
Step:7	{"metric": {"dev": {"eval_loss": 4.821728706359863}}, "step": 7}
Step:7	{"metric": {"dev": {"eval_F1_score": 0.0}}, "step": 7}
Step:7	{"metric": {"dev": {"eval_Precision": 0.0}}, "step": 7}
Step:7	{"metric": {"dev": {"eval_Recall": 0.0}}, "step": 7}
Step:7	{"metric": {"dev": {"eval_Metric_time": 0.07332611083984375}}, "step": 7}
Step:7	{"metric": {"dev": {"eval_runtime": 1.4206}}, "step": 7}
Step:7	{"metric": {"dev": {"eval_samples_per_second": 774.303}}, "step": 7}
Step:7	{"metric": {"dev": {"eval_steps_per_second": 12.67}}, "step": 7}
Step:7	{"metric": {"dev": {"epoch": 7.21}}, "step": 7}
Step:7	{"metric": {"dev": {"eval_loss": 4.82436990737915}}, "step": 7}
Step:7	{"metric": {"dev": {"eval_F1_score": 0.0}}, "step": 7}
Step:7	{"metric": {"dev": {"eval_Precision": 0.0}}, "step": 7}
Step:7	{"metric": {"dev": {"eval_Recall": 0.0}}, "step": 7}
Step:7	{"metric": {"dev": {"eval_Metric_time": 0.07442975044250488}}, "step": 7}
Step:7	{"metric": {"dev": {"eval_runtime": 1.4237}}, "step": 7}
Step:7	{"metric": {"dev": {"eval_samples_per_second": 772.627}}, "step": 7}
Step:7	{"metric": {"dev": {"eval_steps_per_second": 12.643}}, "step": 7}
Step:7	{"metric": {"dev": {"epoch": 7.43}}, "step": 7}
Step:7	{"metric": {"dev": {"eval_loss": 4.834108352661133}}, "step": 7}
Step:7	{"metric": {"dev": {"eval_F1_score": 0.0}}, "step": 7}
Step:7	{"metric": {"dev": {"eval_Precision": 0.0}}, "step": 7}
Step:7	{"metric": {"dev": {"eval_Recall": 0.0}}, "step": 7}
Step:7	{"metric": {"dev": {"eval_Metric_time": 0.07136678695678711}}, "step": 7}
Step:7	{"metric": {"dev": {"eval_runtime": 1.4226}}, "step": 7}
Step:7	{"metric": {"dev": {"eval_samples_per_second": 773.235}}, "step": 7}
Step:7	{"metric": {"dev": {"eval_steps_per_second": 12.653}}, "step": 7}
Step:7	{"metric": {"dev": {"epoch": 7.66}}, "step": 7}
Step:7	{"metric": {"dev": {"eval_loss": 4.830449104309082}}, "step": 7}
Step:7	{"metric": {"dev": {"eval_F1_score": 0.0}}, "step": 7}
Step:7	{"metric": {"dev": {"eval_Precision": 0.0}}, "step": 7}
Step:7	{"metric": {"dev": {"eval_Recall": 0.0}}, "step": 7}
Step:7	{"metric": {"dev": {"eval_Metric_time": 0.07286834716796875}}, "step": 7}
Step:7	{"metric": {"dev": {"eval_runtime": 1.4208}}, "step": 7}
Step:7	{"metric": {"dev": {"eval_samples_per_second": 774.215}}, "step": 7}
Step:7	{"metric": {"dev": {"eval_steps_per_second": 12.669}}, "step": 7}
Step:7	{"metric": {"dev": {"epoch": 7.88}}, "step": 7}
Step:8	{"metric": {"dev": {"eval_loss": 4.831335544586182}}, "step": 8}
Step:8	{"metric": {"dev": {"eval_F1_score": 0.0}}, "step": 8}
Step:8	{"metric": {"dev": {"eval_Precision": 0.0}}, "step": 8}
Step:8	{"metric": {"dev": {"eval_Recall": 0.0}}, "step": 8}
Step:8	{"metric": {"dev": {"eval_Metric_time": 0.07358217239379883}}, "step": 8}
Step:8	{"metric": {"dev": {"eval_runtime": 1.4211}}, "step": 8}
Step:8	{"metric": {"dev": {"eval_samples_per_second": 774.069}}, "step": 8}
Step:8	{"metric": {"dev": {"eval_steps_per_second": 12.667}}, "step": 8}
Step:8	{"metric": {"dev": {"epoch": 8.11}}, "step": 8}
Step:8	{"metric": {"dev": {"eval_loss": 4.835660457611084}}, "step": 8}
Step:8	{"metric": {"dev": {"eval_F1_score": 0.0}}, "step": 8}
Step:8	{"metric": {"dev": {"eval_Precision": 0.0}}, "step": 8}
Step:8	{"metric": {"dev": {"eval_Recall": 0.0}}, "step": 8}
Step:8	{"metric": {"dev": {"eval_Metric_time": 0.06949663162231445}}, "step": 8}
Step:8	{"metric": {"dev": {"eval_runtime": 1.4156}}, "step": 8}
Step:8	{"metric": {"dev": {"eval_samples_per_second": 777.045}}, "step": 8}
Step:8	{"metric": {"dev": {"eval_steps_per_second": 12.715}}, "step": 8}
Step:8	{"metric": {"dev": {"epoch": 8.33}}, "step": 8}
Step:8	{"metric": {"dev": {"eval_loss": 4.839043140411377}}, "step": 8}
Step:8	{"metric": {"dev": {"eval_F1_score": 0.0}}, "step": 8}
Step:8	{"metric": {"dev": {"eval_Precision": 0.0}}, "step": 8}
Step:8	{"metric": {"dev": {"eval_Recall": 0.0}}, "step": 8}
Step:8	{"metric": {"dev": {"eval_Metric_time": 0.07045793533325195}}, "step": 8}
Step:8	{"metric": {"dev": {"eval_runtime": 1.4416}}, "step": 8}
Step:8	{"metric": {"dev": {"eval_samples_per_second": 763.016}}, "step": 8}
Step:8	{"metric": {"dev": {"eval_steps_per_second": 12.486}}, "step": 8}
Step:8	{"metric": {"dev": {"epoch": 8.56}}, "step": 8}
Step:8	{"metric": {"dev": {"eval_loss": 4.84404993057251}}, "step": 8}
Step:8	{"metric": {"dev": {"eval_F1_score": 0.0}}, "step": 8}
Step:8	{"metric": {"dev": {"eval_Precision": 0.0}}, "step": 8}
Step:8	{"metric": {"dev": {"eval_Recall": 0.0}}, "step": 8}
Step:8	{"metric": {"dev": {"eval_Metric_time": 0.0702052116394043}}, "step": 8}
Step:8	{"metric": {"dev": {"eval_runtime": 1.4175}}, "step": 8}
Step:8	{"metric": {"dev": {"eval_samples_per_second": 776.032}}, "step": 8}
Step:8	{"metric": {"dev": {"eval_steps_per_second": 12.699}}, "step": 8}
Step:8	{"metric": {"dev": {"epoch": 8.78}}, "step": 8}
Step:9	{"metric": {"dev": {"eval_loss": 4.843155384063721}}, "step": 9}
Step:9	{"metric": {"dev": {"eval_F1_score": 0.0}}, "step": 9}
Step:9	{"metric": {"dev": {"eval_Precision": 0.0}}, "step": 9}
Step:9	{"metric": {"dev": {"eval_Recall": 0.0}}, "step": 9}
Step:9	{"metric": {"dev": {"eval_Metric_time": 0.07003498077392578}}, "step": 9}
Step:9	{"metric": {"dev": {"eval_runtime": 1.4099}}, "step": 9}
Step:9	{"metric": {"dev": {"eval_samples_per_second": 780.174}}, "step": 9}
Step:9	{"metric": {"dev": {"eval_steps_per_second": 12.766}}, "step": 9}
Step:9	{"metric": {"dev": {"epoch": 9.01}}, "step": 9}
Step:9	{"metric": {"dev": {"eval_loss": 4.846859455108643}}, "step": 9}
Step:9	{"metric": {"dev": {"eval_F1_score": 0.0}}, "step": 9}
Step:9	{"metric": {"dev": {"eval_Precision": 0.0}}, "step": 9}
Step:9	{"metric": {"dev": {"eval_Recall": 0.0}}, "step": 9}
Step:9	{"metric": {"dev": {"eval_Metric_time": 0.07173442840576172}}, "step": 9}
Step:9	{"metric": {"dev": {"eval_runtime": 1.4148}}, "step": 9}
Step:9	{"metric": {"dev": {"eval_samples_per_second": 777.508}}, "step": 9}
Step:9	{"metric": {"dev": {"eval_steps_per_second": 12.723}}, "step": 9}
Step:9	{"metric": {"dev": {"epoch": 9.23}}, "step": 9}
Step:9	{"metric": {"dev": {"eval_loss": 4.850338935852051}}, "step": 9}
Step:9	{"metric": {"dev": {"eval_F1_score": 0.0}}, "step": 9}
Step:9	{"metric": {"dev": {"eval_Precision": 0.0}}, "step": 9}
Step:9	{"metric": {"dev": {"eval_Recall": 0.0}}, "step": 9}
Step:9	{"metric": {"dev": {"eval_Metric_time": 0.07338666915893555}}, "step": 9}
Step:9	{"metric": {"dev": {"eval_runtime": 1.4182}}, "step": 9}
Step:9	{"metric": {"dev": {"eval_samples_per_second": 775.604}}, "step": 9}
Step:9	{"metric": {"dev": {"eval_steps_per_second": 12.692}}, "step": 9}
Step:9	{"metric": {"dev": {"epoch": 9.46}}, "step": 9}
Step:9	{"metric": {"dev": {"eval_loss": 4.847431182861328}}, "step": 9}
Step:9	{"metric": {"dev": {"eval_F1_score": 0.0}}, "step": 9}
Step:9	{"metric": {"dev": {"eval_Precision": 0.0}}, "step": 9}
Step:9	{"metric": {"dev": {"eval_Recall": 0.0}}, "step": 9}
Step:9	{"metric": {"dev": {"eval_Metric_time": 0.06902599334716797}}, "step": 9}
Step:9	{"metric": {"dev": {"eval_runtime": 1.4125}}, "step": 9}
Step:9	{"metric": {"dev": {"eval_samples_per_second": 778.743}}, "step": 9}
Step:9	{"metric": {"dev": {"eval_steps_per_second": 12.743}}, "step": 9}
Step:9	{"metric": {"dev": {"epoch": 9.68}}, "step": 9}
Step:9	{"metric": {"dev": {"eval_loss": 4.848091125488281}}, "step": 9}
Step:9	{"metric": {"dev": {"eval_F1_score": 0.0}}, "step": 9}
Step:9	{"metric": {"dev": {"eval_Precision": 0.0}}, "step": 9}
Step:9	{"metric": {"dev": {"eval_Recall": 0.0}}, "step": 9}
Step:9	{"metric": {"dev": {"eval_Metric_time": 0.06910943984985352}}, "step": 9}
Step:9	{"metric": {"dev": {"eval_runtime": 1.4117}}, "step": 9}
Step:9	{"metric": {"dev": {"eval_samples_per_second": 779.198}}, "step": 9}
Step:9	{"metric": {"dev": {"eval_steps_per_second": 12.751}}, "step": 9}
Step:9	{"metric": {"dev": {"epoch": 9.91}}, "step": 9}
