Step:0	{"metric": {"dev": {"eval_loss": 1.287519931793213}}, "step": 0}
Step:0	{"metric": {"dev": {"eval_F1_score": 0.0}}, "step": 0}
Step:0	{"metric": {"dev": {"eval_Precision": 0.0}}, "step": 0}
Step:0	{"metric": {"dev": {"eval_Recall": 0.0}}, "step": 0}
Step:0	{"metric": {"dev": {"eval_Metric_time": 0.061609506607055664}}, "step": 0}
Step:0	{"metric": {"dev": {"eval_runtime": 1.6588}}, "step": 0}
Step:0	{"metric": {"dev": {"eval_samples_per_second": 663.125}}, "step": 0}
Step:0	{"metric": {"dev": {"eval_steps_per_second": 10.851}}, "step": 0}
Step:0	{"metric": {"dev": {"epoch": 0.23}}, "step": 0}
Step:0	{"metric": {"dev": {"eval_loss": 0.4291011393070221}}, "step": 0}
Step:0	{"metric": {"dev": {"eval_F1_score": 0.0}}, "step": 0}
Step:0	{"metric": {"dev": {"eval_Precision": 0.0}}, "step": 0}
Step:0	{"metric": {"dev": {"eval_Recall": 0.0}}, "step": 0}
Step:0	{"metric": {"dev": {"eval_Metric_time": 0.06368660926818848}}, "step": 0}
Step:0	{"metric": {"dev": {"eval_runtime": 1.6112}}, "step": 0}
Step:0	{"metric": {"dev": {"eval_samples_per_second": 682.708}}, "step": 0}
Step:0	{"metric": {"dev": {"eval_steps_per_second": 11.172}}, "step": 0}
Step:0	{"metric": {"dev": {"epoch": 0.45}}, "step": 0}
Step:0	{"metric": {"dev": {"eval_loss": 0.402057945728302}}, "step": 0}
Step:0	{"metric": {"dev": {"eval_F1_score": 0.0}}, "step": 0}
Step:0	{"metric": {"dev": {"eval_Precision": 0.0}}, "step": 0}
Step:0	{"metric": {"dev": {"eval_Recall": 0.0}}, "step": 0}
Step:0	{"metric": {"dev": {"eval_Metric_time": 0.06323432922363281}}, "step": 0}
Step:0	{"metric": {"dev": {"eval_runtime": 1.6108}}, "step": 0}
Step:0	{"metric": {"dev": {"eval_samples_per_second": 682.876}}, "step": 0}
Step:0	{"metric": {"dev": {"eval_steps_per_second": 11.174}}, "step": 0}
Step:0	{"metric": {"dev": {"epoch": 0.68}}, "step": 0}
Step:0	{"metric": {"dev": {"eval_loss": 0.39903175830841064}}, "step": 0}
Step:0	{"metric": {"dev": {"eval_F1_score": 0.0}}, "step": 0}
Step:0	{"metric": {"dev": {"eval_Precision": 0.0}}, "step": 0}
Step:0	{"metric": {"dev": {"eval_Recall": 0.0}}, "step": 0}
Step:0	{"metric": {"dev": {"eval_Metric_time": 0.06266021728515625}}, "step": 0}
Step:0	{"metric": {"dev": {"eval_runtime": 1.6093}}, "step": 0}
Step:0	{"metric": {"dev": {"eval_samples_per_second": 683.523}}, "step": 0}
Step:0	{"metric": {"dev": {"eval_steps_per_second": 11.185}}, "step": 0}
Step:0	{"metric": {"dev": {"epoch": 0.9}}, "step": 0}
Step:1	{"metric": {"dev": {"eval_loss": 0.39473429322242737}}, "step": 1}
Step:1	{"metric": {"dev": {"eval_F1_score": 0.0}}, "step": 1}
Step:1	{"metric": {"dev": {"eval_Precision": 0.0}}, "step": 1}
Step:1	{"metric": {"dev": {"eval_Recall": 0.0}}, "step": 1}
Step:1	{"metric": {"dev": {"eval_Metric_time": 0.06392049789428711}}, "step": 1}
Step:1	{"metric": {"dev": {"eval_runtime": 1.6161}}, "step": 1}
Step:1	{"metric": {"dev": {"eval_samples_per_second": 680.671}}, "step": 1}
Step:1	{"metric": {"dev": {"eval_steps_per_second": 11.138}}, "step": 1}
Step:1	{"metric": {"dev": {"epoch": 1.13}}, "step": 1}
Step:1	{"metric": {"dev": {"eval_loss": 0.39042386412620544}}, "step": 1}
Step:1	{"metric": {"dev": {"eval_F1_score": 0.0}}, "step": 1}
Step:1	{"metric": {"dev": {"eval_Precision": 0.0}}, "step": 1}
Step:1	{"metric": {"dev": {"eval_Recall": 0.0}}, "step": 1}
Step:1	{"metric": {"dev": {"eval_Metric_time": 0.06112837791442871}}, "step": 1}
Step:1	{"metric": {"dev": {"eval_runtime": 1.6102}}, "step": 1}
Step:1	{"metric": {"dev": {"eval_samples_per_second": 683.151}}, "step": 1}
Step:1	{"metric": {"dev": {"eval_steps_per_second": 11.179}}, "step": 1}
Step:1	{"metric": {"dev": {"epoch": 1.35}}, "step": 1}
Step:1	{"metric": {"dev": {"eval_loss": 0.3912384808063507}}, "step": 1}
Step:1	{"metric": {"dev": {"eval_F1_score": 0.0}}, "step": 1}
Step:1	{"metric": {"dev": {"eval_Precision": 0.0}}, "step": 1}
Step:1	{"metric": {"dev": {"eval_Recall": 0.0}}, "step": 1}
Step:1	{"metric": {"dev": {"eval_Metric_time": 0.0634160041809082}}, "step": 1}
Step:1	{"metric": {"dev": {"eval_runtime": 1.6134}}, "step": 1}
Step:1	{"metric": {"dev": {"eval_samples_per_second": 681.779}}, "step": 1}
Step:1	{"metric": {"dev": {"eval_steps_per_second": 11.156}}, "step": 1}
Step:1	{"metric": {"dev": {"epoch": 1.58}}, "step": 1}
Step:1	{"metric": {"dev": {"eval_loss": 0.3893112540245056}}, "step": 1}
Step:1	{"metric": {"dev": {"eval_F1_score": 0.0}}, "step": 1}
Step:1	{"metric": {"dev": {"eval_Precision": 0.0}}, "step": 1}
Step:1	{"metric": {"dev": {"eval_Recall": 0.0}}, "step": 1}
Step:1	{"metric": {"dev": {"eval_Metric_time": 0.06291484832763672}}, "step": 1}
Step:1	{"metric": {"dev": {"eval_runtime": 1.6097}}, "step": 1}
Step:1	{"metric": {"dev": {"eval_samples_per_second": 683.355}}, "step": 1}
Step:1	{"metric": {"dev": {"eval_steps_per_second": 11.182}}, "step": 1}
Step:1	{"metric": {"dev": {"epoch": 1.8}}, "step": 1}
Step:2	{"metric": {"dev": {"eval_loss": 0.38996243476867676}}, "step": 2}
Step:2	{"metric": {"dev": {"eval_F1_score": 0.0}}, "step": 2}
Step:2	{"metric": {"dev": {"eval_Precision": 0.0}}, "step": 2}
Step:2	{"metric": {"dev": {"eval_Recall": 0.0}}, "step": 2}
Step:2	{"metric": {"dev": {"eval_Metric_time": 0.0623471736907959}}, "step": 2}
Step:2	{"metric": {"dev": {"eval_runtime": 1.6175}}, "step": 2}
Step:2	{"metric": {"dev": {"eval_samples_per_second": 680.071}}, "step": 2}
Step:2	{"metric": {"dev": {"eval_steps_per_second": 11.128}}, "step": 2}
Step:2	{"metric": {"dev": {"epoch": 2.03}}, "step": 2}
Step:2	{"metric": {"dev": {"eval_loss": 0.38992127776145935}}, "step": 2}
Step:2	{"metric": {"dev": {"eval_F1_score": 0.0}}, "step": 2}
Step:2	{"metric": {"dev": {"eval_Precision": 0.0}}, "step": 2}
Step:2	{"metric": {"dev": {"eval_Recall": 0.0}}, "step": 2}
Step:2	{"metric": {"dev": {"eval_Metric_time": 0.06187319755554199}}, "step": 2}
Step:2	{"metric": {"dev": {"eval_runtime": 1.608}}, "step": 2}
Step:2	{"metric": {"dev": {"eval_samples_per_second": 684.088}}, "step": 2}
Step:2	{"metric": {"dev": {"eval_steps_per_second": 11.194}}, "step": 2}
Step:2	{"metric": {"dev": {"epoch": 2.25}}, "step": 2}
Step:2	{"metric": {"dev": {"eval_loss": 0.3889411687850952}}, "step": 2}
Step:2	{"metric": {"dev": {"eval_F1_score": 0.0}}, "step": 2}
Step:2	{"metric": {"dev": {"eval_Precision": 0.0}}, "step": 2}
Step:2	{"metric": {"dev": {"eval_Recall": 0.0}}, "step": 2}
Step:2	{"metric": {"dev": {"eval_Metric_time": 0.06341195106506348}}, "step": 2}
Step:2	{"metric": {"dev": {"eval_runtime": 1.6142}}, "step": 2}
Step:2	{"metric": {"dev": {"eval_samples_per_second": 681.447}}, "step": 2}
Step:2	{"metric": {"dev": {"eval_steps_per_second": 11.151}}, "step": 2}
Step:2	{"metric": {"dev": {"epoch": 2.48}}, "step": 2}
Step:2	{"metric": {"dev": {"eval_loss": 0.3882864713668823}}, "step": 2}
Step:2	{"metric": {"dev": {"eval_F1_score": 0.0}}, "step": 2}
Step:2	{"metric": {"dev": {"eval_Precision": 0.0}}, "step": 2}
Step:2	{"metric": {"dev": {"eval_Recall": 0.0}}, "step": 2}
Step:2	{"metric": {"dev": {"eval_Metric_time": 0.06483149528503418}}, "step": 2}
Step:2	{"metric": {"dev": {"eval_runtime": 1.6165}}, "step": 2}
Step:2	{"metric": {"dev": {"eval_samples_per_second": 680.472}}, "step": 2}
Step:2	{"metric": {"dev": {"eval_steps_per_second": 11.135}}, "step": 2}
Step:2	{"metric": {"dev": {"epoch": 2.7}}, "step": 2}
