Step:0	{"metric": {"dev": {"eval_loss": 2.864370107650757}}, "step": 0}
Step:0	{"metric": {"dev": {"eval_F1_score": 0.023778071293652024}}, "step": 0}
Step:0	{"metric": {"dev": {"eval_Precision": 0.04205607476633549}}, "step": 0}
Step:0	{"metric": {"dev": {"eval_Recall": 0.016574585635356062}}, "step": 0}
Step:0	{"metric": {"dev": {"eval_Metric_time": 0.06264042854309082}}, "step": 0}
Step:0	{"metric": {"dev": {"eval_runtime": 1.4855}}, "step": 0}
Step:0	{"metric": {"dev": {"eval_samples_per_second": 740.494}}, "step": 0}
Step:0	{"metric": {"dev": {"eval_steps_per_second": 12.117}}, "step": 0}
Step:0	{"metric": {"dev": {"epoch": 0.23}}, "step": 0}
Step:0	{"metric": {"dev": {"eval_loss": 2.8119940757751465}}, "step": 0}
Step:0	{"metric": {"dev": {"eval_F1_score": 0.05813953485043647}}, "step": 0}
Step:0	{"metric": {"dev": {"eval_Precision": 0.1379310344826635}}, "step": 0}
Step:0	{"metric": {"dev": {"eval_Recall": 0.036832412523013475}}, "step": 0}
Step:0	{"metric": {"dev": {"eval_Metric_time": 0.061715126037597656}}, "step": 0}
Step:0	{"metric": {"dev": {"eval_runtime": 1.4395}}, "step": 0}
Step:0	{"metric": {"dev": {"eval_samples_per_second": 764.145}}, "step": 0}
Step:0	{"metric": {"dev": {"eval_steps_per_second": 12.504}}, "step": 0}
Step:0	{"metric": {"dev": {"epoch": 0.45}}, "step": 0}
Step:0	{"metric": {"dev": {"eval_loss": 2.795715093612671}}, "step": 0}
Step:0	{"metric": {"dev": {"eval_F1_score": 0.07941176467368297}}, "step": 0}
Step:0	{"metric": {"dev": {"eval_Precision": 0.19708029197065907}}, "step": 0}
Step:0	{"metric": {"dev": {"eval_Recall": 0.04972375690606819}}, "step": 0}
Step:0	{"metric": {"dev": {"eval_Metric_time": 0.06147313117980957}}, "step": 0}
Step:0	{"metric": {"dev": {"eval_runtime": 1.4413}}, "step": 0}
Step:0	{"metric": {"dev": {"eval_samples_per_second": 763.226}}, "step": 0}
Step:0	{"metric": {"dev": {"eval_steps_per_second": 12.489}}, "step": 0}
Step:0	{"metric": {"dev": {"epoch": 0.68}}, "step": 0}
Step:0	{"metric": {"dev": {"eval_loss": 2.793426990509033}}, "step": 0}
Step:0	{"metric": {"dev": {"eval_F1_score": 0.09198423123373388}}, "step": 0}
Step:0	{"metric": {"dev": {"eval_Precision": 0.1605504587155227}}, "step": 0}
Step:0	{"metric": {"dev": {"eval_Recall": 0.06445672191527357}}, "step": 0}
Step:0	{"metric": {"dev": {"eval_Metric_time": 0.06175947189331055}}, "step": 0}
Step:0	{"metric": {"dev": {"eval_runtime": 1.4397}}, "step": 0}
Step:0	{"metric": {"dev": {"eval_samples_per_second": 764.049}}, "step": 0}
Step:0	{"metric": {"dev": {"eval_steps_per_second": 12.503}}, "step": 0}
Step:0	{"metric": {"dev": {"epoch": 0.9}}, "step": 0}
Step:1	{"metric": {"dev": {"eval_loss": 2.7957022190093994}}, "step": 1}
Step:1	{"metric": {"dev": {"eval_F1_score": 0.10281517743397538}}, "step": 1}
Step:1	{"metric": {"dev": {"eval_Precision": 0.15328467153279077}}, "step": 1}
Step:1	{"metric": {"dev": {"eval_Recall": 0.07734806629832829}}, "step": 1}
Step:1	{"metric": {"dev": {"eval_Metric_time": 0.062279462814331055}}, "step": 1}
Step:1	{"metric": {"dev": {"eval_runtime": 1.4368}}, "step": 1}
Step:1	{"metric": {"dev": {"eval_samples_per_second": 765.616}}, "step": 1}
Step:1	{"metric": {"dev": {"eval_steps_per_second": 12.528}}, "step": 1}
Step:1	{"metric": {"dev": {"epoch": 1.13}}, "step": 1}
Step:1	{"metric": {"dev": {"eval_loss": 2.781684637069702}}, "step": 1}
Step:1	{"metric": {"dev": {"eval_F1_score": 0.11197916662520987}}, "step": 1}
Step:1	{"metric": {"dev": {"eval_Precision": 0.1911111111110262}}, "step": 1}
Step:1	{"metric": {"dev": {"eval_Recall": 0.07918968692447896}}, "step": 1}
Step:1	{"metric": {"dev": {"eval_Metric_time": 0.061820030212402344}}, "step": 1}
Step:1	{"metric": {"dev": {"eval_runtime": 1.4332}}, "step": 1}
Step:1	{"metric": {"dev": {"eval_samples_per_second": 767.524}}, "step": 1}
Step:1	{"metric": {"dev": {"eval_steps_per_second": 12.559}}, "step": 1}
Step:1	{"metric": {"dev": {"epoch": 1.35}}, "step": 1}
Step:1	{"metric": {"dev": {"eval_loss": 2.780282735824585}}, "step": 1}
Step:1	{"metric": {"dev": {"eval_F1_score": 0.1357234314556701}}, "step": 1}
Step:1	{"metric": {"dev": {"eval_Precision": 0.22268907563015855}}, "step": 1}
Step:1	{"metric": {"dev": {"eval_Recall": 0.0976058931859857}}, "step": 1}
Step:1	{"metric": {"dev": {"eval_Metric_time": 0.062416791915893555}}, "step": 1}
Step:1	{"metric": {"dev": {"eval_runtime": 1.4407}}, "step": 1}
Step:1	{"metric": {"dev": {"eval_samples_per_second": 763.511}}, "step": 1}
Step:1	{"metric": {"dev": {"eval_steps_per_second": 12.494}}, "step": 1}
Step:1	{"metric": {"dev": {"epoch": 1.58}}, "step": 1}
Step:1	{"metric": {"dev": {"eval_loss": 2.7914373874664307}}, "step": 1}
Step:1	{"metric": {"dev": {"eval_F1_score": 0.09343434339120976}}, "step": 1}
Step:1	{"metric": {"dev": {"eval_Precision": 0.1485943775099805}}, "step": 1}
Step:1	{"metric": {"dev": {"eval_Recall": 0.06813996316757492}}, "step": 1}
Step:1	{"metric": {"dev": {"eval_Metric_time": 0.06220078468322754}}, "step": 1}
Step:1	{"metric": {"dev": {"eval_runtime": 1.4357}}, "step": 1}
Step:1	{"metric": {"dev": {"eval_samples_per_second": 766.194}}, "step": 1}
Step:1	{"metric": {"dev": {"eval_steps_per_second": 12.538}}, "step": 1}
Step:1	{"metric": {"dev": {"epoch": 1.8}}, "step": 1}
Step:2	{"metric": {"dev": {"eval_loss": 2.779672384262085}}, "step": 2}
Step:2	{"metric": {"dev": {"eval_F1_score": 0.1523341522896978}}, "step": 2}
Step:2	{"metric": {"dev": {"eval_Precision": 0.2287822878227938}}, "step": 2}
Step:2	{"metric": {"dev": {"eval_Recall": 0.11418047882134176}}, "step": 2}
Step:2	{"metric": {"dev": {"eval_Metric_time": 0.06210041046142578}}, "step": 2}
Step:2	{"metric": {"dev": {"eval_runtime": 1.4362}}, "step": 2}
Step:2	{"metric": {"dev": {"eval_samples_per_second": 765.925}}, "step": 2}
Step:2	{"metric": {"dev": {"eval_steps_per_second": 12.533}}, "step": 2}
Step:2	{"metric": {"dev": {"epoch": 2.03}}, "step": 2}
Step:2	{"metric": {"dev": {"eval_loss": 2.776090145111084}}, "step": 2}
Step:2	{"metric": {"dev": {"eval_F1_score": 0.1648745519257118}}, "step": 2}
Step:2	{"metric": {"dev": {"eval_Precision": 0.2346938775509406}}, "step": 2}
Step:2	{"metric": {"dev": {"eval_Recall": 0.12707182320439647}}, "step": 2}
Step:2	{"metric": {"dev": {"eval_Metric_time": 0.06239151954650879}}, "step": 2}
Step:2	{"metric": {"dev": {"eval_runtime": 1.4384}}, "step": 2}
Step:2	{"metric": {"dev": {"eval_samples_per_second": 764.732}}, "step": 2}
Step:2	{"metric": {"dev": {"eval_steps_per_second": 12.514}}, "step": 2}
Step:2	{"metric": {"dev": {"epoch": 2.25}}, "step": 2}
Step:2	{"metric": {"dev": {"eval_loss": 2.772012710571289}}, "step": 2}
Step:2	{"metric": {"dev": {"eval_F1_score": 0.1686746987498966}}, "step": 2}
Step:2	{"metric": {"dev": {"eval_Precision": 0.24390243902430528}}, "step": 2}
Step:2	{"metric": {"dev": {"eval_Recall": 0.12891344383054715}}, "step": 2}
Step:2	{"metric": {"dev": {"eval_Metric_time": 0.06230640411376953}}, "step": 2}
Step:2	{"metric": {"dev": {"eval_runtime": 1.4405}}, "step": 2}
Step:2	{"metric": {"dev": {"eval_samples_per_second": 763.625}}, "step": 2}
Step:2	{"metric": {"dev": {"eval_steps_per_second": 12.496}}, "step": 2}
Step:2	{"metric": {"dev": {"epoch": 2.48}}, "step": 2}
Step:2	{"metric": {"dev": {"eval_loss": 2.773646116256714}}, "step": 2}
Step:2	{"metric": {"dev": {"eval_F1_score": 0.19714964365961513}}, "step": 2}
Step:2	{"metric": {"dev": {"eval_Precision": 0.2775919732440543}}, "step": 2}
Step:2	{"metric": {"dev": {"eval_Recall": 0.1528545119705059}}, "step": 2}
Step:2	{"metric": {"dev": {"eval_Metric_time": 0.06199073791503906}}, "step": 2}
Step:2	{"metric": {"dev": {"eval_runtime": 1.4369}}, "step": 2}
Step:2	{"metric": {"dev": {"eval_samples_per_second": 765.555}}, "step": 2}
Step:2	{"metric": {"dev": {"eval_steps_per_second": 12.527}}, "step": 2}
Step:2	{"metric": {"dev": {"epoch": 2.7}}, "step": 2}
Step:2	{"metric": {"dev": {"eval_loss": 2.7713608741760254}}, "step": 2}
Step:2	{"metric": {"dev": {"eval_F1_score": 0.20728929380241723}}, "step": 2}
Step:2	{"metric": {"dev": {"eval_Precision": 0.27164179104469505}}, "step": 2}
Step:2	{"metric": {"dev": {"eval_Recall": 0.1675874769797113}}, "step": 2}
Step:2	{"metric": {"dev": {"eval_Metric_time": 0.06281566619873047}}, "step": 2}
Step:2	{"metric": {"dev": {"eval_runtime": 1.4375}}, "step": 2}
Step:2	{"metric": {"dev": {"eval_samples_per_second": 765.198}}, "step": 2}
Step:2	{"metric": {"dev": {"eval_steps_per_second": 12.521}}, "step": 2}
Step:2	{"metric": {"dev": {"epoch": 2.93}}, "step": 2}
Step:3	{"metric": {"dev": {"eval_loss": 2.775644540786743}}, "step": 3}
Step:3	{"metric": {"dev": {"eval_F1_score": 0.21420765022492355}}, "step": 3}
Step:3	{"metric": {"dev": {"eval_Precision": 0.263440860214983}}, "step": 3}
Step:3	{"metric": {"dev": {"eval_Recall": 0.18047882136276602}}, "step": 3}
Step:3	{"metric": {"dev": {"eval_Metric_time": 0.06304144859313965}}, "step": 3}
Step:3	{"metric": {"dev": {"eval_runtime": 1.4435}}, "step": 3}
Step:3	{"metric": {"dev": {"eval_samples_per_second": 762.034}}, "step": 3}
Step:3	{"metric": {"dev": {"eval_steps_per_second": 12.47}}, "step": 3}
Step:3	{"metric": {"dev": {"epoch": 3.15}}, "step": 3}
Step:3	{"metric": {"dev": {"eval_loss": 2.7725629806518555}}, "step": 3}
Step:3	{"metric": {"dev": {"eval_F1_score": 0.2212086658592886}}, "step": 3}
Step:3	{"metric": {"dev": {"eval_Precision": 0.2904191616765598}}, "step": 3}
Step:3	{"metric": {"dev": {"eval_Recall": 0.17863720073661535}}, "step": 3}
Step:3	{"metric": {"dev": {"eval_Metric_time": 0.06288504600524902}}, "step": 3}
Step:3	{"metric": {"dev": {"eval_runtime": 1.438}}, "step": 3}
Step:3	{"metric": {"dev": {"eval_samples_per_second": 764.959}}, "step": 3}
Step:3	{"metric": {"dev": {"eval_steps_per_second": 12.518}}, "step": 3}
Step:3	{"metric": {"dev": {"epoch": 3.38}}, "step": 3}
Step:3	{"metric": {"dev": {"eval_loss": 2.7724449634552}}, "step": 3}
Step:3	{"metric": {"dev": {"eval_F1_score": 0.22365591392985337}}, "step": 3}
Step:3	{"metric": {"dev": {"eval_Precision": 0.26873385012912954}}, "step": 3}
Step:3	{"metric": {"dev": {"eval_Recall": 0.19152854511967005}}, "step": 3}
Step:3	{"metric": {"dev": {"eval_Metric_time": 0.06293368339538574}}, "step": 3}
Step:3	{"metric": {"dev": {"eval_runtime": 1.4415}}, "step": 3}
Step:3	{"metric": {"dev": {"eval_samples_per_second": 763.104}}, "step": 3}
Step:3	{"metric": {"dev": {"eval_steps_per_second": 12.487}}, "step": 3}
Step:3	{"metric": {"dev": {"epoch": 3.6}}, "step": 3}
Step:3	{"metric": {"dev": {"eval_loss": 2.7659711837768555}}, "step": 3}
Step:3	{"metric": {"dev": {"eval_F1_score": 0.24918032782054428}}, "step": 3}
Step:3	{"metric": {"dev": {"eval_Precision": 0.30645161290314343}}, "step": 3}
Step:3	{"metric": {"dev": {"eval_Recall": 0.2099447513811768}}, "step": 3}
Step:3	{"metric": {"dev": {"eval_Metric_time": 0.06244325637817383}}, "step": 3}
Step:3	{"metric": {"dev": {"eval_runtime": 1.4409}}, "step": 3}
Step:3	{"metric": {"dev": {"eval_samples_per_second": 763.414}}, "step": 3}
Step:3	{"metric": {"dev": {"eval_steps_per_second": 12.492}}, "step": 3}
Step:3	{"metric": {"dev": {"epoch": 3.83}}, "step": 3}
Step:4	{"metric": {"dev": {"eval_loss": 2.7693302631378174}}, "step": 4}
Step:4	{"metric": {"dev": {"eval_F1_score": 0.2436440677476899}}, "step": 4}
Step:4	{"metric": {"dev": {"eval_Precision": 0.2867830423939435}}, "step": 4}
Step:4	{"metric": {"dev": {"eval_Recall": 0.21178637200732747}}, "step": 4}
Step:4	{"metric": {"dev": {"eval_Metric_time": 0.06317353248596191}}, "step": 4}
Step:4	{"metric": {"dev": {"eval_runtime": 1.4394}}, "step": 4}
Step:4	{"metric": {"dev": {"eval_samples_per_second": 764.208}}, "step": 4}
Step:4	{"metric": {"dev": {"eval_steps_per_second": 12.505}}, "step": 4}
Step:4	{"metric": {"dev": {"epoch": 4.05}}, "step": 4}
Step:4	{"metric": {"dev": {"eval_loss": 2.7710845470428467}}, "step": 4}
Step:4	{"metric": {"dev": {"eval_F1_score": 0.2639915522213488}}, "step": 4}
Step:4	{"metric": {"dev": {"eval_Precision": 0.30940594059398285}}, "step": 4}
Step:4	{"metric": {"dev": {"eval_Recall": 0.2302025782688342}}, "step": 4}
Step:4	{"metric": {"dev": {"eval_Metric_time": 0.06303048133850098}}, "step": 4}
Step:4	{"metric": {"dev": {"eval_runtime": 1.4389}}, "step": 4}
Step:4	{"metric": {"dev": {"eval_samples_per_second": 764.46}}, "step": 4}
Step:4	{"metric": {"dev": {"eval_steps_per_second": 12.509}}, "step": 4}
Step:4	{"metric": {"dev": {"epoch": 4.28}}, "step": 4}
Step:4	{"metric": {"dev": {"eval_loss": 2.7693700790405273}}, "step": 4}
Step:4	{"metric": {"dev": {"eval_F1_score": 0.26164079817818664}}, "step": 4}
Step:4	{"metric": {"dev": {"eval_Precision": 0.32869080779935134}}, "step": 4}
Step:4	{"metric": {"dev": {"eval_Recall": 0.21731123388577947}}, "step": 4}
Step:4	{"metric": {"dev": {"eval_Metric_time": 0.06258368492126465}}, "step": 4}
Step:4	{"metric": {"dev": {"eval_runtime": 1.4379}}, "step": 4}
Step:4	{"metric": {"dev": {"eval_samples_per_second": 765.03}}, "step": 4}
Step:4	{"metric": {"dev": {"eval_steps_per_second": 12.519}}, "step": 4}
Step:4	{"metric": {"dev": {"epoch": 4.5}}, "step": 4}
Step:4	{"metric": {"dev": {"eval_loss": 2.7694084644317627}}, "step": 4}
Step:4	{"metric": {"dev": {"eval_F1_score": 0.277608915857235}}, "step": 4}
Step:4	{"metric": {"dev": {"eval_Precision": 0.30855855855848907}}, "step": 4}
Step:4	{"metric": {"dev": {"eval_Recall": 0.25230202578264227}}, "step": 4}
Step:4	{"metric": {"dev": {"eval_Metric_time": 0.06353211402893066}}, "step": 4}
Step:4	{"metric": {"dev": {"eval_runtime": 1.4433}}, "step": 4}
Step:4	{"metric": {"dev": {"eval_samples_per_second": 762.139}}, "step": 4}
Step:4	{"metric": {"dev": {"eval_steps_per_second": 12.471}}, "step": 4}
Step:4	{"metric": {"dev": {"epoch": 4.73}}, "step": 4}
Step:4	{"metric": {"dev": {"eval_loss": 2.770707607269287}}, "step": 4}
Step:4	{"metric": {"dev": {"eval_F1_score": 0.2520833332841421}}, "step": 4}
Step:4	{"metric": {"dev": {"eval_Precision": 0.29016786570736447}}, "step": 4}
Step:4	{"metric": {"dev": {"eval_Recall": 0.2228360957642315}}, "step": 4}
Step:4	{"metric": {"dev": {"eval_Metric_time": 0.06341361999511719}}, "step": 4}
Step:4	{"metric": {"dev": {"eval_runtime": 1.4405}}, "step": 4}
Step:4	{"metric": {"dev": {"eval_samples_per_second": 763.632}}, "step": 4}
Step:4	{"metric": {"dev": {"eval_steps_per_second": 12.496}}, "step": 4}
Step:4	{"metric": {"dev": {"epoch": 4.95}}, "step": 4}
Step:5	{"metric": {"dev": {"eval_loss": 2.7760276794433594}}, "step": 5}
Step:5	{"metric": {"dev": {"eval_F1_score": 0.26841574162548104}}, "step": 5}
Step:5	{"metric": {"dev": {"eval_Precision": 0.2968749999999337}}, "step": 5}
Step:5	{"metric": {"dev": {"eval_Recall": 0.2449355432780396}}, "step": 5}
Step:5	{"metric": {"dev": {"eval_Metric_time": 0.06384015083312988}}, "step": 5}
Step:5	{"metric": {"dev": {"eval_runtime": 1.444}}, "step": 5}
Step:5	{"metric": {"dev": {"eval_samples_per_second": 761.755}}, "step": 5}
Step:5	{"metric": {"dev": {"eval_steps_per_second": 12.465}}, "step": 5}
Step:5	{"metric": {"dev": {"epoch": 5.18}}, "step": 5}
Step:5	{"metric": {"dev": {"eval_loss": 2.7746176719665527}}, "step": 5}
Step:5	{"metric": {"dev": {"eval_F1_score": 0.2651821861852561}}, "step": 5}
Step:5	{"metric": {"dev": {"eval_Precision": 0.294382022471844}}, "step": 5}
Step:5	{"metric": {"dev": {"eval_Recall": 0.24125230202573825}}, "step": 5}
Step:5	{"metric": {"dev": {"eval_Metric_time": 0.06582236289978027}}, "step": 5}
Step:5	{"metric": {"dev": {"eval_runtime": 1.4577}}, "step": 5}
Step:5	{"metric": {"dev": {"eval_samples_per_second": 754.599}}, "step": 5}
Step:5	{"metric": {"dev": {"eval_steps_per_second": 12.348}}, "step": 5}
Step:5	{"metric": {"dev": {"epoch": 5.4}}, "step": 5}
Step:5	{"metric": {"dev": {"eval_loss": 2.774014949798584}}, "step": 5}
Step:5	{"metric": {"dev": {"eval_F1_score": 0.2611336031893054}}, "step": 5}
Step:5	{"metric": {"dev": {"eval_Precision": 0.28988764044937304}}, "step": 5}
Step:5	{"metric": {"dev": {"eval_Recall": 0.2375690607734369}}, "step": 5}
Step:5	{"metric": {"dev": {"eval_Metric_time": 0.06308579444885254}}, "step": 5}
Step:5	{"metric": {"dev": {"eval_runtime": 1.4427}}, "step": 5}
Step:5	{"metric": {"dev": {"eval_samples_per_second": 762.477}}, "step": 5}
Step:5	{"metric": {"dev": {"eval_steps_per_second": 12.477}}, "step": 5}
Step:5	{"metric": {"dev": {"epoch": 5.63}}, "step": 5}
Step:5	{"metric": {"dev": {"eval_loss": 2.7732057571411133}}, "step": 5}
Step:5	{"metric": {"dev": {"eval_F1_score": 0.2614107883324894}}, "step": 5}
Step:5	{"metric": {"dev": {"eval_Precision": 0.29928741092629474}}, "step": 5}
Step:5	{"metric": {"dev": {"eval_Recall": 0.23204419889498487}}, "step": 5}
Step:5	{"metric": {"dev": {"eval_Metric_time": 0.06322503089904785}}, "step": 5}
Step:5	{"metric": {"dev": {"eval_runtime": 1.4371}}, "step": 5}
Step:5	{"metric": {"dev": {"eval_samples_per_second": 765.448}}, "step": 5}
Step:5	{"metric": {"dev": {"eval_steps_per_second": 12.526}}, "step": 5}
Step:5	{"metric": {"dev": {"epoch": 5.85}}, "step": 5}
Step:6	{"metric": {"dev": {"eval_loss": 2.7750871181488037}}, "step": 6}
Step:6	{"metric": {"dev": {"eval_F1_score": 0.2943632567357998}}, "step": 6}
Step:6	{"metric": {"dev": {"eval_Precision": 0.33975903614449643}}, "step": 6}
Step:6	{"metric": {"dev": {"eval_Recall": 0.25966850828724497}}, "step": 6}
Step:6	{"metric": {"dev": {"eval_Metric_time": 0.06414246559143066}}, "step": 6}
Step:6	{"metric": {"dev": {"eval_runtime": 1.4531}}, "step": 6}
Step:6	{"metric": {"dev": {"eval_samples_per_second": 756.978}}, "step": 6}
Step:6	{"metric": {"dev": {"eval_steps_per_second": 12.387}}, "step": 6}
Step:6	{"metric": {"dev": {"epoch": 6.08}}, "step": 6}
Step:6	{"metric": {"dev": {"eval_loss": 2.7827770709991455}}, "step": 6}
Step:6	{"metric": {"dev": {"eval_F1_score": 0.276488395510444}}, "step": 6}
Step:6	{"metric": {"dev": {"eval_Precision": 0.3058035714285032}}, "step": 6}
Step:6	{"metric": {"dev": {"eval_Recall": 0.25230202578264227}}, "step": 6}
Step:6	{"metric": {"dev": {"eval_Metric_time": 0.06748008728027344}}, "step": 6}
Step:6	{"metric": {"dev": {"eval_runtime": 1.4507}}, "step": 6}
Step:6	{"metric": {"dev": {"eval_samples_per_second": 758.255}}, "step": 6}
Step:6	{"metric": {"dev": {"eval_steps_per_second": 12.408}}, "step": 6}
Step:6	{"metric": {"dev": {"epoch": 6.3}}, "step": 6}
Step:6	{"metric": {"dev": {"eval_loss": 2.782378673553467}}, "step": 6}
Step:6	{"metric": {"dev": {"eval_F1_score": 0.2686567163681818}}, "step": 6}
Step:6	{"metric": {"dev": {"eval_Precision": 0.29220779220772897}}, "step": 6}
Step:6	{"metric": {"dev": {"eval_Recall": 0.24861878453034095}}, "step": 6}
Step:6	{"metric": {"dev": {"eval_Metric_time": 0.0634765625}}, "step": 6}
Step:6	{"metric": {"dev": {"eval_runtime": 1.4425}}, "step": 6}
Step:6	{"metric": {"dev": {"eval_samples_per_second": 762.558}}, "step": 6}
Step:6	{"metric": {"dev": {"eval_steps_per_second": 12.478}}, "step": 6}
Step:6	{"metric": {"dev": {"epoch": 6.53}}, "step": 6}
Step:6	{"metric": {"dev": {"eval_loss": 2.778803825378418}}, "step": 6}
Step:6	{"metric": {"dev": {"eval_F1_score": 0.3075313807039983}}, "step": 6}
Step:6	{"metric": {"dev": {"eval_Precision": 0.35593220338974435}}, "step": 6}
Step:6	{"metric": {"dev": {"eval_Recall": 0.270718232044149}}, "step": 6}
Step:6	{"metric": {"dev": {"eval_Metric_time": 0.06346321105957031}}, "step": 6}
Step:6	{"metric": {"dev": {"eval_runtime": 1.4401}}, "step": 6}
Step:6	{"metric": {"dev": {"eval_samples_per_second": 763.83}}, "step": 6}
Step:6	{"metric": {"dev": {"eval_steps_per_second": 12.499}}, "step": 6}
Step:6	{"metric": {"dev": {"epoch": 6.76}}, "step": 6}
Step:6	{"metric": {"dev": {"eval_loss": 2.782013416290283}}, "step": 6}
Step:6	{"metric": {"dev": {"eval_F1_score": 0.2787524365972901}}, "step": 6}
Step:6	{"metric": {"dev": {"eval_Precision": 0.29606625258793046}}, "step": 6}
Step:6	{"metric": {"dev": {"eval_Recall": 0.2633517495395463}}, "step": 6}
Step:6	{"metric": {"dev": {"eval_Metric_time": 0.06345772743225098}}, "step": 6}
Step:6	{"metric": {"dev": {"eval_runtime": 1.4363}}, "step": 6}
Step:6	{"metric": {"dev": {"eval_samples_per_second": 765.831}}, "step": 6}
Step:6	{"metric": {"dev": {"eval_steps_per_second": 12.532}}, "step": 6}
Step:6	{"metric": {"dev": {"epoch": 6.98}}, "step": 6}
Step:7	{"metric": {"dev": {"eval_loss": 2.7854387760162354}}, "step": 7}
Step:7	{"metric": {"dev": {"eval_F1_score": 0.28428428423460655}}, "step": 7}
Step:7	{"metric": {"dev": {"eval_Precision": 0.31140350877186157}}, "step": 7}
Step:7	{"metric": {"dev": {"eval_Recall": 0.26151012891339565}}, "step": 7}
Step:7	{"metric": {"dev": {"eval_Metric_time": 0.06372308731079102}}, "step": 7}
Step:7	{"metric": {"dev": {"eval_runtime": 1.4375}}, "step": 7}
Step:7	{"metric": {"dev": {"eval_samples_per_second": 765.215}}, "step": 7}
Step:7	{"metric": {"dev": {"eval_steps_per_second": 12.522}}, "step": 7}
Step:7	{"metric": {"dev": {"epoch": 7.21}}, "step": 7}
Step:7	{"metric": {"dev": {"eval_loss": 2.7862675189971924}}, "step": 7}
Step:7	{"metric": {"dev": {"eval_F1_score": 0.29666011782835733}}, "step": 7}
Step:7	{"metric": {"dev": {"eval_Precision": 0.31789473684203834}}, "step": 7}
Step:7	{"metric": {"dev": {"eval_Recall": 0.2780847145487517}}, "step": 7}
Step:7	{"metric": {"dev": {"eval_Metric_time": 0.06335639953613281}}, "step": 7}
Step:7	{"metric": {"dev": {"eval_runtime": 1.4405}}, "step": 7}
Step:7	{"metric": {"dev": {"eval_samples_per_second": 763.622}}, "step": 7}
Step:7	{"metric": {"dev": {"eval_steps_per_second": 12.496}}, "step": 7}
Step:7	{"metric": {"dev": {"epoch": 7.43}}, "step": 7}
Step:7	{"metric": {"dev": {"eval_loss": 2.7860071659088135}}, "step": 7}
Step:7	{"metric": {"dev": {"eval_F1_score": 0.2924435720796975}}, "step": 7}
Step:7	{"metric": {"dev": {"eval_Precision": 0.3130252100839679}}, "step": 7}
Step:7	{"metric": {"dev": {"eval_Recall": 0.27440147329645037}}, "step": 7}
Step:7	{"metric": {"dev": {"eval_Metric_time": 0.06312727928161621}}, "step": 7}
Step:7	{"metric": {"dev": {"eval_runtime": 1.4369}}, "step": 7}
Step:7	{"metric": {"dev": {"eval_samples_per_second": 765.557}}, "step": 7}
Step:7	{"metric": {"dev": {"eval_steps_per_second": 12.527}}, "step": 7}
Step:7	{"metric": {"dev": {"epoch": 7.66}}, "step": 7}
Step:7	{"metric": {"dev": {"eval_loss": 2.788468837738037}}, "step": 7}
Step:7	{"metric": {"dev": {"eval_F1_score": 0.28318584065813907}}, "step": 7}
Step:7	{"metric": {"dev": {"eval_Precision": 0.3037974683543663}}, "step": 7}
Step:7	{"metric": {"dev": {"eval_Recall": 0.265193370165697}}, "step": 7}
Step:7	{"metric": {"dev": {"eval_Metric_time": 0.06356596946716309}}, "step": 7}
Step:7	{"metric": {"dev": {"eval_runtime": 1.4399}}, "step": 7}
Step:7	{"metric": {"dev": {"eval_samples_per_second": 763.936}}, "step": 7}
Step:7	{"metric": {"dev": {"eval_steps_per_second": 12.501}}, "step": 7}
Step:7	{"metric": {"dev": {"epoch": 7.88}}, "step": 7}
Step:8	{"metric": {"dev": {"eval_loss": 2.787788152694702}}, "step": 8}
Step:8	{"metric": {"dev": {"eval_F1_score": 0.3182275931024389}}, "step": 8}
Step:8	{"metric": {"dev": {"eval_Precision": 0.3511111111110331}}, "step": 8}
Step:8	{"metric": {"dev": {"eval_Recall": 0.29097605893180645}}, "step": 8}
Step:8	{"metric": {"dev": {"eval_Metric_time": 0.06424427032470703}}, "step": 8}
Step:8	{"metric": {"dev": {"eval_runtime": 1.4657}}, "step": 8}
Step:8	{"metric": {"dev": {"eval_samples_per_second": 750.477}}, "step": 8}
Step:8	{"metric": {"dev": {"eval_steps_per_second": 12.281}}, "step": 8}
Step:8	{"metric": {"dev": {"epoch": 8.11}}, "step": 8}
Step:8	{"metric": {"dev": {"eval_loss": 2.7905707359313965}}, "step": 8}
Step:8	{"metric": {"dev": {"eval_F1_score": 0.31733594510195245}}, "step": 8}
Step:8	{"metric": {"dev": {"eval_Precision": 0.3389121338911425}}, "step": 8}
Step:8	{"metric": {"dev": {"eval_Recall": 0.29834254143640915}}, "step": 8}
Step:8	{"metric": {"dev": {"eval_Metric_time": 0.06348085403442383}}, "step": 8}
Step:8	{"metric": {"dev": {"eval_runtime": 1.4287}}, "step": 8}
Step:8	{"metric": {"dev": {"eval_samples_per_second": 769.915}}, "step": 8}
Step:8	{"metric": {"dev": {"eval_steps_per_second": 12.599}}, "step": 8}
Step:8	{"metric": {"dev": {"epoch": 8.33}}, "step": 8}
Step:8	{"metric": {"dev": {"eval_loss": 2.789081573486328}}, "step": 8}
Step:8	{"metric": {"dev": {"eval_F1_score": 0.31578947363463855}}, "step": 8}
Step:8	{"metric": {"dev": {"eval_Precision": 0.3505617977527302}}, "step": 8}
Step:8	{"metric": {"dev": {"eval_Recall": 0.2872928176795051}}, "step": 8}
Step:8	{"metric": {"dev": {"eval_Metric_time": 0.06346940994262695}}, "step": 8}
Step:8	{"metric": {"dev": {"eval_runtime": 1.4411}}, "step": 8}
Step:8	{"metric": {"dev": {"eval_samples_per_second": 763.305}}, "step": 8}
Step:8	{"metric": {"dev": {"eval_steps_per_second": 12.49}}, "step": 8}
Step:8	{"metric": {"dev": {"epoch": 8.56}}, "step": 8}
Step:8	{"metric": {"dev": {"eval_loss": 2.794038772583008}}, "step": 8}
Step:8	{"metric": {"dev": {"eval_F1_score": 0.29708737859086676}}, "step": 8}
Step:8	{"metric": {"dev": {"eval_Precision": 0.3141683778233441}}, "step": 8}
Step:8	{"metric": {"dev": {"eval_Recall": 0.28176795580105307}}, "step": 8}
Step:8	{"metric": {"dev": {"eval_Metric_time": 0.06419134140014648}}, "step": 8}
Step:8	{"metric": {"dev": {"eval_runtime": 1.44}}, "step": 8}
Step:8	{"metric": {"dev": {"eval_samples_per_second": 763.898}}, "step": 8}
Step:8	{"metric": {"dev": {"eval_steps_per_second": 12.5}}, "step": 8}
Step:8	{"metric": {"dev": {"epoch": 8.78}}, "step": 8}
Step:9	{"metric": {"dev": {"eval_loss": 2.7920050621032715}}, "step": 9}
Step:9	{"metric": {"dev": {"eval_F1_score": 0.31403336599529685}}, "step": 9}
Step:9	{"metric": {"dev": {"eval_Precision": 0.336134453781442}}, "step": 9}
Step:9	{"metric": {"dev": {"eval_Recall": 0.2946593001841078}}, "step": 9}
Step:9	{"metric": {"dev": {"eval_Metric_time": 0.06376051902770996}}, "step": 9}
Step:9	{"metric": {"dev": {"eval_runtime": 1.4304}}, "step": 9}
Step:9	{"metric": {"dev": {"eval_samples_per_second": 768.992}}, "step": 9}
Step:9	{"metric": {"dev": {"eval_steps_per_second": 12.584}}, "step": 9}
Step:9	{"metric": {"dev": {"epoch": 9.01}}, "step": 9}
Step:9	{"metric": {"dev": {"eval_loss": 2.7947399616241455}}, "step": 9}
Step:9	{"metric": {"dev": {"eval_F1_score": 0.30889540561972845}}, "step": 9}
Step:9	{"metric": {"dev": {"eval_Precision": 0.3291666666665981}}, "step": 9}
Step:9	{"metric": {"dev": {"eval_Recall": 0.29097605893180645}}, "step": 9}
Step:9	{"metric": {"dev": {"eval_Metric_time": 0.06369972229003906}}, "step": 9}
Step:9	{"metric": {"dev": {"eval_runtime": 1.4391}}, "step": 9}
Step:9	{"metric": {"dev": {"eval_samples_per_second": 764.367}}, "step": 9}
Step:9	{"metric": {"dev": {"eval_steps_per_second": 12.508}}, "step": 9}
Step:9	{"metric": {"dev": {"epoch": 9.23}}, "step": 9}
Step:9	{"metric": {"dev": {"eval_loss": 2.7961878776550293}}, "step": 9}
Step:9	{"metric": {"dev": {"eval_F1_score": 0.3173652694113659}}, "step": 9}
Step:9	{"metric": {"dev": {"eval_Precision": 0.3464052287580945}}, "step": 9}
Step:9	{"metric": {"dev": {"eval_Recall": 0.2928176795579571}}, "step": 9}
Step:9	{"metric": {"dev": {"eval_Metric_time": 0.0633094310760498}}, "step": 9}
Step:9	{"metric": {"dev": {"eval_runtime": 1.4335}}, "step": 9}
Step:9	{"metric": {"dev": {"eval_samples_per_second": 767.376}}, "step": 9}
Step:9	{"metric": {"dev": {"eval_steps_per_second": 12.557}}, "step": 9}
Step:9	{"metric": {"dev": {"epoch": 9.46}}, "step": 9}
Step:9	{"metric": {"dev": {"eval_loss": 2.796598434448242}}, "step": 9}
Step:9	{"metric": {"dev": {"eval_F1_score": 0.31881188113833875}}, "step": 9}
Step:9	{"metric": {"dev": {"eval_Precision": 0.34475374732326663}}, "step": 9}
Step:9	{"metric": {"dev": {"eval_Recall": 0.2965009208102585}}, "step": 9}
Step:9	{"metric": {"dev": {"eval_Metric_time": 0.0658271312713623}}, "step": 9}
Step:9	{"metric": {"dev": {"eval_runtime": 1.4417}}, "step": 9}
Step:9	{"metric": {"dev": {"eval_samples_per_second": 762.967}}, "step": 9}
Step:9	{"metric": {"dev": {"eval_steps_per_second": 12.485}}, "step": 9}
Step:9	{"metric": {"dev": {"epoch": 9.68}}, "step": 9}
Step:9	{"metric": {"dev": {"eval_loss": 2.796504259109497}}, "step": 9}
Step:9	{"metric": {"dev": {"eval_F1_score": 0.31465093407012895}}, "step": 9}
Step:9	{"metric": {"dev": {"eval_Precision": 0.3375527426159626}}, "step": 9}
Step:9	{"metric": {"dev": {"eval_Recall": 0.2946593001841078}}, "step": 9}
Step:9	{"metric": {"dev": {"eval_Metric_time": 0.06394290924072266}}, "step": 9}
Step:9	{"metric": {"dev": {"eval_runtime": 1.4376}}, "step": 9}
Step:9	{"metric": {"dev": {"eval_samples_per_second": 765.165}}, "step": 9}
Step:9	{"metric": {"dev": {"eval_steps_per_second": 12.521}}, "step": 9}
Step:9	{"metric": {"dev": {"epoch": 9.91}}, "step": 9}
