Step:0	{"metric": {"dev": {"eval_loss": 0.16195154190063477}}, "step": 0}
Step:0	{"metric": {"dev": {"eval_F1_score": 0.0}}, "step": 0}
Step:0	{"metric": {"dev": {"eval_Precision": 0.0}}, "step": 0}
Step:0	{"metric": {"dev": {"eval_Recall": 0.0}}, "step": 0}
Step:0	{"metric": {"dev": {"eval_Metric_time": 0.06300878524780273}}, "step": 0}
Step:0	{"metric": {"dev": {"eval_runtime": 2.1259}}, "step": 0}
Step:0	{"metric": {"dev": {"eval_samples_per_second": 517.42}}, "step": 0}
Step:0	{"metric": {"dev": {"eval_steps_per_second": 8.467}}, "step": 0}
Step:0	{"metric": {"dev": {"epoch": 0.23}}, "step": 0}
Step:0	{"metric": {"dev": {"eval_loss": 0.1237650066614151}}, "step": 0}
Step:0	{"metric": {"dev": {"eval_F1_score": 0.0}}, "step": 0}
Step:0	{"metric": {"dev": {"eval_Precision": 0.0}}, "step": 0}
Step:0	{"metric": {"dev": {"eval_Recall": 0.0}}, "step": 0}
Step:0	{"metric": {"dev": {"eval_Metric_time": 0.06291937828063965}}, "step": 0}
Step:0	{"metric": {"dev": {"eval_runtime": 2.1073}}, "step": 0}
Step:0	{"metric": {"dev": {"eval_samples_per_second": 522.003}}, "step": 0}
Step:0	{"metric": {"dev": {"eval_steps_per_second": 8.542}}, "step": 0}
Step:0	{"metric": {"dev": {"epoch": 0.45}}, "step": 0}
Step:0	{"metric": {"dev": {"eval_loss": 0.096842460334301}}, "step": 0}
Step:0	{"metric": {"dev": {"eval_F1_score": 0.00955414010397937}}, "step": 0}
Step:0	{"metric": {"dev": {"eval_Precision": 0.0352941176470173}}, "step": 0}
Step:0	{"metric": {"dev": {"eval_Recall": 0.005524861878452021}}, "step": 0}
Step:0	{"metric": {"dev": {"eval_Metric_time": 0.06687402725219727}}, "step": 0}
Step:0	{"metric": {"dev": {"eval_runtime": 2.0933}}, "step": 0}
Step:0	{"metric": {"dev": {"eval_samples_per_second": 525.484}}, "step": 0}
Step:0	{"metric": {"dev": {"eval_steps_per_second": 8.599}}, "step": 0}
Step:0	{"metric": {"dev": {"epoch": 0.68}}, "step": 0}
Step:0	{"metric": {"dev": {"eval_loss": 0.08524520695209503}}, "step": 0}
Step:0	{"metric": {"dev": {"eval_F1_score": 0.05014749259346028}}, "step": 0}
Step:0	{"metric": {"dev": {"eval_Precision": 0.12592592592583265}}, "step": 0}
Step:0	{"metric": {"dev": {"eval_Recall": 0.03130755064456145}}, "step": 0}
Step:0	{"metric": {"dev": {"eval_Metric_time": 0.0633234977722168}}, "step": 0}
Step:0	{"metric": {"dev": {"eval_runtime": 2.0913}}, "step": 0}
Step:0	{"metric": {"dev": {"eval_samples_per_second": 525.99}}, "step": 0}
Step:0	{"metric": {"dev": {"eval_steps_per_second": 8.607}}, "step": 0}
Step:0	{"metric": {"dev": {"epoch": 0.9}}, "step": 0}
Step:1	{"metric": {"dev": {"eval_loss": 0.07567334175109863}}, "step": 1}
Step:1	{"metric": {"dev": {"eval_F1_score": 0.05438066462306249}}, "step": 1}
Step:1	{"metric": {"dev": {"eval_Precision": 0.15126050420155357}}, "step": 1}
Step:1	{"metric": {"dev": {"eval_Recall": 0.033149171270712124}}, "step": 1}
Step:1	{"metric": {"dev": {"eval_Metric_time": 0.06402778625488281}}, "step": 1}
Step:1	{"metric": {"dev": {"eval_runtime": 2.0642}}, "step": 1}
Step:1	{"metric": {"dev": {"eval_samples_per_second": 532.888}}, "step": 1}
Step:1	{"metric": {"dev": {"eval_steps_per_second": 8.72}}, "step": 1}
Step:1	{"metric": {"dev": {"epoch": 1.13}}, "step": 1}
Step:1	{"metric": {"dev": {"eval_loss": 0.07019209861755371}}, "step": 1}
Step:1	{"metric": {"dev": {"eval_F1_score": 0.0740740740520847}}, "step": 1}
Step:1	{"metric": {"dev": {"eval_Precision": 0.29487179487141685}}, "step": 1}
Step:1	{"metric": {"dev": {"eval_Recall": 0.04235727440146549}}, "step": 1}
Step:1	{"metric": {"dev": {"eval_Metric_time": 0.06343388557434082}}, "step": 1}
Step:1	{"metric": {"dev": {"eval_runtime": 2.0876}}, "step": 1}
Step:1	{"metric": {"dev": {"eval_samples_per_second": 526.923}}, "step": 1}
Step:1	{"metric": {"dev": {"eval_steps_per_second": 8.622}}, "step": 1}
Step:1	{"metric": {"dev": {"epoch": 1.35}}, "step": 1}
Step:1	{"metric": {"dev": {"eval_loss": 0.06752205640077591}}, "step": 1}
Step:1	{"metric": {"dev": {"eval_F1_score": 0.09162717217147065}}, "step": 1}
Step:1	{"metric": {"dev": {"eval_Precision": 0.3222222222218642}}, "step": 1}
Step:1	{"metric": {"dev": {"eval_Recall": 0.05340699815836954}}, "step": 1}
Step:1	{"metric": {"dev": {"eval_Metric_time": 0.06269311904907227}}, "step": 1}
Step:1	{"metric": {"dev": {"eval_runtime": 2.1032}}, "step": 1}
Step:1	{"metric": {"dev": {"eval_samples_per_second": 523.023}}, "step": 1}
Step:1	{"metric": {"dev": {"eval_steps_per_second": 8.559}}, "step": 1}
Step:1	{"metric": {"dev": {"epoch": 1.58}}, "step": 1}
Step:1	{"metric": {"dev": {"eval_loss": 0.06349936872720718}}, "step": 1}
Step:1	{"metric": {"dev": {"eval_F1_score": 0.13190184046291117}}, "step": 1}
Step:1	{"metric": {"dev": {"eval_Precision": 0.3944954128436748}}, "step": 1}
Step:1	{"metric": {"dev": {"eval_Recall": 0.07918968692447896}}, "step": 1}
Step:1	{"metric": {"dev": {"eval_Metric_time": 0.06298828125}}, "step": 1}
Step:1	{"metric": {"dev": {"eval_runtime": 2.0988}}, "step": 1}
Step:1	{"metric": {"dev": {"eval_samples_per_second": 524.098}}, "step": 1}
Step:1	{"metric": {"dev": {"eval_steps_per_second": 8.576}}, "step": 1}
Step:1	{"metric": {"dev": {"epoch": 1.8}}, "step": 1}
Step:2	{"metric": {"dev": {"eval_loss": 0.06090233474969864}}, "step": 2}
Step:2	{"metric": {"dev": {"eval_F1_score": 0.16176470585012934}}, "step": 2}
Step:2	{"metric": {"dev": {"eval_Precision": 0.40145985401430556}}, "step": 2}
Step:2	{"metric": {"dev": {"eval_Recall": 0.10128913443828705}}, "step": 2}
Step:2	{"metric": {"dev": {"eval_Metric_time": 0.06347084045410156}}, "step": 2}
Step:2	{"metric": {"dev": {"eval_runtime": 2.0887}}, "step": 2}
Step:2	{"metric": {"dev": {"eval_samples_per_second": 526.648}}, "step": 2}
Step:2	{"metric": {"dev": {"eval_steps_per_second": 8.618}}, "step": 2}
Step:2	{"metric": {"dev": {"epoch": 2.03}}, "step": 2}
Step:2	{"metric": {"dev": {"eval_loss": 0.059995394200086594}}, "step": 2}
Step:2	{"metric": {"dev": {"eval_F1_score": 0.2111269614486165}}, "step": 2}
Step:2	{"metric": {"dev": {"eval_Precision": 0.46835443037945046}}, "step": 2}
Step:2	{"metric": {"dev": {"eval_Recall": 0.13627992633514985}}, "step": 2}
Step:2	{"metric": {"dev": {"eval_Metric_time": 0.06788420677185059}}, "step": 2}
Step:2	{"metric": {"dev": {"eval_runtime": 2.1172}}, "step": 2}
Step:2	{"metric": {"dev": {"eval_samples_per_second": 519.554}}, "step": 2}
Step:2	{"metric": {"dev": {"eval_steps_per_second": 8.502}}, "step": 2}
Step:2	{"metric": {"dev": {"epoch": 2.25}}, "step": 2}
Step:2	{"metric": {"dev": {"eval_loss": 0.05716416984796524}}, "step": 2}
Step:2	{"metric": {"dev": {"eval_F1_score": 0.20498614954713934}}, "step": 2}
Step:2	{"metric": {"dev": {"eval_Precision": 0.41340782122881936}}, "step": 2}
Step:2	{"metric": {"dev": {"eval_Recall": 0.13627992633514985}}, "step": 2}
Step:2	{"metric": {"dev": {"eval_Metric_time": 0.06321263313293457}}, "step": 2}
Step:2	{"metric": {"dev": {"eval_runtime": 2.1212}}, "step": 2}
Step:2	{"metric": {"dev": {"eval_samples_per_second": 518.564}}, "step": 2}
Step:2	{"metric": {"dev": {"eval_steps_per_second": 8.486}}, "step": 2}
Step:2	{"metric": {"dev": {"epoch": 2.48}}, "step": 2}
Step:2	{"metric": {"dev": {"eval_loss": 0.054400961846113205}}, "step": 2}
Step:2	{"metric": {"dev": {"eval_F1_score": 0.25680933847968024}}, "step": 2}
Step:2	{"metric": {"dev": {"eval_Precision": 0.43421052631559903}}, "step": 2}
Step:2	{"metric": {"dev": {"eval_Recall": 0.1823204419889167}}, "step": 2}
Step:2	{"metric": {"dev": {"eval_Metric_time": 0.06438684463500977}}, "step": 2}
Step:2	{"metric": {"dev": {"eval_runtime": 2.0965}}, "step": 2}
Step:2	{"metric": {"dev": {"eval_samples_per_second": 524.676}}, "step": 2}
Step:2	{"metric": {"dev": {"eval_steps_per_second": 8.586}}, "step": 2}
Step:2	{"metric": {"dev": {"epoch": 2.7}}, "step": 2}
Step:2	{"metric": {"dev": {"eval_loss": 0.052698563784360886}}, "step": 2}
Step:2	{"metric": {"dev": {"eval_F1_score": 0.2939632545521383}}, "step": 2}
Step:2	{"metric": {"dev": {"eval_Precision": 0.5114155251139217}}, "step": 2}
Step:2	{"metric": {"dev": {"eval_Recall": 0.20626151012887545}}, "step": 2}
Step:2	{"metric": {"dev": {"eval_Metric_time": 0.0639948844909668}}, "step": 2}
Step:2	{"metric": {"dev": {"eval_runtime": 2.1097}}, "step": 2}
Step:2	{"metric": {"dev": {"eval_samples_per_second": 521.408}}, "step": 2}
Step:2	{"metric": {"dev": {"eval_steps_per_second": 8.532}}, "step": 2}
Step:2	{"metric": {"dev": {"epoch": 2.93}}, "step": 2}
Step:3	{"metric": {"dev": {"eval_loss": 0.05085824802517891}}, "step": 3}
Step:3	{"metric": {"dev": {"eval_F1_score": 0.3299999999563078}}, "step": 3}
Step:3	{"metric": {"dev": {"eval_Precision": 0.5136186770426018}}, "step": 3}
Step:3	{"metric": {"dev": {"eval_Recall": 0.24309392265188892}}, "step": 3}
Step:3	{"metric": {"dev": {"eval_Metric_time": 0.06457829475402832}}, "step": 3}
Step:3	{"metric": {"dev": {"eval_runtime": 2.0824}}, "step": 3}
Step:3	{"metric": {"dev": {"eval_samples_per_second": 528.248}}, "step": 3}
Step:3	{"metric": {"dev": {"eval_steps_per_second": 8.644}}, "step": 3}
Step:3	{"metric": {"dev": {"epoch": 3.15}}, "step": 3}
Step:3	{"metric": {"dev": {"eval_loss": 0.04695612192153931}}, "step": 3}
Step:3	{"metric": {"dev": {"eval_F1_score": 0.4258823528949306}}, "step": 3}
Step:3	{"metric": {"dev": {"eval_Precision": 0.5895765472310783}}, "step": 3}
Step:3	{"metric": {"dev": {"eval_Recall": 0.3333333333332719}}, "step": 3}
Step:3	{"metric": {"dev": {"eval_Metric_time": 0.06506943702697754}}, "step": 3}
Step:3	{"metric": {"dev": {"eval_runtime": 2.1157}}, "step": 3}
Step:3	{"metric": {"dev": {"eval_samples_per_second": 519.922}}, "step": 3}
Step:3	{"metric": {"dev": {"eval_steps_per_second": 8.508}}, "step": 3}
Step:3	{"metric": {"dev": {"epoch": 3.38}}, "step": 3}
Step:3	{"metric": {"dev": {"eval_loss": 0.04792862385511398}}, "step": 3}
Step:3	{"metric": {"dev": {"eval_F1_score": 0.4293915039713177}}, "step": 3}
Step:3	{"metric": {"dev": {"eval_Precision": 0.5701219512193384}}, "step": 3}
Step:3	{"metric": {"dev": {"eval_Recall": 0.34438305709017597}}, "step": 3}
Step:3	{"metric": {"dev": {"eval_Metric_time": 0.06503725051879883}}, "step": 3}
Step:3	{"metric": {"dev": {"eval_runtime": 2.0636}}, "step": 3}
Step:3	{"metric": {"dev": {"eval_samples_per_second": 533.048}}, "step": 3}
Step:3	{"metric": {"dev": {"eval_steps_per_second": 8.723}}, "step": 3}
Step:3	{"metric": {"dev": {"epoch": 3.6}}, "step": 3}
Step:3	{"metric": {"dev": {"eval_loss": 0.04408222809433937}}, "step": 3}
Step:3	{"metric": {"dev": {"eval_F1_score": 0.4285714285250183}}, "step": 3}
Step:3	{"metric": {"dev": {"eval_Precision": 0.5884244372988462}}, "step": 3}
Step:3	{"metric": {"dev": {"eval_Recall": 0.33701657458557327}}, "step": 3}
Step:3	{"metric": {"dev": {"eval_Metric_time": 0.06369686126708984}}, "step": 3}
Step:3	{"metric": {"dev": {"eval_runtime": 2.0546}}, "step": 3}
Step:3	{"metric": {"dev": {"eval_samples_per_second": 535.38}}, "step": 3}
Step:3	{"metric": {"dev": {"eval_steps_per_second": 8.761}}, "step": 3}
Step:3	{"metric": {"dev": {"epoch": 3.83}}, "step": 3}
Step:4	{"metric": {"dev": {"eval_loss": 0.04137706756591797}}, "step": 4}
Step:4	{"metric": {"dev": {"eval_F1_score": 0.4776785713807131}}, "step": 4}
Step:4	{"metric": {"dev": {"eval_Precision": 0.606232294617392}}, "step": 4}
Step:4	{"metric": {"dev": {"eval_Recall": 0.39410681399624414}}, "step": 4}
Step:4	{"metric": {"dev": {"eval_Metric_time": 0.06634283065795898}}, "step": 4}
Step:4	{"metric": {"dev": {"eval_runtime": 2.1017}}, "step": 4}
Step:4	{"metric": {"dev": {"eval_samples_per_second": 523.397}}, "step": 4}
Step:4	{"metric": {"dev": {"eval_steps_per_second": 8.565}}, "step": 4}
Step:4	{"metric": {"dev": {"epoch": 4.05}}, "step": 4}
Step:4	{"metric": {"dev": {"eval_loss": 0.04317822679877281}}, "step": 4}
Step:4	{"metric": {"dev": {"eval_F1_score": 0.478935698399868}}, "step": 4}
Step:4	{"metric": {"dev": {"eval_Precision": 0.6016713091920329}}, "step": 4}
Step:4	{"metric": {"dev": {"eval_Recall": 0.3977900552485455}}, "step": 4}
Step:4	{"metric": {"dev": {"eval_Metric_time": 0.06669163703918457}}, "step": 4}
Step:4	{"metric": {"dev": {"eval_runtime": 2.0935}}, "step": 4}
Step:4	{"metric": {"dev": {"eval_samples_per_second": 525.437}}, "step": 4}
Step:4	{"metric": {"dev": {"eval_steps_per_second": 8.598}}, "step": 4}
Step:4	{"metric": {"dev": {"epoch": 4.28}}, "step": 4}
Step:4	{"metric": {"dev": {"eval_loss": 0.041345562785863876}}, "step": 4}
Step:4	{"metric": {"dev": {"eval_F1_score": 0.4836158191615094}}, "step": 4}
Step:4	{"metric": {"dev": {"eval_Precision": 0.6257309941518638}}, "step": 4}
Step:4	{"metric": {"dev": {"eval_Recall": 0.39410681399624414}}, "step": 4}
Step:4	{"metric": {"dev": {"eval_Metric_time": 0.06478071212768555}}, "step": 4}
Step:4	{"metric": {"dev": {"eval_runtime": 2.0678}}, "step": 4}
Step:4	{"metric": {"dev": {"eval_samples_per_second": 531.956}}, "step": 4}
Step:4	{"metric": {"dev": {"eval_steps_per_second": 8.705}}, "step": 4}
Step:4	{"metric": {"dev": {"epoch": 4.5}}, "step": 4}
Step:4	{"metric": {"dev": {"eval_loss": 0.04192432761192322}}, "step": 4}
Step:4	{"metric": {"dev": {"eval_F1_score": 0.5207226354452317}}, "step": 4}
Step:4	{"metric": {"dev": {"eval_Precision": 0.6155778894470816}}, "step": 4}
Step:4	{"metric": {"dev": {"eval_Recall": 0.451197053406915}}, "step": 4}
Step:4	{"metric": {"dev": {"eval_Metric_time": 0.06686234474182129}}, "step": 4}
Step:4	{"metric": {"dev": {"eval_runtime": 2.0176}}, "step": 4}
Step:4	{"metric": {"dev": {"eval_samples_per_second": 545.194}}, "step": 4}
Step:4	{"metric": {"dev": {"eval_steps_per_second": 8.921}}, "step": 4}
Step:4	{"metric": {"dev": {"epoch": 4.73}}, "step": 4}
Step:4	{"metric": {"dev": {"eval_loss": 0.04069127142429352}}, "step": 4}
Step:4	{"metric": {"dev": {"eval_F1_score": 0.5021459226980386}}, "step": 4}
Step:4	{"metric": {"dev": {"eval_Precision": 0.6015424164522876}}, "step": 4}
Step:4	{"metric": {"dev": {"eval_Recall": 0.43093922651925765}}, "step": 4}
Step:4	{"metric": {"dev": {"eval_Metric_time": 0.06606101989746094}}, "step": 4}
Step:4	{"metric": {"dev": {"eval_runtime": 2.0436}}, "step": 4}
Step:4	{"metric": {"dev": {"eval_samples_per_second": 538.272}}, "step": 4}
Step:4	{"metric": {"dev": {"eval_steps_per_second": 8.808}}, "step": 4}
Step:4	{"metric": {"dev": {"epoch": 4.95}}, "step": 4}
Step:5	{"metric": {"dev": {"eval_loss": 0.04258478432893753}}, "step": 5}
Step:5	{"metric": {"dev": {"eval_F1_score": 0.5244536940194152}}, "step": 5}
Step:5	{"metric": {"dev": {"eval_Precision": 0.602870813396985}}, "step": 5}
Step:5	{"metric": {"dev": {"eval_Recall": 0.46408839778996974}}, "step": 5}
Step:5	{"metric": {"dev": {"eval_Metric_time": 0.06603217124938965}}, "step": 5}
Step:5	{"metric": {"dev": {"eval_runtime": 2.0441}}, "step": 5}
Step:5	{"metric": {"dev": {"eval_samples_per_second": 538.13}}, "step": 5}
Step:5	{"metric": {"dev": {"eval_steps_per_second": 8.806}}, "step": 5}
Step:5	{"metric": {"dev": {"epoch": 5.18}}, "step": 5}
Step:5	{"metric": {"dev": {"eval_loss": 0.042797405272722244}}, "step": 5}
Step:5	{"metric": {"dev": {"eval_F1_score": 0.5439330543441162}}, "step": 5}
Step:5	{"metric": {"dev": {"eval_Precision": 0.6295399515736975}}, "step": 5}
Step:5	{"metric": {"dev": {"eval_Recall": 0.47882136279917514}}, "step": 5}
Step:5	{"metric": {"dev": {"eval_Metric_time": 0.06768465042114258}}, "step": 5}
Step:5	{"metric": {"dev": {"eval_runtime": 2.0392}}, "step": 5}
Step:5	{"metric": {"dev": {"eval_samples_per_second": 539.423}}, "step": 5}
Step:5	{"metric": {"dev": {"eval_steps_per_second": 8.827}}, "step": 5}
Step:5	{"metric": {"dev": {"epoch": 5.4}}, "step": 5}
Step:5	{"metric": {"dev": {"eval_loss": 0.03936253488063812}}, "step": 5}
Step:5	{"metric": {"dev": {"eval_F1_score": 0.54889589900452}}, "step": 5}
Step:5	{"metric": {"dev": {"eval_Precision": 0.6397058823527844}}, "step": 5}
Step:5	{"metric": {"dev": {"eval_Recall": 0.4806629834253258}}, "step": 5}
Step:5	{"metric": {"dev": {"eval_Metric_time": 0.07099366188049316}}, "step": 5}
Step:5	{"metric": {"dev": {"eval_runtime": 2.0477}}, "step": 5}
Step:5	{"metric": {"dev": {"eval_samples_per_second": 537.195}}, "step": 5}
Step:5	{"metric": {"dev": {"eval_steps_per_second": 8.79}}, "step": 5}
Step:5	{"metric": {"dev": {"epoch": 5.63}}, "step": 5}
Step:5	{"metric": {"dev": {"eval_loss": 0.0422026552259922}}, "step": 5}
Step:5	{"metric": {"dev": {"eval_F1_score": 0.5379746834952498}}, "step": 5}
Step:5	{"metric": {"dev": {"eval_Precision": 0.6296296296294742}}, "step": 5}
Step:5	{"metric": {"dev": {"eval_Recall": 0.46961325966842177}}, "step": 5}
Step:5	{"metric": {"dev": {"eval_Metric_time": 0.06709551811218262}}, "step": 5}
Step:5	{"metric": {"dev": {"eval_runtime": 2.0406}}, "step": 5}
Step:5	{"metric": {"dev": {"eval_samples_per_second": 539.052}}, "step": 5}
Step:5	{"metric": {"dev": {"eval_steps_per_second": 8.821}}, "step": 5}
Step:5	{"metric": {"dev": {"epoch": 5.85}}, "step": 5}
Step:6	{"metric": {"dev": {"eval_loss": 0.0406515933573246}}, "step": 6}
Step:6	{"metric": {"dev": {"eval_F1_score": 0.5544147843447977}}, "step": 6}
Step:6	{"metric": {"dev": {"eval_Precision": 0.6264501160091354}}, "step": 6}
Step:6	{"metric": {"dev": {"eval_Recall": 0.4972375690606819}}, "step": 6}
Step:6	{"metric": {"dev": {"eval_Metric_time": 0.06681060791015625}}, "step": 6}
Step:6	{"metric": {"dev": {"eval_runtime": 2.0714}}, "step": 6}
Step:6	{"metric": {"dev": {"eval_samples_per_second": 531.037}}, "step": 6}
Step:6	{"metric": {"dev": {"eval_steps_per_second": 8.69}}, "step": 6}
Step:6	{"metric": {"dev": {"epoch": 6.08}}, "step": 6}
Step:6	{"metric": {"dev": {"eval_loss": 0.04261525347828865}}, "step": 6}
Step:6	{"metric": {"dev": {"eval_F1_score": 0.5359342915316598}}, "step": 6}
Step:6	{"metric": {"dev": {"eval_Precision": 0.6055684454754976}}, "step": 6}
Step:6	{"metric": {"dev": {"eval_Recall": 0.4806629834253258}}, "step": 6}
Step:6	{"metric": {"dev": {"eval_Metric_time": 0.06955647468566895}}, "step": 6}
Step:6	{"metric": {"dev": {"eval_runtime": 2.0551}}, "step": 6}
Step:6	{"metric": {"dev": {"eval_samples_per_second": 535.262}}, "step": 6}
Step:6	{"metric": {"dev": {"eval_steps_per_second": 8.759}}, "step": 6}
Step:6	{"metric": {"dev": {"epoch": 6.3}}, "step": 6}
Step:6	{"metric": {"dev": {"eval_loss": 0.04713252931833267}}, "step": 6}
Step:6	{"metric": {"dev": {"eval_F1_score": 0.5225409835570853}}, "step": 6}
Step:6	{"metric": {"dev": {"eval_Precision": 0.5889145496534437}}, "step": 6}
Step:6	{"metric": {"dev": {"eval_Recall": 0.46961325966842177}}, "step": 6}
Step:6	{"metric": {"dev": {"eval_Metric_time": 0.06870508193969727}}, "step": 6}
Step:6	{"metric": {"dev": {"eval_runtime": 2.0724}}, "step": 6}
Step:6	{"metric": {"dev": {"eval_samples_per_second": 530.783}}, "step": 6}
Step:6	{"metric": {"dev": {"eval_steps_per_second": 8.686}}, "step": 6}
Step:6	{"metric": {"dev": {"epoch": 6.53}}, "step": 6}
Step:6	{"metric": {"dev": {"eval_loss": 0.042351894080638885}}, "step": 6}
Step:6	{"metric": {"dev": {"eval_F1_score": 0.5526315788977486}}, "step": 6}
Step:6	{"metric": {"dev": {"eval_Precision": 0.6134831460672779}}, "step": 6}
Step:6	{"metric": {"dev": {"eval_Recall": 0.5027624309391339}}, "step": 6}
Step:6	{"metric": {"dev": {"eval_Metric_time": 0.0679478645324707}}, "step": 6}
Step:6	{"metric": {"dev": {"eval_runtime": 2.0478}}, "step": 6}
Step:6	{"metric": {"dev": {"eval_samples_per_second": 537.154}}, "step": 6}
Step:6	{"metric": {"dev": {"eval_steps_per_second": 8.79}}, "step": 6}
Step:6	{"metric": {"dev": {"epoch": 6.76}}, "step": 6}
Step:6	{"metric": {"dev": {"eval_loss": 0.04409163072705269}}, "step": 6}
Step:6	{"metric": {"dev": {"eval_F1_score": 0.5538771399301861}}, "step": 6}
Step:6	{"metric": {"dev": {"eval_Precision": 0.6111111111109754}}, "step": 6}
Step:6	{"metric": {"dev": {"eval_Recall": 0.5064456721914352}}, "step": 6}
Step:6	{"metric": {"dev": {"eval_Metric_time": 0.06645870208740234}}, "step": 6}
Step:6	{"metric": {"dev": {"eval_runtime": 2.0509}}, "step": 6}
Step:6	{"metric": {"dev": {"eval_samples_per_second": 536.353}}, "step": 6}
Step:6	{"metric": {"dev": {"eval_steps_per_second": 8.777}}, "step": 6}
Step:6	{"metric": {"dev": {"epoch": 6.98}}, "step": 6}
Step:7	{"metric": {"dev": {"eval_loss": 0.04380402714014053}}, "step": 7}
Step:7	{"metric": {"dev": {"eval_F1_score": 0.5586136594815496}}, "step": 7}
Step:7	{"metric": {"dev": {"eval_Precision": 0.625570776255565}}, "step": 7}
Step:7	{"metric": {"dev": {"eval_Recall": 0.5046040515652845}}, "step": 7}
Step:7	{"metric": {"dev": {"eval_Metric_time": 0.0677027702331543}}, "step": 7}
Step:7	{"metric": {"dev": {"eval_runtime": 2.029}}, "step": 7}
Step:7	{"metric": {"dev": {"eval_samples_per_second": 542.133}}, "step": 7}
Step:7	{"metric": {"dev": {"eval_steps_per_second": 8.871}}, "step": 7}
Step:7	{"metric": {"dev": {"epoch": 7.21}}, "step": 7}
Step:7	{"metric": {"dev": {"eval_loss": 0.04334448277950287}}, "step": 7}
Step:7	{"metric": {"dev": {"eval_F1_score": 0.5617283950123007}}, "step": 7}
Step:7	{"metric": {"dev": {"eval_Precision": 0.636363636363488}}, "step": 7}
Step:7	{"metric": {"dev": {"eval_Recall": 0.5027624309391339}}, "step": 7}
Step:7	{"metric": {"dev": {"eval_Metric_time": 0.06455326080322266}}, "step": 7}
Step:7	{"metric": {"dev": {"eval_runtime": 2.0582}}, "step": 7}
Step:7	{"metric": {"dev": {"eval_samples_per_second": 534.452}}, "step": 7}
Step:7	{"metric": {"dev": {"eval_steps_per_second": 8.746}}, "step": 7}
Step:7	{"metric": {"dev": {"epoch": 7.43}}, "step": 7}
Step:7	{"metric": {"dev": {"eval_loss": 0.04559323936700821}}, "step": 7}
Step:7	{"metric": {"dev": {"eval_F1_score": 0.5509586275991878}}, "step": 7}
Step:7	{"metric": {"dev": {"eval_Precision": 0.609374999999864}}, "step": 7}
Step:7	{"metric": {"dev": {"eval_Recall": 0.5027624309391339}}, "step": 7}
Step:7	{"metric": {"dev": {"eval_Metric_time": 0.06749200820922852}}, "step": 7}
Step:7	{"metric": {"dev": {"eval_runtime": 2.0458}}, "step": 7}
Step:7	{"metric": {"dev": {"eval_samples_per_second": 537.676}}, "step": 7}
Step:7	{"metric": {"dev": {"eval_steps_per_second": 8.798}}, "step": 7}
Step:7	{"metric": {"dev": {"epoch": 7.66}}, "step": 7}
Step:7	{"metric": {"dev": {"eval_loss": 0.04687817022204399}}, "step": 7}
Step:7	{"metric": {"dev": {"eval_F1_score": 0.5561172901424817}}, "step": 7}
Step:7	{"metric": {"dev": {"eval_Precision": 0.6165919282509829}}, "step": 7}
Step:7	{"metric": {"dev": {"eval_Recall": 0.5064456721914352}}, "step": 7}
Step:7	{"metric": {"dev": {"eval_Metric_time": 0.0669553279876709}}, "step": 7}
Step:7	{"metric": {"dev": {"eval_runtime": 2.0368}}, "step": 7}
Step:7	{"metric": {"dev": {"eval_samples_per_second": 540.067}}, "step": 7}
Step:7	{"metric": {"dev": {"eval_steps_per_second": 8.837}}, "step": 7}
Step:7	{"metric": {"dev": {"epoch": 7.88}}, "step": 7}
Step:8	{"metric": {"dev": {"eval_loss": 0.04647529125213623}}, "step": 8}
Step:8	{"metric": {"dev": {"eval_F1_score": 0.5536609828991338}}, "step": 8}
Step:8	{"metric": {"dev": {"eval_Precision": 0.6079295154183683}}, "step": 8}
Step:8	{"metric": {"dev": {"eval_Recall": 0.5082872928175859}}, "step": 8}
Step:8	{"metric": {"dev": {"eval_Metric_time": 0.06795239448547363}}, "step": 8}
Step:8	{"metric": {"dev": {"eval_runtime": 2.0586}}, "step": 8}
Step:8	{"metric": {"dev": {"eval_samples_per_second": 534.347}}, "step": 8}
Step:8	{"metric": {"dev": {"eval_steps_per_second": 8.744}}, "step": 8}
Step:8	{"metric": {"dev": {"epoch": 8.11}}, "step": 8}
Step:8	{"metric": {"dev": {"eval_loss": 0.04576282203197479}}, "step": 8}
Step:8	{"metric": {"dev": {"eval_F1_score": 0.566532258014851}}, "step": 8}
Step:8	{"metric": {"dev": {"eval_Precision": 0.6258351893094375}}, "step": 8}
Step:8	{"metric": {"dev": {"eval_Recall": 0.5174953959483393}}, "step": 8}
Step:8	{"metric": {"dev": {"eval_Metric_time": 0.06561017036437988}}, "step": 8}
Step:8	{"metric": {"dev": {"eval_runtime": 2.0738}}, "step": 8}
Step:8	{"metric": {"dev": {"eval_samples_per_second": 530.416}}, "step": 8}
Step:8	{"metric": {"dev": {"eval_steps_per_second": 8.68}}, "step": 8}
Step:8	{"metric": {"dev": {"epoch": 8.33}}, "step": 8}
Step:8	{"metric": {"dev": {"eval_loss": 0.0475623719394207}}, "step": 8}
Step:8	{"metric": {"dev": {"eval_F1_score": 0.5563451776153874}}, "step": 8}
Step:8	{"metric": {"dev": {"eval_Precision": 0.6199095022623032}}, "step": 8}
Step:8	{"metric": {"dev": {"eval_Recall": 0.5046040515652845}}, "step": 8}
Step:8	{"metric": {"dev": {"eval_Metric_time": 0.06627535820007324}}, "step": 8}
Step:8	{"metric": {"dev": {"eval_runtime": 2.0327}}, "step": 8}
Step:8	{"metric": {"dev": {"eval_samples_per_second": 541.163}}, "step": 8}
Step:8	{"metric": {"dev": {"eval_steps_per_second": 8.855}}, "step": 8}
Step:8	{"metric": {"dev": {"epoch": 8.56}}, "step": 8}
Step:8	{"metric": {"dev": {"eval_loss": 0.04759399592876434}}, "step": 8}
Step:8	{"metric": {"dev": {"eval_F1_score": 0.5688442210558315}}, "step": 8}
Step:8	{"metric": {"dev": {"eval_Precision": 0.626106194690127}}, "step": 8}
Step:8	{"metric": {"dev": {"eval_Recall": 0.5211786372006406}}, "step": 8}
Step:8	{"metric": {"dev": {"eval_Metric_time": 0.06482601165771484}}, "step": 8}
Step:8	{"metric": {"dev": {"eval_runtime": 2.0282}}, "step": 8}
Step:8	{"metric": {"dev": {"eval_samples_per_second": 542.366}}, "step": 8}
Step:8	{"metric": {"dev": {"eval_steps_per_second": 8.875}}, "step": 8}
Step:8	{"metric": {"dev": {"epoch": 8.78}}, "step": 8}
Step:9	{"metric": {"dev": {"eval_loss": 0.0472128726541996}}, "step": 9}
Step:9	{"metric": {"dev": {"eval_F1_score": 0.5536261490822513}}, "step": 9}
Step:9	{"metric": {"dev": {"eval_Precision": 0.6215596330273804}}, "step": 9}
Step:9	{"metric": {"dev": {"eval_Recall": 0.4990791896868325}}, "step": 9}
Step:9	{"metric": {"dev": {"eval_Metric_time": 0.0670766830444336}}, "step": 9}
Step:9	{"metric": {"dev": {"eval_runtime": 2.0324}}, "step": 9}
Step:9	{"metric": {"dev": {"eval_samples_per_second": 541.233}}, "step": 9}
Step:9	{"metric": {"dev": {"eval_steps_per_second": 8.857}}, "step": 9}
Step:9	{"metric": {"dev": {"epoch": 9.01}}, "step": 9}
Step:9	{"metric": {"dev": {"eval_loss": 0.04721827432513237}}, "step": 9}
Step:9	{"metric": {"dev": {"eval_F1_score": 0.5714285713788848}}, "step": 9}
Step:9	{"metric": {"dev": {"eval_Precision": 0.6297117516628316}}, "step": 9}
Step:9	{"metric": {"dev": {"eval_Recall": 0.5230202578267913}}, "step": 9}
Step:9	{"metric": {"dev": {"eval_Metric_time": 0.06516504287719727}}, "step": 9}
Step:9	{"metric": {"dev": {"eval_runtime": 2.0414}}, "step": 9}
Step:9	{"metric": {"dev": {"eval_samples_per_second": 538.837}}, "step": 9}
Step:9	{"metric": {"dev": {"eval_steps_per_second": 8.817}}, "step": 9}
Step:9	{"metric": {"dev": {"epoch": 9.23}}, "step": 9}
Step:9	{"metric": {"dev": {"eval_loss": 0.04838799312710762}}, "step": 9}
Step:9	{"metric": {"dev": {"eval_F1_score": 0.5659999999502566}}, "step": 9}
Step:9	{"metric": {"dev": {"eval_Precision": 0.619256017505335}}, "step": 9}
Step:9	{"metric": {"dev": {"eval_Recall": 0.5211786372006406}}, "step": 9}
Step:9	{"metric": {"dev": {"eval_Metric_time": 0.06942009925842285}}, "step": 9}
Step:9	{"metric": {"dev": {"eval_runtime": 2.024}}, "step": 9}
Step:9	{"metric": {"dev": {"eval_samples_per_second": 543.472}}, "step": 9}
Step:9	{"metric": {"dev": {"eval_steps_per_second": 8.893}}, "step": 9}
Step:9	{"metric": {"dev": {"epoch": 9.46}}, "step": 9}
Step:9	{"metric": {"dev": {"eval_loss": 0.04838986322283745}}, "step": 9}
Step:9	{"metric": {"dev": {"eval_F1_score": 0.5691382765033809}}, "step": 9}
Step:9	{"metric": {"dev": {"eval_Precision": 0.6241758241756871}}, "step": 9}
Step:9	{"metric": {"dev": {"eval_Recall": 0.5230202578267913}}, "step": 9}
Step:9	{"metric": {"dev": {"eval_Metric_time": 0.06607651710510254}}, "step": 9}
Step:9	{"metric": {"dev": {"eval_runtime": 2.0445}}, "step": 9}
Step:9	{"metric": {"dev": {"eval_samples_per_second": 538.033}}, "step": 9}
Step:9	{"metric": {"dev": {"eval_steps_per_second": 8.804}}, "step": 9}
Step:9	{"metric": {"dev": {"epoch": 9.68}}, "step": 9}
Step:9	{"metric": {"dev": {"eval_loss": 0.04761301726102829}}, "step": 9}
Step:9	{"metric": {"dev": {"eval_F1_score": 0.5685483870471085}}, "step": 9}
Step:9	{"metric": {"dev": {"eval_Precision": 0.6280623608016419}}, "step": 9}
Step:9	{"metric": {"dev": {"eval_Recall": 0.5193370165744899}}, "step": 9}
Step:9	{"metric": {"dev": {"eval_Metric_time": 0.0675506591796875}}, "step": 9}
Step:9	{"metric": {"dev": {"eval_runtime": 2.07}}, "step": 9}
Step:9	{"metric": {"dev": {"eval_samples_per_second": 531.393}}, "step": 9}
Step:9	{"metric": {"dev": {"eval_steps_per_second": 8.696}}, "step": 9}
Step:9	{"metric": {"dev": {"epoch": 9.91}}, "step": 9}
