Step:0	{"metric": {"dev": {"eval_loss": 34.93101501464844}}, "step": 0}
Step:0	{"metric": {"dev": {"eval_F1_score": 0.0}}, "step": 0}
Step:0	{"metric": {"dev": {"eval_Precision": 0.0}}, "step": 0}
Step:0	{"metric": {"dev": {"eval_Recall": 0.0}}, "step": 0}
Step:0	{"metric": {"dev": {"eval_Metric_time": 0.08032846450805664}}, "step": 0}
Step:0	{"metric": {"dev": {"eval_runtime": 1.4567}}, "step": 0}
Step:0	{"metric": {"dev": {"eval_samples_per_second": 755.137}}, "step": 0}
Step:0	{"metric": {"dev": {"eval_steps_per_second": 8.238}}, "step": 0}
Step:0	{"metric": {"dev": {"epoch": 0.34}}, "step": 0}
Step:0	{"metric": {"dev": {"eval_loss": 34.91707992553711}}, "step": 0}
Step:0	{"metric": {"dev": {"eval_F1_score": 0.0}}, "step": 0}
Step:0	{"metric": {"dev": {"eval_Precision": 0.0}}, "step": 0}
Step:0	{"metric": {"dev": {"eval_Recall": 0.0}}, "step": 0}
Step:0	{"metric": {"dev": {"eval_Metric_time": 0.07993507385253906}}, "step": 0}
Step:0	{"metric": {"dev": {"eval_runtime": 1.3767}}, "step": 0}
Step:0	{"metric": {"dev": {"eval_samples_per_second": 799.02}}, "step": 0}
Step:0	{"metric": {"dev": {"eval_steps_per_second": 8.717}}, "step": 0}
Step:0	{"metric": {"dev": {"epoch": 0.68}}, "step": 0}
Step:1	{"metric": {"dev": {"eval_loss": 34.8996467590332}}, "step": 1}
Step:1	{"metric": {"dev": {"eval_F1_score": 0.0}}, "step": 1}
Step:1	{"metric": {"dev": {"eval_Precision": 0.0}}, "step": 1}
Step:1	{"metric": {"dev": {"eval_Recall": 0.0}}, "step": 1}
Step:1	{"metric": {"dev": {"eval_Metric_time": 0.0801694393157959}}, "step": 1}
Step:1	{"metric": {"dev": {"eval_runtime": 1.3543}}, "step": 1}
Step:1	{"metric": {"dev": {"eval_samples_per_second": 812.199}}, "step": 1}
Step:1	{"metric": {"dev": {"eval_steps_per_second": 8.86}}, "step": 1}
Step:1	{"metric": {"dev": {"epoch": 1.01}}, "step": 1}
Step:1	{"metric": {"dev": {"eval_loss": 34.89358139038086}}, "step": 1}
Step:1	{"metric": {"dev": {"eval_F1_score": 0.0}}, "step": 1}
Step:1	{"metric": {"dev": {"eval_Precision": 0.0}}, "step": 1}
Step:1	{"metric": {"dev": {"eval_Recall": 0.0}}, "step": 1}
Step:1	{"metric": {"dev": {"eval_Metric_time": 0.08457207679748535}}, "step": 1}
Step:1	{"metric": {"dev": {"eval_runtime": 1.916}}, "step": 1}
Step:1	{"metric": {"dev": {"eval_samples_per_second": 574.122}}, "step": 1}
Step:1	{"metric": {"dev": {"eval_steps_per_second": 6.263}}, "step": 1}
Step:1	{"metric": {"dev": {"epoch": 1.35}}, "step": 1}
