Step:0	{"metric": {"dev": {"eval_loss": 0.1712852269411087}}, "step": 0}
Step:0	{"metric": {"dev": {"eval_F1_score": 0.05891472865531446}}, "step": 0}
Step:0	{"metric": {"dev": {"eval_Precision": 0.18446601941729662}}, "step": 0}
Step:0	{"metric": {"dev": {"eval_Recall": 0.035055350553499065}}, "step": 0}
Step:0	{"metric": {"dev": {"eval_Metric_time": 3.1731913089752197}}, "step": 0}
Step:0	{"metric": {"dev": {"eval_runtime": 4.606}}, "step": 0}
Step:0	{"metric": {"dev": {"eval_samples_per_second": 238.819}}, "step": 0}
Step:0	{"metric": {"dev": {"eval_steps_per_second": 1.954}}, "step": 0}
Step:0	{"metric": {"dev": {"epoch": 1.0}}, "step": 0}
Step:1	{"metric": {"dev": {"eval_loss": 0.11934199929237366}}, "step": 1}
Step:1	{"metric": {"dev": {"eval_F1_score": 0.11292719164766309}}, "step": 1}
Step:1	{"metric": {"dev": {"eval_Precision": 0.2900763358776412}}, "step": 1}
Step:1	{"metric": {"dev": {"eval_Recall": 0.07011070110699813}}, "step": 1}
Step:1	{"metric": {"dev": {"eval_Metric_time": 3.1502418518066406}}, "step": 1}
Step:1	{"metric": {"dev": {"eval_runtime": 4.2223}}, "step": 1}
Step:1	{"metric": {"dev": {"eval_samples_per_second": 260.523}}, "step": 1}
Step:1	{"metric": {"dev": {"eval_steps_per_second": 2.132}}, "step": 1}
Step:1	{"metric": {"dev": {"epoch": 2.0}}, "step": 1}
Step:2	{"metric": {"dev": {"eval_loss": 0.1036347821354866}}, "step": 2}
Step:2	{"metric": {"dev": {"eval_F1_score": 0.1671159029255367}}, "step": 2}
Step:2	{"metric": {"dev": {"eval_Precision": 0.309999999999845}}, "step": 2}
Step:2	{"metric": {"dev": {"eval_Recall": 0.114391143911418}}, "step": 2}
Step:2	{"metric": {"dev": {"eval_Metric_time": 3.1533915996551514}}, "step": 2}
Step:2	{"metric": {"dev": {"eval_runtime": 4.2377}}, "step": 2}
Step:2	{"metric": {"dev": {"eval_samples_per_second": 259.574}}, "step": 2}
Step:2	{"metric": {"dev": {"eval_steps_per_second": 2.124}}, "step": 2}
Step:2	{"metric": {"dev": {"epoch": 3.0}}, "step": 2}
