Step:0	{"metric": {"dev": {"eval_loss": 5.268224239349365}}, "step": 0}
Step:0	{"metric": {"dev": {"eval_F1_score": 0.0}}, "step": 0}
Step:0	{"metric": {"dev": {"eval_Precision": 0.0}}, "step": 0}
Step:0	{"metric": {"dev": {"eval_Recall": 0.0}}, "step": 0}
Step:0	{"metric": {"dev": {"eval_Metric_time": 0.08885025978088379}}, "step": 0}
Step:0	{"metric": {"dev": {"eval_runtime": 1.2686}}, "step": 0}
Step:0	{"metric": {"dev": {"eval_samples_per_second": 867.08}}, "step": 0}
Step:0	{"metric": {"dev": {"eval_steps_per_second": 9.459}}, "step": 0}
Step:0	{"metric": {"dev": {"epoch": 0.34}}, "step": 0}
Step:0	{"metric": {"dev": {"eval_loss": 4.7506608963012695}}, "step": 0}
Step:0	{"metric": {"dev": {"eval_F1_score": 0.0}}, "step": 0}
Step:0	{"metric": {"dev": {"eval_Precision": 0.0}}, "step": 0}
Step:0	{"metric": {"dev": {"eval_Recall": 0.0}}, "step": 0}
Step:0	{"metric": {"dev": {"eval_Metric_time": 0.08552742004394531}}, "step": 0}
Step:0	{"metric": {"dev": {"eval_runtime": 1.2705}}, "step": 0}
Step:0	{"metric": {"dev": {"eval_samples_per_second": 865.833}}, "step": 0}
Step:0	{"metric": {"dev": {"eval_steps_per_second": 9.445}}, "step": 0}
Step:0	{"metric": {"dev": {"epoch": 0.68}}, "step": 0}
Step:1	{"metric": {"dev": {"eval_loss": 4.747371196746826}}, "step": 1}
Step:1	{"metric": {"dev": {"eval_F1_score": 0.0}}, "step": 1}
Step:1	{"metric": {"dev": {"eval_Precision": 0.0}}, "step": 1}
Step:1	{"metric": {"dev": {"eval_Recall": 0.0}}, "step": 1}
Step:1	{"metric": {"dev": {"eval_Metric_time": 0.08466434478759766}}, "step": 1}
Step:1	{"metric": {"dev": {"eval_runtime": 1.2613}}, "step": 1}
Step:1	{"metric": {"dev": {"eval_samples_per_second": 872.09}}, "step": 1}
Step:1	{"metric": {"dev": {"eval_steps_per_second": 9.514}}, "step": 1}
Step:1	{"metric": {"dev": {"epoch": 1.01}}, "step": 1}
Step:1	{"metric": {"dev": {"eval_loss": 4.75392484664917}}, "step": 1}
Step:1	{"metric": {"dev": {"eval_F1_score": 0.0}}, "step": 1}
Step:1	{"metric": {"dev": {"eval_Precision": 0.0}}, "step": 1}
Step:1	{"metric": {"dev": {"eval_Recall": 0.0}}, "step": 1}
Step:1	{"metric": {"dev": {"eval_Metric_time": 0.08663535118103027}}, "step": 1}
Step:1	{"metric": {"dev": {"eval_runtime": 1.2639}}, "step": 1}
Step:1	{"metric": {"dev": {"eval_samples_per_second": 870.326}}, "step": 1}
Step:1	{"metric": {"dev": {"eval_steps_per_second": 9.494}}, "step": 1}
Step:1	{"metric": {"dev": {"epoch": 1.35}}, "step": 1}
Step:1	{"metric": {"dev": {"eval_loss": 4.743740081787109}}, "step": 1}
Step:1	{"metric": {"dev": {"eval_F1_score": 0.0}}, "step": 1}
Step:1	{"metric": {"dev": {"eval_Precision": 0.0}}, "step": 1}
Step:1	{"metric": {"dev": {"eval_Recall": 0.0}}, "step": 1}
Step:1	{"metric": {"dev": {"eval_Metric_time": 0.06566476821899414}}, "step": 1}
Step:1	{"metric": {"dev": {"eval_runtime": 1.2407}}, "step": 1}
Step:1	{"metric": {"dev": {"eval_samples_per_second": 886.588}}, "step": 1}
Step:1	{"metric": {"dev": {"eval_steps_per_second": 9.672}}, "step": 1}
Step:1	{"metric": {"dev": {"epoch": 1.69}}, "step": 1}
Step:2	{"metric": {"dev": {"eval_loss": 4.805615425109863}}, "step": 2}
Step:2	{"metric": {"dev": {"eval_F1_score": 0.0}}, "step": 2}
Step:2	{"metric": {"dev": {"eval_Precision": 0.0}}, "step": 2}
Step:2	{"metric": {"dev": {"eval_Recall": 0.0}}, "step": 2}
Step:2	{"metric": {"dev": {"eval_Metric_time": 0.08935952186584473}}, "step": 2}
Step:2	{"metric": {"dev": {"eval_runtime": 1.2737}}, "step": 2}
Step:2	{"metric": {"dev": {"eval_samples_per_second": 863.63}}, "step": 2}
Step:2	{"metric": {"dev": {"eval_steps_per_second": 9.421}}, "step": 2}
Step:2	{"metric": {"dev": {"epoch": 2.03}}, "step": 2}
Step:2	{"metric": {"dev": {"eval_loss": 4.744257926940918}}, "step": 2}
Step:2	{"metric": {"dev": {"eval_F1_score": 0.0}}, "step": 2}
Step:2	{"metric": {"dev": {"eval_Precision": 0.0}}, "step": 2}
Step:2	{"metric": {"dev": {"eval_Recall": 0.0}}, "step": 2}
Step:2	{"metric": {"dev": {"eval_Metric_time": 0.06669759750366211}}, "step": 2}
Step:2	{"metric": {"dev": {"eval_runtime": 1.2512}}, "step": 2}
Step:2	{"metric": {"dev": {"eval_samples_per_second": 879.127}}, "step": 2}
Step:2	{"metric": {"dev": {"eval_steps_per_second": 9.59}}, "step": 2}
Step:2	{"metric": {"dev": {"epoch": 2.36}}, "step": 2}
