Step:0	{"metric": {"dev": {"eval_loss": 10.923782348632812}}, "step": 0}
Step:0	{"metric": {"dev": {"eval_F1_score": 0.0}}, "step": 0}
Step:0	{"metric": {"dev": {"eval_Precision": 0.0}}, "step": 0}
Step:0	{"metric": {"dev": {"eval_Recall": 0.0}}, "step": 0}
Step:0	{"metric": {"dev": {"eval_Metric_time": 0.0991668701171875}}, "step": 0}
Step:0	{"metric": {"dev": {"eval_runtime": 1.7134}}, "step": 0}
Step:0	{"metric": {"dev": {"eval_samples_per_second": 641.988}}, "step": 0}
Step:0	{"metric": {"dev": {"eval_steps_per_second": 10.505}}, "step": 0}
Step:0	{"metric": {"dev": {"epoch": 0.23}}, "step": 0}
Step:0	{"metric": {"dev": {"eval_loss": 9.901580810546875}}, "step": 0}
Step:0	{"metric": {"dev": {"eval_F1_score": 0.0}}, "step": 0}
Step:0	{"metric": {"dev": {"eval_Precision": 0.0}}, "step": 0}
Step:0	{"metric": {"dev": {"eval_Recall": 0.0}}, "step": 0}
Step:0	{"metric": {"dev": {"eval_Metric_time": 0.06711125373840332}}, "step": 0}
Step:0	{"metric": {"dev": {"eval_runtime": 1.423}}, "step": 0}
Step:0	{"metric": {"dev": {"eval_samples_per_second": 772.995}}, "step": 0}
Step:0	{"metric": {"dev": {"eval_steps_per_second": 12.649}}, "step": 0}
Step:0	{"metric": {"dev": {"epoch": 0.45}}, "step": 0}
Step:0	{"metric": {"dev": {"eval_loss": 10.033363342285156}}, "step": 0}
Step:0	{"metric": {"dev": {"eval_F1_score": 0.0}}, "step": 0}
Step:0	{"metric": {"dev": {"eval_Precision": 0.0}}, "step": 0}
Step:0	{"metric": {"dev": {"eval_Recall": 0.0}}, "step": 0}
Step:0	{"metric": {"dev": {"eval_Metric_time": 0.06636404991149902}}, "step": 0}
Step:0	{"metric": {"dev": {"eval_runtime": 1.4332}}, "step": 0}
Step:0	{"metric": {"dev": {"eval_samples_per_second": 767.516}}, "step": 0}
Step:0	{"metric": {"dev": {"eval_steps_per_second": 12.559}}, "step": 0}
Step:0	{"metric": {"dev": {"epoch": 0.68}}, "step": 0}
Step:0	{"metric": {"dev": {"eval_loss": 12.639333724975586}}, "step": 0}
Step:0	{"metric": {"dev": {"eval_F1_score": 0.0}}, "step": 0}
Step:0	{"metric": {"dev": {"eval_Precision": 0.0}}, "step": 0}
Step:0	{"metric": {"dev": {"eval_Recall": 0.0}}, "step": 0}
Step:0	{"metric": {"dev": {"eval_Metric_time": 0.06672525405883789}}, "step": 0}
Step:0	{"metric": {"dev": {"eval_runtime": 1.4197}}, "step": 0}
Step:0	{"metric": {"dev": {"eval_samples_per_second": 774.838}}, "step": 0}
Step:0	{"metric": {"dev": {"eval_steps_per_second": 12.679}}, "step": 0}
Step:0	{"metric": {"dev": {"epoch": 0.9}}, "step": 0}
Step:1	{"metric": {"dev": {"eval_loss": 13.339412689208984}}, "step": 1}
Step:1	{"metric": {"dev": {"eval_F1_score": 0.0}}, "step": 1}
Step:1	{"metric": {"dev": {"eval_Precision": 0.0}}, "step": 1}
Step:1	{"metric": {"dev": {"eval_Recall": 0.0}}, "step": 1}
Step:1	{"metric": {"dev": {"eval_Metric_time": 0.06738615036010742}}, "step": 1}
Step:1	{"metric": {"dev": {"eval_runtime": 1.4238}}, "step": 1}
Step:1	{"metric": {"dev": {"eval_samples_per_second": 772.56}}, "step": 1}
Step:1	{"metric": {"dev": {"eval_steps_per_second": 12.642}}, "step": 1}
Step:1	{"metric": {"dev": {"epoch": 1.13}}, "step": 1}
Step:1	{"metric": {"dev": {"eval_loss": 13.560303688049316}}, "step": 1}
Step:1	{"metric": {"dev": {"eval_F1_score": 0.0}}, "step": 1}
Step:1	{"metric": {"dev": {"eval_Precision": 0.0}}, "step": 1}
Step:1	{"metric": {"dev": {"eval_Recall": 0.0}}, "step": 1}
Step:1	{"metric": {"dev": {"eval_Metric_time": 0.06671738624572754}}, "step": 1}
Step:1	{"metric": {"dev": {"eval_runtime": 1.4324}}, "step": 1}
Step:1	{"metric": {"dev": {"eval_samples_per_second": 767.941}}, "step": 1}
Step:1	{"metric": {"dev": {"eval_steps_per_second": 12.566}}, "step": 1}
Step:1	{"metric": {"dev": {"epoch": 1.35}}, "step": 1}
Step:1	{"metric": {"dev": {"eval_loss": 13.601792335510254}}, "step": 1}
Step:1	{"metric": {"dev": {"eval_F1_score": 0.0}}, "step": 1}
Step:1	{"metric": {"dev": {"eval_Precision": 0.0}}, "step": 1}
Step:1	{"metric": {"dev": {"eval_Recall": 0.0}}, "step": 1}
Step:1	{"metric": {"dev": {"eval_Metric_time": 0.06762027740478516}}, "step": 1}
Step:1	{"metric": {"dev": {"eval_runtime": 1.4219}}, "step": 1}
Step:1	{"metric": {"dev": {"eval_samples_per_second": 773.601}}, "step": 1}
Step:1	{"metric": {"dev": {"eval_steps_per_second": 12.659}}, "step": 1}
Step:1	{"metric": {"dev": {"epoch": 1.58}}, "step": 1}
Step:1	{"metric": {"dev": {"eval_loss": 13.663381576538086}}, "step": 1}
Step:1	{"metric": {"dev": {"eval_F1_score": 0.0}}, "step": 1}
Step:1	{"metric": {"dev": {"eval_Precision": 0.0}}, "step": 1}
Step:1	{"metric": {"dev": {"eval_Recall": 0.0}}, "step": 1}
Step:1	{"metric": {"dev": {"eval_Metric_time": 0.06747007369995117}}, "step": 1}
Step:1	{"metric": {"dev": {"eval_runtime": 1.4206}}, "step": 1}
Step:1	{"metric": {"dev": {"eval_samples_per_second": 774.33}}, "step": 1}
Step:1	{"metric": {"dev": {"eval_steps_per_second": 12.671}}, "step": 1}
Step:1	{"metric": {"dev": {"epoch": 1.8}}, "step": 1}
Step:2	{"metric": {"dev": {"eval_loss": 13.681639671325684}}, "step": 2}
Step:2	{"metric": {"dev": {"eval_F1_score": 0.0}}, "step": 2}
Step:2	{"metric": {"dev": {"eval_Precision": 0.0}}, "step": 2}
Step:2	{"metric": {"dev": {"eval_Recall": 0.0}}, "step": 2}
Step:2	{"metric": {"dev": {"eval_Metric_time": 0.06656289100646973}}, "step": 2}
Step:2	{"metric": {"dev": {"eval_runtime": 1.4189}}, "step": 2}
Step:2	{"metric": {"dev": {"eval_samples_per_second": 775.249}}, "step": 2}
Step:2	{"metric": {"dev": {"eval_steps_per_second": 12.686}}, "step": 2}
Step:2	{"metric": {"dev": {"epoch": 2.03}}, "step": 2}
Step:2	{"metric": {"dev": {"eval_loss": 13.734024047851562}}, "step": 2}
Step:2	{"metric": {"dev": {"eval_F1_score": 0.0}}, "step": 2}
Step:2	{"metric": {"dev": {"eval_Precision": 0.0}}, "step": 2}
Step:2	{"metric": {"dev": {"eval_Recall": 0.0}}, "step": 2}
Step:2	{"metric": {"dev": {"eval_Metric_time": 0.06725478172302246}}, "step": 2}
Step:2	{"metric": {"dev": {"eval_runtime": 1.4256}}, "step": 2}
Step:2	{"metric": {"dev": {"eval_samples_per_second": 771.612}}, "step": 2}
Step:2	{"metric": {"dev": {"eval_steps_per_second": 12.626}}, "step": 2}
Step:2	{"metric": {"dev": {"epoch": 2.25}}, "step": 2}
Step:2	{"metric": {"dev": {"eval_loss": 13.7733793258667}}, "step": 2}
Step:2	{"metric": {"dev": {"eval_F1_score": 0.0}}, "step": 2}
Step:2	{"metric": {"dev": {"eval_Precision": 0.0}}, "step": 2}
Step:2	{"metric": {"dev": {"eval_Recall": 0.0}}, "step": 2}
Step:2	{"metric": {"dev": {"eval_Metric_time": 0.06711459159851074}}, "step": 2}
Step:2	{"metric": {"dev": {"eval_runtime": 1.4222}}, "step": 2}
Step:2	{"metric": {"dev": {"eval_samples_per_second": 773.431}}, "step": 2}
Step:2	{"metric": {"dev": {"eval_steps_per_second": 12.656}}, "step": 2}
Step:2	{"metric": {"dev": {"epoch": 2.48}}, "step": 2}
Step:2	{"metric": {"dev": {"eval_loss": 13.79840087890625}}, "step": 2}
Step:2	{"metric": {"dev": {"eval_F1_score": 0.0}}, "step": 2}
Step:2	{"metric": {"dev": {"eval_Precision": 0.0}}, "step": 2}
Step:2	{"metric": {"dev": {"eval_Recall": 0.0}}, "step": 2}
Step:2	{"metric": {"dev": {"eval_Metric_time": 0.06741881370544434}}, "step": 2}
Step:2	{"metric": {"dev": {"eval_runtime": 1.4229}}, "step": 2}
Step:2	{"metric": {"dev": {"eval_samples_per_second": 773.046}}, "step": 2}
Step:2	{"metric": {"dev": {"eval_steps_per_second": 12.65}}, "step": 2}
Step:2	{"metric": {"dev": {"epoch": 2.7}}, "step": 2}
Step:2	{"metric": {"dev": {"eval_loss": 13.809009552001953}}, "step": 2}
Step:2	{"metric": {"dev": {"eval_F1_score": 0.0}}, "step": 2}
Step:2	{"metric": {"dev": {"eval_Precision": 0.0}}, "step": 2}
Step:2	{"metric": {"dev": {"eval_Recall": 0.0}}, "step": 2}
Step:2	{"metric": {"dev": {"eval_Metric_time": 0.06707882881164551}}, "step": 2}
Step:2	{"metric": {"dev": {"eval_runtime": 1.4223}}, "step": 2}
Step:2	{"metric": {"dev": {"eval_samples_per_second": 773.42}}, "step": 2}
Step:2	{"metric": {"dev": {"eval_steps_per_second": 12.656}}, "step": 2}
Step:2	{"metric": {"dev": {"epoch": 2.93}}, "step": 2}
Step:3	{"metric": {"dev": {"eval_loss": 13.824554443359375}}, "step": 3}
Step:3	{"metric": {"dev": {"eval_F1_score": 0.0}}, "step": 3}
Step:3	{"metric": {"dev": {"eval_Precision": 0.0}}, "step": 3}
Step:3	{"metric": {"dev": {"eval_Recall": 0.0}}, "step": 3}
Step:3	{"metric": {"dev": {"eval_Metric_time": 0.06625080108642578}}, "step": 3}
Step:3	{"metric": {"dev": {"eval_runtime": 1.4231}}, "step": 3}
Step:3	{"metric": {"dev": {"eval_samples_per_second": 772.949}}, "step": 3}
Step:3	{"metric": {"dev": {"eval_steps_per_second": 12.648}}, "step": 3}
Step:3	{"metric": {"dev": {"epoch": 3.15}}, "step": 3}
Step:3	{"metric": {"dev": {"eval_loss": 13.841662406921387}}, "step": 3}
Step:3	{"metric": {"dev": {"eval_F1_score": 0.0}}, "step": 3}
Step:3	{"metric": {"dev": {"eval_Precision": 0.0}}, "step": 3}
Step:3	{"metric": {"dev": {"eval_Recall": 0.0}}, "step": 3}
Step:3	{"metric": {"dev": {"eval_Metric_time": 0.0679926872253418}}, "step": 3}
Step:3	{"metric": {"dev": {"eval_runtime": 1.4217}}, "step": 3}
Step:3	{"metric": {"dev": {"eval_samples_per_second": 773.738}}, "step": 3}
Step:3	{"metric": {"dev": {"eval_steps_per_second": 12.661}}, "step": 3}
Step:3	{"metric": {"dev": {"epoch": 3.38}}, "step": 3}
Step:3	{"metric": {"dev": {"eval_loss": 13.85108470916748}}, "step": 3}
Step:3	{"metric": {"dev": {"eval_F1_score": 0.0}}, "step": 3}
Step:3	{"metric": {"dev": {"eval_Precision": 0.0}}, "step": 3}
Step:3	{"metric": {"dev": {"eval_Recall": 0.0}}, "step": 3}
Step:3	{"metric": {"dev": {"eval_Metric_time": 0.06672215461730957}}, "step": 3}
Step:3	{"metric": {"dev": {"eval_runtime": 1.4199}}, "step": 3}
Step:3	{"metric": {"dev": {"eval_samples_per_second": 774.69}}, "step": 3}
Step:3	{"metric": {"dev": {"eval_steps_per_second": 12.677}}, "step": 3}
Step:3	{"metric": {"dev": {"epoch": 3.6}}, "step": 3}
Step:3	{"metric": {"dev": {"eval_loss": 13.877126693725586}}, "step": 3}
Step:3	{"metric": {"dev": {"eval_F1_score": 0.0}}, "step": 3}
Step:3	{"metric": {"dev": {"eval_Precision": 0.0}}, "step": 3}
Step:3	{"metric": {"dev": {"eval_Recall": 0.0}}, "step": 3}
Step:3	{"metric": {"dev": {"eval_Metric_time": 0.06617331504821777}}, "step": 3}
Step:3	{"metric": {"dev": {"eval_runtime": 1.4204}}, "step": 3}
Step:3	{"metric": {"dev": {"eval_samples_per_second": 774.406}}, "step": 3}
Step:3	{"metric": {"dev": {"eval_steps_per_second": 12.672}}, "step": 3}
Step:3	{"metric": {"dev": {"epoch": 3.83}}, "step": 3}
Step:4	{"metric": {"dev": {"eval_loss": 13.858983993530273}}, "step": 4}
Step:4	{"metric": {"dev": {"eval_F1_score": 0.0}}, "step": 4}
Step:4	{"metric": {"dev": {"eval_Precision": 0.0}}, "step": 4}
Step:4	{"metric": {"dev": {"eval_Recall": 0.0}}, "step": 4}
Step:4	{"metric": {"dev": {"eval_Metric_time": 0.06763768196105957}}, "step": 4}
Step:4	{"metric": {"dev": {"eval_runtime": 1.4254}}, "step": 4}
Step:4	{"metric": {"dev": {"eval_samples_per_second": 771.74}}, "step": 4}
Step:4	{"metric": {"dev": {"eval_steps_per_second": 12.628}}, "step": 4}
Step:4	{"metric": {"dev": {"epoch": 4.05}}, "step": 4}
Step:4	{"metric": {"dev": {"eval_loss": 13.83462142944336}}, "step": 4}
Step:4	{"metric": {"dev": {"eval_F1_score": 0.0}}, "step": 4}
Step:4	{"metric": {"dev": {"eval_Precision": 0.0}}, "step": 4}
Step:4	{"metric": {"dev": {"eval_Recall": 0.0}}, "step": 4}
Step:4	{"metric": {"dev": {"eval_Metric_time": 0.06761288642883301}}, "step": 4}
Step:4	{"metric": {"dev": {"eval_runtime": 1.4266}}, "step": 4}
Step:4	{"metric": {"dev": {"eval_samples_per_second": 771.075}}, "step": 4}
Step:4	{"metric": {"dev": {"eval_steps_per_second": 12.618}}, "step": 4}
Step:4	{"metric": {"dev": {"epoch": 4.28}}, "step": 4}
Step:4	{"metric": {"dev": {"eval_loss": 13.833453178405762}}, "step": 4}
Step:4	{"metric": {"dev": {"eval_F1_score": 0.0}}, "step": 4}
Step:4	{"metric": {"dev": {"eval_Precision": 0.0}}, "step": 4}
Step:4	{"metric": {"dev": {"eval_Recall": 0.0}}, "step": 4}
Step:4	{"metric": {"dev": {"eval_Metric_time": 0.06620025634765625}}, "step": 4}
Step:4	{"metric": {"dev": {"eval_runtime": 1.429}}, "step": 4}
Step:4	{"metric": {"dev": {"eval_samples_per_second": 769.744}}, "step": 4}
Step:4	{"metric": {"dev": {"eval_steps_per_second": 12.596}}, "step": 4}
Step:4	{"metric": {"dev": {"epoch": 4.5}}, "step": 4}
Step:4	{"metric": {"dev": {"eval_loss": 13.89417839050293}}, "step": 4}
Step:4	{"metric": {"dev": {"eval_F1_score": 0.0}}, "step": 4}
Step:4	{"metric": {"dev": {"eval_Precision": 0.0}}, "step": 4}
Step:4	{"metric": {"dev": {"eval_Recall": 0.0}}, "step": 4}
Step:4	{"metric": {"dev": {"eval_Metric_time": 0.0688776969909668}}, "step": 4}
Step:4	{"metric": {"dev": {"eval_runtime": 1.4323}}, "step": 4}
Step:4	{"metric": {"dev": {"eval_samples_per_second": 767.994}}, "step": 4}
Step:4	{"metric": {"dev": {"eval_steps_per_second": 12.567}}, "step": 4}
Step:4	{"metric": {"dev": {"epoch": 4.73}}, "step": 4}
Step:4	{"metric": {"dev": {"eval_loss": 13.884269714355469}}, "step": 4}
Step:4	{"metric": {"dev": {"eval_F1_score": 0.0}}, "step": 4}
Step:4	{"metric": {"dev": {"eval_Precision": 0.0}}, "step": 4}
Step:4	{"metric": {"dev": {"eval_Recall": 0.0}}, "step": 4}
Step:4	{"metric": {"dev": {"eval_Metric_time": 0.0669851303100586}}, "step": 4}
Step:4	{"metric": {"dev": {"eval_runtime": 1.423}}, "step": 4}
Step:4	{"metric": {"dev": {"eval_samples_per_second": 773.01}}, "step": 4}
Step:4	{"metric": {"dev": {"eval_steps_per_second": 12.649}}, "step": 4}
Step:4	{"metric": {"dev": {"epoch": 4.95}}, "step": 4}
Step:5	{"metric": {"dev": {"eval_loss": 13.881975173950195}}, "step": 5}
Step:5	{"metric": {"dev": {"eval_F1_score": 0.0}}, "step": 5}
Step:5	{"metric": {"dev": {"eval_Precision": 0.0}}, "step": 5}
Step:5	{"metric": {"dev": {"eval_Recall": 0.0}}, "step": 5}
Step:5	{"metric": {"dev": {"eval_Metric_time": 0.06781458854675293}}, "step": 5}
Step:5	{"metric": {"dev": {"eval_runtime": 1.4269}}, "step": 5}
Step:5	{"metric": {"dev": {"eval_samples_per_second": 770.904}}, "step": 5}
Step:5	{"metric": {"dev": {"eval_steps_per_second": 12.615}}, "step": 5}
Step:5	{"metric": {"dev": {"epoch": 5.18}}, "step": 5}
Step:5	{"metric": {"dev": {"eval_loss": 13.859098434448242}}, "step": 5}
Step:5	{"metric": {"dev": {"eval_F1_score": 0.0}}, "step": 5}
Step:5	{"metric": {"dev": {"eval_Precision": 0.0}}, "step": 5}
Step:5	{"metric": {"dev": {"eval_Recall": 0.0}}, "step": 5}
Step:5	{"metric": {"dev": {"eval_Metric_time": 0.06809473037719727}}, "step": 5}
Step:5	{"metric": {"dev": {"eval_runtime": 1.4234}}, "step": 5}
Step:5	{"metric": {"dev": {"eval_samples_per_second": 772.793}}, "step": 5}
Step:5	{"metric": {"dev": {"eval_steps_per_second": 12.646}}, "step": 5}
Step:5	{"metric": {"dev": {"epoch": 5.4}}, "step": 5}
Step:5	{"metric": {"dev": {"eval_loss": 13.890019416809082}}, "step": 5}
Step:5	{"metric": {"dev": {"eval_F1_score": 0.0}}, "step": 5}
Step:5	{"metric": {"dev": {"eval_Precision": 0.0}}, "step": 5}
Step:5	{"metric": {"dev": {"eval_Recall": 0.0}}, "step": 5}
Step:5	{"metric": {"dev": {"eval_Metric_time": 0.06781864166259766}}, "step": 5}
Step:5	{"metric": {"dev": {"eval_runtime": 1.4237}}, "step": 5}
Step:5	{"metric": {"dev": {"eval_samples_per_second": 772.614}}, "step": 5}
Step:5	{"metric": {"dev": {"eval_steps_per_second": 12.643}}, "step": 5}
Step:5	{"metric": {"dev": {"epoch": 5.63}}, "step": 5}
