Step:0	{"metric": {"dev": {"eval_loss": 5.375626087188721}}, "step": 0}
Step:0	{"metric": {"dev": {"eval_F1_score": 0.0}}, "step": 0}
Step:0	{"metric": {"dev": {"eval_Precision": 0.0}}, "step": 0}
Step:0	{"metric": {"dev": {"eval_Recall": 0.0}}, "step": 0}
Step:0	{"metric": {"dev": {"eval_Metric_time": 0.06347298622131348}}, "step": 0}
Step:0	{"metric": {"dev": {"eval_runtime": 1.4214}}, "step": 0}
Step:0	{"metric": {"dev": {"eval_samples_per_second": 773.861}}, "step": 0}
Step:0	{"metric": {"dev": {"eval_steps_per_second": 12.663}}, "step": 0}
Step:0	{"metric": {"dev": {"epoch": 0.23}}, "step": 0}
Step:0	{"metric": {"dev": {"eval_loss": 4.724972248077393}}, "step": 0}
Step:0	{"metric": {"dev": {"eval_F1_score": 0.017777777746309793}}, "step": 0}
Step:0	{"metric": {"dev": {"eval_Precision": 0.045454545454511025}}, "step": 0}
Step:0	{"metric": {"dev": {"eval_Recall": 0.011049723756904042}}, "step": 0}
Step:0	{"metric": {"dev": {"eval_Metric_time": 0.06266903877258301}}, "step": 0}
Step:0	{"metric": {"dev": {"eval_runtime": 1.4107}}, "step": 0}
Step:0	{"metric": {"dev": {"eval_samples_per_second": 779.75}}, "step": 0}
Step:0	{"metric": {"dev": {"eval_steps_per_second": 12.76}}, "step": 0}
Step:0	{"metric": {"dev": {"epoch": 0.45}}, "step": 0}
Step:0	{"metric": {"dev": {"eval_loss": 4.612161636352539}}, "step": 0}
Step:0	{"metric": {"dev": {"eval_F1_score": 0.033057851201954556}}, "step": 0}
Step:0	{"metric": {"dev": {"eval_Precision": 0.06557377049176745}}, "step": 0}
Step:0	{"metric": {"dev": {"eval_Recall": 0.022099447513808084}}, "step": 0}
Step:0	{"metric": {"dev": {"eval_Metric_time": 0.06299161911010742}}, "step": 0}
Step:0	{"metric": {"dev": {"eval_runtime": 1.4111}}, "step": 0}
Step:0	{"metric": {"dev": {"eval_samples_per_second": 779.526}}, "step": 0}
Step:0	{"metric": {"dev": {"eval_steps_per_second": 12.756}}, "step": 0}
Step:0	{"metric": {"dev": {"epoch": 0.68}}, "step": 0}
Step:0	{"metric": {"dev": {"eval_loss": 4.579383850097656}}, "step": 0}
Step:0	{"metric": {"dev": {"eval_F1_score": 0.052700922225406496}}, "step": 0}
Step:0	{"metric": {"dev": {"eval_Precision": 0.09259259259254973}}, "step": 0}
Step:0	{"metric": {"dev": {"eval_Recall": 0.036832412523013475}}, "step": 0}
Step:0	{"metric": {"dev": {"eval_Metric_time": 0.062438011169433594}}, "step": 0}
Step:0	{"metric": {"dev": {"eval_runtime": 1.4064}}, "step": 0}
Step:0	{"metric": {"dev": {"eval_samples_per_second": 782.133}}, "step": 0}
Step:0	{"metric": {"dev": {"eval_steps_per_second": 12.799}}, "step": 0}
Step:0	{"metric": {"dev": {"epoch": 0.9}}, "step": 0}
Step:1	{"metric": {"dev": {"eval_loss": 4.563584804534912}}, "step": 1}
Step:1	{"metric": {"dev": {"eval_F1_score": 0.07476635510028894}}, "step": 1}
Step:1	{"metric": {"dev": {"eval_Precision": 0.1359223300970214}}, "step": 1}
Step:1	{"metric": {"dev": {"eval_Recall": 0.05156537753221886}}, "step": 1}
Step:1	{"metric": {"dev": {"eval_Metric_time": 0.06498908996582031}}, "step": 1}
Step:1	{"metric": {"dev": {"eval_runtime": 1.4109}}, "step": 1}
Step:1	{"metric": {"dev": {"eval_samples_per_second": 779.649}}, "step": 1}
Step:1	{"metric": {"dev": {"eval_steps_per_second": 12.758}}, "step": 1}
Step:1	{"metric": {"dev": {"epoch": 1.13}}, "step": 1}
Step:1	{"metric": {"dev": {"eval_loss": 4.553547382354736}}, "step": 1}
Step:1	{"metric": {"dev": {"eval_F1_score": 0.08415147261443164}}, "step": 1}
Step:1	{"metric": {"dev": {"eval_Precision": 0.17647058823519032}}, "step": 1}
Step:1	{"metric": {"dev": {"eval_Recall": 0.055248618784520205}}, "step": 1}
Step:1	{"metric": {"dev": {"eval_Metric_time": 0.06262016296386719}}, "step": 1}
Step:1	{"metric": {"dev": {"eval_runtime": 1.4126}}, "step": 1}
Step:1	{"metric": {"dev": {"eval_samples_per_second": 778.703}}, "step": 1}
Step:1	{"metric": {"dev": {"eval_steps_per_second": 12.742}}, "step": 1}
Step:1	{"metric": {"dev": {"epoch": 1.35}}, "step": 1}
Step:1	{"metric": {"dev": {"eval_loss": 4.55054235458374}}, "step": 1}
Step:1	{"metric": {"dev": {"eval_F1_score": 0.12401055404903927}}, "step": 1}
Step:1	{"metric": {"dev": {"eval_Precision": 0.21860465116268904}}, "step": 1}
Step:1	{"metric": {"dev": {"eval_Recall": 0.08655616942908166}}, "step": 1}
Step:1	{"metric": {"dev": {"eval_Metric_time": 0.06260108947753906}}, "step": 1}
Step:1	{"metric": {"dev": {"eval_runtime": 1.4113}}, "step": 1}
Step:1	{"metric": {"dev": {"eval_samples_per_second": 779.401}}, "step": 1}
Step:1	{"metric": {"dev": {"eval_steps_per_second": 12.754}}, "step": 1}
Step:1	{"metric": {"dev": {"epoch": 1.58}}, "step": 1}
Step:1	{"metric": {"dev": {"eval_loss": 4.556756973266602}}, "step": 1}
Step:1	{"metric": {"dev": {"eval_F1_score": 0.0819462227488977}}, "step": 1}
Step:1	{"metric": {"dev": {"eval_Precision": 0.13445378151254855}}, "step": 1}
Step:1	{"metric": {"dev": {"eval_Recall": 0.058931860036821555}}, "step": 1}
Step:1	{"metric": {"dev": {"eval_Metric_time": 0.0648963451385498}}, "step": 1}
Step:1	{"metric": {"dev": {"eval_runtime": 1.4136}}, "step": 1}
Step:1	{"metric": {"dev": {"eval_samples_per_second": 778.164}}, "step": 1}
Step:1	{"metric": {"dev": {"eval_steps_per_second": 12.734}}, "step": 1}
Step:1	{"metric": {"dev": {"epoch": 1.8}}, "step": 1}
Step:2	{"metric": {"dev": {"eval_loss": 4.547183036804199}}, "step": 2}
Step:2	{"metric": {"dev": {"eval_F1_score": 0.12020460353808812}}, "step": 2}
Step:2	{"metric": {"dev": {"eval_Precision": 0.19665271966518968}}, "step": 2}
Step:2	{"metric": {"dev": {"eval_Recall": 0.08655616942908166}}, "step": 2}
Step:2	{"metric": {"dev": {"eval_Metric_time": 0.06269335746765137}}, "step": 2}
Step:2	{"metric": {"dev": {"eval_runtime": 1.4131}}, "step": 2}
Step:2	{"metric": {"dev": {"eval_samples_per_second": 778.418}}, "step": 2}
Step:2	{"metric": {"dev": {"eval_steps_per_second": 12.738}}, "step": 2}
Step:2	{"metric": {"dev": {"epoch": 2.03}}, "step": 2}
Step:2	{"metric": {"dev": {"eval_loss": 4.546694278717041}}, "step": 2}
Step:2	{"metric": {"dev": {"eval_F1_score": 0.13496932510886944}}, "step": 2}
Step:2	{"metric": {"dev": {"eval_Precision": 0.20220588235286685}}, "step": 2}
Step:2	{"metric": {"dev": {"eval_Recall": 0.10128913443828705}}, "step": 2}
Step:2	{"metric": {"dev": {"eval_Metric_time": 0.0642082691192627}}, "step": 2}
Step:2	{"metric": {"dev": {"eval_runtime": 1.4166}}, "step": 2}
Step:2	{"metric": {"dev": {"eval_samples_per_second": 776.517}}, "step": 2}
Step:2	{"metric": {"dev": {"eval_steps_per_second": 12.707}}, "step": 2}
Step:2	{"metric": {"dev": {"epoch": 2.25}}, "step": 2}
Step:2	{"metric": {"dev": {"eval_loss": 4.543354511260986}}, "step": 2}
Step:2	{"metric": {"dev": {"eval_F1_score": 0.1540372670367995}}, "step": 2}
Step:2	{"metric": {"dev": {"eval_Precision": 0.2366412213739555}}, "step": 2}
Step:2	{"metric": {"dev": {"eval_Recall": 0.11418047882134176}}, "step": 2}
Step:2	{"metric": {"dev": {"eval_Metric_time": 0.06445169448852539}}, "step": 2}
Step:2	{"metric": {"dev": {"eval_runtime": 1.4151}}, "step": 2}
Step:2	{"metric": {"dev": {"eval_samples_per_second": 777.309}}, "step": 2}
Step:2	{"metric": {"dev": {"eval_steps_per_second": 12.72}}, "step": 2}
Step:2	{"metric": {"dev": {"epoch": 2.48}}, "step": 2}
Step:2	{"metric": {"dev": {"eval_loss": 4.541872024536133}}, "step": 2}
Step:2	{"metric": {"dev": {"eval_F1_score": 0.16829268288204965}}, "step": 2}
Step:2	{"metric": {"dev": {"eval_Precision": 0.2490974729240978}}, "step": 2}
Step:2	{"metric": {"dev": {"eval_Recall": 0.12707182320439647}}, "step": 2}
Step:2	{"metric": {"dev": {"eval_Metric_time": 0.06463241577148438}}, "step": 2}
Step:2	{"metric": {"dev": {"eval_runtime": 1.4146}}, "step": 2}
Step:2	{"metric": {"dev": {"eval_samples_per_second": 777.599}}, "step": 2}
Step:2	{"metric": {"dev": {"eval_steps_per_second": 12.724}}, "step": 2}
Step:2	{"metric": {"dev": {"epoch": 2.7}}, "step": 2}
Step:2	{"metric": {"dev": {"eval_loss": 4.547291278839111}}, "step": 2}
Step:2	{"metric": {"dev": {"eval_F1_score": 0.18393480786963046}}, "step": 2}
Step:2	{"metric": {"dev": {"eval_Precision": 0.2499999999999209}}, "step": 2}
Step:2	{"metric": {"dev": {"eval_Recall": 0.14548802946590322}}, "step": 2}
Step:2	{"metric": {"dev": {"eval_Metric_time": 0.0646202564239502}}, "step": 2}
Step:2	{"metric": {"dev": {"eval_runtime": 1.4144}}, "step": 2}
Step:2	{"metric": {"dev": {"eval_samples_per_second": 777.718}}, "step": 2}
Step:2	{"metric": {"dev": {"eval_steps_per_second": 12.726}}, "step": 2}
Step:2	{"metric": {"dev": {"epoch": 2.93}}, "step": 2}
Step:3	{"metric": {"dev": {"eval_loss": 4.5392327308654785}}, "step": 3}
Step:3	{"metric": {"dev": {"eval_F1_score": 0.20766378240327646}}, "step": 3}
Step:3	{"metric": {"dev": {"eval_Precision": 0.3157894736840918}}, "step": 3}
Step:3	{"metric": {"dev": {"eval_Recall": 0.15469613259665657}}, "step": 3}
Step:3	{"metric": {"dev": {"eval_Metric_time": 0.06468653678894043}}, "step": 3}
Step:3	{"metric": {"dev": {"eval_runtime": 1.4133}}, "step": 3}
Step:3	{"metric": {"dev": {"eval_samples_per_second": 778.311}}, "step": 3}
Step:3	{"metric": {"dev": {"eval_steps_per_second": 12.736}}, "step": 3}
Step:3	{"metric": {"dev": {"epoch": 3.15}}, "step": 3}
Step:3	{"metric": {"dev": {"eval_loss": 4.541828155517578}}, "step": 3}
Step:3	{"metric": {"dev": {"eval_F1_score": 0.208187134456525}}, "step": 3}
Step:3	{"metric": {"dev": {"eval_Precision": 0.2852564102563188}}, "step": 3}
Step:3	{"metric": {"dev": {"eval_Recall": 0.16390423572740995}}, "step": 3}
Step:3	{"metric": {"dev": {"eval_Metric_time": 0.06468629837036133}}, "step": 3}
Step:3	{"metric": {"dev": {"eval_runtime": 1.4174}}, "step": 3}
Step:3	{"metric": {"dev": {"eval_samples_per_second": 776.062}}, "step": 3}
Step:3	{"metric": {"dev": {"eval_steps_per_second": 12.699}}, "step": 3}
Step:3	{"metric": {"dev": {"epoch": 3.38}}, "step": 3}
Step:3	{"metric": {"dev": {"eval_loss": 4.539591312408447}}, "step": 3}
Step:3	{"metric": {"dev": {"eval_F1_score": 0.20155038754890808}}, "step": 3}
Step:3	{"metric": {"dev": {"eval_Precision": 0.25277777777770755}}, "step": 3}
Step:3	{"metric": {"dev": {"eval_Recall": 0.1675874769797113}}, "step": 3}
Step:3	{"metric": {"dev": {"eval_Metric_time": 0.06541895866394043}}, "step": 3}
Step:3	{"metric": {"dev": {"eval_runtime": 1.414}}, "step": 3}
Step:3	{"metric": {"dev": {"eval_samples_per_second": 777.919}}, "step": 3}
Step:3	{"metric": {"dev": {"eval_steps_per_second": 12.73}}, "step": 3}
Step:3	{"metric": {"dev": {"epoch": 3.6}}, "step": 3}
Step:3	{"metric": {"dev": {"eval_loss": 4.536575794219971}}, "step": 3}
Step:3	{"metric": {"dev": {"eval_F1_score": 0.20601851847177183}}, "step": 3}
Step:3	{"metric": {"dev": {"eval_Precision": 0.2772585669781068}}, "step": 3}
Step:3	{"metric": {"dev": {"eval_Recall": 0.16390423572740995}}, "step": 3}
Step:3	{"metric": {"dev": {"eval_Metric_time": 0.06552982330322266}}, "step": 3}
Step:3	{"metric": {"dev": {"eval_runtime": 1.417}}, "step": 3}
Step:3	{"metric": {"dev": {"eval_samples_per_second": 776.308}}, "step": 3}
Step:3	{"metric": {"dev": {"eval_steps_per_second": 12.703}}, "step": 3}
Step:3	{"metric": {"dev": {"epoch": 3.83}}, "step": 3}
Step:4	{"metric": {"dev": {"eval_loss": 4.550952434539795}}, "step": 4}
Step:4	{"metric": {"dev": {"eval_F1_score": 0.2170212765469047}}, "step": 4}
Step:4	{"metric": {"dev": {"eval_Precision": 0.2569269521409932}}, "step": 4}
Step:4	{"metric": {"dev": {"eval_Recall": 0.1878453038673687}}, "step": 4}
Step:4	{"metric": {"dev": {"eval_Metric_time": 0.06685352325439453}}, "step": 4}
Step:4	{"metric": {"dev": {"eval_runtime": 1.4169}}, "step": 4}
Step:4	{"metric": {"dev": {"eval_samples_per_second": 776.355}}, "step": 4}
Step:4	{"metric": {"dev": {"eval_steps_per_second": 12.704}}, "step": 4}
Step:4	{"metric": {"dev": {"epoch": 4.05}}, "step": 4}
Step:4	{"metric": {"dev": {"eval_loss": 4.539766311645508}}, "step": 4}
Step:4	{"metric": {"dev": {"eval_F1_score": 0.20491803273747836}}, "step": 4}
Step:4	{"metric": {"dev": {"eval_Precision": 0.23094688221703674}}, "step": 4}
Step:4	{"metric": {"dev": {"eval_Recall": 0.18416206261506735}}, "step": 4}
Step:4	{"metric": {"dev": {"eval_Metric_time": 0.06455159187316895}}, "step": 4}
Step:4	{"metric": {"dev": {"eval_runtime": 1.4148}}, "step": 4}
Step:4	{"metric": {"dev": {"eval_samples_per_second": 777.5}}, "step": 4}
Step:4	{"metric": {"dev": {"eval_steps_per_second": 12.723}}, "step": 4}
Step:4	{"metric": {"dev": {"epoch": 4.28}}, "step": 4}
Step:4	{"metric": {"dev": {"eval_loss": 4.538046836853027}}, "step": 4}
Step:4	{"metric": {"dev": {"eval_F1_score": 0.26535087714474426}}, "step": 4}
Step:4	{"metric": {"dev": {"eval_Precision": 0.32791327913270246}}, "step": 4}
Step:4	{"metric": {"dev": {"eval_Recall": 0.2228360957642315}}, "step": 4}
Step:4	{"metric": {"dev": {"eval_Metric_time": 0.06629300117492676}}, "step": 4}
Step:4	{"metric": {"dev": {"eval_runtime": 1.4183}}, "step": 4}
Step:4	{"metric": {"dev": {"eval_samples_per_second": 775.566}}, "step": 4}
Step:4	{"metric": {"dev": {"eval_steps_per_second": 12.691}}, "step": 4}
Step:4	{"metric": {"dev": {"epoch": 4.5}}, "step": 4}
Step:4	{"metric": {"dev": {"eval_loss": 4.5376458168029785}}, "step": 4}
Step:4	{"metric": {"dev": {"eval_F1_score": 0.2652631578457057}}, "step": 4}
Step:4	{"metric": {"dev": {"eval_Precision": 0.30958230958223354}}, "step": 4}
Step:4	{"metric": {"dev": {"eval_Recall": 0.23204419889498487}}, "step": 4}
Step:4	{"metric": {"dev": {"eval_Metric_time": 0.0660703182220459}}, "step": 4}
Step:4	{"metric": {"dev": {"eval_runtime": 1.4187}}, "step": 4}
Step:4	{"metric": {"dev": {"eval_samples_per_second": 775.347}}, "step": 4}
Step:4	{"metric": {"dev": {"eval_steps_per_second": 12.687}}, "step": 4}
Step:4	{"metric": {"dev": {"epoch": 4.73}}, "step": 4}
Step:4	{"metric": {"dev": {"eval_loss": 4.540152549743652}}, "step": 4}
Step:4	{"metric": {"dev": {"eval_F1_score": 0.2654127481222219}}, "step": 4}
Step:4	{"metric": {"dev": {"eval_Precision": 0.3067632850240805}}, "step": 4}
Step:4	{"metric": {"dev": {"eval_Recall": 0.23388581952113555}}, "step": 4}
Step:4	{"metric": {"dev": {"eval_Metric_time": 0.06756806373596191}}, "step": 4}
Step:4	{"metric": {"dev": {"eval_runtime": 1.4259}}, "step": 4}
Step:4	{"metric": {"dev": {"eval_samples_per_second": 771.45}}, "step": 4}
Step:4	{"metric": {"dev": {"eval_steps_per_second": 12.624}}, "step": 4}
Step:4	{"metric": {"dev": {"epoch": 4.95}}, "step": 4}
Step:5	{"metric": {"dev": {"eval_loss": 4.541866302490234}}, "step": 5}
Step:5	{"metric": {"dev": {"eval_F1_score": 0.2586558044311599}}, "step": 5}
Step:5	{"metric": {"dev": {"eval_Precision": 0.28929384965824845}}, "step": 5}
Step:5	{"metric": {"dev": {"eval_Recall": 0.23388581952113555}}, "step": 5}
Step:5	{"metric": {"dev": {"eval_Metric_time": 0.06586050987243652}}, "step": 5}
Step:5	{"metric": {"dev": {"eval_runtime": 1.415}}, "step": 5}
Step:5	{"metric": {"dev": {"eval_samples_per_second": 777.378}}, "step": 5}
Step:5	{"metric": {"dev": {"eval_steps_per_second": 12.721}}, "step": 5}
Step:5	{"metric": {"dev": {"epoch": 5.18}}, "step": 5}
Step:5	{"metric": {"dev": {"eval_loss": 4.541609764099121}}, "step": 5}
Step:5	{"metric": {"dev": {"eval_F1_score": 0.2632653060729802}}, "step": 5}
Step:5	{"metric": {"dev": {"eval_Precision": 0.29519450800908575}}, "step": 5}
Step:5	{"metric": {"dev": {"eval_Recall": 0.2375690607734369}}, "step": 5}
Step:5	{"metric": {"dev": {"eval_Metric_time": 0.06635904312133789}}, "step": 5}
Step:5	{"metric": {"dev": {"eval_runtime": 1.4164}}, "step": 5}
Step:5	{"metric": {"dev": {"eval_samples_per_second": 776.593}}, "step": 5}
Step:5	{"metric": {"dev": {"eval_steps_per_second": 12.708}}, "step": 5}
Step:5	{"metric": {"dev": {"epoch": 5.4}}, "step": 5}
Step:5	{"metric": {"dev": {"eval_loss": 4.539217948913574}}, "step": 5}
Step:5	{"metric": {"dev": {"eval_F1_score": 0.2685656154133631}}, "step": 5}
Step:5	{"metric": {"dev": {"eval_Precision": 0.2999999999999318}}, "step": 5}
Step:5	{"metric": {"dev": {"eval_Recall": 0.24309392265188892}}, "step": 5}
Step:5	{"metric": {"dev": {"eval_Metric_time": 0.0681920051574707}}, "step": 5}
Step:5	{"metric": {"dev": {"eval_runtime": 1.4226}}, "step": 5}
Step:5	{"metric": {"dev": {"eval_samples_per_second": 773.218}}, "step": 5}
Step:5	{"metric": {"dev": {"eval_steps_per_second": 12.653}}, "step": 5}
Step:5	{"metric": {"dev": {"epoch": 5.63}}, "step": 5}
Step:5	{"metric": {"dev": {"eval_loss": 4.541170597076416}}, "step": 5}
Step:5	{"metric": {"dev": {"eval_F1_score": 0.26774847865228557}}, "step": 5}
Step:5	{"metric": {"dev": {"eval_Precision": 0.2979683972911291}}, "step": 5}
Step:5	{"metric": {"dev": {"eval_Recall": 0.24309392265188892}}, "step": 5}
Step:5	{"metric": {"dev": {"eval_Metric_time": 0.06746363639831543}}, "step": 5}
Step:5	{"metric": {"dev": {"eval_runtime": 1.4289}}, "step": 5}
Step:5	{"metric": {"dev": {"eval_samples_per_second": 769.804}}, "step": 5}
Step:5	{"metric": {"dev": {"eval_steps_per_second": 12.597}}, "step": 5}
Step:5	{"metric": {"dev": {"epoch": 5.85}}, "step": 5}
Step:6	{"metric": {"dev": {"eval_loss": 4.540781021118164}}, "step": 6}
Step:6	{"metric": {"dev": {"eval_F1_score": 0.2633165828649382}}, "step": 6}
Step:6	{"metric": {"dev": {"eval_Precision": 0.2898230088494934}}, "step": 6}
Step:6	{"metric": {"dev": {"eval_Recall": 0.24125230202573825}}, "step": 6}
Step:6	{"metric": {"dev": {"eval_Metric_time": 0.06824851036071777}}, "step": 6}
Step:6	{"metric": {"dev": {"eval_runtime": 1.4319}}, "step": 6}
Step:6	{"metric": {"dev": {"eval_samples_per_second": 768.196}}, "step": 6}
Step:6	{"metric": {"dev": {"eval_steps_per_second": 12.57}}, "step": 6}
Step:6	{"metric": {"dev": {"epoch": 6.08}}, "step": 6}
Step:6	{"metric": {"dev": {"eval_loss": 4.542156219482422}}, "step": 6}
Step:6	{"metric": {"dev": {"eval_F1_score": 0.28131416832842676}}, "step": 6}
Step:6	{"metric": {"dev": {"eval_Precision": 0.31786542923426503}}, "step": 6}
Step:6	{"metric": {"dev": {"eval_Recall": 0.25230202578264227}}, "step": 6}
Step:6	{"metric": {"dev": {"eval_Metric_time": 0.07158398628234863}}, "step": 6}
Step:6	{"metric": {"dev": {"eval_runtime": 1.4314}}, "step": 6}
Step:6	{"metric": {"dev": {"eval_samples_per_second": 768.485}}, "step": 6}
Step:6	{"metric": {"dev": {"eval_steps_per_second": 12.575}}, "step": 6}
Step:6	{"metric": {"dev": {"epoch": 6.3}}, "step": 6}
Step:6	{"metric": {"dev": {"eval_loss": 4.544504642486572}}, "step": 6}
Step:6	{"metric": {"dev": {"eval_F1_score": 0.3014778324625006}}, "step": 6}
Step:6	{"metric": {"dev": {"eval_Precision": 0.3241525423728127}}, "step": 6}
Step:6	{"metric": {"dev": {"eval_Recall": 0.28176795580105307}}, "step": 6}
Step:6	{"metric": {"dev": {"eval_Metric_time": 0.06593012809753418}}, "step": 6}
Step:6	{"metric": {"dev": {"eval_runtime": 1.4173}}, "step": 6}
Step:6	{"metric": {"dev": {"eval_samples_per_second": 776.142}}, "step": 6}
Step:6	{"metric": {"dev": {"eval_steps_per_second": 12.701}}, "step": 6}
Step:6	{"metric": {"dev": {"epoch": 6.53}}, "step": 6}
Step:6	{"metric": {"dev": {"eval_loss": 4.540874004364014}}, "step": 6}
Step:6	{"metric": {"dev": {"eval_F1_score": 0.30643513784634674}}, "step": 6}
Step:6	{"metric": {"dev": {"eval_Precision": 0.34403669724762753}}, "step": 6}
Step:6	{"metric": {"dev": {"eval_Recall": 0.27624309392260105}}, "step": 6}
Step:6	{"metric": {"dev": {"eval_Metric_time": 0.06650280952453613}}, "step": 6}
Step:6	{"metric": {"dev": {"eval_runtime": 1.4345}}, "step": 6}
Step:6	{"metric": {"dev": {"eval_samples_per_second": 766.841}}, "step": 6}
Step:6	{"metric": {"dev": {"eval_steps_per_second": 12.548}}, "step": 6}
Step:6	{"metric": {"dev": {"epoch": 6.76}}, "step": 6}
Step:6	{"metric": {"dev": {"eval_loss": 4.545360565185547}}, "step": 6}
Step:6	{"metric": {"dev": {"eval_F1_score": 0.2937625754030855}}, "step": 6}
Step:6	{"metric": {"dev": {"eval_Precision": 0.32372505543230073}}, "step": 6}
Step:6	{"metric": {"dev": {"eval_Recall": 0.26887661141799835}}, "step": 6}
Step:6	{"metric": {"dev": {"eval_Metric_time": 0.0668935775756836}}, "step": 6}
Step:6	{"metric": {"dev": {"eval_runtime": 1.4158}}, "step": 6}
Step:6	{"metric": {"dev": {"eval_samples_per_second": 776.928}}, "step": 6}
Step:6	{"metric": {"dev": {"eval_steps_per_second": 12.713}}, "step": 6}
Step:6	{"metric": {"dev": {"epoch": 6.98}}, "step": 6}
Step:7	{"metric": {"dev": {"eval_loss": 4.544468402862549}}, "step": 7}
Step:7	{"metric": {"dev": {"eval_F1_score": 0.3055555555057943}}, "step": 7}
Step:7	{"metric": {"dev": {"eval_Precision": 0.3311827956988535}}, "step": 7}
Step:7	{"metric": {"dev": {"eval_Recall": 0.28360957642720375}}, "step": 7}
Step:7	{"metric": {"dev": {"eval_Metric_time": 0.06703329086303711}}, "step": 7}
Step:7	{"metric": {"dev": {"eval_runtime": 1.4172}}, "step": 7}
Step:7	{"metric": {"dev": {"eval_samples_per_second": 776.151}}, "step": 7}
Step:7	{"metric": {"dev": {"eval_steps_per_second": 12.701}}, "step": 7}
Step:7	{"metric": {"dev": {"epoch": 7.21}}, "step": 7}
Step:7	{"metric": {"dev": {"eval_loss": 4.547359943389893}}, "step": 7}
Step:7	{"metric": {"dev": {"eval_F1_score": 0.2857142856643836}}, "step": 7}
Step:7	{"metric": {"dev": {"eval_Precision": 0.3024691358024069}}, "step": 7}
Step:7	{"metric": {"dev": {"eval_Recall": 0.270718232044149}}, "step": 7}
Step:7	{"metric": {"dev": {"eval_Metric_time": 0.06844091415405273}}, "step": 7}
Step:7	{"metric": {"dev": {"eval_runtime": 1.4186}}, "step": 7}
Step:7	{"metric": {"dev": {"eval_samples_per_second": 775.416}}, "step": 7}
Step:7	{"metric": {"dev": {"eval_steps_per_second": 12.689}}, "step": 7}
Step:7	{"metric": {"dev": {"epoch": 7.43}}, "step": 7}
Step:7	{"metric": {"dev": {"eval_loss": 4.546467304229736}}, "step": 7}
Step:7	{"metric": {"dev": {"eval_F1_score": 0.2787524365972901}}, "step": 7}
Step:7	{"metric": {"dev": {"eval_Precision": 0.29606625258793046}}, "step": 7}
Step:7	{"metric": {"dev": {"eval_Recall": 0.2633517495395463}}, "step": 7}
Step:7	{"metric": {"dev": {"eval_Metric_time": 0.06740045547485352}}, "step": 7}
Step:7	{"metric": {"dev": {"eval_runtime": 1.4217}}, "step": 7}
Step:7	{"metric": {"dev": {"eval_samples_per_second": 773.705}}, "step": 7}
Step:7	{"metric": {"dev": {"eval_steps_per_second": 12.661}}, "step": 7}
Step:7	{"metric": {"dev": {"epoch": 7.66}}, "step": 7}
Step:7	{"metric": {"dev": {"eval_loss": 4.545923233032227}}, "step": 7}
Step:7	{"metric": {"dev": {"eval_F1_score": 0.2871385841975433}}, "step": 7}
Step:7	{"metric": {"dev": {"eval_Precision": 0.31304347826080153}}, "step": 7}
Step:7	{"metric": {"dev": {"eval_Recall": 0.265193370165697}}, "step": 7}
Step:7	{"metric": {"dev": {"eval_Metric_time": 0.06589221954345703}}, "step": 7}
Step:7	{"metric": {"dev": {"eval_runtime": 1.4159}}, "step": 7}
Step:7	{"metric": {"dev": {"eval_samples_per_second": 776.914}}, "step": 7}
Step:7	{"metric": {"dev": {"eval_steps_per_second": 12.713}}, "step": 7}
Step:7	{"metric": {"dev": {"epoch": 7.88}}, "step": 7}
Step:8	{"metric": {"dev": {"eval_loss": 4.555840015411377}}, "step": 8}
Step:8	{"metric": {"dev": {"eval_F1_score": 0.31137724545927126}}, "step": 8}
Step:8	{"metric": {"dev": {"eval_Precision": 0.3398692810456776}}, "step": 8}
Step:8	{"metric": {"dev": {"eval_Recall": 0.2872928176795051}}, "step": 8}
Step:8	{"metric": {"dev": {"eval_Metric_time": 0.06627893447875977}}, "step": 8}
Step:8	{"metric": {"dev": {"eval_runtime": 1.4157}}, "step": 8}
Step:8	{"metric": {"dev": {"eval_samples_per_second": 776.977}}, "step": 8}
Step:8	{"metric": {"dev": {"eval_steps_per_second": 12.714}}, "step": 8}
Step:8	{"metric": {"dev": {"epoch": 8.11}}, "step": 8}
Step:8	{"metric": {"dev": {"eval_loss": 4.551390171051025}}, "step": 8}
Step:8	{"metric": {"dev": {"eval_F1_score": 0.2893700786903379}}, "step": 8}
Step:8	{"metric": {"dev": {"eval_Precision": 0.31078224101473345}}, "step": 8}
Step:8	{"metric": {"dev": {"eval_Recall": 0.270718232044149}}, "step": 8}
Step:8	{"metric": {"dev": {"eval_Metric_time": 0.0688321590423584}}, "step": 8}
Step:8	{"metric": {"dev": {"eval_runtime": 1.4175}}, "step": 8}
Step:8	{"metric": {"dev": {"eval_samples_per_second": 776.012}}, "step": 8}
Step:8	{"metric": {"dev": {"eval_steps_per_second": 12.698}}, "step": 8}
Step:8	{"metric": {"dev": {"epoch": 8.33}}, "step": 8}
Step:8	{"metric": {"dev": {"eval_loss": 4.54888916015625}}, "step": 8}
Step:8	{"metric": {"dev": {"eval_F1_score": 0.31368631363661154}}, "step": 8}
Step:8	{"metric": {"dev": {"eval_Precision": 0.34279475982525265}}, "step": 8}
Step:8	{"metric": {"dev": {"eval_Recall": 0.28913443830565577}}, "step": 8}
Step:8	{"metric": {"dev": {"eval_Metric_time": 0.06615018844604492}}, "step": 8}
Step:8	{"metric": {"dev": {"eval_runtime": 1.4157}}, "step": 8}
Step:8	{"metric": {"dev": {"eval_samples_per_second": 776.987}}, "step": 8}
Step:8	{"metric": {"dev": {"eval_steps_per_second": 12.714}}, "step": 8}
Step:8	{"metric": {"dev": {"epoch": 8.56}}, "step": 8}
Step:8	{"metric": {"dev": {"eval_loss": 4.551292419433594}}, "step": 8}
Step:8	{"metric": {"dev": {"eval_F1_score": 0.3043478260371637}}, "step": 8}
Step:8	{"metric": {"dev": {"eval_Precision": 0.3283582089551539}}, "step": 8}
Step:8	{"metric": {"dev": {"eval_Recall": 0.28360957642720375}}, "step": 8}
Step:8	{"metric": {"dev": {"eval_Metric_time": 0.06645750999450684}}, "step": 8}
Step:8	{"metric": {"dev": {"eval_runtime": 1.4152}}, "step": 8}
Step:8	{"metric": {"dev": {"eval_samples_per_second": 777.288}}, "step": 8}
Step:8	{"metric": {"dev": {"eval_steps_per_second": 12.719}}, "step": 8}
Step:8	{"metric": {"dev": {"epoch": 8.78}}, "step": 8}
Step:9	{"metric": {"dev": {"eval_loss": 4.550456523895264}}, "step": 9}
Step:9	{"metric": {"dev": {"eval_F1_score": 0.3083083082586258}}, "step": 9}
Step:9	{"metric": {"dev": {"eval_Precision": 0.33771929824554}}, "step": 9}
Step:9	{"metric": {"dev": {"eval_Recall": 0.28360957642720375}}, "step": 9}
Step:9	{"metric": {"dev": {"eval_Metric_time": 0.06624341011047363}}, "step": 9}
Step:9	{"metric": {"dev": {"eval_runtime": 1.4137}}, "step": 9}
Step:9	{"metric": {"dev": {"eval_samples_per_second": 778.098}}, "step": 9}
Step:9	{"metric": {"dev": {"eval_steps_per_second": 12.733}}, "step": 9}
Step:9	{"metric": {"dev": {"epoch": 9.01}}, "step": 9}
Step:9	{"metric": {"dev": {"eval_loss": 4.5527825355529785}}, "step": 9}
Step:9	{"metric": {"dev": {"eval_F1_score": 0.31704885338996014}}, "step": 9}
Step:9	{"metric": {"dev": {"eval_Precision": 0.3456521739129683}}, "step": 9}
Step:9	{"metric": {"dev": {"eval_Recall": 0.2928176795579571}}, "step": 9}
Step:9	{"metric": {"dev": {"eval_Metric_time": 0.06640005111694336}}, "step": 9}
Step:9	{"metric": {"dev": {"eval_runtime": 1.4161}}, "step": 9}
Step:9	{"metric": {"dev": {"eval_samples_per_second": 776.77}}, "step": 9}
Step:9	{"metric": {"dev": {"eval_steps_per_second": 12.711}}, "step": 9}
Step:9	{"metric": {"dev": {"epoch": 9.23}}, "step": 9}
Step:9	{"metric": {"dev": {"eval_loss": 4.554258823394775}}, "step": 9}
Step:9	{"metric": {"dev": {"eval_F1_score": 0.3179587830708603}}, "step": 9}
Step:9	{"metric": {"dev": {"eval_Precision": 0.34033613445371}}, "step": 9}
Step:9	{"metric": {"dev": {"eval_Recall": 0.29834254143640915}}, "step": 9}
Step:9	{"metric": {"dev": {"eval_Metric_time": 0.06565356254577637}}, "step": 9}
Step:9	{"metric": {"dev": {"eval_runtime": 1.4149}}, "step": 9}
Step:9	{"metric": {"dev": {"eval_samples_per_second": 777.418}}, "step": 9}
Step:9	{"metric": {"dev": {"eval_steps_per_second": 12.721}}, "step": 9}
Step:9	{"metric": {"dev": {"epoch": 9.46}}, "step": 9}
Step:9	{"metric": {"dev": {"eval_loss": 4.553572654724121}}, "step": 9}
Step:9	{"metric": {"dev": {"eval_F1_score": 0.3254901960285769}}, "step": 9}
Step:9	{"metric": {"dev": {"eval_Precision": 0.3480083857441619}}, "step": 9}
Step:9	{"metric": {"dev": {"eval_Recall": 0.3057090239410118}}, "step": 9}
Step:9	{"metric": {"dev": {"eval_Metric_time": 0.06586194038391113}}, "step": 9}
Step:9	{"metric": {"dev": {"eval_runtime": 1.415}}, "step": 9}
Step:9	{"metric": {"dev": {"eval_samples_per_second": 777.361}}, "step": 9}
Step:9	{"metric": {"dev": {"eval_steps_per_second": 12.72}}, "step": 9}
Step:9	{"metric": {"dev": {"epoch": 9.68}}, "step": 9}
Step:9	{"metric": {"dev": {"eval_loss": 4.553661346435547}}, "step": 9}
Step:9	{"metric": {"dev": {"eval_F1_score": 0.32876712323780294}}, "step": 9}
Step:9	{"metric": {"dev": {"eval_Precision": 0.35073068893520865}}, "step": 9}
Step:9	{"metric": {"dev": {"eval_Recall": 0.30939226519331314}}, "step": 9}
Step:9	{"metric": {"dev": {"eval_Metric_time": 0.06593441963195801}}, "step": 9}
Step:9	{"metric": {"dev": {"eval_runtime": 1.4135}}, "step": 9}
Step:9	{"metric": {"dev": {"eval_samples_per_second": 778.194}}, "step": 9}
Step:9	{"metric": {"dev": {"eval_steps_per_second": 12.734}}, "step": 9}
Step:9	{"metric": {"dev": {"epoch": 9.91}}, "step": 9}
