Step:0	{"metric": {"dev": {"eval_loss": 25.106515884399414}}, "step": 0}
Step:0	{"metric": {"dev": {"eval_F1_score": 0.0}}, "step": 0}
Step:0	{"metric": {"dev": {"eval_Precision": 0.0}}, "step": 0}
Step:0	{"metric": {"dev": {"eval_Recall": 0.0}}, "step": 0}
Step:0	{"metric": {"dev": {"eval_Metric_time": 0.08030486106872559}}, "step": 0}
Step:0	{"metric": {"dev": {"eval_runtime": 1.5966}}, "step": 0}
Step:0	{"metric": {"dev": {"eval_samples_per_second": 688.952}}, "step": 0}
Step:0	{"metric": {"dev": {"eval_steps_per_second": 5.637}}, "step": 0}
Step:0	{"metric": {"dev": {"epoch": 0.45}}, "step": 0}
Step:0	{"metric": {"dev": {"eval_loss": 25.073083877563477}}, "step": 0}
Step:0	{"metric": {"dev": {"eval_F1_score": 0.0}}, "step": 0}
Step:0	{"metric": {"dev": {"eval_Precision": 0.0}}, "step": 0}
Step:0	{"metric": {"dev": {"eval_Recall": 0.0}}, "step": 0}
Step:0	{"metric": {"dev": {"eval_Metric_time": 0.08053445816040039}}, "step": 0}
Step:0	{"metric": {"dev": {"eval_runtime": 1.2908}}, "step": 0}
Step:0	{"metric": {"dev": {"eval_samples_per_second": 852.169}}, "step": 0}
Step:0	{"metric": {"dev": {"eval_steps_per_second": 6.972}}, "step": 0}
Step:0	{"metric": {"dev": {"epoch": 0.9}}, "step": 0}
Step:1	{"metric": {"dev": {"eval_loss": 25.049747467041016}}, "step": 1}
Step:1	{"metric": {"dev": {"eval_F1_score": 0.0}}, "step": 1}
Step:1	{"metric": {"dev": {"eval_Precision": 0.0}}, "step": 1}
Step:1	{"metric": {"dev": {"eval_Recall": 0.0}}, "step": 1}
Step:1	{"metric": {"dev": {"eval_Metric_time": 0.08014965057373047}}, "step": 1}
Step:1	{"metric": {"dev": {"eval_runtime": 1.2706}}, "step": 1}
Step:1	{"metric": {"dev": {"eval_samples_per_second": 865.762}}, "step": 1}
Step:1	{"metric": {"dev": {"eval_steps_per_second": 7.084}}, "step": 1}
Step:1	{"metric": {"dev": {"epoch": 1.35}}, "step": 1}
Step:1	{"metric": {"dev": {"eval_loss": 25.022859573364258}}, "step": 1}
Step:1	{"metric": {"dev": {"eval_F1_score": 0.0}}, "step": 1}
Step:1	{"metric": {"dev": {"eval_Precision": 0.0}}, "step": 1}
Step:1	{"metric": {"dev": {"eval_Recall": 0.0}}, "step": 1}
Step:1	{"metric": {"dev": {"eval_Metric_time": 0.08054041862487793}}, "step": 1}
Step:1	{"metric": {"dev": {"eval_runtime": 1.2555}}, "step": 1}
Step:1	{"metric": {"dev": {"eval_samples_per_second": 876.18}}, "step": 1}
Step:1	{"metric": {"dev": {"eval_steps_per_second": 7.169}}, "step": 1}
Step:1	{"metric": {"dev": {"epoch": 1.8}}, "step": 1}
Step:2	{"metric": {"dev": {"eval_loss": 24.999794006347656}}, "step": 2}
Step:2	{"metric": {"dev": {"eval_F1_score": 0.0}}, "step": 2}
Step:2	{"metric": {"dev": {"eval_Precision": 0.0}}, "step": 2}
Step:2	{"metric": {"dev": {"eval_Recall": 0.0}}, "step": 2}
Step:2	{"metric": {"dev": {"eval_Metric_time": 0.08054852485656738}}, "step": 2}
Step:2	{"metric": {"dev": {"eval_runtime": 1.2659}}, "step": 2}
Step:2	{"metric": {"dev": {"eval_samples_per_second": 868.955}}, "step": 2}
Step:2	{"metric": {"dev": {"eval_steps_per_second": 7.11}}, "step": 2}
Step:2	{"metric": {"dev": {"epoch": 2.25}}, "step": 2}
Step:2	{"metric": {"dev": {"eval_loss": 24.968168258666992}}, "step": 2}
Step:2	{"metric": {"dev": {"eval_F1_score": 0.0}}, "step": 2}
Step:2	{"metric": {"dev": {"eval_Precision": 0.0}}, "step": 2}
Step:2	{"metric": {"dev": {"eval_Recall": 0.0}}, "step": 2}
Step:2	{"metric": {"dev": {"eval_Metric_time": 0.06337118148803711}}, "step": 2}
Step:2	{"metric": {"dev": {"eval_runtime": 1.2407}}, "step": 2}
Step:2	{"metric": {"dev": {"eval_samples_per_second": 886.629}}, "step": 2}
Step:2	{"metric": {"dev": {"eval_steps_per_second": 7.254}}, "step": 2}
Step:2	{"metric": {"dev": {"epoch": 2.7}}, "step": 2}
Step:3	{"metric": {"dev": {"eval_loss": 24.959993362426758}}, "step": 3}
Step:3	{"metric": {"dev": {"eval_F1_score": 0.0}}, "step": 3}
Step:3	{"metric": {"dev": {"eval_Precision": 0.0}}, "step": 3}
Step:3	{"metric": {"dev": {"eval_Recall": 0.0}}, "step": 3}
Step:3	{"metric": {"dev": {"eval_Metric_time": 0.08079290390014648}}, "step": 3}
Step:3	{"metric": {"dev": {"eval_runtime": 1.2823}}, "step": 3}
Step:3	{"metric": {"dev": {"eval_samples_per_second": 857.823}}, "step": 3}
Step:3	{"metric": {"dev": {"eval_steps_per_second": 7.019}}, "step": 3}
Step:3	{"metric": {"dev": {"epoch": 3.15}}, "step": 3}
Step:3	{"metric": {"dev": {"eval_loss": 24.914648056030273}}, "step": 3}
Step:3	{"metric": {"dev": {"eval_F1_score": 0.0}}, "step": 3}
Step:3	{"metric": {"dev": {"eval_Precision": 0.0}}, "step": 3}
Step:3	{"metric": {"dev": {"eval_Recall": 0.0}}, "step": 3}
Step:3	{"metric": {"dev": {"eval_Metric_time": 0.08063602447509766}}, "step": 3}
Step:3	{"metric": {"dev": {"eval_runtime": 1.2811}}, "step": 3}
Step:3	{"metric": {"dev": {"eval_samples_per_second": 858.621}}, "step": 3}
Step:3	{"metric": {"dev": {"eval_steps_per_second": 7.025}}, "step": 3}
Step:3	{"metric": {"dev": {"epoch": 3.6}}, "step": 3}
Step:4	{"metric": {"dev": {"eval_loss": 24.8975887298584}}, "step": 4}
Step:4	{"metric": {"dev": {"eval_F1_score": 0.0}}, "step": 4}
Step:4	{"metric": {"dev": {"eval_Precision": 0.0}}, "step": 4}
Step:4	{"metric": {"dev": {"eval_Recall": 0.0}}, "step": 4}
Step:4	{"metric": {"dev": {"eval_Metric_time": 0.08027052879333496}}, "step": 4}
Step:4	{"metric": {"dev": {"eval_runtime": 1.2889}}, "step": 4}
Step:4	{"metric": {"dev": {"eval_samples_per_second": 853.471}}, "step": 4}
Step:4	{"metric": {"dev": {"eval_steps_per_second": 6.983}}, "step": 4}
Step:4	{"metric": {"dev": {"epoch": 4.05}}, "step": 4}
Step:4	{"metric": {"dev": {"eval_loss": 24.8411865234375}}, "step": 4}
Step:4	{"metric": {"dev": {"eval_F1_score": 0.0}}, "step": 4}
Step:4	{"metric": {"dev": {"eval_Precision": 0.0}}, "step": 4}
Step:4	{"metric": {"dev": {"eval_Recall": 0.0}}, "step": 4}
Step:4	{"metric": {"dev": {"eval_Metric_time": 0.08030533790588379}}, "step": 4}
Step:4	{"metric": {"dev": {"eval_runtime": 1.2502}}, "step": 4}
Step:4	{"metric": {"dev": {"eval_samples_per_second": 879.892}}, "step": 4}
Step:4	{"metric": {"dev": {"eval_steps_per_second": 7.199}}, "step": 4}
Step:4	{"metric": {"dev": {"epoch": 4.5}}, "step": 4}
Step:4	{"metric": {"dev": {"eval_loss": 24.838716506958008}}, "step": 4}
Step:4	{"metric": {"dev": {"eval_F1_score": 0.0}}, "step": 4}
Step:4	{"metric": {"dev": {"eval_Precision": 0.0}}, "step": 4}
Step:4	{"metric": {"dev": {"eval_Recall": 0.0}}, "step": 4}
Step:4	{"metric": {"dev": {"eval_Metric_time": 0.08055853843688965}}, "step": 4}
Step:4	{"metric": {"dev": {"eval_runtime": 1.2645}}, "step": 4}
Step:4	{"metric": {"dev": {"eval_samples_per_second": 869.903}}, "step": 4}
Step:4	{"metric": {"dev": {"eval_steps_per_second": 7.117}}, "step": 4}
Step:4	{"metric": {"dev": {"epoch": 4.95}}, "step": 4}
Step:5	{"metric": {"dev": {"eval_loss": 24.798551559448242}}, "step": 5}
Step:5	{"metric": {"dev": {"eval_F1_score": 0.0}}, "step": 5}
Step:5	{"metric": {"dev": {"eval_Precision": 0.0}}, "step": 5}
Step:5	{"metric": {"dev": {"eval_Recall": 0.0}}, "step": 5}
Step:5	{"metric": {"dev": {"eval_Metric_time": 0.08078837394714355}}, "step": 5}
Step:5	{"metric": {"dev": {"eval_runtime": 1.2808}}, "step": 5}
Step:5	{"metric": {"dev": {"eval_samples_per_second": 858.812}}, "step": 5}
Step:5	{"metric": {"dev": {"eval_steps_per_second": 7.027}}, "step": 5}
Step:5	{"metric": {"dev": {"epoch": 5.4}}, "step": 5}
Step:5	{"metric": {"dev": {"eval_loss": 24.751087188720703}}, "step": 5}
Step:5	{"metric": {"dev": {"eval_F1_score": 0.0}}, "step": 5}
Step:5	{"metric": {"dev": {"eval_Precision": 0.0}}, "step": 5}
Step:5	{"metric": {"dev": {"eval_Recall": 0.0}}, "step": 5}
Step:5	{"metric": {"dev": {"eval_Metric_time": 0.06293272972106934}}, "step": 5}
Step:5	{"metric": {"dev": {"eval_runtime": 1.2503}}, "step": 5}
Step:5	{"metric": {"dev": {"eval_samples_per_second": 879.765}}, "step": 5}
Step:5	{"metric": {"dev": {"eval_steps_per_second": 7.198}}, "step": 5}
Step:5	{"metric": {"dev": {"epoch": 5.85}}, "step": 5}
Step:6	{"metric": {"dev": {"eval_loss": 24.736156463623047}}, "step": 6}
Step:6	{"metric": {"dev": {"eval_F1_score": 0.0}}, "step": 6}
Step:6	{"metric": {"dev": {"eval_Precision": 0.0}}, "step": 6}
Step:6	{"metric": {"dev": {"eval_Recall": 0.0}}, "step": 6}
Step:6	{"metric": {"dev": {"eval_Metric_time": 0.07390332221984863}}, "step": 6}
Step:6	{"metric": {"dev": {"eval_runtime": 1.2792}}, "step": 6}
Step:6	{"metric": {"dev": {"eval_samples_per_second": 859.938}}, "step": 6}
Step:6	{"metric": {"dev": {"eval_steps_per_second": 7.036}}, "step": 6}
Step:6	{"metric": {"dev": {"epoch": 6.3}}, "step": 6}
Step:6	{"metric": {"dev": {"eval_loss": 24.706314086914062}}, "step": 6}
Step:6	{"metric": {"dev": {"eval_F1_score": 0.0}}, "step": 6}
Step:6	{"metric": {"dev": {"eval_Precision": 0.0}}, "step": 6}
Step:6	{"metric": {"dev": {"eval_Recall": 0.0}}, "step": 6}
Step:6	{"metric": {"dev": {"eval_Metric_time": 0.08119535446166992}}, "step": 6}
Step:6	{"metric": {"dev": {"eval_runtime": 1.2793}}, "step": 6}
Step:6	{"metric": {"dev": {"eval_samples_per_second": 859.852}}, "step": 6}
Step:6	{"metric": {"dev": {"eval_steps_per_second": 7.035}}, "step": 6}
Step:6	{"metric": {"dev": {"epoch": 6.75}}, "step": 6}
Step:7	{"metric": {"dev": {"eval_loss": 24.694929122924805}}, "step": 7}
Step:7	{"metric": {"dev": {"eval_F1_score": 0.0}}, "step": 7}
Step:7	{"metric": {"dev": {"eval_Precision": 0.0}}, "step": 7}
Step:7	{"metric": {"dev": {"eval_Recall": 0.0}}, "step": 7}
Step:7	{"metric": {"dev": {"eval_Metric_time": 0.08054542541503906}}, "step": 7}
Step:7	{"metric": {"dev": {"eval_runtime": 1.2672}}, "step": 7}
Step:7	{"metric": {"dev": {"eval_samples_per_second": 868.078}}, "step": 7}
Step:7	{"metric": {"dev": {"eval_steps_per_second": 7.102}}, "step": 7}
Step:7	{"metric": {"dev": {"epoch": 7.2}}, "step": 7}
Step:7	{"metric": {"dev": {"eval_loss": 24.6932430267334}}, "step": 7}
Step:7	{"metric": {"dev": {"eval_F1_score": 0.0}}, "step": 7}
Step:7	{"metric": {"dev": {"eval_Precision": 0.0}}, "step": 7}
Step:7	{"metric": {"dev": {"eval_Recall": 0.0}}, "step": 7}
Step:7	{"metric": {"dev": {"eval_Metric_time": 0.06318950653076172}}, "step": 7}
Step:7	{"metric": {"dev": {"eval_runtime": 1.2458}}, "step": 7}
Step:7	{"metric": {"dev": {"eval_samples_per_second": 882.941}}, "step": 7}
Step:7	{"metric": {"dev": {"eval_steps_per_second": 7.224}}, "step": 7}
Step:7	{"metric": {"dev": {"epoch": 7.65}}, "step": 7}
Step:8	{"metric": {"dev": {"eval_loss": 24.641815185546875}}, "step": 8}
Step:8	{"metric": {"dev": {"eval_F1_score": 0.0}}, "step": 8}
Step:8	{"metric": {"dev": {"eval_Precision": 0.0}}, "step": 8}
Step:8	{"metric": {"dev": {"eval_Recall": 0.0}}, "step": 8}
Step:8	{"metric": {"dev": {"eval_Metric_time": 0.062351226806640625}}, "step": 8}
Step:8	{"metric": {"dev": {"eval_runtime": 1.2623}}, "step": 8}
Step:8	{"metric": {"dev": {"eval_samples_per_second": 871.399}}, "step": 8}
Step:8	{"metric": {"dev": {"eval_steps_per_second": 7.13}}, "step": 8}
Step:8	{"metric": {"dev": {"epoch": 8.1}}, "step": 8}
Step:8	{"metric": {"dev": {"eval_loss": 24.637510299682617}}, "step": 8}
Step:8	{"metric": {"dev": {"eval_F1_score": 0.0}}, "step": 8}
Step:8	{"metric": {"dev": {"eval_Precision": 0.0}}, "step": 8}
Step:8	{"metric": {"dev": {"eval_Recall": 0.0}}, "step": 8}
Step:8	{"metric": {"dev": {"eval_Metric_time": 0.08028125762939453}}, "step": 8}
Step:8	{"metric": {"dev": {"eval_runtime": 1.2618}}, "step": 8}
Step:8	{"metric": {"dev": {"eval_samples_per_second": 871.751}}, "step": 8}
Step:8	{"metric": {"dev": {"eval_steps_per_second": 7.133}}, "step": 8}
Step:8	{"metric": {"dev": {"epoch": 8.55}}, "step": 8}
Step:9	{"metric": {"dev": {"eval_loss": 24.619461059570312}}, "step": 9}
Step:9	{"metric": {"dev": {"eval_F1_score": 0.0}}, "step": 9}
Step:9	{"metric": {"dev": {"eval_Precision": 0.0}}, "step": 9}
Step:9	{"metric": {"dev": {"eval_Recall": 0.0}}, "step": 9}
Step:9	{"metric": {"dev": {"eval_Metric_time": 0.08106303215026855}}, "step": 9}
Step:9	{"metric": {"dev": {"eval_runtime": 1.2394}}, "step": 9}
Step:9	{"metric": {"dev": {"eval_samples_per_second": 887.491}}, "step": 9}
Step:9	{"metric": {"dev": {"eval_steps_per_second": 7.261}}, "step": 9}
Step:9	{"metric": {"dev": {"epoch": 9.0}}, "step": 9}
Step:9	{"metric": {"dev": {"eval_loss": 24.613555908203125}}, "step": 9}
Step:9	{"metric": {"dev": {"eval_F1_score": 0.0}}, "step": 9}
Step:9	{"metric": {"dev": {"eval_Precision": 0.0}}, "step": 9}
Step:9	{"metric": {"dev": {"eval_Recall": 0.0}}, "step": 9}
Step:9	{"metric": {"dev": {"eval_Metric_time": 0.08090615272521973}}, "step": 9}
Step:9	{"metric": {"dev": {"eval_runtime": 1.2686}}, "step": 9}
Step:9	{"metric": {"dev": {"eval_samples_per_second": 867.108}}, "step": 9}
Step:9	{"metric": {"dev": {"eval_steps_per_second": 7.095}}, "step": 9}
Step:9	{"metric": {"dev": {"epoch": 9.46}}, "step": 9}
Step:9	{"metric": {"dev": {"eval_loss": 24.613136291503906}}, "step": 9}
Step:9	{"metric": {"dev": {"eval_F1_score": 0.0}}, "step": 9}
Step:9	{"metric": {"dev": {"eval_Precision": 0.0}}, "step": 9}
Step:9	{"metric": {"dev": {"eval_Recall": 0.0}}, "step": 9}
Step:9	{"metric": {"dev": {"eval_Metric_time": 0.08099126815795898}}, "step": 9}
Step:9	{"metric": {"dev": {"eval_runtime": 1.2733}}, "step": 9}
Step:9	{"metric": {"dev": {"eval_samples_per_second": 863.903}}, "step": 9}
Step:9	{"metric": {"dev": {"eval_steps_per_second": 7.068}}, "step": 9}
Step:9	{"metric": {"dev": {"epoch": 9.91}}, "step": 9}
