Step:0	{"metric": {"dev": {"eval_loss": 8.90129280090332}}, "step": 0}
Step:0	{"metric": {"dev": {"eval_F1_score": 0.0}}, "step": 0}
Step:0	{"metric": {"dev": {"eval_Precision": 0.0}}, "step": 0}
Step:0	{"metric": {"dev": {"eval_Recall": 0.0}}, "step": 0}
Step:0	{"metric": {"dev": {"eval_Metric_time": 0.09568381309509277}}, "step": 0}
Step:0	{"metric": {"dev": {"eval_runtime": 2.2418}}, "step": 0}
Step:0	{"metric": {"dev": {"eval_samples_per_second": 490.678}}, "step": 0}
Step:0	{"metric": {"dev": {"eval_steps_per_second": 8.029}}, "step": 0}
Step:0	{"metric": {"dev": {"epoch": 0.23}}, "step": 0}
Step:0	{"metric": {"dev": {"eval_loss": 8.942652702331543}}, "step": 0}
Step:0	{"metric": {"dev": {"eval_F1_score": 0.0}}, "step": 0}
Step:0	{"metric": {"dev": {"eval_Precision": 0.0}}, "step": 0}
Step:0	{"metric": {"dev": {"eval_Recall": 0.0}}, "step": 0}
Step:0	{"metric": {"dev": {"eval_Metric_time": 0.06210923194885254}}, "step": 0}
Step:0	{"metric": {"dev": {"eval_runtime": 1.5051}}, "step": 0}
Step:0	{"metric": {"dev": {"eval_samples_per_second": 730.856}}, "step": 0}
Step:0	{"metric": {"dev": {"eval_steps_per_second": 11.959}}, "step": 0}
Step:0	{"metric": {"dev": {"epoch": 0.45}}, "step": 0}
Step:0	{"metric": {"dev": {"eval_loss": 8.954614639282227}}, "step": 0}
Step:0	{"metric": {"dev": {"eval_F1_score": 0.0}}, "step": 0}
Step:0	{"metric": {"dev": {"eval_Precision": 0.0}}, "step": 0}
Step:0	{"metric": {"dev": {"eval_Recall": 0.0}}, "step": 0}
Step:0	{"metric": {"dev": {"eval_Metric_time": 0.0628652572631836}}, "step": 0}
Step:0	{"metric": {"dev": {"eval_runtime": 1.4945}}, "step": 0}
Step:0	{"metric": {"dev": {"eval_samples_per_second": 736.043}}, "step": 0}
Step:0	{"metric": {"dev": {"eval_steps_per_second": 12.044}}, "step": 0}
Step:0	{"metric": {"dev": {"epoch": 0.68}}, "step": 0}
Step:0	{"metric": {"dev": {"eval_loss": 8.960336685180664}}, "step": 0}
Step:0	{"metric": {"dev": {"eval_F1_score": 0.0}}, "step": 0}
Step:0	{"metric": {"dev": {"eval_Precision": 0.0}}, "step": 0}
Step:0	{"metric": {"dev": {"eval_Recall": 0.0}}, "step": 0}
Step:0	{"metric": {"dev": {"eval_Metric_time": 0.06346392631530762}}, "step": 0}
Step:0	{"metric": {"dev": {"eval_runtime": 1.4997}}, "step": 0}
Step:0	{"metric": {"dev": {"eval_samples_per_second": 733.5}}, "step": 0}
Step:0	{"metric": {"dev": {"eval_steps_per_second": 12.003}}, "step": 0}
Step:0	{"metric": {"dev": {"epoch": 0.9}}, "step": 0}
Step:1	{"metric": {"dev": {"eval_loss": 8.963561058044434}}, "step": 1}
Step:1	{"metric": {"dev": {"eval_F1_score": 0.0}}, "step": 1}
Step:1	{"metric": {"dev": {"eval_Precision": 0.0}}, "step": 1}
Step:1	{"metric": {"dev": {"eval_Recall": 0.0}}, "step": 1}
Step:1	{"metric": {"dev": {"eval_Metric_time": 0.061960697174072266}}, "step": 1}
Step:1	{"metric": {"dev": {"eval_runtime": 1.497}}, "step": 1}
Step:1	{"metric": {"dev": {"eval_samples_per_second": 734.82}}, "step": 1}
Step:1	{"metric": {"dev": {"eval_steps_per_second": 12.024}}, "step": 1}
Step:1	{"metric": {"dev": {"epoch": 1.13}}, "step": 1}
Step:1	{"metric": {"dev": {"eval_loss": 8.965337753295898}}, "step": 1}
Step:1	{"metric": {"dev": {"eval_F1_score": 0.0}}, "step": 1}
Step:1	{"metric": {"dev": {"eval_Precision": 0.0}}, "step": 1}
Step:1	{"metric": {"dev": {"eval_Recall": 0.0}}, "step": 1}
Step:1	{"metric": {"dev": {"eval_Metric_time": 0.062387704849243164}}, "step": 1}
Step:1	{"metric": {"dev": {"eval_runtime": 1.4953}}, "step": 1}
Step:1	{"metric": {"dev": {"eval_samples_per_second": 735.644}}, "step": 1}
Step:1	{"metric": {"dev": {"eval_steps_per_second": 12.038}}, "step": 1}
Step:1	{"metric": {"dev": {"epoch": 1.35}}, "step": 1}
Step:1	{"metric": {"dev": {"eval_loss": 8.966291427612305}}, "step": 1}
Step:1	{"metric": {"dev": {"eval_F1_score": 0.0}}, "step": 1}
Step:1	{"metric": {"dev": {"eval_Precision": 0.0}}, "step": 1}
Step:1	{"metric": {"dev": {"eval_Recall": 0.0}}, "step": 1}
Step:1	{"metric": {"dev": {"eval_Metric_time": 0.06462502479553223}}, "step": 1}
Step:1	{"metric": {"dev": {"eval_runtime": 1.495}}, "step": 1}
Step:1	{"metric": {"dev": {"eval_samples_per_second": 735.777}}, "step": 1}
Step:1	{"metric": {"dev": {"eval_steps_per_second": 12.04}}, "step": 1}
Step:1	{"metric": {"dev": {"epoch": 1.58}}, "step": 1}
Step:1	{"metric": {"dev": {"eval_loss": 8.967035293579102}}, "step": 1}
Step:1	{"metric": {"dev": {"eval_F1_score": 0.0}}, "step": 1}
Step:1	{"metric": {"dev": {"eval_Precision": 0.0}}, "step": 1}
Step:1	{"metric": {"dev": {"eval_Recall": 0.0}}, "step": 1}
Step:1	{"metric": {"dev": {"eval_Metric_time": 0.06324577331542969}}, "step": 1}
Step:1	{"metric": {"dev": {"eval_runtime": 1.4949}}, "step": 1}
Step:1	{"metric": {"dev": {"eval_samples_per_second": 735.833}}, "step": 1}
Step:1	{"metric": {"dev": {"eval_steps_per_second": 12.041}}, "step": 1}
Step:1	{"metric": {"dev": {"epoch": 1.8}}, "step": 1}
Step:2	{"metric": {"dev": {"eval_loss": 8.967475891113281}}, "step": 2}
Step:2	{"metric": {"dev": {"eval_F1_score": 0.0}}, "step": 2}
Step:2	{"metric": {"dev": {"eval_Precision": 0.0}}, "step": 2}
Step:2	{"metric": {"dev": {"eval_Recall": 0.0}}, "step": 2}
Step:2	{"metric": {"dev": {"eval_Metric_time": 0.06226706504821777}}, "step": 2}
Step:2	{"metric": {"dev": {"eval_runtime": 1.4922}}, "step": 2}
Step:2	{"metric": {"dev": {"eval_samples_per_second": 737.162}}, "step": 2}
Step:2	{"metric": {"dev": {"eval_steps_per_second": 12.063}}, "step": 2}
Step:2	{"metric": {"dev": {"epoch": 2.03}}, "step": 2}
Step:2	{"metric": {"dev": {"eval_loss": 8.967880249023438}}, "step": 2}
Step:2	{"metric": {"dev": {"eval_F1_score": 0.0}}, "step": 2}
Step:2	{"metric": {"dev": {"eval_Precision": 0.0}}, "step": 2}
Step:2	{"metric": {"dev": {"eval_Recall": 0.0}}, "step": 2}
Step:2	{"metric": {"dev": {"eval_Metric_time": 0.06179070472717285}}, "step": 2}
Step:2	{"metric": {"dev": {"eval_runtime": 1.5014}}, "step": 2}
Step:2	{"metric": {"dev": {"eval_samples_per_second": 732.628}}, "step": 2}
Step:2	{"metric": {"dev": {"eval_steps_per_second": 11.988}}, "step": 2}
Step:2	{"metric": {"dev": {"epoch": 2.25}}, "step": 2}
Step:2	{"metric": {"dev": {"eval_loss": 8.968137741088867}}, "step": 2}
Step:2	{"metric": {"dev": {"eval_F1_score": 0.0}}, "step": 2}
Step:2	{"metric": {"dev": {"eval_Precision": 0.0}}, "step": 2}
Step:2	{"metric": {"dev": {"eval_Recall": 0.0}}, "step": 2}
Step:2	{"metric": {"dev": {"eval_Metric_time": 0.06595158576965332}}, "step": 2}
Step:2	{"metric": {"dev": {"eval_runtime": 1.5002}}, "step": 2}
Step:2	{"metric": {"dev": {"eval_samples_per_second": 733.244}}, "step": 2}
Step:2	{"metric": {"dev": {"eval_steps_per_second": 11.999}}, "step": 2}
Step:2	{"metric": {"dev": {"epoch": 2.48}}, "step": 2}
Step:2	{"metric": {"dev": {"eval_loss": 8.968295097351074}}, "step": 2}
Step:2	{"metric": {"dev": {"eval_F1_score": 0.0}}, "step": 2}
Step:2	{"metric": {"dev": {"eval_Precision": 0.0}}, "step": 2}
Step:2	{"metric": {"dev": {"eval_Recall": 0.0}}, "step": 2}
Step:2	{"metric": {"dev": {"eval_Metric_time": 0.06177711486816406}}, "step": 2}
Step:2	{"metric": {"dev": {"eval_runtime": 1.4943}}, "step": 2}
Step:2	{"metric": {"dev": {"eval_samples_per_second": 736.124}}, "step": 2}
Step:2	{"metric": {"dev": {"eval_steps_per_second": 12.046}}, "step": 2}
Step:2	{"metric": {"dev": {"epoch": 2.7}}, "step": 2}
