Step:0	{"metric": {"dev": {"eval_loss": 2.566096305847168}}, "step": 0}
Step:0	{"metric": {"dev": {"eval_F1_score": 0.9999999999498157}}, "step": 0}
Step:0	{"metric": {"dev": {"eval_Precision": 0.9999999999998157}}, "step": 0}
Step:0	{"metric": {"dev": {"eval_Recall": 0.9999999999998157}}, "step": 0}
Step:0	{"metric": {"dev": {"eval_Metric_time": 0.08368778228759766}}, "step": 0}
Step:0	{"metric": {"dev": {"eval_runtime": 1.2951}}, "step": 0}
Step:0	{"metric": {"dev": {"eval_samples_per_second": 849.339}}, "step": 0}
Step:0	{"metric": {"dev": {"eval_steps_per_second": 6.949}}, "step": 0}
Step:0	{"metric": {"dev": {"epoch": 0.45}}, "step": 0}
Step:0	{"metric": {"dev": {"eval_loss": 5.195492744445801}}, "step": 0}
Step:0	{"metric": {"dev": {"eval_F1_score": 0.6885964911797391}}, "step": 0}
Step:0	{"metric": {"dev": {"eval_Precision": 0.8509485094848642}}, "step": 0}
Step:0	{"metric": {"dev": {"eval_Recall": 0.5782688766113115}}, "step": 0}
Step:0	{"metric": {"dev": {"eval_Metric_time": 0.06630325317382812}}, "step": 0}
Step:0	{"metric": {"dev": {"eval_runtime": 1.2496}}, "step": 0}
Step:0	{"metric": {"dev": {"eval_samples_per_second": 880.286}}, "step": 0}
Step:0	{"metric": {"dev": {"eval_steps_per_second": 7.202}}, "step": 0}
Step:0	{"metric": {"dev": {"epoch": 0.9}}, "step": 0}
Step:1	{"metric": {"dev": {"eval_loss": 6.1195478439331055}}, "step": 1}
Step:1	{"metric": {"dev": {"eval_F1_score": 0.0427046263279714}}, "step": 1}
Step:1	{"metric": {"dev": {"eval_Precision": 0.631578947365097}}, "step": 1}
Step:1	{"metric": {"dev": {"eval_Recall": 0.022099447513808084}}, "step": 1}
Step:1	{"metric": {"dev": {"eval_Metric_time": 0.08102989196777344}}, "step": 1}
Step:1	{"metric": {"dev": {"eval_runtime": 1.2706}}, "step": 1}
Step:1	{"metric": {"dev": {"eval_samples_per_second": 865.705}}, "step": 1}
Step:1	{"metric": {"dev": {"eval_steps_per_second": 7.083}}, "step": 1}
Step:1	{"metric": {"dev": {"epoch": 1.35}}, "step": 1}
