Step:0	{"metric": {"dev": {"eval_loss": 4.463493824005127}}, "step": 0}
Step:0	{"metric": {"dev": {"eval_F1_score": 0.0}}, "step": 0}
Step:0	{"metric": {"dev": {"eval_Precision": 0.0}}, "step": 0}
Step:0	{"metric": {"dev": {"eval_Recall": 0.0}}, "step": 0}
Step:0	{"metric": {"dev": {"eval_Metric_time": 0.06355476379394531}}, "step": 0}
Step:0	{"metric": {"dev": {"eval_runtime": 1.1663}}, "step": 0}
Step:0	{"metric": {"dev": {"eval_samples_per_second": 943.184}}, "step": 0}
Step:0	{"metric": {"dev": {"eval_steps_per_second": 7.717}}, "step": 0}
Step:0	{"metric": {"dev": {"epoch": 0.45}}, "step": 0}
Step:0	{"metric": {"dev": {"eval_loss": 4.593749523162842}}, "step": 0}
Step:0	{"metric": {"dev": {"eval_F1_score": 0.0}}, "step": 0}
Step:0	{"metric": {"dev": {"eval_Precision": 0.0}}, "step": 0}
Step:0	{"metric": {"dev": {"eval_Recall": 0.0}}, "step": 0}
Step:0	{"metric": {"dev": {"eval_Metric_time": 0.06341171264648438}}, "step": 0}
Step:0	{"metric": {"dev": {"eval_runtime": 1.1661}}, "step": 0}
Step:0	{"metric": {"dev": {"eval_samples_per_second": 943.293}}, "step": 0}
Step:0	{"metric": {"dev": {"eval_steps_per_second": 7.718}}, "step": 0}
Step:0	{"metric": {"dev": {"epoch": 0.9}}, "step": 0}
Step:1	{"metric": {"dev": {"eval_loss": 4.608623027801514}}, "step": 1}
Step:1	{"metric": {"dev": {"eval_F1_score": 0.0}}, "step": 1}
Step:1	{"metric": {"dev": {"eval_Precision": 0.0}}, "step": 1}
Step:1	{"metric": {"dev": {"eval_Recall": 0.0}}, "step": 1}
Step:1	{"metric": {"dev": {"eval_Metric_time": 0.06473064422607422}}, "step": 1}
Step:1	{"metric": {"dev": {"eval_runtime": 1.1722}}, "step": 1}
Step:1	{"metric": {"dev": {"eval_samples_per_second": 938.405}}, "step": 1}
Step:1	{"metric": {"dev": {"eval_steps_per_second": 7.678}}, "step": 1}
Step:1	{"metric": {"dev": {"epoch": 1.35}}, "step": 1}
