Step:0	{"metric": {"dev": {"eval_loss": 0.2953920066356659}}, "step": 0}
Step:0	{"metric": {"dev": {"eval_F1_score": 0.010820559012237767}}, "step": 0}
Step:0	{"metric": {"dev": {"eval_Precision": 0.010600706713779044}}, "step": 0}
Step:0	{"metric": {"dev": {"eval_Recall": 0.011049723756904042}}, "step": 0}
Step:0	{"metric": {"dev": {"eval_Metric_time": 0.08224320411682129}}, "step": 0}
Step:0	{"metric": {"dev": {"eval_runtime": 78.4989}}, "step": 0}
Step:0	{"metric": {"dev": {"eval_samples_per_second": 14.013}}, "step": 0}
Step:0	{"metric": {"dev": {"eval_steps_per_second": 0.115}}, "step": 0}
Step:0	{"metric": {"dev": {"epoch": 0.9}}, "step": 0}
Step:1	{"metric": {"dev": {"eval_loss": 0.14592498540878296}}, "step": 1}
Step:1	{"metric": {"dev": {"eval_F1_score": 0.05446623088848187}}, "step": 1}
Step:1	{"metric": {"dev": {"eval_Precision": 0.06666666666664889}}, "step": 1}
Step:1	{"metric": {"dev": {"eval_Recall": 0.046040515653766836}}, "step": 1}
Step:1	{"metric": {"dev": {"eval_Metric_time": 0.08067679405212402}}, "step": 1}
Step:1	{"metric": {"dev": {"eval_runtime": 81.8162}}, "step": 1}
Step:1	{"metric": {"dev": {"eval_samples_per_second": 13.445}}, "step": 1}
Step:1	{"metric": {"dev": {"eval_steps_per_second": 0.11}}, "step": 1}
Step:1	{"metric": {"dev": {"epoch": 1.8}}, "step": 1}
Step:2	{"metric": {"dev": {"eval_loss": 0.10750913619995117}}, "step": 2}
Step:2	{"metric": {"dev": {"eval_F1_score": 0.1085126285748754}}, "step": 2}
Step:2	{"metric": {"dev": {"eval_Precision": 0.11026615969579652}}, "step": 2}
Step:2	{"metric": {"dev": {"eval_Recall": 0.10681399631673907}}, "step": 2}
Step:2	{"metric": {"dev": {"eval_Metric_time": 0.08212780952453613}}, "step": 2}
Step:2	{"metric": {"dev": {"eval_runtime": 83.7485}}, "step": 2}
Step:2	{"metric": {"dev": {"eval_samples_per_second": 13.135}}, "step": 2}
Step:2	{"metric": {"dev": {"eval_steps_per_second": 0.107}}, "step": 2}
Step:2	{"metric": {"dev": {"epoch": 2.7}}, "step": 2}
Step:3	{"metric": {"dev": {"eval_loss": 0.09543564170598984}}, "step": 3}
Step:3	{"metric": {"dev": {"eval_F1_score": 0.1725118482912427}}, "step": 3}
Step:3	{"metric": {"dev": {"eval_Precision": 0.17773437499996528}}, "step": 3}
Step:3	{"metric": {"dev": {"eval_Recall": 0.1675874769797113}}, "step": 3}
Step:3	{"metric": {"dev": {"eval_Metric_time": 0.10758042335510254}}, "step": 3}
Step:3	{"metric": {"dev": {"eval_runtime": 82.56}}, "step": 3}
Step:3	{"metric": {"dev": {"eval_samples_per_second": 13.324}}, "step": 3}
Step:3	{"metric": {"dev": {"eval_steps_per_second": 0.109}}, "step": 3}
Step:3	{"metric": {"dev": {"epoch": 3.6}}, "step": 3}
Step:4	{"metric": {"dev": {"eval_loss": 0.08133508265018463}}, "step": 4}
Step:4	{"metric": {"dev": {"eval_F1_score": 0.20222634503345316}}, "step": 4}
Step:4	{"metric": {"dev": {"eval_Precision": 0.20373831775697124}}, "step": 4}
Step:4	{"metric": {"dev": {"eval_Recall": 0.20073664825042342}}, "step": 4}
Step:4	{"metric": {"dev": {"eval_Metric_time": 0.08144116401672363}}, "step": 4}
Step:4	{"metric": {"dev": {"eval_runtime": 81.2387}}, "step": 4}
Step:4	{"metric": {"dev": {"eval_samples_per_second": 13.54}}, "step": 4}
Step:4	{"metric": {"dev": {"eval_steps_per_second": 0.111}}, "step": 4}
Step:4	{"metric": {"dev": {"epoch": 4.5}}, "step": 4}
Step:5	{"metric": {"dev": {"eval_loss": 0.07206280529499054}}, "step": 5}
Step:5	{"metric": {"dev": {"eval_F1_score": 0.2634836427440202}}, "step": 5}
Step:5	{"metric": {"dev": {"eval_Precision": 0.25340136054417456}}, "step": 5}
Step:5	{"metric": {"dev": {"eval_Recall": 0.27440147329645037}}, "step": 5}
Step:5	{"metric": {"dev": {"eval_Metric_time": 0.08261847496032715}}, "step": 5}
Step:5	{"metric": {"dev": {"eval_runtime": 82.9982}}, "step": 5}
Step:5	{"metric": {"dev": {"eval_samples_per_second": 13.253}}, "step": 5}
Step:5	{"metric": {"dev": {"eval_steps_per_second": 0.108}}, "step": 5}
Step:5	{"metric": {"dev": {"epoch": 5.4}}, "step": 5}
Step:6	{"metric": {"dev": {"eval_loss": 0.06471110880374908}}, "step": 6}
Step:6	{"metric": {"dev": {"eval_F1_score": 0.3249767873222737}}, "step": 6}
Step:6	{"metric": {"dev": {"eval_Precision": 0.3277153558051821}}, "step": 6}
Step:6	{"metric": {"dev": {"eval_Recall": 0.32228360957636787}}, "step": 6}
Step:6	{"metric": {"dev": {"eval_Metric_time": 0.08208441734313965}}, "step": 6}
Step:6	{"metric": {"dev": {"eval_runtime": 81.716}}, "step": 6}
Step:6	{"metric": {"dev": {"eval_samples_per_second": 13.461}}, "step": 6}
Step:6	{"metric": {"dev": {"eval_steps_per_second": 0.11}}, "step": 6}
Step:6	{"metric": {"dev": {"epoch": 6.3}}, "step": 6}
Step:7	{"metric": {"dev": {"eval_loss": 0.05778951942920685}}, "step": 7}
Step:7	{"metric": {"dev": {"eval_F1_score": 0.34688346878464366}}, "step": 7}
Step:7	{"metric": {"dev": {"eval_Precision": 0.3404255319148332}}, "step": 7}
Step:7	{"metric": {"dev": {"eval_Recall": 0.35359116022092935}}, "step": 7}
Step:7	{"metric": {"dev": {"eval_Metric_time": 0.08228015899658203}}, "step": 7}
Step:7	{"metric": {"dev": {"eval_runtime": 82.2805}}, "step": 7}
Step:7	{"metric": {"dev": {"eval_samples_per_second": 13.369}}, "step": 7}
Step:7	{"metric": {"dev": {"eval_steps_per_second": 0.109}}, "step": 7}
Step:7	{"metric": {"dev": {"epoch": 7.2}}, "step": 7}
Step:8	{"metric": {"dev": {"eval_loss": 0.059608589857816696}}, "step": 8}
Step:8	{"metric": {"dev": {"eval_F1_score": 0.3626666666166622}}, "step": 8}
Step:8	{"metric": {"dev": {"eval_Precision": 0.3505154639174655}}, "step": 8}
Step:8	{"metric": {"dev": {"eval_Recall": 0.3756906077347374}}, "step": 8}
Step:8	{"metric": {"dev": {"eval_Metric_time": 0.08222389221191406}}, "step": 8}
Step:8	{"metric": {"dev": {"eval_runtime": 81.147}}, "step": 8}
Step:8	{"metric": {"dev": {"eval_samples_per_second": 13.556}}, "step": 8}
Step:8	{"metric": {"dev": {"eval_steps_per_second": 0.111}}, "step": 8}
Step:8	{"metric": {"dev": {"epoch": 8.1}}, "step": 8}
Step:9	{"metric": {"dev": {"eval_loss": 0.05790020152926445}}, "step": 9}
Step:9	{"metric": {"dev": {"eval_F1_score": 0.3790613717911065}}, "step": 9}
Step:9	{"metric": {"dev": {"eval_Precision": 0.3716814159291377}}, "step": 9}
Step:9	{"metric": {"dev": {"eval_Recall": 0.38674033149164144}}, "step": 9}
Step:9	{"metric": {"dev": {"eval_Metric_time": 0.08196353912353516}}, "step": 9}
Step:9	{"metric": {"dev": {"eval_runtime": 81.0145}}, "step": 9}
Step:9	{"metric": {"dev": {"eval_samples_per_second": 13.578}}, "step": 9}
Step:9	{"metric": {"dev": {"eval_steps_per_second": 0.111}}, "step": 9}
Step:9	{"metric": {"dev": {"epoch": 9.0}}, "step": 9}
Step:9	{"metric": {"dev": {"eval_loss": 0.05837126448750496}}, "step": 9}
Step:9	{"metric": {"dev": {"eval_F1_score": 0.38146167552930604}}, "step": 9}
Step:9	{"metric": {"dev": {"eval_Precision": 0.36960276338508297}}, "step": 9}
Step:9	{"metric": {"dev": {"eval_Recall": 0.39410681399624414}}, "step": 9}
Step:9	{"metric": {"dev": {"eval_Metric_time": 0.12789011001586914}}, "step": 9}
Step:9	{"metric": {"dev": {"eval_runtime": 91.0996}}, "step": 9}
Step:9	{"metric": {"dev": {"eval_samples_per_second": 12.075}}, "step": 9}
Step:9	{"metric": {"dev": {"eval_steps_per_second": 0.099}}, "step": 9}
Step:9	{"metric": {"dev": {"epoch": 9.91}}, "step": 9}
