Step:0	{"metric": {"dev": {"eval_loss": 4.188594818115234}}, "step": 0}
Step:0	{"metric": {"dev": {"eval_F1_score": 0.0}}, "step": 0}
Step:0	{"metric": {"dev": {"eval_Precision": 0.0}}, "step": 0}
Step:0	{"metric": {"dev": {"eval_Recall": 0.0}}, "step": 0}
Step:0	{"metric": {"dev": {"eval_Metric_time": 0.0799257755279541}}, "step": 0}
Step:0	{"metric": {"dev": {"eval_runtime": 1.2438}}, "step": 0}
Step:0	{"metric": {"dev": {"eval_samples_per_second": 884.412}}, "step": 0}
Step:0	{"metric": {"dev": {"eval_steps_per_second": 7.236}}, "step": 0}
Step:0	{"metric": {"dev": {"epoch": 0.45}}, "step": 0}
Step:0	{"metric": {"dev": {"eval_loss": 6.0974555015563965}}, "step": 0}
Step:0	{"metric": {"dev": {"eval_F1_score": 0.0}}, "step": 0}
Step:0	{"metric": {"dev": {"eval_Precision": 0.0}}, "step": 0}
Step:0	{"metric": {"dev": {"eval_Recall": 0.0}}, "step": 0}
Step:0	{"metric": {"dev": {"eval_Metric_time": 0.06370091438293457}}, "step": 0}
Step:0	{"metric": {"dev": {"eval_runtime": 1.2095}}, "step": 0}
Step:0	{"metric": {"dev": {"eval_samples_per_second": 909.449}}, "step": 0}
Step:0	{"metric": {"dev": {"eval_steps_per_second": 7.441}}, "step": 0}
Step:0	{"metric": {"dev": {"epoch": 0.9}}, "step": 0}
Step:1	{"metric": {"dev": {"eval_loss": 6.2846760749816895}}, "step": 1}
Step:1	{"metric": {"dev": {"eval_F1_score": 0.0}}, "step": 1}
Step:1	{"metric": {"dev": {"eval_Precision": 0.0}}, "step": 1}
Step:1	{"metric": {"dev": {"eval_Recall": 0.0}}, "step": 1}
Step:1	{"metric": {"dev": {"eval_Metric_time": 0.08092999458312988}}, "step": 1}
Step:1	{"metric": {"dev": {"eval_runtime": 1.2259}}, "step": 1}
Step:1	{"metric": {"dev": {"eval_samples_per_second": 897.287}}, "step": 1}
Step:1	{"metric": {"dev": {"eval_steps_per_second": 7.341}}, "step": 1}
Step:1	{"metric": {"dev": {"epoch": 1.35}}, "step": 1}
Step:1	{"metric": {"dev": {"eval_loss": 6.338982582092285}}, "step": 1}
Step:1	{"metric": {"dev": {"eval_F1_score": 0.0}}, "step": 1}
Step:1	{"metric": {"dev": {"eval_Precision": 0.0}}, "step": 1}
Step:1	{"metric": {"dev": {"eval_Recall": 0.0}}, "step": 1}
Step:1	{"metric": {"dev": {"eval_Metric_time": 0.08096528053283691}}, "step": 1}
Step:1	{"metric": {"dev": {"eval_runtime": 1.2317}}, "step": 1}
Step:1	{"metric": {"dev": {"eval_samples_per_second": 893.095}}, "step": 1}
Step:1	{"metric": {"dev": {"eval_steps_per_second": 7.307}}, "step": 1}
Step:1	{"metric": {"dev": {"epoch": 1.8}}, "step": 1}
