{"hyper": {"_n_gpu": 1}}
{"hyper": {"_no_sync_in_gradient_accumulation": true}}
{"hyper": {"adafactor": false}}
{"hyper": {"adam_beta1": 0.9}}
{"hyper": {"adam_beta2": 0.999}}
{"hyper": {"adam_epsilon": 1e-08}}
{"hyper": {"cl_weight": 0.0}}
{"hyper": {"copy_weight": 0.5}}
{"hyper": {"dataloader_drop_last": false}}
{"hyper": {"dataloader_num_workers": 0}}
{"hyper": {"dataloader_pin_memory": true}}
{"hyper": {"dataset": "sighan_enchanted"}}
{"hyper": {"disable_tqdm": false}}
{"hyper": {"do_eval": true}}
{"hyper": {"do_predict": true}}
{"hyper": {"do_train": true}}
{"hyper": {"eval_accumulation_steps": 2}}
{"hyper": {"eval_batch_size": 64}}
{"hyper": {"eval_dataset": "15"}}
{"hyper": {"eval_steps": 1000}}
{"hyper": {"fix_cls": false}}
{"hyper": {"fp16": true}}
{"hyper": {"fp16_backend": "auto"}}
{"hyper": {"fp16_full_eval": false}}
{"hyper": {"fp16_opt_level": "O1"}}
{"hyper": {"gradient_accumulation_steps": 1}}
{"hyper": {"greater_is_better": true}}
{"hyper": {"group_by_length": false}}
{"hyper": {"ignore_data_skip": false}}
{"hyper": {"label_smoothing_factor": 0.0}}
{"hyper": {"learning_rate": 7e-05}}
{"hyper": {"length_column_name": "length"}}
{"hyper": {"load_best_model_at_end": false}}
{"hyper": {"local_process_index": 0}}
{"hyper": {"local_rank": -1}}
{"hyper": {"log_level": -1}}
{"hyper": {"log_level_replica": -1}}
{"hyper": {"log_on_each_node": true}}
{"hyper": {"logging_dir": "./tmp/sighan_enchanted/Proto_mask_copy0.5_cl0_repeat0_eval15_epoch10_bs64/runs/Mar07_09-13-16_81d7ebd74c39"}}
{"hyper": {"logging_first_step": false}}
{"hyper": {"logging_steps": 500}}
{"hyper": {"max_grad_norm": 5.0}}
{"hyper": {"max_length": 128}}
{"hyper": {"max_steps": -1}}
{"hyper": {"metric_for_best_model": "F1_score"}}
{"hyper": {"model_name": "Proto"}}
{"hyper": {"mp_parameters": ""}}
{"hyper": {"n_gpu": 1}}
{"hyper": {"no_cuda": false}}
{"hyper": {"num_beams": 4}}
{"hyper": {"num_train_epochs": 10.0}}
{"hyper": {"output_dir": "./tmp/sighan_enchanted/Proto_mask_copy0.5_cl0_repeat0_eval15_epoch10_bs64"}}
{"hyper": {"overwrite_output_dir": false}}
{"hyper": {"past_index": -1}}
{"hyper": {"per_device_eval_batch_size": 64}}
{"hyper": {"per_device_train_batch_size": 64}}
{"hyper": {"place_model_on_device": true}}
{"hyper": {"predict_with_generate": false}}
{"hyper": {"prediction_loss_only": false}}
{"hyper": {"process_index": 0}}
{"hyper": {"push_to_hub": false}}
{"hyper": {"push_to_hub_model_id": "Proto_mask_copy0.5_cl0_repeat0_eval15_epoch10_bs64"}}
{"hyper": {"remove_unused_columns": true}}
{"hyper": {"repeat_weight": 0.0}}
{"hyper": {"run_name": "./tmp/sighan_enchanted/Proto_mask_copy0.5_cl0_repeat0_eval15_epoch10_bs64"}}
{"hyper": {"save_on_each_node": false}}
{"hyper": {"save_steps": 500}}
{"hyper": {"save_total_limit": 0}}
{"hyper": {"seed": 603}}
{"hyper": {"should_log": true}}
{"hyper": {"should_save": true}}
{"hyper": {"skip_memory_metrics": true}}
{"hyper": {"sortish_sampler": false}}
{"hyper": {"tpu_metrics_debug": false}}
{"hyper": {"train_batch_size": 64}}
{"hyper": {"use_extra_dataset": true}}
{"hyper": {"use_legacy_prediction_loop": false}}
{"hyper": {"warmup_ratio": 0.0}}
{"hyper": {"warmup_steps": 0}}
{"hyper": {"weight_decay": 0.01}}
{"hyper": {"world_size": 1}}
