Step:0	{"metric": {"dev": {"eval_loss": 9.2075777053833}}, "step": 0}
Step:0	{"metric": {"dev": {"eval_F1_score": 0.0}}, "step": 0}
Step:0	{"metric": {"dev": {"eval_Precision": 0.0}}, "step": 0}
Step:0	{"metric": {"dev": {"eval_Recall": 0.0}}, "step": 0}
Step:0	{"metric": {"dev": {"eval_Metric_time": 0.09550166130065918}}, "step": 0}
Step:0	{"metric": {"dev": {"eval_runtime": 2.3601}}, "step": 0}
Step:0	{"metric": {"dev": {"eval_samples_per_second": 466.078}}, "step": 0}
Step:0	{"metric": {"dev": {"eval_steps_per_second": 7.627}}, "step": 0}
Step:0	{"metric": {"dev": {"epoch": 0.23}}, "step": 0}
Step:0	{"metric": {"dev": {"eval_loss": 9.209115028381348}}, "step": 0}
Step:0	{"metric": {"dev": {"eval_F1_score": 0.0}}, "step": 0}
Step:0	{"metric": {"dev": {"eval_Precision": 0.0}}, "step": 0}
Step:0	{"metric": {"dev": {"eval_Recall": 0.0}}, "step": 0}
Step:0	{"metric": {"dev": {"eval_Metric_time": 0.06622028350830078}}, "step": 0}
Step:0	{"metric": {"dev": {"eval_runtime": 1.5151}}, "step": 0}
Step:0	{"metric": {"dev": {"eval_samples_per_second": 726.027}}, "step": 0}
Step:0	{"metric": {"dev": {"eval_steps_per_second": 11.88}}, "step": 0}
Step:0	{"metric": {"dev": {"epoch": 0.45}}, "step": 0}
Step:0	{"metric": {"dev": {"eval_loss": 9.20950698852539}}, "step": 0}
Step:0	{"metric": {"dev": {"eval_F1_score": 0.0}}, "step": 0}
Step:0	{"metric": {"dev": {"eval_Precision": 0.0}}, "step": 0}
Step:0	{"metric": {"dev": {"eval_Recall": 0.0}}, "step": 0}
Step:0	{"metric": {"dev": {"eval_Metric_time": 0.06288886070251465}}, "step": 0}
Step:0	{"metric": {"dev": {"eval_runtime": 1.4931}}, "step": 0}
Step:0	{"metric": {"dev": {"eval_samples_per_second": 736.744}}, "step": 0}
Step:0	{"metric": {"dev": {"eval_steps_per_second": 12.056}}, "step": 0}
Step:0	{"metric": {"dev": {"epoch": 0.68}}, "step": 0}
