Step:0	{"metric": {"dev": {"eval_loss": 8.077347755432129}}, "step": 0}
Step:0	{"metric": {"dev": {"eval_F1_score": 0.0}}, "step": 0}
Step:0	{"metric": {"dev": {"eval_Precision": 0.0}}, "step": 0}
Step:0	{"metric": {"dev": {"eval_Recall": 0.0}}, "step": 0}
Step:0	{"metric": {"dev": {"eval_Metric_time": 0.0949101448059082}}, "step": 0}
Step:0	{"metric": {"dev": {"eval_runtime": 1.5665}}, "step": 0}
Step:0	{"metric": {"dev": {"eval_samples_per_second": 702.209}}, "step": 0}
Step:0	{"metric": {"dev": {"eval_steps_per_second": 11.491}}, "step": 0}
Step:0	{"metric": {"dev": {"epoch": 0.23}}, "step": 0}
Step:0	{"metric": {"dev": {"eval_loss": 7.272784233093262}}, "step": 0}
Step:0	{"metric": {"dev": {"eval_F1_score": 0.0}}, "step": 0}
Step:0	{"metric": {"dev": {"eval_Precision": 0.0}}, "step": 0}
Step:0	{"metric": {"dev": {"eval_Recall": 0.0}}, "step": 0}
Step:0	{"metric": {"dev": {"eval_Metric_time": 0.062052011489868164}}, "step": 0}
Step:0	{"metric": {"dev": {"eval_runtime": 1.2478}}, "step": 0}
Step:0	{"metric": {"dev": {"eval_samples_per_second": 881.543}}, "step": 0}
Step:0	{"metric": {"dev": {"eval_steps_per_second": 14.425}}, "step": 0}
Step:0	{"metric": {"dev": {"epoch": 0.45}}, "step": 0}
Step:0	{"metric": {"dev": {"eval_loss": 7.275752067565918}}, "step": 0}
Step:0	{"metric": {"dev": {"eval_F1_score": 0.0}}, "step": 0}
Step:0	{"metric": {"dev": {"eval_Precision": 0.0}}, "step": 0}
Step:0	{"metric": {"dev": {"eval_Recall": 0.0}}, "step": 0}
Step:0	{"metric": {"dev": {"eval_Metric_time": 0.08082079887390137}}, "step": 0}
Step:0	{"metric": {"dev": {"eval_runtime": 1.2851}}, "step": 0}
Step:0	{"metric": {"dev": {"eval_samples_per_second": 855.992}}, "step": 0}
Step:0	{"metric": {"dev": {"eval_steps_per_second": 14.007}}, "step": 0}
Step:0	{"metric": {"dev": {"epoch": 0.68}}, "step": 0}
Step:0	{"metric": {"dev": {"eval_loss": 7.275256633758545}}, "step": 0}
Step:0	{"metric": {"dev": {"eval_F1_score": 0.0}}, "step": 0}
Step:0	{"metric": {"dev": {"eval_Precision": 0.0}}, "step": 0}
Step:0	{"metric": {"dev": {"eval_Recall": 0.0}}, "step": 0}
Step:0	{"metric": {"dev": {"eval_Metric_time": 0.06450700759887695}}, "step": 0}
Step:0	{"metric": {"dev": {"eval_runtime": 1.2567}}, "step": 0}
Step:0	{"metric": {"dev": {"eval_samples_per_second": 875.281}}, "step": 0}
Step:0	{"metric": {"dev": {"eval_steps_per_second": 14.323}}, "step": 0}
Step:0	{"metric": {"dev": {"epoch": 0.9}}, "step": 0}
Step:1	{"metric": {"dev": {"eval_loss": 7.2716851234436035}}, "step": 1}
Step:1	{"metric": {"dev": {"eval_F1_score": 0.0}}, "step": 1}
Step:1	{"metric": {"dev": {"eval_Precision": 0.0}}, "step": 1}
Step:1	{"metric": {"dev": {"eval_Recall": 0.0}}, "step": 1}
Step:1	{"metric": {"dev": {"eval_Metric_time": 0.06455206871032715}}, "step": 1}
Step:1	{"metric": {"dev": {"eval_runtime": 1.2639}}, "step": 1}
Step:1	{"metric": {"dev": {"eval_samples_per_second": 870.306}}, "step": 1}
Step:1	{"metric": {"dev": {"eval_steps_per_second": 14.241}}, "step": 1}
Step:1	{"metric": {"dev": {"epoch": 1.13}}, "step": 1}
Step:1	{"metric": {"dev": {"eval_loss": 7.271881103515625}}, "step": 1}
Step:1	{"metric": {"dev": {"eval_F1_score": 0.0}}, "step": 1}
Step:1	{"metric": {"dev": {"eval_Precision": 0.0}}, "step": 1}
Step:1	{"metric": {"dev": {"eval_Recall": 0.0}}, "step": 1}
Step:1	{"metric": {"dev": {"eval_Metric_time": 0.06528258323669434}}, "step": 1}
Step:1	{"metric": {"dev": {"eval_runtime": 1.2588}}, "step": 1}
Step:1	{"metric": {"dev": {"eval_samples_per_second": 873.839}}, "step": 1}
Step:1	{"metric": {"dev": {"eval_steps_per_second": 14.299}}, "step": 1}
Step:1	{"metric": {"dev": {"epoch": 1.35}}, "step": 1}
Step:1	{"metric": {"dev": {"eval_loss": 7.272027492523193}}, "step": 1}
Step:1	{"metric": {"dev": {"eval_F1_score": 0.0}}, "step": 1}
Step:1	{"metric": {"dev": {"eval_Precision": 0.0}}, "step": 1}
Step:1	{"metric": {"dev": {"eval_Recall": 0.0}}, "step": 1}
Step:1	{"metric": {"dev": {"eval_Metric_time": 0.06360602378845215}}, "step": 1}
Step:1	{"metric": {"dev": {"eval_runtime": 1.2672}}, "step": 1}
Step:1	{"metric": {"dev": {"eval_samples_per_second": 868.032}}, "step": 1}
Step:1	{"metric": {"dev": {"eval_steps_per_second": 14.204}}, "step": 1}
Step:1	{"metric": {"dev": {"epoch": 1.58}}, "step": 1}
Step:1	{"metric": {"dev": {"eval_loss": 7.27047061920166}}, "step": 1}
Step:1	{"metric": {"dev": {"eval_F1_score": 0.0}}, "step": 1}
Step:1	{"metric": {"dev": {"eval_Precision": 0.0}}, "step": 1}
Step:1	{"metric": {"dev": {"eval_Recall": 0.0}}, "step": 1}
Step:1	{"metric": {"dev": {"eval_Metric_time": 0.0641183853149414}}, "step": 1}
Step:1	{"metric": {"dev": {"eval_runtime": 1.2711}}, "step": 1}
Step:1	{"metric": {"dev": {"eval_samples_per_second": 865.391}}, "step": 1}
Step:1	{"metric": {"dev": {"eval_steps_per_second": 14.161}}, "step": 1}
Step:1	{"metric": {"dev": {"epoch": 1.8}}, "step": 1}
Step:2	{"metric": {"dev": {"eval_loss": 7.270102024078369}}, "step": 2}
Step:2	{"metric": {"dev": {"eval_F1_score": 0.0}}, "step": 2}
Step:2	{"metric": {"dev": {"eval_Precision": 0.0}}, "step": 2}
Step:2	{"metric": {"dev": {"eval_Recall": 0.0}}, "step": 2}
Step:2	{"metric": {"dev": {"eval_Metric_time": 0.06420230865478516}}, "step": 2}
Step:2	{"metric": {"dev": {"eval_runtime": 1.2683}}, "step": 2}
Step:2	{"metric": {"dev": {"eval_samples_per_second": 867.324}}, "step": 2}
Step:2	{"metric": {"dev": {"eval_steps_per_second": 14.193}}, "step": 2}
Step:2	{"metric": {"dev": {"epoch": 2.03}}, "step": 2}
Step:2	{"metric": {"dev": {"eval_loss": 7.300327301025391}}, "step": 2}
Step:2	{"metric": {"dev": {"eval_F1_score": 0.0}}, "step": 2}
Step:2	{"metric": {"dev": {"eval_Precision": 0.0}}, "step": 2}
Step:2	{"metric": {"dev": {"eval_Recall": 0.0}}, "step": 2}
Step:2	{"metric": {"dev": {"eval_Metric_time": 0.08000516891479492}}, "step": 2}
Step:2	{"metric": {"dev": {"eval_runtime": 1.2739}}, "step": 2}
Step:2	{"metric": {"dev": {"eval_samples_per_second": 863.499}}, "step": 2}
Step:2	{"metric": {"dev": {"eval_steps_per_second": 14.13}}, "step": 2}
Step:2	{"metric": {"dev": {"epoch": 2.25}}, "step": 2}
Step:2	{"metric": {"dev": {"eval_loss": 7.269750595092773}}, "step": 2}
Step:2	{"metric": {"dev": {"eval_F1_score": 0.0}}, "step": 2}
Step:2	{"metric": {"dev": {"eval_Precision": 0.0}}, "step": 2}
Step:2	{"metric": {"dev": {"eval_Recall": 0.0}}, "step": 2}
Step:2	{"metric": {"dev": {"eval_Metric_time": 0.06274080276489258}}, "step": 2}
Step:2	{"metric": {"dev": {"eval_runtime": 1.2602}}, "step": 2}
Step:2	{"metric": {"dev": {"eval_samples_per_second": 872.879}}, "step": 2}
Step:2	{"metric": {"dev": {"eval_steps_per_second": 14.283}}, "step": 2}
Step:2	{"metric": {"dev": {"epoch": 2.48}}, "step": 2}
Step:2	{"metric": {"dev": {"eval_loss": 7.269531726837158}}, "step": 2}
Step:2	{"metric": {"dev": {"eval_F1_score": 0.0}}, "step": 2}
Step:2	{"metric": {"dev": {"eval_Precision": 0.0}}, "step": 2}
Step:2	{"metric": {"dev": {"eval_Recall": 0.0}}, "step": 2}
Step:2	{"metric": {"dev": {"eval_Metric_time": 0.06156182289123535}}, "step": 2}
Step:2	{"metric": {"dev": {"eval_runtime": 1.267}}, "step": 2}
Step:2	{"metric": {"dev": {"eval_samples_per_second": 868.184}}, "step": 2}
Step:2	{"metric": {"dev": {"eval_steps_per_second": 14.207}}, "step": 2}
Step:2	{"metric": {"dev": {"epoch": 2.7}}, "step": 2}
Step:2	{"metric": {"dev": {"eval_loss": 7.2695207595825195}}, "step": 2}
Step:2	{"metric": {"dev": {"eval_F1_score": 0.0}}, "step": 2}
Step:2	{"metric": {"dev": {"eval_Precision": 0.0}}, "step": 2}
Step:2	{"metric": {"dev": {"eval_Recall": 0.0}}, "step": 2}
Step:2	{"metric": {"dev": {"eval_Metric_time": 0.06275606155395508}}, "step": 2}
Step:2	{"metric": {"dev": {"eval_runtime": 1.2576}}, "step": 2}
Step:2	{"metric": {"dev": {"eval_samples_per_second": 874.659}}, "step": 2}
Step:2	{"metric": {"dev": {"eval_steps_per_second": 14.313}}, "step": 2}
Step:2	{"metric": {"dev": {"epoch": 2.93}}, "step": 2}
Step:3	{"metric": {"dev": {"eval_loss": 7.269438743591309}}, "step": 3}
Step:3	{"metric": {"dev": {"eval_F1_score": 0.0}}, "step": 3}
Step:3	{"metric": {"dev": {"eval_Precision": 0.0}}, "step": 3}
Step:3	{"metric": {"dev": {"eval_Recall": 0.0}}, "step": 3}
Step:3	{"metric": {"dev": {"eval_Metric_time": 0.06381607055664062}}, "step": 3}
Step:3	{"metric": {"dev": {"eval_runtime": 1.2614}}, "step": 3}
Step:3	{"metric": {"dev": {"eval_samples_per_second": 872.03}}, "step": 3}
Step:3	{"metric": {"dev": {"eval_steps_per_second": 14.27}}, "step": 3}
Step:3	{"metric": {"dev": {"epoch": 3.15}}, "step": 3}
Step:3	{"metric": {"dev": {"eval_loss": 7.269511699676514}}, "step": 3}
Step:3	{"metric": {"dev": {"eval_F1_score": 0.0}}, "step": 3}
Step:3	{"metric": {"dev": {"eval_Precision": 0.0}}, "step": 3}
Step:3	{"metric": {"dev": {"eval_Recall": 0.0}}, "step": 3}
Step:3	{"metric": {"dev": {"eval_Metric_time": 0.0627431869506836}}, "step": 3}
Step:3	{"metric": {"dev": {"eval_runtime": 1.2662}}, "step": 3}
Step:3	{"metric": {"dev": {"eval_samples_per_second": 868.759}}, "step": 3}
Step:3	{"metric": {"dev": {"eval_steps_per_second": 14.216}}, "step": 3}
Step:3	{"metric": {"dev": {"epoch": 3.38}}, "step": 3}
Step:3	{"metric": {"dev": {"eval_loss": 7.269406795501709}}, "step": 3}
Step:3	{"metric": {"dev": {"eval_F1_score": 0.0}}, "step": 3}
Step:3	{"metric": {"dev": {"eval_Precision": 0.0}}, "step": 3}
Step:3	{"metric": {"dev": {"eval_Recall": 0.0}}, "step": 3}
Step:3	{"metric": {"dev": {"eval_Metric_time": 0.06406712532043457}}, "step": 3}
Step:3	{"metric": {"dev": {"eval_runtime": 1.2675}}, "step": 3}
Step:3	{"metric": {"dev": {"eval_samples_per_second": 867.845}}, "step": 3}
Step:3	{"metric": {"dev": {"eval_steps_per_second": 14.201}}, "step": 3}
Step:3	{"metric": {"dev": {"epoch": 3.6}}, "step": 3}
Step:3	{"metric": {"dev": {"eval_loss": 7.269439697265625}}, "step": 3}
Step:3	{"metric": {"dev": {"eval_F1_score": 0.0}}, "step": 3}
Step:3	{"metric": {"dev": {"eval_Precision": 0.0}}, "step": 3}
Step:3	{"metric": {"dev": {"eval_Recall": 0.0}}, "step": 3}
Step:3	{"metric": {"dev": {"eval_Metric_time": 0.06356287002563477}}, "step": 3}
Step:3	{"metric": {"dev": {"eval_runtime": 1.2632}}, "step": 3}
Step:3	{"metric": {"dev": {"eval_samples_per_second": 870.797}}, "step": 3}
Step:3	{"metric": {"dev": {"eval_steps_per_second": 14.249}}, "step": 3}
Step:3	{"metric": {"dev": {"epoch": 3.83}}, "step": 3}
Step:4	{"metric": {"dev": {"eval_loss": 7.269494533538818}}, "step": 4}
Step:4	{"metric": {"dev": {"eval_F1_score": 0.0}}, "step": 4}
Step:4	{"metric": {"dev": {"eval_Precision": 0.0}}, "step": 4}
Step:4	{"metric": {"dev": {"eval_Recall": 0.0}}, "step": 4}
Step:4	{"metric": {"dev": {"eval_Metric_time": 0.0796360969543457}}, "step": 4}
Step:4	{"metric": {"dev": {"eval_runtime": 1.2771}}, "step": 4}
Step:4	{"metric": {"dev": {"eval_samples_per_second": 861.347}}, "step": 4}
Step:4	{"metric": {"dev": {"eval_steps_per_second": 14.095}}, "step": 4}
Step:4	{"metric": {"dev": {"epoch": 4.05}}, "step": 4}
Step:4	{"metric": {"dev": {"eval_loss": 7.269443511962891}}, "step": 4}
Step:4	{"metric": {"dev": {"eval_F1_score": 0.0}}, "step": 4}
Step:4	{"metric": {"dev": {"eval_Precision": 0.0}}, "step": 4}
Step:4	{"metric": {"dev": {"eval_Recall": 0.0}}, "step": 4}
Step:4	{"metric": {"dev": {"eval_Metric_time": 0.08006167411804199}}, "step": 4}
Step:4	{"metric": {"dev": {"eval_runtime": 1.2856}}, "step": 4}
Step:4	{"metric": {"dev": {"eval_samples_per_second": 855.647}}, "step": 4}
Step:4	{"metric": {"dev": {"eval_steps_per_second": 14.001}}, "step": 4}
Step:4	{"metric": {"dev": {"epoch": 4.28}}, "step": 4}
Step:4	{"metric": {"dev": {"eval_loss": 7.269428253173828}}, "step": 4}
Step:4	{"metric": {"dev": {"eval_F1_score": 0.0}}, "step": 4}
Step:4	{"metric": {"dev": {"eval_Precision": 0.0}}, "step": 4}
Step:4	{"metric": {"dev": {"eval_Recall": 0.0}}, "step": 4}
Step:4	{"metric": {"dev": {"eval_Metric_time": 0.06161093711853027}}, "step": 4}
Step:4	{"metric": {"dev": {"eval_runtime": 1.264}}, "step": 4}
Step:4	{"metric": {"dev": {"eval_samples_per_second": 870.275}}, "step": 4}
Step:4	{"metric": {"dev": {"eval_steps_per_second": 14.241}}, "step": 4}
Step:4	{"metric": {"dev": {"epoch": 4.5}}, "step": 4}
Step:4	{"metric": {"dev": {"eval_loss": 7.269476413726807}}, "step": 4}
Step:4	{"metric": {"dev": {"eval_F1_score": 0.0}}, "step": 4}
Step:4	{"metric": {"dev": {"eval_Precision": 0.0}}, "step": 4}
Step:4	{"metric": {"dev": {"eval_Recall": 0.0}}, "step": 4}
Step:4	{"metric": {"dev": {"eval_Metric_time": 0.062081336975097656}}, "step": 4}
Step:4	{"metric": {"dev": {"eval_runtime": 1.26}}, "step": 4}
Step:4	{"metric": {"dev": {"eval_samples_per_second": 873.047}}, "step": 4}
Step:4	{"metric": {"dev": {"eval_steps_per_second": 14.286}}, "step": 4}
Step:4	{"metric": {"dev": {"epoch": 4.73}}, "step": 4}
Step:4	{"metric": {"dev": {"eval_loss": 7.2693939208984375}}, "step": 4}
Step:4	{"metric": {"dev": {"eval_F1_score": 0.0}}, "step": 4}
Step:4	{"metric": {"dev": {"eval_Precision": 0.0}}, "step": 4}
Step:4	{"metric": {"dev": {"eval_Recall": 0.0}}, "step": 4}
Step:4	{"metric": {"dev": {"eval_Metric_time": 0.0800931453704834}}, "step": 4}
Step:4	{"metric": {"dev": {"eval_runtime": 1.2767}}, "step": 4}
Step:4	{"metric": {"dev": {"eval_samples_per_second": 861.585}}, "step": 4}
Step:4	{"metric": {"dev": {"eval_steps_per_second": 14.099}}, "step": 4}
Step:4	{"metric": {"dev": {"epoch": 4.95}}, "step": 4}
