Step:0	{"metric": {"dev": {"eval_loss": 34.93101501464844}}, "step": 0}
Step:0	{"metric": {"dev": {"eval_F1_score": 0.0}}, "step": 0}
Step:0	{"metric": {"dev": {"eval_Precision": 0.0}}, "step": 0}
Step:0	{"metric": {"dev": {"eval_Recall": 0.0}}, "step": 0}
Step:0	{"metric": {"dev": {"eval_Metric_time": 0.06402754783630371}}, "step": 0}
Step:0	{"metric": {"dev": {"eval_runtime": 1.3013}}, "step": 0}
Step:0	{"metric": {"dev": {"eval_samples_per_second": 845.328}}, "step": 0}
Step:0	{"metric": {"dev": {"eval_steps_per_second": 9.222}}, "step": 0}
Step:0	{"metric": {"dev": {"epoch": 0.34}}, "step": 0}
Step:0	{"metric": {"dev": {"eval_loss": 34.91707992553711}}, "step": 0}
Step:0	{"metric": {"dev": {"eval_F1_score": 0.0}}, "step": 0}
Step:0	{"metric": {"dev": {"eval_Precision": 0.0}}, "step": 0}
Step:0	{"metric": {"dev": {"eval_Recall": 0.0}}, "step": 0}
Step:0	{"metric": {"dev": {"eval_Metric_time": 0.0817718505859375}}, "step": 0}
Step:0	{"metric": {"dev": {"eval_runtime": 1.3022}}, "step": 0}
Step:0	{"metric": {"dev": {"eval_samples_per_second": 844.738}}, "step": 0}
Step:0	{"metric": {"dev": {"eval_steps_per_second": 9.215}}, "step": 0}
Step:0	{"metric": {"dev": {"epoch": 0.68}}, "step": 0}
Step:1	{"metric": {"dev": {"eval_loss": 34.8996467590332}}, "step": 1}
Step:1	{"metric": {"dev": {"eval_F1_score": 0.0}}, "step": 1}
Step:1	{"metric": {"dev": {"eval_Precision": 0.0}}, "step": 1}
Step:1	{"metric": {"dev": {"eval_Recall": 0.0}}, "step": 1}
Step:1	{"metric": {"dev": {"eval_Metric_time": 0.08196091651916504}}, "step": 1}
Step:1	{"metric": {"dev": {"eval_runtime": 1.2921}}, "step": 1}
Step:1	{"metric": {"dev": {"eval_samples_per_second": 851.331}}, "step": 1}
Step:1	{"metric": {"dev": {"eval_steps_per_second": 9.287}}, "step": 1}
Step:1	{"metric": {"dev": {"epoch": 1.01}}, "step": 1}
Step:1	{"metric": {"dev": {"eval_loss": 34.89358139038086}}, "step": 1}
Step:1	{"metric": {"dev": {"eval_F1_score": 0.0}}, "step": 1}
Step:1	{"metric": {"dev": {"eval_Precision": 0.0}}, "step": 1}
Step:1	{"metric": {"dev": {"eval_Recall": 0.0}}, "step": 1}
Step:1	{"metric": {"dev": {"eval_Metric_time": 0.08245182037353516}}, "step": 1}
Step:1	{"metric": {"dev": {"eval_runtime": 1.2983}}, "step": 1}
Step:1	{"metric": {"dev": {"eval_samples_per_second": 847.274}}, "step": 1}
Step:1	{"metric": {"dev": {"eval_steps_per_second": 9.243}}, "step": 1}
Step:1	{"metric": {"dev": {"epoch": 1.35}}, "step": 1}
Step:1	{"metric": {"dev": {"eval_loss": 34.89631652832031}}, "step": 1}
Step:1	{"metric": {"dev": {"eval_F1_score": 0.0}}, "step": 1}
Step:1	{"metric": {"dev": {"eval_Precision": 0.0}}, "step": 1}
Step:1	{"metric": {"dev": {"eval_Recall": 0.0}}, "step": 1}
Step:1	{"metric": {"dev": {"eval_Metric_time": 0.08202052116394043}}, "step": 1}
Step:1	{"metric": {"dev": {"eval_runtime": 1.2992}}, "step": 1}
Step:1	{"metric": {"dev": {"eval_samples_per_second": 846.67}}, "step": 1}
Step:1	{"metric": {"dev": {"eval_steps_per_second": 9.236}}, "step": 1}
Step:1	{"metric": {"dev": {"epoch": 1.69}}, "step": 1}
Step:2	{"metric": {"dev": {"eval_loss": 34.896156311035156}}, "step": 2}
Step:2	{"metric": {"dev": {"eval_F1_score": 0.0}}, "step": 2}
Step:2	{"metric": {"dev": {"eval_Precision": 0.0}}, "step": 2}
Step:2	{"metric": {"dev": {"eval_Recall": 0.0}}, "step": 2}
Step:2	{"metric": {"dev": {"eval_Metric_time": 0.08198881149291992}}, "step": 2}
Step:2	{"metric": {"dev": {"eval_runtime": 1.2846}}, "step": 2}
Step:2	{"metric": {"dev": {"eval_samples_per_second": 856.321}}, "step": 2}
Step:2	{"metric": {"dev": {"eval_steps_per_second": 9.342}}, "step": 2}
Step:2	{"metric": {"dev": {"epoch": 2.03}}, "step": 2}
Step:2	{"metric": {"dev": {"eval_loss": 34.89466094970703}}, "step": 2}
Step:2	{"metric": {"dev": {"eval_F1_score": 0.0}}, "step": 2}
Step:2	{"metric": {"dev": {"eval_Precision": 0.0}}, "step": 2}
Step:2	{"metric": {"dev": {"eval_Recall": 0.0}}, "step": 2}
Step:2	{"metric": {"dev": {"eval_Metric_time": 0.0630490779876709}}, "step": 2}
Step:2	{"metric": {"dev": {"eval_runtime": 1.2788}}, "step": 2}
Step:2	{"metric": {"dev": {"eval_samples_per_second": 860.215}}, "step": 2}
Step:2	{"metric": {"dev": {"eval_steps_per_second": 9.384}}, "step": 2}
Step:2	{"metric": {"dev": {"epoch": 2.36}}, "step": 2}
Step:2	{"metric": {"dev": {"eval_loss": 34.90288162231445}}, "step": 2}
Step:2	{"metric": {"dev": {"eval_F1_score": 0.0}}, "step": 2}
Step:2	{"metric": {"dev": {"eval_Precision": 0.0}}, "step": 2}
Step:2	{"metric": {"dev": {"eval_Recall": 0.0}}, "step": 2}
Step:2	{"metric": {"dev": {"eval_Metric_time": 0.08172273635864258}}, "step": 2}
Step:2	{"metric": {"dev": {"eval_runtime": 1.3079}}, "step": 2}
Step:2	{"metric": {"dev": {"eval_samples_per_second": 841.027}}, "step": 2}
Step:2	{"metric": {"dev": {"eval_steps_per_second": 9.175}}, "step": 2}
Step:2	{"metric": {"dev": {"epoch": 2.7}}, "step": 2}
Step:3	{"metric": {"dev": {"eval_loss": 34.897647857666016}}, "step": 3}
Step:3	{"metric": {"dev": {"eval_F1_score": 0.0}}, "step": 3}
Step:3	{"metric": {"dev": {"eval_Precision": 0.0}}, "step": 3}
Step:3	{"metric": {"dev": {"eval_Recall": 0.0}}, "step": 3}
Step:3	{"metric": {"dev": {"eval_Metric_time": 0.08177876472473145}}, "step": 3}
Step:3	{"metric": {"dev": {"eval_runtime": 1.2979}}, "step": 3}
Step:3	{"metric": {"dev": {"eval_samples_per_second": 847.505}}, "step": 3}
Step:3	{"metric": {"dev": {"eval_steps_per_second": 9.246}}, "step": 3}
Step:3	{"metric": {"dev": {"epoch": 3.04}}, "step": 3}
Step:3	{"metric": {"dev": {"eval_loss": 34.903499603271484}}, "step": 3}
Step:3	{"metric": {"dev": {"eval_F1_score": 0.0}}, "step": 3}
Step:3	{"metric": {"dev": {"eval_Precision": 0.0}}, "step": 3}
Step:3	{"metric": {"dev": {"eval_Recall": 0.0}}, "step": 3}
Step:3	{"metric": {"dev": {"eval_Metric_time": 0.08162856101989746}}, "step": 3}
Step:3	{"metric": {"dev": {"eval_runtime": 1.3079}}, "step": 3}
Step:3	{"metric": {"dev": {"eval_samples_per_second": 841.053}}, "step": 3}
Step:3	{"metric": {"dev": {"eval_steps_per_second": 9.175}}, "step": 3}
Step:3	{"metric": {"dev": {"epoch": 3.38}}, "step": 3}
Step:3	{"metric": {"dev": {"eval_loss": 34.89902877807617}}, "step": 3}
Step:3	{"metric": {"dev": {"eval_F1_score": 0.0}}, "step": 3}
Step:3	{"metric": {"dev": {"eval_Precision": 0.0}}, "step": 3}
Step:3	{"metric": {"dev": {"eval_Recall": 0.0}}, "step": 3}
Step:3	{"metric": {"dev": {"eval_Metric_time": 0.08140778541564941}}, "step": 3}
Step:3	{"metric": {"dev": {"eval_runtime": 1.2888}}, "step": 3}
Step:3	{"metric": {"dev": {"eval_samples_per_second": 853.477}}, "step": 3}
Step:3	{"metric": {"dev": {"eval_steps_per_second": 9.311}}, "step": 3}
Step:3	{"metric": {"dev": {"epoch": 3.71}}, "step": 3}
Step:4	{"metric": {"dev": {"eval_loss": 34.890865325927734}}, "step": 4}
Step:4	{"metric": {"dev": {"eval_F1_score": 0.0}}, "step": 4}
Step:4	{"metric": {"dev": {"eval_Precision": 0.0}}, "step": 4}
Step:4	{"metric": {"dev": {"eval_Recall": 0.0}}, "step": 4}
Step:4	{"metric": {"dev": {"eval_Metric_time": 0.08169436454772949}}, "step": 4}
Step:4	{"metric": {"dev": {"eval_runtime": 1.3174}}, "step": 4}
Step:4	{"metric": {"dev": {"eval_samples_per_second": 834.962}}, "step": 4}
Step:4	{"metric": {"dev": {"eval_steps_per_second": 9.109}}, "step": 4}
Step:4	{"metric": {"dev": {"epoch": 4.05}}, "step": 4}
Step:4	{"metric": {"dev": {"eval_loss": 34.90095901489258}}, "step": 4}
Step:4	{"metric": {"dev": {"eval_F1_score": 0.0}}, "step": 4}
Step:4	{"metric": {"dev": {"eval_Precision": 0.0}}, "step": 4}
Step:4	{"metric": {"dev": {"eval_Recall": 0.0}}, "step": 4}
Step:4	{"metric": {"dev": {"eval_Metric_time": 0.08188414573669434}}, "step": 4}
Step:4	{"metric": {"dev": {"eval_runtime": 1.2844}}, "step": 4}
Step:4	{"metric": {"dev": {"eval_samples_per_second": 856.426}}, "step": 4}
Step:4	{"metric": {"dev": {"eval_steps_per_second": 9.343}}, "step": 4}
Step:4	{"metric": {"dev": {"epoch": 4.39}}, "step": 4}
Step:4	{"metric": {"dev": {"eval_loss": 34.89533233642578}}, "step": 4}
Step:4	{"metric": {"dev": {"eval_F1_score": 0.0}}, "step": 4}
Step:4	{"metric": {"dev": {"eval_Precision": 0.0}}, "step": 4}
Step:4	{"metric": {"dev": {"eval_Recall": 0.0}}, "step": 4}
Step:4	{"metric": {"dev": {"eval_Metric_time": 0.08193659782409668}}, "step": 4}
Step:4	{"metric": {"dev": {"eval_runtime": 1.292}}, "step": 4}
Step:4	{"metric": {"dev": {"eval_samples_per_second": 851.405}}, "step": 4}
Step:4	{"metric": {"dev": {"eval_steps_per_second": 9.288}}, "step": 4}
Step:4	{"metric": {"dev": {"epoch": 4.73}}, "step": 4}
Step:5	{"metric": {"dev": {"eval_loss": 34.89173126220703}}, "step": 5}
Step:5	{"metric": {"dev": {"eval_F1_score": 0.0}}, "step": 5}
Step:5	{"metric": {"dev": {"eval_Precision": 0.0}}, "step": 5}
Step:5	{"metric": {"dev": {"eval_Recall": 0.0}}, "step": 5}
Step:5	{"metric": {"dev": {"eval_Metric_time": 0.08159279823303223}}, "step": 5}
Step:5	{"metric": {"dev": {"eval_runtime": 1.2967}}, "step": 5}
Step:5	{"metric": {"dev": {"eval_samples_per_second": 848.335}}, "step": 5}
Step:5	{"metric": {"dev": {"eval_steps_per_second": 9.255}}, "step": 5}
Step:5	{"metric": {"dev": {"epoch": 5.07}}, "step": 5}
Step:5	{"metric": {"dev": {"eval_loss": 34.898162841796875}}, "step": 5}
Step:5	{"metric": {"dev": {"eval_F1_score": 0.0}}, "step": 5}
Step:5	{"metric": {"dev": {"eval_Precision": 0.0}}, "step": 5}
Step:5	{"metric": {"dev": {"eval_Recall": 0.0}}, "step": 5}
Step:5	{"metric": {"dev": {"eval_Metric_time": 0.08182740211486816}}, "step": 5}
Step:5	{"metric": {"dev": {"eval_runtime": 1.2944}}, "step": 5}
Step:5	{"metric": {"dev": {"eval_samples_per_second": 849.803}}, "step": 5}
Step:5	{"metric": {"dev": {"eval_steps_per_second": 9.271}}, "step": 5}
Step:5	{"metric": {"dev": {"epoch": 5.4}}, "step": 5}
Step:5	{"metric": {"dev": {"eval_loss": 34.89393997192383}}, "step": 5}
Step:5	{"metric": {"dev": {"eval_F1_score": 0.0}}, "step": 5}
Step:5	{"metric": {"dev": {"eval_Precision": 0.0}}, "step": 5}
Step:5	{"metric": {"dev": {"eval_Recall": 0.0}}, "step": 5}
Step:5	{"metric": {"dev": {"eval_Metric_time": 0.06303739547729492}}, "step": 5}
Step:5	{"metric": {"dev": {"eval_runtime": 1.2551}}, "step": 5}
Step:5	{"metric": {"dev": {"eval_samples_per_second": 876.402}}, "step": 5}
Step:5	{"metric": {"dev": {"eval_steps_per_second": 9.561}}, "step": 5}
Step:5	{"metric": {"dev": {"epoch": 5.74}}, "step": 5}
Step:6	{"metric": {"dev": {"eval_loss": 34.894989013671875}}, "step": 6}
Step:6	{"metric": {"dev": {"eval_F1_score": 0.0}}, "step": 6}
Step:6	{"metric": {"dev": {"eval_Precision": 0.0}}, "step": 6}
Step:6	{"metric": {"dev": {"eval_Recall": 0.0}}, "step": 6}
Step:6	{"metric": {"dev": {"eval_Metric_time": 0.08214402198791504}}, "step": 6}
Step:6	{"metric": {"dev": {"eval_runtime": 1.292}}, "step": 6}
Step:6	{"metric": {"dev": {"eval_samples_per_second": 851.374}}, "step": 6}
Step:6	{"metric": {"dev": {"eval_steps_per_second": 9.288}}, "step": 6}
Step:6	{"metric": {"dev": {"epoch": 6.08}}, "step": 6}
Step:6	{"metric": {"dev": {"eval_loss": 34.895774841308594}}, "step": 6}
Step:6	{"metric": {"dev": {"eval_F1_score": 0.0}}, "step": 6}
Step:6	{"metric": {"dev": {"eval_Precision": 0.0}}, "step": 6}
Step:6	{"metric": {"dev": {"eval_Recall": 0.0}}, "step": 6}
Step:6	{"metric": {"dev": {"eval_Metric_time": 0.0819709300994873}}, "step": 6}
Step:6	{"metric": {"dev": {"eval_runtime": 1.2836}}, "step": 6}
Step:6	{"metric": {"dev": {"eval_samples_per_second": 856.97}}, "step": 6}
Step:6	{"metric": {"dev": {"eval_steps_per_second": 9.349}}, "step": 6}
Step:6	{"metric": {"dev": {"epoch": 6.42}}, "step": 6}
Step:6	{"metric": {"dev": {"eval_loss": 34.89197540283203}}, "step": 6}
Step:6	{"metric": {"dev": {"eval_F1_score": 0.0}}, "step": 6}
Step:6	{"metric": {"dev": {"eval_Precision": 0.0}}, "step": 6}
Step:6	{"metric": {"dev": {"eval_Recall": 0.0}}, "step": 6}
Step:6	{"metric": {"dev": {"eval_Metric_time": 0.06420087814331055}}, "step": 6}
Step:6	{"metric": {"dev": {"eval_runtime": 1.2757}}, "step": 6}
Step:6	{"metric": {"dev": {"eval_samples_per_second": 862.27}}, "step": 6}
Step:6	{"metric": {"dev": {"eval_steps_per_second": 9.407}}, "step": 6}
Step:6	{"metric": {"dev": {"epoch": 6.75}}, "step": 6}
Step:7	{"metric": {"dev": {"eval_loss": 34.88935470581055}}, "step": 7}
Step:7	{"metric": {"dev": {"eval_F1_score": 0.0}}, "step": 7}
Step:7	{"metric": {"dev": {"eval_Precision": 0.0}}, "step": 7}
Step:7	{"metric": {"dev": {"eval_Recall": 0.0}}, "step": 7}
Step:7	{"metric": {"dev": {"eval_Metric_time": 0.08143901824951172}}, "step": 7}
Step:7	{"metric": {"dev": {"eval_runtime": 1.2887}}, "step": 7}
Step:7	{"metric": {"dev": {"eval_samples_per_second": 853.605}}, "step": 7}
Step:7	{"metric": {"dev": {"eval_steps_per_second": 9.312}}, "step": 7}
Step:7	{"metric": {"dev": {"epoch": 7.09}}, "step": 7}
Step:7	{"metric": {"dev": {"eval_loss": 34.8916015625}}, "step": 7}
Step:7	{"metric": {"dev": {"eval_F1_score": 0.0}}, "step": 7}
Step:7	{"metric": {"dev": {"eval_Precision": 0.0}}, "step": 7}
Step:7	{"metric": {"dev": {"eval_Recall": 0.0}}, "step": 7}
Step:7	{"metric": {"dev": {"eval_Metric_time": 0.08177471160888672}}, "step": 7}
Step:7	{"metric": {"dev": {"eval_runtime": 1.2991}}, "step": 7}
Step:7	{"metric": {"dev": {"eval_samples_per_second": 846.718}}, "step": 7}
Step:7	{"metric": {"dev": {"eval_steps_per_second": 9.237}}, "step": 7}
Step:7	{"metric": {"dev": {"epoch": 7.43}}, "step": 7}
Step:7	{"metric": {"dev": {"eval_loss": 34.88657760620117}}, "step": 7}
Step:7	{"metric": {"dev": {"eval_F1_score": 0.0}}, "step": 7}
Step:7	{"metric": {"dev": {"eval_Precision": 0.0}}, "step": 7}
Step:7	{"metric": {"dev": {"eval_Recall": 0.0}}, "step": 7}
Step:7	{"metric": {"dev": {"eval_Metric_time": 0.06414508819580078}}, "step": 7}
Step:7	{"metric": {"dev": {"eval_runtime": 1.2706}}, "step": 7}
Step:7	{"metric": {"dev": {"eval_samples_per_second": 865.704}}, "step": 7}
Step:7	{"metric": {"dev": {"eval_steps_per_second": 9.444}}, "step": 7}
Step:7	{"metric": {"dev": {"epoch": 7.77}}, "step": 7}
Step:8	{"metric": {"dev": {"eval_loss": 34.887935638427734}}, "step": 8}
Step:8	{"metric": {"dev": {"eval_F1_score": 0.0}}, "step": 8}
Step:8	{"metric": {"dev": {"eval_Precision": 0.0}}, "step": 8}
Step:8	{"metric": {"dev": {"eval_Recall": 0.0}}, "step": 8}
Step:8	{"metric": {"dev": {"eval_Metric_time": 0.0821683406829834}}, "step": 8}
Step:8	{"metric": {"dev": {"eval_runtime": 1.2963}}, "step": 8}
Step:8	{"metric": {"dev": {"eval_samples_per_second": 848.571}}, "step": 8}
Step:8	{"metric": {"dev": {"eval_steps_per_second": 9.257}}, "step": 8}
Step:8	{"metric": {"dev": {"epoch": 8.11}}, "step": 8}
Step:8	{"metric": {"dev": {"eval_loss": 34.89146423339844}}, "step": 8}
Step:8	{"metric": {"dev": {"eval_F1_score": 0.0}}, "step": 8}
Step:8	{"metric": {"dev": {"eval_Precision": 0.0}}, "step": 8}
Step:8	{"metric": {"dev": {"eval_Recall": 0.0}}, "step": 8}
Step:8	{"metric": {"dev": {"eval_Metric_time": 0.08202815055847168}}, "step": 8}
Step:8	{"metric": {"dev": {"eval_runtime": 1.3017}}, "step": 8}
Step:8	{"metric": {"dev": {"eval_samples_per_second": 845.021}}, "step": 8}
Step:8	{"metric": {"dev": {"eval_steps_per_second": 9.218}}, "step": 8}
Step:8	{"metric": {"dev": {"epoch": 8.44}}, "step": 8}
Step:8	{"metric": {"dev": {"eval_loss": 34.889827728271484}}, "step": 8}
Step:8	{"metric": {"dev": {"eval_F1_score": 0.0}}, "step": 8}
Step:8	{"metric": {"dev": {"eval_Precision": 0.0}}, "step": 8}
Step:8	{"metric": {"dev": {"eval_Recall": 0.0}}, "step": 8}
Step:8	{"metric": {"dev": {"eval_Metric_time": 0.08150601387023926}}, "step": 8}
Step:8	{"metric": {"dev": {"eval_runtime": 1.2756}}, "step": 8}
Step:8	{"metric": {"dev": {"eval_samples_per_second": 862.326}}, "step": 8}
Step:8	{"metric": {"dev": {"eval_steps_per_second": 9.407}}, "step": 8}
Step:8	{"metric": {"dev": {"epoch": 8.78}}, "step": 8}
Step:9	{"metric": {"dev": {"eval_loss": 34.89159393310547}}, "step": 9}
Step:9	{"metric": {"dev": {"eval_F1_score": 0.0}}, "step": 9}
Step:9	{"metric": {"dev": {"eval_Precision": 0.0}}, "step": 9}
Step:9	{"metric": {"dev": {"eval_Recall": 0.0}}, "step": 9}
Step:9	{"metric": {"dev": {"eval_Metric_time": 0.08160090446472168}}, "step": 9}
Step:9	{"metric": {"dev": {"eval_runtime": 1.3041}}, "step": 9}
Step:9	{"metric": {"dev": {"eval_samples_per_second": 843.467}}, "step": 9}
Step:9	{"metric": {"dev": {"eval_steps_per_second": 9.201}}, "step": 9}
Step:9	{"metric": {"dev": {"epoch": 9.12}}, "step": 9}
Step:9	{"metric": {"dev": {"eval_loss": 34.88958740234375}}, "step": 9}
Step:9	{"metric": {"dev": {"eval_F1_score": 0.0}}, "step": 9}
Step:9	{"metric": {"dev": {"eval_Precision": 0.0}}, "step": 9}
Step:9	{"metric": {"dev": {"eval_Recall": 0.0}}, "step": 9}
Step:9	{"metric": {"dev": {"eval_Metric_time": 0.08266711235046387}}, "step": 9}
Step:9	{"metric": {"dev": {"eval_runtime": 1.2973}}, "step": 9}
Step:9	{"metric": {"dev": {"eval_samples_per_second": 847.932}}, "step": 9}
Step:9	{"metric": {"dev": {"eval_steps_per_second": 9.25}}, "step": 9}
Step:9	{"metric": {"dev": {"epoch": 9.46}}, "step": 9}
Step:9	{"metric": {"dev": {"eval_loss": 34.891212463378906}}, "step": 9}
Step:9	{"metric": {"dev": {"eval_F1_score": 0.0}}, "step": 9}
Step:9	{"metric": {"dev": {"eval_Precision": 0.0}}, "step": 9}
Step:9	{"metric": {"dev": {"eval_Recall": 0.0}}, "step": 9}
Step:9	{"metric": {"dev": {"eval_Metric_time": 0.06421089172363281}}, "step": 9}
Step:9	{"metric": {"dev": {"eval_runtime": 1.2721}}, "step": 9}
Step:9	{"metric": {"dev": {"eval_samples_per_second": 864.713}}, "step": 9}
Step:9	{"metric": {"dev": {"eval_steps_per_second": 9.433}}, "step": 9}
Step:9	{"metric": {"dev": {"epoch": 9.79}}, "step": 9}
