Step:0	{"metric": {"dev": {"eval_loss": 2.225789785385132}}, "step": 0}
Step:0	{"metric": {"dev": {"eval_F1_score": 0.0}}, "step": 0}
Step:0	{"metric": {"dev": {"eval_Precision": 0.0}}, "step": 0}
Step:0	{"metric": {"dev": {"eval_Recall": 0.0}}, "step": 0}
Step:0	{"metric": {"dev": {"eval_Metric_time": 0.06309103965759277}}, "step": 0}
Step:0	{"metric": {"dev": {"eval_runtime": 2.8208}}, "step": 0}
Step:0	{"metric": {"dev": {"eval_samples_per_second": 389.964}}, "step": 0}
Step:0	{"metric": {"dev": {"eval_steps_per_second": 6.381}}, "step": 0}
Step:0	{"metric": {"dev": {"epoch": 0.23}}, "step": 0}
Step:0	{"metric": {"dev": {"eval_loss": 2.157196283340454}}, "step": 0}
Step:0	{"metric": {"dev": {"eval_F1_score": 0.0}}, "step": 0}
Step:0	{"metric": {"dev": {"eval_Precision": 0.0}}, "step": 0}
Step:0	{"metric": {"dev": {"eval_Recall": 0.0}}, "step": 0}
Step:0	{"metric": {"dev": {"eval_Metric_time": 0.0615537166595459}}, "step": 0}
Step:0	{"metric": {"dev": {"eval_runtime": 1.9694}}, "step": 0}
Step:0	{"metric": {"dev": {"eval_samples_per_second": 558.534}}, "step": 0}
Step:0	{"metric": {"dev": {"eval_steps_per_second": 9.14}}, "step": 0}
Step:0	{"metric": {"dev": {"epoch": 0.45}}, "step": 0}
Step:0	{"metric": {"dev": {"eval_loss": 2.1078577041625977}}, "step": 0}
Step:0	{"metric": {"dev": {"eval_F1_score": 0.040520984047368584}}, "step": 0}
Step:0	{"metric": {"dev": {"eval_Precision": 0.09459459459453069}}, "step": 0}
Step:0	{"metric": {"dev": {"eval_Recall": 0.02578268876610943}}, "step": 0}
Step:0	{"metric": {"dev": {"eval_Metric_time": 0.061944007873535156}}, "step": 0}
Step:0	{"metric": {"dev": {"eval_runtime": 1.9665}}, "step": 0}
Step:0	{"metric": {"dev": {"eval_samples_per_second": 559.379}}, "step": 0}
Step:0	{"metric": {"dev": {"eval_steps_per_second": 9.153}}, "step": 0}
Step:0	{"metric": {"dev": {"epoch": 0.68}}, "step": 0}
Step:0	{"metric": {"dev": {"eval_loss": 2.0925045013427734}}, "step": 0}
Step:0	{"metric": {"dev": {"eval_F1_score": 0.05785123963169979}}, "step": 0}
Step:0	{"metric": {"dev": {"eval_Precision": 0.11475409836059304}}, "step": 0}
Step:0	{"metric": {"dev": {"eval_Recall": 0.03867403314916414}}, "step": 0}
Step:0	{"metric": {"dev": {"eval_Metric_time": 0.06185102462768555}}, "step": 0}
Step:0	{"metric": {"dev": {"eval_runtime": 1.9445}}, "step": 0}
Step:0	{"metric": {"dev": {"eval_samples_per_second": 565.71}}, "step": 0}
Step:0	{"metric": {"dev": {"eval_steps_per_second": 9.257}}, "step": 0}
Step:0	{"metric": {"dev": {"epoch": 0.9}}, "step": 0}
Step:1	{"metric": {"dev": {"eval_loss": 2.0862321853637695}}, "step": 1}
Step:1	{"metric": {"dev": {"eval_F1_score": 0.06515580732990595}}, "step": 1}
Step:1	{"metric": {"dev": {"eval_Precision": 0.14110429447844106}}, "step": 1}
Step:1	{"metric": {"dev": {"eval_Recall": 0.04235727440146549}}, "step": 1}
Step:1	{"metric": {"dev": {"eval_Metric_time": 0.06203818321228027}}, "step": 1}
Step:1	{"metric": {"dev": {"eval_runtime": 1.9504}}, "step": 1}
Step:1	{"metric": {"dev": {"eval_samples_per_second": 563.973}}, "step": 1}
Step:1	{"metric": {"dev": {"eval_steps_per_second": 9.229}}, "step": 1}
Step:1	{"metric": {"dev": {"epoch": 1.13}}, "step": 1}
Step:1	{"metric": {"dev": {"eval_loss": 2.0776023864746094}}, "step": 1}
Step:1	{"metric": {"dev": {"eval_F1_score": 0.07395993833936482}}, "step": 1}
Step:1	{"metric": {"dev": {"eval_Precision": 0.22641509433940904}}, "step": 1}
Step:1	{"metric": {"dev": {"eval_Recall": 0.04419889502761617}}, "step": 1}
Step:1	{"metric": {"dev": {"eval_Metric_time": 0.06170010566711426}}, "step": 1}
Step:1	{"metric": {"dev": {"eval_runtime": 1.9459}}, "step": 1}
Step:1	{"metric": {"dev": {"eval_samples_per_second": 565.287}}, "step": 1}
Step:1	{"metric": {"dev": {"eval_steps_per_second": 9.25}}, "step": 1}
Step:1	{"metric": {"dev": {"epoch": 1.35}}, "step": 1}
Step:1	{"metric": {"dev": {"eval_loss": 2.0804336071014404}}, "step": 1}
Step:1	{"metric": {"dev": {"eval_F1_score": 0.09275362315484771}}, "step": 1}
Step:1	{"metric": {"dev": {"eval_Precision": 0.21768707482978392}}, "step": 1}
Step:1	{"metric": {"dev": {"eval_Recall": 0.058931860036821555}}, "step": 1}
Step:1	{"metric": {"dev": {"eval_Metric_time": 0.061818599700927734}}, "step": 1}
Step:1	{"metric": {"dev": {"eval_runtime": 1.9441}}, "step": 1}
Step:1	{"metric": {"dev": {"eval_samples_per_second": 565.807}}, "step": 1}
Step:1	{"metric": {"dev": {"eval_steps_per_second": 9.259}}, "step": 1}
Step:1	{"metric": {"dev": {"epoch": 1.58}}, "step": 1}
Step:1	{"metric": {"dev": {"eval_loss": 2.071455240249634}}, "step": 1}
Step:1	{"metric": {"dev": {"eval_F1_score": 0.11337209298995529}}, "step": 1}
Step:1	{"metric": {"dev": {"eval_Precision": 0.26896551724119383}}, "step": 1}
Step:1	{"metric": {"dev": {"eval_Recall": 0.07182320441987627}}, "step": 1}
Step:1	{"metric": {"dev": {"eval_Metric_time": 0.06161165237426758}}, "step": 1}
Step:1	{"metric": {"dev": {"eval_runtime": 1.9478}}, "step": 1}
Step:1	{"metric": {"dev": {"eval_samples_per_second": 564.74}}, "step": 1}
Step:1	{"metric": {"dev": {"eval_steps_per_second": 9.241}}, "step": 1}
Step:1	{"metric": {"dev": {"epoch": 1.8}}, "step": 1}
Step:2	{"metric": {"dev": {"eval_loss": 2.0711162090301514}}, "step": 2}
Step:2	{"metric": {"dev": {"eval_F1_score": 0.13474240418662137}}, "step": 2}
Step:2	{"metric": {"dev": {"eval_Precision": 0.23831775700923444}}, "step": 2}
Step:2	{"metric": {"dev": {"eval_Recall": 0.09392265193368435}}, "step": 2}
Step:2	{"metric": {"dev": {"eval_Metric_time": 0.06444549560546875}}, "step": 2}
Step:2	{"metric": {"dev": {"eval_runtime": 1.9702}}, "step": 2}
Step:2	{"metric": {"dev": {"eval_samples_per_second": 558.316}}, "step": 2}
Step:2	{"metric": {"dev": {"eval_steps_per_second": 9.136}}, "step": 2}
Step:2	{"metric": {"dev": {"epoch": 2.03}}, "step": 2}
Step:2	{"metric": {"dev": {"eval_loss": 2.068784236907959}}, "step": 2}
Step:2	{"metric": {"dev": {"eval_F1_score": 0.14361702123642092}}, "step": 2}
Step:2	{"metric": {"dev": {"eval_Precision": 0.2583732057415032}}, "step": 2}
Step:2	{"metric": {"dev": {"eval_Recall": 0.09944751381213637}}, "step": 2}
Step:2	{"metric": {"dev": {"eval_Metric_time": 0.06256413459777832}}, "step": 2}
Step:2	{"metric": {"dev": {"eval_runtime": 1.9438}}, "step": 2}
Step:2	{"metric": {"dev": {"eval_samples_per_second": 565.889}}, "step": 2}
Step:2	{"metric": {"dev": {"eval_steps_per_second": 9.26}}, "step": 2}
Step:2	{"metric": {"dev": {"epoch": 2.25}}, "step": 2}
Step:2	{"metric": {"dev": {"eval_loss": 2.060382127761841}}, "step": 2}
Step:2	{"metric": {"dev": {"eval_F1_score": 0.18302387263869055}}, "step": 2}
Step:2	{"metric": {"dev": {"eval_Precision": 0.32701421800932373}}, "step": 2}
Step:2	{"metric": {"dev": {"eval_Recall": 0.12707182320439647}}, "step": 2}
Step:2	{"metric": {"dev": {"eval_Metric_time": 0.06264114379882812}}, "step": 2}
Step:2	{"metric": {"dev": {"eval_runtime": 1.941}}, "step": 2}
Step:2	{"metric": {"dev": {"eval_samples_per_second": 566.704}}, "step": 2}
Step:2	{"metric": {"dev": {"eval_steps_per_second": 9.273}}, "step": 2}
Step:2	{"metric": {"dev": {"epoch": 2.48}}, "step": 2}
Step:2	{"metric": {"dev": {"eval_loss": 2.0582478046417236}}, "step": 2}
Step:2	{"metric": {"dev": {"eval_F1_score": 0.21052631574389466}}, "step": 2}
Step:2	{"metric": {"dev": {"eval_Precision": 0.30034129692822514}}, "step": 2}
Step:2	{"metric": {"dev": {"eval_Recall": 0.16206261510125927}}, "step": 2}
Step:2	{"metric": {"dev": {"eval_Metric_time": 0.06280040740966797}}, "step": 2}
Step:2	{"metric": {"dev": {"eval_runtime": 1.9437}}, "step": 2}
Step:2	{"metric": {"dev": {"eval_samples_per_second": 565.917}}, "step": 2}
Step:2	{"metric": {"dev": {"eval_steps_per_second": 9.26}}, "step": 2}
Step:2	{"metric": {"dev": {"epoch": 2.7}}, "step": 2}
Step:2	{"metric": {"dev": {"eval_loss": 2.0557754039764404}}, "step": 2}
Step:2	{"metric": {"dev": {"eval_F1_score": 0.21130221125774226}}, "step": 2}
Step:2	{"metric": {"dev": {"eval_Precision": 0.3173431734316172}}, "step": 2}
Step:2	{"metric": {"dev": {"eval_Recall": 0.15837937384895792}}, "step": 2}
Step:2	{"metric": {"dev": {"eval_Metric_time": 0.06248354911804199}}, "step": 2}
Step:2	{"metric": {"dev": {"eval_runtime": 1.99}}, "step": 2}
Step:2	{"metric": {"dev": {"eval_samples_per_second": 552.778}}, "step": 2}
Step:2	{"metric": {"dev": {"eval_steps_per_second": 9.045}}, "step": 2}
Step:2	{"metric": {"dev": {"epoch": 2.93}}, "step": 2}
Step:3	{"metric": {"dev": {"eval_loss": 2.0539004802703857}}, "step": 3}
Step:3	{"metric": {"dev": {"eval_F1_score": 0.24999999995387956}}, "step": 3}
Step:3	{"metric": {"dev": {"eval_Precision": 0.3475409836064434}}, "step": 3}
Step:3	{"metric": {"dev": {"eval_Recall": 0.1952117863719714}}, "step": 3}
Step:3	{"metric": {"dev": {"eval_Metric_time": 0.06254339218139648}}, "step": 3}
Step:3	{"metric": {"dev": {"eval_runtime": 1.9601}}, "step": 3}
Step:3	{"metric": {"dev": {"eval_samples_per_second": 561.204}}, "step": 3}
Step:3	{"metric": {"dev": {"eval_steps_per_second": 9.183}}, "step": 3}
Step:3	{"metric": {"dev": {"epoch": 3.15}}, "step": 3}
Step:3	{"metric": {"dev": {"eval_loss": 2.050164222717285}}, "step": 3}
Step:3	{"metric": {"dev": {"eval_F1_score": 0.29057888758033706}}, "step": 3}
Step:3	{"metric": {"dev": {"eval_Precision": 0.378698224851959}}, "step": 3}
Step:3	{"metric": {"dev": {"eval_Recall": 0.23572744014728622}}, "step": 3}
Step:3	{"metric": {"dev": {"eval_Metric_time": 0.0648956298828125}}, "step": 3}
Step:3	{"metric": {"dev": {"eval_runtime": 1.9551}}, "step": 3}
Step:3	{"metric": {"dev": {"eval_samples_per_second": 562.642}}, "step": 3}
Step:3	{"metric": {"dev": {"eval_steps_per_second": 9.207}}, "step": 3}
Step:3	{"metric": {"dev": {"epoch": 3.38}}, "step": 3}
Step:3	{"metric": {"dev": {"eval_loss": 2.048022985458374}}, "step": 3}
Step:3	{"metric": {"dev": {"eval_F1_score": 0.2766439908823173}}, "step": 3}
Step:3	{"metric": {"dev": {"eval_Precision": 0.35988200589959884}}, "step": 3}
Step:3	{"metric": {"dev": {"eval_Recall": 0.22467771639038217}}, "step": 3}
Step:3	{"metric": {"dev": {"eval_Metric_time": 0.06306576728820801}}, "step": 3}
Step:3	{"metric": {"dev": {"eval_runtime": 1.9626}}, "step": 3}
Step:3	{"metric": {"dev": {"eval_samples_per_second": 560.485}}, "step": 3}
Step:3	{"metric": {"dev": {"eval_steps_per_second": 9.172}}, "step": 3}
Step:3	{"metric": {"dev": {"epoch": 3.6}}, "step": 3}
Step:3	{"metric": {"dev": {"eval_loss": 2.0454657077789307}}, "step": 3}
Step:3	{"metric": {"dev": {"eval_F1_score": 0.2828507794621507}}, "step": 3}
Step:3	{"metric": {"dev": {"eval_Precision": 0.35774647887313865}}, "step": 3}
Step:3	{"metric": {"dev": {"eval_Recall": 0.23388581952113555}}, "step": 3}
Step:3	{"metric": {"dev": {"eval_Metric_time": 0.0628821849822998}}, "step": 3}
Step:3	{"metric": {"dev": {"eval_runtime": 1.9487}}, "step": 3}
Step:3	{"metric": {"dev": {"eval_samples_per_second": 564.477}}, "step": 3}
Step:3	{"metric": {"dev": {"eval_steps_per_second": 9.237}}, "step": 3}
Step:3	{"metric": {"dev": {"epoch": 3.83}}, "step": 3}
Step:4	{"metric": {"dev": {"eval_loss": 2.0444931983947754}}, "step": 4}
Step:4	{"metric": {"dev": {"eval_F1_score": 0.3187772925280718}}, "step": 4}
Step:4	{"metric": {"dev": {"eval_Precision": 0.3914209115280452}}, "step": 4}
Step:4	{"metric": {"dev": {"eval_Recall": 0.26887661141799835}}, "step": 4}
Step:4	{"metric": {"dev": {"eval_Metric_time": 0.06251096725463867}}, "step": 4}
Step:4	{"metric": {"dev": {"eval_runtime": 1.9469}}, "step": 4}
Step:4	{"metric": {"dev": {"eval_samples_per_second": 565.012}}, "step": 4}
Step:4	{"metric": {"dev": {"eval_steps_per_second": 9.246}}, "step": 4}
Step:4	{"metric": {"dev": {"epoch": 4.05}}, "step": 4}
Step:4	{"metric": {"dev": {"eval_loss": 2.048405885696411}}, "step": 4}
Step:4	{"metric": {"dev": {"eval_F1_score": 0.31681034477896736}}, "step": 4}
Step:4	{"metric": {"dev": {"eval_Precision": 0.38181818181808264}}, "step": 4}
Step:4	{"metric": {"dev": {"eval_Recall": 0.270718232044149}}, "step": 4}
Step:4	{"metric": {"dev": {"eval_Metric_time": 0.06284952163696289}}, "step": 4}
Step:4	{"metric": {"dev": {"eval_runtime": 1.9497}}, "step": 4}
Step:4	{"metric": {"dev": {"eval_samples_per_second": 564.192}}, "step": 4}
Step:4	{"metric": {"dev": {"eval_steps_per_second": 9.232}}, "step": 4}
Step:4	{"metric": {"dev": {"epoch": 4.28}}, "step": 4}
Step:4	{"metric": {"dev": {"eval_loss": 2.045614719390869}}, "step": 4}
Step:4	{"metric": {"dev": {"eval_F1_score": 0.350109409142066}}, "step": 4}
Step:4	{"metric": {"dev": {"eval_Precision": 0.43126684636106977}}, "step": 4}
Step:4	{"metric": {"dev": {"eval_Recall": 0.2946593001841078}}, "step": 4}
Step:4	{"metric": {"dev": {"eval_Metric_time": 0.06276726722717285}}, "step": 4}
Step:4	{"metric": {"dev": {"eval_runtime": 1.948}}, "step": 4}
Step:4	{"metric": {"dev": {"eval_samples_per_second": 564.681}}, "step": 4}
Step:4	{"metric": {"dev": {"eval_steps_per_second": 9.24}}, "step": 4}
Step:4	{"metric": {"dev": {"epoch": 4.5}}, "step": 4}
Step:4	{"metric": {"dev": {"eval_loss": 2.04430890083313}}, "step": 4}
Step:4	{"metric": {"dev": {"eval_F1_score": 0.3504273503785596}}, "step": 4}
Step:4	{"metric": {"dev": {"eval_Precision": 0.4173027989820821}}, "step": 4}
Step:4	{"metric": {"dev": {"eval_Recall": 0.30202578268871044}}, "step": 4}
Step:4	{"metric": {"dev": {"eval_Metric_time": 0.06341290473937988}}, "step": 4}
Step:4	{"metric": {"dev": {"eval_runtime": 1.9642}}, "step": 4}
Step:4	{"metric": {"dev": {"eval_samples_per_second": 560.023}}, "step": 4}
Step:4	{"metric": {"dev": {"eval_steps_per_second": 9.164}}, "step": 4}
Step:4	{"metric": {"dev": {"epoch": 4.73}}, "step": 4}
Step:4	{"metric": {"dev": {"eval_loss": 2.0446763038635254}}, "step": 4}
Step:4	{"metric": {"dev": {"eval_F1_score": 0.3367768594548056}}, "step": 4}
Step:4	{"metric": {"dev": {"eval_Precision": 0.38352941176461564}}, "step": 4}
Step:4	{"metric": {"dev": {"eval_Recall": 0.30018416206255977}}, "step": 4}
Step:4	{"metric": {"dev": {"eval_Metric_time": 0.06306123733520508}}, "step": 4}
Step:4	{"metric": {"dev": {"eval_runtime": 1.9539}}, "step": 4}
Step:4	{"metric": {"dev": {"eval_samples_per_second": 562.963}}, "step": 4}
Step:4	{"metric": {"dev": {"eval_steps_per_second": 9.212}}, "step": 4}
Step:4	{"metric": {"dev": {"epoch": 4.95}}, "step": 4}
Step:5	{"metric": {"dev": {"eval_loss": 2.0450804233551025}}, "step": 5}
Step:5	{"metric": {"dev": {"eval_F1_score": 0.3391215525552267}}, "step": 5}
Step:5	{"metric": {"dev": {"eval_Precision": 0.3807339449540411}}, "step": 5}
Step:5	{"metric": {"dev": {"eval_Recall": 0.3057090239410118}}, "step": 5}
Step:5	{"metric": {"dev": {"eval_Metric_time": 0.0632021427154541}}, "step": 5}
Step:5	{"metric": {"dev": {"eval_runtime": 1.9502}}, "step": 5}
Step:5	{"metric": {"dev": {"eval_samples_per_second": 564.04}}, "step": 5}
Step:5	{"metric": {"dev": {"eval_steps_per_second": 9.23}}, "step": 5}
Step:5	{"metric": {"dev": {"epoch": 5.18}}, "step": 5}
Step:5	{"metric": {"dev": {"eval_loss": 2.0448689460754395}}, "step": 5}
Step:5	{"metric": {"dev": {"eval_F1_score": 0.38238238233268507}}, "step": 5}
Step:5	{"metric": {"dev": {"eval_Precision": 0.41885964912271517}}, "step": 5}
Step:5	{"metric": {"dev": {"eval_Recall": 0.35174953959477867}}, "step": 5}
Step:5	{"metric": {"dev": {"eval_Metric_time": 0.06339120864868164}}, "step": 5}
Step:5	{"metric": {"dev": {"eval_runtime": 1.9534}}, "step": 5}
Step:5	{"metric": {"dev": {"eval_samples_per_second": 563.134}}, "step": 5}
Step:5	{"metric": {"dev": {"eval_steps_per_second": 9.215}}, "step": 5}
Step:5	{"metric": {"dev": {"epoch": 5.4}}, "step": 5}
Step:5	{"metric": {"dev": {"eval_loss": 2.0406668186187744}}, "step": 5}
Step:5	{"metric": {"dev": {"eval_F1_score": 0.3800424627960983}}, "step": 5}
Step:5	{"metric": {"dev": {"eval_Precision": 0.44862155388459934}}, "step": 5}
Step:5	{"metric": {"dev": {"eval_Recall": 0.32965009208097057}}, "step": 5}
Step:5	{"metric": {"dev": {"eval_Metric_time": 0.06276178359985352}}, "step": 5}
Step:5	{"metric": {"dev": {"eval_runtime": 1.9489}}, "step": 5}
Step:5	{"metric": {"dev": {"eval_samples_per_second": 564.425}}, "step": 5}
Step:5	{"metric": {"dev": {"eval_steps_per_second": 9.236}}, "step": 5}
Step:5	{"metric": {"dev": {"epoch": 5.63}}, "step": 5}
Step:5	{"metric": {"dev": {"eval_loss": 2.0472683906555176}}, "step": 5}
Step:5	{"metric": {"dev": {"eval_F1_score": 0.38399999995029305}}, "step": 5}
Step:5	{"metric": {"dev": {"eval_Precision": 0.42013129102835445}}, "step": 5}
Step:5	{"metric": {"dev": {"eval_Recall": 0.35359116022092935}}, "step": 5}
Step:5	{"metric": {"dev": {"eval_Metric_time": 0.06395864486694336}}, "step": 5}
Step:5	{"metric": {"dev": {"eval_runtime": 1.9501}}, "step": 5}
Step:5	{"metric": {"dev": {"eval_samples_per_second": 564.062}}, "step": 5}
Step:5	{"metric": {"dev": {"eval_steps_per_second": 9.23}}, "step": 5}
Step:5	{"metric": {"dev": {"epoch": 5.85}}, "step": 5}
Step:6	{"metric": {"dev": {"eval_loss": 2.041836738586426}}, "step": 6}
Step:6	{"metric": {"dev": {"eval_F1_score": 0.38546922295744523}}, "step": 6}
Step:6	{"metric": {"dev": {"eval_Precision": 0.42633928571419055}}, "step": 6}
Step:6	{"metric": {"dev": {"eval_Recall": 0.35174953959477867}}, "step": 6}
Step:6	{"metric": {"dev": {"eval_Metric_time": 0.06364059448242188}}, "step": 6}
Step:6	{"metric": {"dev": {"eval_runtime": 1.9495}}, "step": 6}
Step:6	{"metric": {"dev": {"eval_samples_per_second": 564.249}}, "step": 6}
Step:6	{"metric": {"dev": {"eval_steps_per_second": 9.233}}, "step": 6}
Step:6	{"metric": {"dev": {"epoch": 6.08}}, "step": 6}
Step:6	{"metric": {"dev": {"eval_loss": 2.042424201965332}}, "step": 6}
Step:6	{"metric": {"dev": {"eval_F1_score": 0.41213389116422755}}, "step": 6}
Step:6	{"metric": {"dev": {"eval_Precision": 0.47699757869237847}}, "step": 6}
Step:6	{"metric": {"dev": {"eval_Recall": 0.3627992633516827}}, "step": 6}
Step:6	{"metric": {"dev": {"eval_Metric_time": 0.06376051902770996}}, "step": 6}
Step:6	{"metric": {"dev": {"eval_runtime": 1.9462}}, "step": 6}
Step:6	{"metric": {"dev": {"eval_samples_per_second": 565.192}}, "step": 6}
Step:6	{"metric": {"dev": {"eval_steps_per_second": 9.249}}, "step": 6}
Step:6	{"metric": {"dev": {"epoch": 6.3}}, "step": 6}
Step:6	{"metric": {"dev": {"eval_loss": 2.0434978008270264}}, "step": 6}
Step:6	{"metric": {"dev": {"eval_F1_score": 0.39408866990090585}}, "step": 6}
Step:6	{"metric": {"dev": {"eval_Precision": 0.42372881355923225}}, "step": 6}
Step:6	{"metric": {"dev": {"eval_Recall": 0.3683241252301347}}, "step": 6}
Step:6	{"metric": {"dev": {"eval_Metric_time": 0.06389164924621582}}, "step": 6}
Step:6	{"metric": {"dev": {"eval_runtime": 1.9565}}, "step": 6}
Step:6	{"metric": {"dev": {"eval_samples_per_second": 562.218}}, "step": 6}
Step:6	{"metric": {"dev": {"eval_steps_per_second": 9.2}}, "step": 6}
Step:6	{"metric": {"dev": {"epoch": 6.53}}, "step": 6}
Step:6	{"metric": {"dev": {"eval_loss": 2.0475969314575195}}, "step": 6}
Step:6	{"metric": {"dev": {"eval_F1_score": 0.38888888883911116}}, "step": 6}
Step:6	{"metric": {"dev": {"eval_Precision": 0.4215053763439954}}, "step": 6}
Step:6	{"metric": {"dev": {"eval_Recall": 0.36095764272553205}}, "step": 6}
Step:6	{"metric": {"dev": {"eval_Metric_time": 0.06391000747680664}}, "step": 6}
Step:6	{"metric": {"dev": {"eval_runtime": 1.96}}, "step": 6}
Step:6	{"metric": {"dev": {"eval_samples_per_second": 561.22}}, "step": 6}
Step:6	{"metric": {"dev": {"eval_steps_per_second": 9.184}}, "step": 6}
Step:6	{"metric": {"dev": {"epoch": 6.76}}, "step": 6}
Step:6	{"metric": {"dev": {"eval_loss": 2.0470592975616455}}, "step": 6}
Step:6	{"metric": {"dev": {"eval_F1_score": 0.4192577732702742}}, "step": 6}
Step:6	{"metric": {"dev": {"eval_Precision": 0.4603524229073876}}, "step": 6}
Step:6	{"metric": {"dev": {"eval_Recall": 0.38489871086549077}}, "step": 6}
Step:6	{"metric": {"dev": {"eval_Metric_time": 0.0648033618927002}}, "step": 6}
Step:6	{"metric": {"dev": {"eval_runtime": 1.9708}}, "step": 6}
Step:6	{"metric": {"dev": {"eval_samples_per_second": 558.139}}, "step": 6}
Step:6	{"metric": {"dev": {"eval_steps_per_second": 9.133}}, "step": 6}
Step:6	{"metric": {"dev": {"epoch": 6.98}}, "step": 6}
Step:7	{"metric": {"dev": {"eval_loss": 2.0481369495391846}}, "step": 7}
Step:7	{"metric": {"dev": {"eval_F1_score": 0.4174757281054065}}, "step": 7}
Step:7	{"metric": {"dev": {"eval_Precision": 0.4414784394249607}}, "step": 7}
Step:7	{"metric": {"dev": {"eval_Recall": 0.3959484346223948}}, "step": 7}
Step:7	{"metric": {"dev": {"eval_Metric_time": 0.06408262252807617}}, "step": 7}
Step:7	{"metric": {"dev": {"eval_runtime": 1.9484}}, "step": 7}
Step:7	{"metric": {"dev": {"eval_samples_per_second": 564.559}}, "step": 7}
Step:7	{"metric": {"dev": {"eval_steps_per_second": 9.238}}, "step": 7}
Step:7	{"metric": {"dev": {"epoch": 7.21}}, "step": 7}
Step:7	{"metric": {"dev": {"eval_loss": 2.0481934547424316}}, "step": 7}
Step:7	{"metric": {"dev": {"eval_F1_score": 0.41855873637663304}}, "step": 7}
Step:7	{"metric": {"dev": {"eval_Precision": 0.4510638297871381}}, "step": 7}
Step:7	{"metric": {"dev": {"eval_Recall": 0.3904235727439428}}, "step": 7}
Step:7	{"metric": {"dev": {"eval_Metric_time": 0.06386613845825195}}, "step": 7}
Step:7	{"metric": {"dev": {"eval_runtime": 1.954}}, "step": 7}
Step:7	{"metric": {"dev": {"eval_samples_per_second": 562.954}}, "step": 7}
Step:7	{"metric": {"dev": {"eval_steps_per_second": 9.212}}, "step": 7}
Step:7	{"metric": {"dev": {"epoch": 7.43}}, "step": 7}
Step:7	{"metric": {"dev": {"eval_loss": 2.0474982261657715}}, "step": 7}
Step:7	{"metric": {"dev": {"eval_F1_score": 0.40197044329991916}}, "step": 7}
Step:7	{"metric": {"dev": {"eval_Precision": 0.4322033898304169}}, "step": 7}
Step:7	{"metric": {"dev": {"eval_Recall": 0.3756906077347374}}, "step": 7}
Step:7	{"metric": {"dev": {"eval_Metric_time": 0.06380677223205566}}, "step": 7}
Step:7	{"metric": {"dev": {"eval_runtime": 1.9564}}, "step": 7}
Step:7	{"metric": {"dev": {"eval_samples_per_second": 562.263}}, "step": 7}
Step:7	{"metric": {"dev": {"eval_steps_per_second": 9.201}}, "step": 7}
Step:7	{"metric": {"dev": {"epoch": 7.66}}, "step": 7}
Step:7	{"metric": {"dev": {"eval_loss": 2.0474183559417725}}, "step": 7}
Step:7	{"metric": {"dev": {"eval_F1_score": 0.43058350095637793}}, "step": 7}
Step:7	{"metric": {"dev": {"eval_Precision": 0.4745011086473449}}, "step": 7}
Step:7	{"metric": {"dev": {"eval_Recall": 0.39410681399624414}}, "step": 7}
Step:7	{"metric": {"dev": {"eval_Metric_time": 0.06420373916625977}}, "step": 7}
Step:7	{"metric": {"dev": {"eval_runtime": 1.9549}}, "step": 7}
Step:7	{"metric": {"dev": {"eval_samples_per_second": 562.701}}, "step": 7}
Step:7	{"metric": {"dev": {"eval_steps_per_second": 9.208}}, "step": 7}
Step:7	{"metric": {"dev": {"epoch": 7.88}}, "step": 7}
Step:8	{"metric": {"dev": {"eval_loss": 2.0513365268707275}}, "step": 8}
Step:8	{"metric": {"dev": {"eval_F1_score": 0.4119402984577054}}, "step": 8}
Step:8	{"metric": {"dev": {"eval_Precision": 0.44805194805185106}}, "step": 8}
Step:8	{"metric": {"dev": {"eval_Recall": 0.3812154696131894}}, "step": 8}
Step:8	{"metric": {"dev": {"eval_Metric_time": 0.06584024429321289}}, "step": 8}
Step:8	{"metric": {"dev": {"eval_runtime": 1.9542}}, "step": 8}
Step:8	{"metric": {"dev": {"eval_samples_per_second": 562.88}}, "step": 8}
Step:8	{"metric": {"dev": {"eval_steps_per_second": 9.211}}, "step": 8}
Step:8	{"metric": {"dev": {"epoch": 8.11}}, "step": 8}
Step:8	{"metric": {"dev": {"eval_loss": 2.05061411857605}}, "step": 8}
Step:8	{"metric": {"dev": {"eval_F1_score": 0.4308300394758739}}, "step": 8}
Step:8	{"metric": {"dev": {"eval_Precision": 0.4648187633261269}}, "step": 8}
Step:8	{"metric": {"dev": {"eval_Recall": 0.40147329650084684}}, "step": 8}
Step:8	{"metric": {"dev": {"eval_Metric_time": 0.06542158126831055}}, "step": 8}
Step:8	{"metric": {"dev": {"eval_runtime": 1.9512}}, "step": 8}
Step:8	{"metric": {"dev": {"eval_samples_per_second": 563.749}}, "step": 8}
Step:8	{"metric": {"dev": {"eval_steps_per_second": 9.225}}, "step": 8}
Step:8	{"metric": {"dev": {"epoch": 8.33}}, "step": 8}
Step:8	{"metric": {"dev": {"eval_loss": 2.0560061931610107}}, "step": 8}
Step:8	{"metric": {"dev": {"eval_F1_score": 0.4107485604106629}}, "step": 8}
Step:8	{"metric": {"dev": {"eval_Precision": 0.4288577154307758}}, "step": 8}
Step:8	{"metric": {"dev": {"eval_Recall": 0.39410681399624414}}, "step": 8}
Step:8	{"metric": {"dev": {"eval_Metric_time": 0.06348896026611328}}, "step": 8}
Step:8	{"metric": {"dev": {"eval_runtime": 1.9508}}, "step": 8}
Step:8	{"metric": {"dev": {"eval_samples_per_second": 563.886}}, "step": 8}
Step:8	{"metric": {"dev": {"eval_steps_per_second": 9.227}}, "step": 8}
Step:8	{"metric": {"dev": {"epoch": 8.56}}, "step": 8}
Step:8	{"metric": {"dev": {"eval_loss": 2.0549471378326416}}, "step": 8}
Step:8	{"metric": {"dev": {"eval_F1_score": 0.42495126700661834}}, "step": 8}
Step:8	{"metric": {"dev": {"eval_Precision": 0.45134575569348834}}, "step": 8}
Step:8	{"metric": {"dev": {"eval_Recall": 0.40147329650084684}}, "step": 8}
Step:8	{"metric": {"dev": {"eval_Metric_time": 0.0646059513092041}}, "step": 8}
Step:8	{"metric": {"dev": {"eval_runtime": 1.9526}}, "step": 8}
Step:8	{"metric": {"dev": {"eval_samples_per_second": 563.364}}, "step": 8}
Step:8	{"metric": {"dev": {"eval_steps_per_second": 9.219}}, "step": 8}
Step:8	{"metric": {"dev": {"epoch": 8.78}}, "step": 8}
Step:9	{"metric": {"dev": {"eval_loss": 2.0554745197296143}}, "step": 9}
Step:9	{"metric": {"dev": {"eval_F1_score": 0.43868394810578826}}, "step": 9}
Step:9	{"metric": {"dev": {"eval_Precision": 0.47826086956511343}}, "step": 9}
Step:9	{"metric": {"dev": {"eval_Recall": 0.4051565377531482}}, "step": 9}
Step:9	{"metric": {"dev": {"eval_Metric_time": 0.06399226188659668}}, "step": 9}
Step:9	{"metric": {"dev": {"eval_runtime": 1.9483}}, "step": 9}
Step:9	{"metric": {"dev": {"eval_samples_per_second": 564.59}}, "step": 9}
Step:9	{"metric": {"dev": {"eval_steps_per_second": 9.239}}, "step": 9}
Step:9	{"metric": {"dev": {"epoch": 9.01}}, "step": 9}
Step:9	{"metric": {"dev": {"eval_loss": 2.0566322803497314}}, "step": 9}
Step:9	{"metric": {"dev": {"eval_F1_score": 0.42884990248420046}}, "step": 9}
Step:9	{"metric": {"dev": {"eval_Precision": 0.4554865424429699}}, "step": 9}
Step:9	{"metric": {"dev": {"eval_Recall": 0.4051565377531482}}, "step": 9}
Step:9	{"metric": {"dev": {"eval_Metric_time": 0.06600117683410645}}, "step": 9}
Step:9	{"metric": {"dev": {"eval_runtime": 1.9486}}, "step": 9}
Step:9	{"metric": {"dev": {"eval_samples_per_second": 564.499}}, "step": 9}
Step:9	{"metric": {"dev": {"eval_steps_per_second": 9.237}}, "step": 9}
Step:9	{"metric": {"dev": {"epoch": 9.23}}, "step": 9}
Step:9	{"metric": {"dev": {"eval_loss": 2.0581045150756836}}, "step": 9}
Step:9	{"metric": {"dev": {"eval_F1_score": 0.42352941171483216}}, "step": 9}
Step:9	{"metric": {"dev": {"eval_Precision": 0.45283018867915037}}, "step": 9}
Step:9	{"metric": {"dev": {"eval_Recall": 0.3977900552485455}}, "step": 9}
Step:9	{"metric": {"dev": {"eval_Metric_time": 0.0651853084564209}}, "step": 9}
Step:9	{"metric": {"dev": {"eval_runtime": 1.9566}}, "step": 9}
Step:9	{"metric": {"dev": {"eval_samples_per_second": 562.2}}, "step": 9}
Step:9	{"metric": {"dev": {"eval_steps_per_second": 9.2}}, "step": 9}
Step:9	{"metric": {"dev": {"epoch": 9.46}}, "step": 9}
Step:9	{"metric": {"dev": {"eval_loss": 2.058339834213257}}, "step": 9}
Step:9	{"metric": {"dev": {"eval_F1_score": 0.44510385751695264}}, "step": 9}
Step:9	{"metric": {"dev": {"eval_Precision": 0.48076923076912803}}, "step": 9}
Step:9	{"metric": {"dev": {"eval_Recall": 0.41436464088390157}}, "step": 9}
Step:9	{"metric": {"dev": {"eval_Metric_time": 0.06450939178466797}}, "step": 9}
Step:9	{"metric": {"dev": {"eval_runtime": 1.9467}}, "step": 9}
Step:9	{"metric": {"dev": {"eval_samples_per_second": 565.071}}, "step": 9}
Step:9	{"metric": {"dev": {"eval_steps_per_second": 9.247}}, "step": 9}
Step:9	{"metric": {"dev": {"epoch": 9.68}}, "step": 9}
Step:9	{"metric": {"dev": {"eval_loss": 2.0582990646362305}}, "step": 9}
Step:9	{"metric": {"dev": {"eval_F1_score": 0.4301075268318259}}, "step": 9}
Step:9	{"metric": {"dev": {"eval_Precision": 0.45833333333323784}}, "step": 9}
Step:9	{"metric": {"dev": {"eval_Recall": 0.4051565377531482}}, "step": 9}
Step:9	{"metric": {"dev": {"eval_Metric_time": 0.06390833854675293}}, "step": 9}
Step:9	{"metric": {"dev": {"eval_runtime": 1.9531}}, "step": 9}
Step:9	{"metric": {"dev": {"eval_samples_per_second": 563.204}}, "step": 9}
Step:9	{"metric": {"dev": {"eval_steps_per_second": 9.216}}, "step": 9}
Step:9	{"metric": {"dev": {"epoch": 9.91}}, "step": 9}
