Step:0	{"metric": {"dev": {"eval_loss": 1.0161269903182983}}, "step": 0}
Step:0	{"metric": {"dev": {"eval_F1_score": 0.0}}, "step": 0}
Step:0	{"metric": {"dev": {"eval_Precision": 0.0}}, "step": 0}
Step:0	{"metric": {"dev": {"eval_Recall": 0.0}}, "step": 0}
Step:0	{"metric": {"dev": {"eval_Metric_time": 0.06120729446411133}}, "step": 0}
Step:0	{"metric": {"dev": {"eval_runtime": 2.1097}}, "step": 0}
Step:0	{"metric": {"dev": {"eval_samples_per_second": 521.405}}, "step": 0}
Step:0	{"metric": {"dev": {"eval_steps_per_second": 8.532}}, "step": 0}
Step:0	{"metric": {"dev": {"epoch": 0.23}}, "step": 0}
Step:0	{"metric": {"dev": {"eval_loss": 0.9659390449523926}}, "step": 0}
Step:0	{"metric": {"dev": {"eval_F1_score": 0.0}}, "step": 0}
Step:0	{"metric": {"dev": {"eval_Precision": 0.0}}, "step": 0}
Step:0	{"metric": {"dev": {"eval_Recall": 0.0}}, "step": 0}
Step:0	{"metric": {"dev": {"eval_Metric_time": 0.06171226501464844}}, "step": 0}
Step:0	{"metric": {"dev": {"eval_runtime": 2.0715}}, "step": 0}
Step:0	{"metric": {"dev": {"eval_samples_per_second": 531.008}}, "step": 0}
Step:0	{"metric": {"dev": {"eval_steps_per_second": 8.689}}, "step": 0}
Step:0	{"metric": {"dev": {"epoch": 0.45}}, "step": 0}
Step:0	{"metric": {"dev": {"eval_loss": 0.9224711060523987}}, "step": 0}
Step:0	{"metric": {"dev": {"eval_F1_score": 0.03338391499374368}}, "step": 0}
Step:0	{"metric": {"dev": {"eval_Precision": 0.0948275862068148}}, "step": 0}
Step:0	{"metric": {"dev": {"eval_Recall": 0.02025782688765741}}, "step": 0}
Step:0	{"metric": {"dev": {"eval_Metric_time": 0.062387704849243164}}, "step": 0}
Step:0	{"metric": {"dev": {"eval_runtime": 2.0502}}, "step": 0}
Step:0	{"metric": {"dev": {"eval_samples_per_second": 536.527}}, "step": 0}
Step:0	{"metric": {"dev": {"eval_steps_per_second": 8.78}}, "step": 0}
Step:0	{"metric": {"dev": {"epoch": 0.68}}, "step": 0}
Step:0	{"metric": {"dev": {"eval_loss": 0.9073344469070435}}, "step": 0}
Step:0	{"metric": {"dev": {"eval_F1_score": 0.05957446804969246}}, "step": 0}
Step:0	{"metric": {"dev": {"eval_Precision": 0.12962962962954963}}, "step": 0}
Step:0	{"metric": {"dev": {"eval_Recall": 0.03867403314916414}}, "step": 0}
Step:0	{"metric": {"dev": {"eval_Metric_time": 0.06193375587463379}}, "step": 0}
Step:0	{"metric": {"dev": {"eval_runtime": 2.0661}}, "step": 0}
Step:0	{"metric": {"dev": {"eval_samples_per_second": 532.404}}, "step": 0}
Step:0	{"metric": {"dev": {"eval_steps_per_second": 8.712}}, "step": 0}
Step:0	{"metric": {"dev": {"epoch": 0.9}}, "step": 0}
Step:1	{"metric": {"dev": {"eval_loss": 0.8990868926048279}}, "step": 1}
Step:1	{"metric": {"dev": {"eval_F1_score": 0.060344827551888865}}, "step": 1}
Step:1	{"metric": {"dev": {"eval_Precision": 0.13725490196069462}}, "step": 1}
Step:1	{"metric": {"dev": {"eval_Recall": 0.03867403314916414}}, "step": 1}
Step:1	{"metric": {"dev": {"eval_Metric_time": 0.06222128868103027}}, "step": 1}
Step:1	{"metric": {"dev": {"eval_runtime": 2.0658}}, "step": 1}
Step:1	{"metric": {"dev": {"eval_samples_per_second": 532.492}}, "step": 1}
Step:1	{"metric": {"dev": {"eval_steps_per_second": 8.714}}, "step": 1}
Step:1	{"metric": {"dev": {"epoch": 1.13}}, "step": 1}
Step:1	{"metric": {"dev": {"eval_loss": 0.8909520506858826}}, "step": 1}
Step:1	{"metric": {"dev": {"eval_F1_score": 0.06158833061096066}}, "step": 1}
Step:1	{"metric": {"dev": {"eval_Precision": 0.2567567567564098}}, "step": 1}
Step:1	{"metric": {"dev": {"eval_Recall": 0.0349907918968628}}, "step": 1}
Step:1	{"metric": {"dev": {"eval_Metric_time": 0.06176304817199707}}, "step": 1}
Step:1	{"metric": {"dev": {"eval_runtime": 2.037}}, "step": 1}
Step:1	{"metric": {"dev": {"eval_samples_per_second": 539.998}}, "step": 1}
Step:1	{"metric": {"dev": {"eval_steps_per_second": 8.836}}, "step": 1}
Step:1	{"metric": {"dev": {"epoch": 1.35}}, "step": 1}
Step:1	{"metric": {"dev": {"eval_loss": 0.8896663188934326}}, "step": 1}
Step:1	{"metric": {"dev": {"eval_F1_score": 0.1075268816927218}}, "step": 1}
Step:1	{"metric": {"dev": {"eval_Precision": 0.324074074073774}}, "step": 1}
Step:1	{"metric": {"dev": {"eval_Recall": 0.06445672191527357}}, "step": 1}
Step:1	{"metric": {"dev": {"eval_Metric_time": 0.06211686134338379}}, "step": 1}
Step:1	{"metric": {"dev": {"eval_runtime": 2.0821}}, "step": 1}
Step:1	{"metric": {"dev": {"eval_samples_per_second": 528.325}}, "step": 1}
Step:1	{"metric": {"dev": {"eval_steps_per_second": 8.645}}, "step": 1}
Step:1	{"metric": {"dev": {"epoch": 1.58}}, "step": 1}
Step:1	{"metric": {"dev": {"eval_loss": 0.8865007162094116}}, "step": 1}
Step:1	{"metric": {"dev": {"eval_F1_score": 0.13274336279992557}}, "step": 1}
Step:1	{"metric": {"dev": {"eval_Precision": 0.33333333333308646}}, "step": 1}
Step:1	{"metric": {"dev": {"eval_Recall": 0.08287292817678031}}, "step": 1}
Step:1	{"metric": {"dev": {"eval_Metric_time": 0.06209826469421387}}, "step": 1}
Step:1	{"metric": {"dev": {"eval_runtime": 2.0628}}, "step": 1}
Step:1	{"metric": {"dev": {"eval_samples_per_second": 533.267}}, "step": 1}
Step:1	{"metric": {"dev": {"eval_steps_per_second": 8.726}}, "step": 1}
Step:1	{"metric": {"dev": {"epoch": 1.8}}, "step": 1}
Step:2	{"metric": {"dev": {"eval_loss": 0.8826704621315002}}, "step": 2}
Step:2	{"metric": {"dev": {"eval_F1_score": 0.14044943816600375}}, "step": 2}
Step:2	{"metric": {"dev": {"eval_Precision": 0.29585798816550546}}, "step": 2}
Step:2	{"metric": {"dev": {"eval_Recall": 0.09208103130753367}}, "step": 2}
Step:2	{"metric": {"dev": {"eval_Metric_time": 0.062064170837402344}}, "step": 2}
Step:2	{"metric": {"dev": {"eval_runtime": 2.0372}}, "step": 2}
Step:2	{"metric": {"dev": {"eval_samples_per_second": 539.967}}, "step": 2}
Step:2	{"metric": {"dev": {"eval_steps_per_second": 8.836}}, "step": 2}
Step:2	{"metric": {"dev": {"epoch": 2.03}}, "step": 2}
Step:2	{"metric": {"dev": {"eval_loss": 0.8788065910339355}}, "step": 2}
Step:2	{"metric": {"dev": {"eval_F1_score": 0.17451523541972397}}, "step": 2}
Step:2	{"metric": {"dev": {"eval_Precision": 0.35195530726237323}}, "step": 2}
Step:2	{"metric": {"dev": {"eval_Recall": 0.11602209944749244}}, "step": 2}
Step:2	{"metric": {"dev": {"eval_Metric_time": 0.0620417594909668}}, "step": 2}
Step:2	{"metric": {"dev": {"eval_runtime": 2.041}}, "step": 2}
Step:2	{"metric": {"dev": {"eval_samples_per_second": 538.955}}, "step": 2}
Step:2	{"metric": {"dev": {"eval_steps_per_second": 8.819}}, "step": 2}
Step:2	{"metric": {"dev": {"epoch": 2.25}}, "step": 2}
Step:2	{"metric": {"dev": {"eval_loss": 0.8749169111251831}}, "step": 2}
Step:2	{"metric": {"dev": {"eval_F1_score": 0.21744966438994712}}, "step": 2}
Step:2	{"metric": {"dev": {"eval_Precision": 0.4009900990097025}}, "step": 2}
Step:2	{"metric": {"dev": {"eval_Recall": 0.14917127071820457}}, "step": 2}
Step:2	{"metric": {"dev": {"eval_Metric_time": 0.06173563003540039}}, "step": 2}
Step:2	{"metric": {"dev": {"eval_runtime": 2.0712}}, "step": 2}
Step:2	{"metric": {"dev": {"eval_samples_per_second": 531.088}}, "step": 2}
Step:2	{"metric": {"dev": {"eval_steps_per_second": 8.691}}, "step": 2}
Step:2	{"metric": {"dev": {"epoch": 2.48}}, "step": 2}
Step:2	{"metric": {"dev": {"eval_loss": 0.8716185688972473}}, "step": 2}
Step:2	{"metric": {"dev": {"eval_F1_score": 0.24205378968635916}}, "step": 2}
Step:2	{"metric": {"dev": {"eval_Precision": 0.3599999999998691}}, "step": 2}
Step:2	{"metric": {"dev": {"eval_Recall": 0.1823204419889167}}, "step": 2}
Step:2	{"metric": {"dev": {"eval_Metric_time": 0.062093257904052734}}, "step": 2}
Step:2	{"metric": {"dev": {"eval_runtime": 2.0707}}, "step": 2}
Step:2	{"metric": {"dev": {"eval_samples_per_second": 531.234}}, "step": 2}
Step:2	{"metric": {"dev": {"eval_steps_per_second": 8.693}}, "step": 2}
Step:2	{"metric": {"dev": {"epoch": 2.7}}, "step": 2}
Step:2	{"metric": {"dev": {"eval_loss": 0.8698510527610779}}, "step": 2}
Step:2	{"metric": {"dev": {"eval_F1_score": 0.2835820895083194}}, "step": 2}
Step:2	{"metric": {"dev": {"eval_Precision": 0.43678160919523495}}, "step": 2}
Step:2	{"metric": {"dev": {"eval_Recall": 0.2099447513811768}}, "step": 2}
Step:2	{"metric": {"dev": {"eval_Metric_time": 0.06303286552429199}}, "step": 2}
Step:2	{"metric": {"dev": {"eval_runtime": 2.0665}}, "step": 2}
Step:2	{"metric": {"dev": {"eval_samples_per_second": 532.289}}, "step": 2}
Step:2	{"metric": {"dev": {"eval_steps_per_second": 8.71}}, "step": 2}
Step:2	{"metric": {"dev": {"epoch": 2.93}}, "step": 2}
Step:3	{"metric": {"dev": {"eval_loss": 0.867862343788147}}, "step": 3}
Step:3	{"metric": {"dev": {"eval_F1_score": 0.29496402873147265}}, "step": 3}
Step:3	{"metric": {"dev": {"eval_Precision": 0.4226804123709888}}, "step": 3}
Step:3	{"metric": {"dev": {"eval_Recall": 0.22651933701653285}}, "step": 3}
Step:3	{"metric": {"dev": {"eval_Metric_time": 0.06240034103393555}}, "step": 3}
Step:3	{"metric": {"dev": {"eval_runtime": 2.0557}}, "step": 3}
Step:3	{"metric": {"dev": {"eval_samples_per_second": 535.097}}, "step": 3}
Step:3	{"metric": {"dev": {"eval_steps_per_second": 8.756}}, "step": 3}
Step:3	{"metric": {"dev": {"epoch": 3.15}}, "step": 3}
Step:3	{"metric": {"dev": {"eval_loss": 0.8626741766929626}}, "step": 3}
Step:3	{"metric": {"dev": {"eval_F1_score": 0.37139561702346213}}, "step": 3}
Step:3	{"metric": {"dev": {"eval_Precision": 0.49691358024676024}}, "step": 3}
Step:3	{"metric": {"dev": {"eval_Recall": 0.2965009208102585}}, "step": 3}
Step:3	{"metric": {"dev": {"eval_Metric_time": 0.06336712837219238}}, "step": 3}
Step:3	{"metric": {"dev": {"eval_runtime": 2.0475}}, "step": 3}
Step:3	{"metric": {"dev": {"eval_samples_per_second": 537.235}}, "step": 3}
Step:3	{"metric": {"dev": {"eval_steps_per_second": 8.791}}, "step": 3}
Step:3	{"metric": {"dev": {"epoch": 3.38}}, "step": 3}
Step:3	{"metric": {"dev": {"eval_loss": 0.863032877445221}}, "step": 3}
Step:3	{"metric": {"dev": {"eval_F1_score": 0.3583426651258275}}, "step": 3}
Step:3	{"metric": {"dev": {"eval_Precision": 0.45714285714272657}}, "step": 3}
Step:3	{"metric": {"dev": {"eval_Recall": 0.2946593001841078}}, "step": 3}
Step:3	{"metric": {"dev": {"eval_Metric_time": 0.06284379959106445}}, "step": 3}
Step:3	{"metric": {"dev": {"eval_runtime": 2.0791}}, "step": 3}
Step:3	{"metric": {"dev": {"eval_samples_per_second": 529.064}}, "step": 3}
Step:3	{"metric": {"dev": {"eval_steps_per_second": 8.657}}, "step": 3}
Step:3	{"metric": {"dev": {"epoch": 3.6}}, "step": 3}
Step:3	{"metric": {"dev": {"eval_loss": 0.8584094643592834}}, "step": 3}
Step:3	{"metric": {"dev": {"eval_F1_score": 0.394077448699869}}, "step": 3}
Step:3	{"metric": {"dev": {"eval_Precision": 0.5164179104476071}}, "step": 3}
Step:3	{"metric": {"dev": {"eval_Recall": 0.3186003683240665}}, "step": 3}
Step:3	{"metric": {"dev": {"eval_Metric_time": 0.06292200088500977}}, "step": 3}
Step:3	{"metric": {"dev": {"eval_runtime": 2.0449}}, "step": 3}
Step:3	{"metric": {"dev": {"eval_samples_per_second": 537.914}}, "step": 3}
Step:3	{"metric": {"dev": {"eval_steps_per_second": 8.802}}, "step": 3}
Step:3	{"metric": {"dev": {"epoch": 3.83}}, "step": 3}
Step:4	{"metric": {"dev": {"eval_loss": 0.8568612933158875}}, "step": 4}
Step:4	{"metric": {"dev": {"eval_F1_score": 0.4061470910604277}}, "step": 4}
Step:4	{"metric": {"dev": {"eval_Precision": 0.5027173913042112}}, "step": 4}
Step:4	{"metric": {"dev": {"eval_Recall": 0.3406998158378746}}, "step": 4}
Step:4	{"metric": {"dev": {"eval_Metric_time": 0.06336569786071777}}, "step": 4}
Step:4	{"metric": {"dev": {"eval_runtime": 2.0946}}, "step": 4}
Step:4	{"metric": {"dev": {"eval_samples_per_second": 525.155}}, "step": 4}
Step:4	{"metric": {"dev": {"eval_steps_per_second": 8.593}}, "step": 4}
Step:4	{"metric": {"dev": {"epoch": 4.05}}, "step": 4}
Step:4	{"metric": {"dev": {"eval_loss": 0.8562543392181396}}, "step": 4}
Step:4	{"metric": {"dev": {"eval_F1_score": 0.4046610169001981}}, "step": 4}
Step:4	{"metric": {"dev": {"eval_Precision": 0.47630922693254957}}, "step": 4}
Step:4	{"metric": {"dev": {"eval_Recall": 0.35174953959477867}}, "step": 4}
Step:4	{"metric": {"dev": {"eval_Metric_time": 0.0629887580871582}}, "step": 4}
Step:4	{"metric": {"dev": {"eval_runtime": 2.0792}}, "step": 4}
Step:4	{"metric": {"dev": {"eval_samples_per_second": 529.054}}, "step": 4}
Step:4	{"metric": {"dev": {"eval_steps_per_second": 8.657}}, "step": 4}
Step:4	{"metric": {"dev": {"epoch": 4.28}}, "step": 4}
Step:4	{"metric": {"dev": {"eval_loss": 0.8531659245491028}}, "step": 4}
Step:4	{"metric": {"dev": {"eval_F1_score": 0.4424778760581234}}, "step": 4}
Step:4	{"metric": {"dev": {"eval_Precision": 0.5540166204984616}}, "step": 4}
Step:4	{"metric": {"dev": {"eval_Recall": 0.3683241252301347}}, "step": 4}
Step:4	{"metric": {"dev": {"eval_Metric_time": 0.06300663948059082}}, "step": 4}
Step:4	{"metric": {"dev": {"eval_runtime": 2.0485}}, "step": 4}
Step:4	{"metric": {"dev": {"eval_samples_per_second": 536.98}}, "step": 4}
Step:4	{"metric": {"dev": {"eval_steps_per_second": 8.787}}, "step": 4}
Step:4	{"metric": {"dev": {"epoch": 4.5}}, "step": 4}
Step:4	{"metric": {"dev": {"eval_loss": 0.8507002592086792}}, "step": 4}
Step:4	{"metric": {"dev": {"eval_F1_score": 0.4651661307122309}}, "step": 4}
Step:4	{"metric": {"dev": {"eval_Precision": 0.5564102564101138}}, "step": 4}
Step:4	{"metric": {"dev": {"eval_Recall": 0.39963167587469617}}, "step": 4}
Step:4	{"metric": {"dev": {"eval_Metric_time": 0.06553816795349121}}, "step": 4}
Step:4	{"metric": {"dev": {"eval_runtime": 2.0611}}, "step": 4}
Step:4	{"metric": {"dev": {"eval_samples_per_second": 533.693}}, "step": 4}
Step:4	{"metric": {"dev": {"eval_steps_per_second": 8.733}}, "step": 4}
Step:4	{"metric": {"dev": {"epoch": 4.73}}, "step": 4}
Step:4	{"metric": {"dev": {"eval_loss": 0.8518269658088684}}, "step": 4}
Step:4	{"metric": {"dev": {"eval_F1_score": 0.46025104597593286}}, "step": 4}
Step:4	{"metric": {"dev": {"eval_Precision": 0.5326876513315901}}, "step": 4}
Step:4	{"metric": {"dev": {"eval_Recall": 0.4051565377531482}}, "step": 4}
Step:4	{"metric": {"dev": {"eval_Metric_time": 0.06418728828430176}}, "step": 4}
Step:4	{"metric": {"dev": {"eval_runtime": 2.0805}}, "step": 4}
Step:4	{"metric": {"dev": {"eval_samples_per_second": 528.71}}, "step": 4}
Step:4	{"metric": {"dev": {"eval_steps_per_second": 8.652}}, "step": 4}
Step:4	{"metric": {"dev": {"epoch": 4.95}}, "step": 4}
Step:5	{"metric": {"dev": {"eval_loss": 0.8509849309921265}}, "step": 5}
Step:5	{"metric": {"dev": {"eval_F1_score": 0.45993756498717064}}, "step": 5}
Step:5	{"metric": {"dev": {"eval_Precision": 0.5287081339711655}}, "step": 5}
Step:5	{"metric": {"dev": {"eval_Recall": 0.40699815837929887}}, "step": 5}
Step:5	{"metric": {"dev": {"eval_Metric_time": 0.06428217887878418}}, "step": 5}
Step:5	{"metric": {"dev": {"eval_runtime": 2.0793}}, "step": 5}
Step:5	{"metric": {"dev": {"eval_samples_per_second": 529.026}}, "step": 5}
Step:5	{"metric": {"dev": {"eval_steps_per_second": 8.657}}, "step": 5}
Step:5	{"metric": {"dev": {"epoch": 5.18}}, "step": 5}
Step:5	{"metric": {"dev": {"eval_loss": 0.8526598215103149}}, "step": 5}
Step:5	{"metric": {"dev": {"eval_F1_score": 0.46928499491509734}}, "step": 5}
Step:5	{"metric": {"dev": {"eval_Precision": 0.5177777777776628}}, "step": 5}
Step:5	{"metric": {"dev": {"eval_Recall": 0.42909760589310697}}, "step": 5}
Step:5	{"metric": {"dev": {"eval_Metric_time": 0.06395244598388672}}, "step": 5}
Step:5	{"metric": {"dev": {"eval_runtime": 2.0314}}, "step": 5}
Step:5	{"metric": {"dev": {"eval_samples_per_second": 541.496}}, "step": 5}
Step:5	{"metric": {"dev": {"eval_steps_per_second": 8.861}}, "step": 5}
Step:5	{"metric": {"dev": {"epoch": 5.4}}, "step": 5}
Step:5	{"metric": {"dev": {"eval_loss": 0.8494435548782349}}, "step": 5}
Step:5	{"metric": {"dev": {"eval_F1_score": 0.4804928130922462}}, "step": 5}
Step:5	{"metric": {"dev": {"eval_Precision": 0.542923433874584}}, "step": 5}
Step:5	{"metric": {"dev": {"eval_Recall": 0.43093922651925765}}, "step": 5}
Step:5	{"metric": {"dev": {"eval_Metric_time": 0.06400561332702637}}, "step": 5}
Step:5	{"metric": {"dev": {"eval_runtime": 2.0197}}, "step": 5}
Step:5	{"metric": {"dev": {"eval_samples_per_second": 544.628}}, "step": 5}
Step:5	{"metric": {"dev": {"eval_steps_per_second": 8.912}}, "step": 5}
Step:5	{"metric": {"dev": {"epoch": 5.63}}, "step": 5}
Step:5	{"metric": {"dev": {"eval_loss": 0.8489777445793152}}, "step": 5}
Step:5	{"metric": {"dev": {"eval_F1_score": 0.48440748435821446}}, "step": 5}
Step:5	{"metric": {"dev": {"eval_Precision": 0.5560859188542826}}, "step": 5}
Step:5	{"metric": {"dev": {"eval_Recall": 0.42909760589310697}}, "step": 5}
Step:5	{"metric": {"dev": {"eval_Metric_time": 0.06337690353393555}}, "step": 5}
Step:5	{"metric": {"dev": {"eval_runtime": 2.0521}}, "step": 5}
Step:5	{"metric": {"dev": {"eval_samples_per_second": 536.036}}, "step": 5}
Step:5	{"metric": {"dev": {"eval_steps_per_second": 8.771}}, "step": 5}
Step:5	{"metric": {"dev": {"epoch": 5.85}}, "step": 5}
Step:6	{"metric": {"dev": {"eval_loss": 0.8509083390235901}}, "step": 6}
Step:6	{"metric": {"dev": {"eval_F1_score": 0.4822695034965046}}, "step": 6}
Step:6	{"metric": {"dev": {"eval_Precision": 0.5360360360359153}}, "step": 6}
Step:6	{"metric": {"dev": {"eval_Recall": 0.4383057090238603}}, "step": 6}
Step:6	{"metric": {"dev": {"eval_Metric_time": 0.06406760215759277}}, "step": 6}
Step:6	{"metric": {"dev": {"eval_runtime": 2.0641}}, "step": 6}
Step:6	{"metric": {"dev": {"eval_samples_per_second": 532.912}}, "step": 6}
Step:6	{"metric": {"dev": {"eval_steps_per_second": 8.72}}, "step": 6}
Step:6	{"metric": {"dev": {"epoch": 6.08}}, "step": 6}
Step:6	{"metric": {"dev": {"eval_loss": 0.8474634885787964}}, "step": 6}
Step:6	{"metric": {"dev": {"eval_F1_score": 0.49331962996085044}}, "step": 6}
Step:6	{"metric": {"dev": {"eval_Precision": 0.5581395348835911}}, "step": 6}
Step:6	{"metric": {"dev": {"eval_Recall": 0.44198895027616164}}, "step": 6}
Step:6	{"metric": {"dev": {"eval_Metric_time": 0.0637824535369873}}, "step": 6}
Step:6	{"metric": {"dev": {"eval_runtime": 2.0914}}, "step": 6}
Step:6	{"metric": {"dev": {"eval_samples_per_second": 525.959}}, "step": 6}
Step:6	{"metric": {"dev": {"eval_steps_per_second": 8.607}}, "step": 6}
Step:6	{"metric": {"dev": {"epoch": 6.3}}, "step": 6}
Step:6	{"metric": {"dev": {"eval_loss": 0.8519181609153748}}, "step": 6}
Step:6	{"metric": {"dev": {"eval_F1_score": 0.4730538921658257}}, "step": 6}
Step:6	{"metric": {"dev": {"eval_Precision": 0.5163398692809332}}, "step": 6}
Step:6	{"metric": {"dev": {"eval_Recall": 0.4364640883977096}}, "step": 6}
Step:6	{"metric": {"dev": {"eval_Metric_time": 0.06429886817932129}}, "step": 6}
Step:6	{"metric": {"dev": {"eval_runtime": 2.0499}}, "step": 6}
Step:6	{"metric": {"dev": {"eval_samples_per_second": 536.621}}, "step": 6}
Step:6	{"metric": {"dev": {"eval_steps_per_second": 8.781}}, "step": 6}
Step:6	{"metric": {"dev": {"epoch": 6.53}}, "step": 6}
Step:6	{"metric": {"dev": {"eval_loss": 0.850045919418335}}, "step": 6}
Step:6	{"metric": {"dev": {"eval_F1_score": 0.4899598393077396}}, "step": 6}
Step:6	{"metric": {"dev": {"eval_Precision": 0.5386313465782475}}, "step": 6}
Step:6	{"metric": {"dev": {"eval_Recall": 0.44935543278076434}}, "step": 6}
Step:6	{"metric": {"dev": {"eval_Metric_time": 0.06350445747375488}}, "step": 6}
Step:6	{"metric": {"dev": {"eval_runtime": 2.0715}}, "step": 6}
Step:6	{"metric": {"dev": {"eval_samples_per_second": 531.014}}, "step": 6}
Step:6	{"metric": {"dev": {"eval_steps_per_second": 8.689}}, "step": 6}
Step:6	{"metric": {"dev": {"epoch": 6.76}}, "step": 6}
Step:6	{"metric": {"dev": {"eval_loss": 0.8472831845283508}}, "step": 6}
Step:6	{"metric": {"dev": {"eval_F1_score": 0.5030060119743361}}, "step": 6}
Step:6	{"metric": {"dev": {"eval_Precision": 0.5516483516482305}}, "step": 6}
Step:6	{"metric": {"dev": {"eval_Recall": 0.46224677716381907}}, "step": 6}
Step:6	{"metric": {"dev": {"eval_Metric_time": 0.06433629989624023}}, "step": 6}
Step:6	{"metric": {"dev": {"eval_runtime": 2.033}}, "step": 6}
Step:6	{"metric": {"dev": {"eval_samples_per_second": 541.073}}, "step": 6}
Step:6	{"metric": {"dev": {"eval_steps_per_second": 8.854}}, "step": 6}
Step:6	{"metric": {"dev": {"epoch": 6.98}}, "step": 6}
Step:7	{"metric": {"dev": {"eval_loss": 0.84708172082901}}, "step": 7}
Step:7	{"metric": {"dev": {"eval_F1_score": 0.5096446700011835}}, "step": 7}
Step:7	{"metric": {"dev": {"eval_Precision": 0.5678733031672923}}, "step": 7}
Step:7	{"metric": {"dev": {"eval_Recall": 0.46224677716381907}}, "step": 7}
Step:7	{"metric": {"dev": {"eval_Metric_time": 0.06289315223693848}}, "step": 7}
Step:7	{"metric": {"dev": {"eval_runtime": 2.0549}}, "step": 7}
Step:7	{"metric": {"dev": {"eval_samples_per_second": 535.318}}, "step": 7}
Step:7	{"metric": {"dev": {"eval_steps_per_second": 8.76}}, "step": 7}
Step:7	{"metric": {"dev": {"epoch": 7.21}}, "step": 7}
Step:7	{"metric": {"dev": {"eval_loss": 0.8488362431526184}}, "step": 7}
Step:7	{"metric": {"dev": {"eval_F1_score": 0.5039840636952531}}, "step": 7}
Step:7	{"metric": {"dev": {"eval_Precision": 0.5488069414315513}}, "step": 7}
Step:7	{"metric": {"dev": {"eval_Recall": 0.4659300184161204}}, "step": 7}
Step:7	{"metric": {"dev": {"eval_Metric_time": 0.06394648551940918}}, "step": 7}
Step:7	{"metric": {"dev": {"eval_runtime": 2.0737}}, "step": 7}
Step:7	{"metric": {"dev": {"eval_samples_per_second": 530.447}}, "step": 7}
Step:7	{"metric": {"dev": {"eval_steps_per_second": 8.68}}, "step": 7}
Step:7	{"metric": {"dev": {"epoch": 7.43}}, "step": 7}
Step:7	{"metric": {"dev": {"eval_loss": 0.8491700887680054}}, "step": 7}
Step:7	{"metric": {"dev": {"eval_F1_score": 0.4980079680777243}}, "step": 7}
Step:7	{"metric": {"dev": {"eval_Precision": 0.5422993492406633}}, "step": 7}
Step:7	{"metric": {"dev": {"eval_Recall": 0.4604051565376684}}, "step": 7}
Step:7	{"metric": {"dev": {"eval_Metric_time": 0.06282353401184082}}, "step": 7}
Step:7	{"metric": {"dev": {"eval_runtime": 2.0586}}, "step": 7}
Step:7	{"metric": {"dev": {"eval_samples_per_second": 534.344}}, "step": 7}
Step:7	{"metric": {"dev": {"eval_steps_per_second": 8.744}}, "step": 7}
Step:7	{"metric": {"dev": {"epoch": 7.66}}, "step": 7}
Step:7	{"metric": {"dev": {"eval_loss": 0.8484218120574951}}, "step": 7}
Step:7	{"metric": {"dev": {"eval_F1_score": 0.5101626015764498}}, "step": 7}
Step:7	{"metric": {"dev": {"eval_Precision": 0.5691609977322972}}, "step": 7}
Step:7	{"metric": {"dev": {"eval_Recall": 0.46224677716381907}}, "step": 7}
Step:7	{"metric": {"dev": {"eval_Metric_time": 0.06327939033508301}}, "step": 7}
Step:7	{"metric": {"dev": {"eval_runtime": 2.0419}}, "step": 7}
Step:7	{"metric": {"dev": {"eval_samples_per_second": 538.712}}, "step": 7}
Step:7	{"metric": {"dev": {"eval_steps_per_second": 8.815}}, "step": 7}
Step:7	{"metric": {"dev": {"epoch": 7.88}}, "step": 7}
Step:8	{"metric": {"dev": {"eval_loss": 0.8493505716323853}}, "step": 8}
Step:8	{"metric": {"dev": {"eval_F1_score": 0.5129224651589617}}, "step": 8}
Step:8	{"metric": {"dev": {"eval_Precision": 0.5572354211661864}}, "step": 8}
Step:8	{"metric": {"dev": {"eval_Recall": 0.4751381215468738}}, "step": 8}
Step:8	{"metric": {"dev": {"eval_Metric_time": 0.06421780586242676}}, "step": 8}
Step:8	{"metric": {"dev": {"eval_runtime": 2.0532}}, "step": 8}
Step:8	{"metric": {"dev": {"eval_samples_per_second": 535.757}}, "step": 8}
Step:8	{"metric": {"dev": {"eval_steps_per_second": 8.767}}, "step": 8}
Step:8	{"metric": {"dev": {"epoch": 8.11}}, "step": 8}
Step:8	{"metric": {"dev": {"eval_loss": 0.8477120399475098}}, "step": 8}
Step:8	{"metric": {"dev": {"eval_F1_score": 0.5225409835570853}}, "step": 8}
Step:8	{"metric": {"dev": {"eval_Precision": 0.5889145496534437}}, "step": 8}
Step:8	{"metric": {"dev": {"eval_Recall": 0.46961325966842177}}, "step": 8}
Step:8	{"metric": {"dev": {"eval_Metric_time": 0.06328177452087402}}, "step": 8}
Step:8	{"metric": {"dev": {"eval_runtime": 2.0372}}, "step": 8}
Step:8	{"metric": {"dev": {"eval_samples_per_second": 539.968}}, "step": 8}
Step:8	{"metric": {"dev": {"eval_steps_per_second": 8.836}}, "step": 8}
Step:8	{"metric": {"dev": {"epoch": 8.33}}, "step": 8}
Step:8	{"metric": {"dev": {"eval_loss": 0.8502031564712524}}, "step": 8}
Step:8	{"metric": {"dev": {"eval_F1_score": 0.49243188693320566}}, "step": 8}
Step:8	{"metric": {"dev": {"eval_Precision": 0.5446428571427356}}, "step": 8}
Step:8	{"metric": {"dev": {"eval_Recall": 0.44935543278076434}}, "step": 8}
Step:8	{"metric": {"dev": {"eval_Metric_time": 0.06311655044555664}}, "step": 8}
Step:8	{"metric": {"dev": {"eval_runtime": 2.0133}}, "step": 8}
Step:8	{"metric": {"dev": {"eval_samples_per_second": 546.366}}, "step": 8}
Step:8	{"metric": {"dev": {"eval_steps_per_second": 8.941}}, "step": 8}
Step:8	{"metric": {"dev": {"epoch": 8.56}}, "step": 8}
Step:8	{"metric": {"dev": {"eval_loss": 0.8508322238922119}}, "step": 8}
Step:8	{"metric": {"dev": {"eval_F1_score": 0.5084745762214274}}, "step": 8}
Step:8	{"metric": {"dev": {"eval_Precision": 0.554347826086836}}, "step": 8}
Step:8	{"metric": {"dev": {"eval_Recall": 0.46961325966842177}}, "step": 8}
Step:8	{"metric": {"dev": {"eval_Metric_time": 0.0642096996307373}}, "step": 8}
Step:8	{"metric": {"dev": {"eval_runtime": 2.068}}, "step": 8}
Step:8	{"metric": {"dev": {"eval_samples_per_second": 531.92}}, "step": 8}
Step:8	{"metric": {"dev": {"eval_steps_per_second": 8.704}}, "step": 8}
Step:8	{"metric": {"dev": {"epoch": 8.78}}, "step": 8}
Step:9	{"metric": {"dev": {"eval_loss": 0.8492993116378784}}, "step": 9}
Step:9	{"metric": {"dev": {"eval_F1_score": 0.5182186234321684}}, "step": 9}
Step:9	{"metric": {"dev": {"eval_Precision": 0.5752808988762752}}, "step": 9}
Step:9	{"metric": {"dev": {"eval_Recall": 0.47145488029457244}}, "step": 9}
Step:9	{"metric": {"dev": {"eval_Metric_time": 0.06357550621032715}}, "step": 9}
Step:9	{"metric": {"dev": {"eval_runtime": 2.0281}}, "step": 9}
Step:9	{"metric": {"dev": {"eval_samples_per_second": 542.379}}, "step": 9}
Step:9	{"metric": {"dev": {"eval_steps_per_second": 8.875}}, "step": 9}
Step:9	{"metric": {"dev": {"epoch": 9.01}}, "step": 9}
Step:9	{"metric": {"dev": {"eval_loss": 0.850493848323822}}, "step": 9}
Step:9	{"metric": {"dev": {"eval_F1_score": 0.5079681274402722}}, "step": 9}
Step:9	{"metric": {"dev": {"eval_Precision": 0.5531453362254766}}, "step": 9}
Step:9	{"metric": {"dev": {"eval_Recall": 0.46961325966842177}}, "step": 9}
Step:9	{"metric": {"dev": {"eval_Metric_time": 0.06382989883422852}}, "step": 9}
Step:9	{"metric": {"dev": {"eval_runtime": 2.0539}}, "step": 9}
Step:9	{"metric": {"dev": {"eval_samples_per_second": 535.575}}, "step": 9}
Step:9	{"metric": {"dev": {"eval_steps_per_second": 8.764}}, "step": 9}
Step:9	{"metric": {"dev": {"epoch": 9.23}}, "step": 9}
Step:9	{"metric": {"dev": {"eval_loss": 0.8494018912315369}}, "step": 9}
Step:9	{"metric": {"dev": {"eval_F1_score": 0.5064805582752663}}, "step": 9}
Step:9	{"metric": {"dev": {"eval_Precision": 0.5521739130433583}}, "step": 9}
Step:9	{"metric": {"dev": {"eval_Recall": 0.4677716390422711}}, "step": 9}
Step:9	{"metric": {"dev": {"eval_Metric_time": 0.06904172897338867}}, "step": 9}
Step:9	{"metric": {"dev": {"eval_runtime": 2.0369}}, "step": 9}
Step:9	{"metric": {"dev": {"eval_samples_per_second": 540.031}}, "step": 9}
Step:9	{"metric": {"dev": {"eval_steps_per_second": 8.837}}, "step": 9}
Step:9	{"metric": {"dev": {"epoch": 9.46}}, "step": 9}
Step:9	{"metric": {"dev": {"eval_loss": 0.8492075204849243}}, "step": 9}
Step:9	{"metric": {"dev": {"eval_F1_score": 0.5140562248499034}}, "step": 9}
Step:9	{"metric": {"dev": {"eval_Precision": 0.5651214128034072}}, "step": 9}
Step:9	{"metric": {"dev": {"eval_Recall": 0.47145488029457244}}, "step": 9}
Step:9	{"metric": {"dev": {"eval_Metric_time": 0.07981181144714355}}, "step": 9}
Step:9	{"metric": {"dev": {"eval_runtime": 2.135}}, "step": 9}
Step:9	{"metric": {"dev": {"eval_samples_per_second": 515.232}}, "step": 9}
Step:9	{"metric": {"dev": {"eval_steps_per_second": 8.431}}, "step": 9}
Step:9	{"metric": {"dev": {"epoch": 9.68}}, "step": 9}
Step:9	{"metric": {"dev": {"eval_loss": 0.8494464755058289}}, "step": 9}
Step:9	{"metric": {"dev": {"eval_F1_score": 0.5094905094407681}}, "step": 9}
Step:9	{"metric": {"dev": {"eval_Precision": 0.5567685589518435}}, "step": 9}
Step:9	{"metric": {"dev": {"eval_Recall": 0.46961325966842177}}, "step": 9}
Step:9	{"metric": {"dev": {"eval_Metric_time": 0.06319737434387207}}, "step": 9}
Step:9	{"metric": {"dev": {"eval_runtime": 2.114}}, "step": 9}
Step:9	{"metric": {"dev": {"eval_samples_per_second": 520.345}}, "step": 9}
Step:9	{"metric": {"dev": {"eval_steps_per_second": 8.515}}, "step": 9}
Step:9	{"metric": {"dev": {"epoch": 9.91}}, "step": 9}
