Step:0	{"metric": {"dev": {"eval_loss": 0.6931712627410889}}, "step": 0}
Step:0	{"metric": {"dev": {"eval_F1_score": 0.0}}, "step": 0}
Step:0	{"metric": {"dev": {"eval_Precision": 0.0}}, "step": 0}
Step:0	{"metric": {"dev": {"eval_Recall": 0.0}}, "step": 0}
Step:0	{"metric": {"dev": {"eval_Metric_time": 0.06623291969299316}}, "step": 0}
Step:0	{"metric": {"dev": {"eval_runtime": 1.2757}}, "step": 0}
Step:0	{"metric": {"dev": {"eval_samples_per_second": 862.265}}, "step": 0}
Step:0	{"metric": {"dev": {"eval_steps_per_second": 7.055}}, "step": 0}
Step:0	{"metric": {"dev": {"epoch": 0.45}}, "step": 0}
Step:0	{"metric": {"dev": {"eval_loss": 0.6931635141372681}}, "step": 0}
Step:0	{"metric": {"dev": {"eval_F1_score": 0.0}}, "step": 0}
Step:0	{"metric": {"dev": {"eval_Precision": 0.0}}, "step": 0}
Step:0	{"metric": {"dev": {"eval_Recall": 0.0}}, "step": 0}
Step:0	{"metric": {"dev": {"eval_Metric_time": 0.0860586166381836}}, "step": 0}
Step:0	{"metric": {"dev": {"eval_runtime": 1.2578}}, "step": 0}
Step:0	{"metric": {"dev": {"eval_samples_per_second": 874.56}}, "step": 0}
Step:0	{"metric": {"dev": {"eval_steps_per_second": 7.155}}, "step": 0}
Step:0	{"metric": {"dev": {"epoch": 0.9}}, "step": 0}
Step:1	{"metric": {"dev": {"eval_loss": 0.6931589841842651}}, "step": 1}
Step:1	{"metric": {"dev": {"eval_F1_score": 0.0}}, "step": 1}
Step:1	{"metric": {"dev": {"eval_Precision": 0.0}}, "step": 1}
Step:1	{"metric": {"dev": {"eval_Recall": 0.0}}, "step": 1}
Step:1	{"metric": {"dev": {"eval_Metric_time": 0.08547019958496094}}, "step": 1}
Step:1	{"metric": {"dev": {"eval_runtime": 1.2898}}, "step": 1}
Step:1	{"metric": {"dev": {"eval_samples_per_second": 852.814}}, "step": 1}
Step:1	{"metric": {"dev": {"eval_steps_per_second": 6.978}}, "step": 1}
Step:1	{"metric": {"dev": {"epoch": 1.35}}, "step": 1}
Step:1	{"metric": {"dev": {"eval_loss": 0.6931560635566711}}, "step": 1}
Step:1	{"metric": {"dev": {"eval_F1_score": 0.0}}, "step": 1}
Step:1	{"metric": {"dev": {"eval_Precision": 0.0}}, "step": 1}
Step:1	{"metric": {"dev": {"eval_Recall": 0.0}}, "step": 1}
Step:1	{"metric": {"dev": {"eval_Metric_time": 0.08542609214782715}}, "step": 1}
Step:1	{"metric": {"dev": {"eval_runtime": 1.2817}}, "step": 1}
Step:1	{"metric": {"dev": {"eval_samples_per_second": 858.229}}, "step": 1}
Step:1	{"metric": {"dev": {"eval_steps_per_second": 7.022}}, "step": 1}
Step:1	{"metric": {"dev": {"epoch": 1.8}}, "step": 1}
