Step:0	{"metric": {"dev": {"eval_loss": 0.2796708047389984}}, "step": 0}
Step:0	{"metric": {"dev": {"eval_F1_score": 0.0}}, "step": 0}
Step:0	{"metric": {"dev": {"eval_Precision": 0.0}}, "step": 0}
Step:0	{"metric": {"dev": {"eval_Recall": 0.0}}, "step": 0}
Step:0	{"metric": {"dev": {"eval_Metric_time": 0.0842747688293457}}, "step": 0}
Step:0	{"metric": {"dev": {"eval_runtime": 1.1269}}, "step": 0}
Step:0	{"metric": {"dev": {"eval_samples_per_second": 976.101}}, "step": 0}
Step:0	{"metric": {"dev": {"eval_steps_per_second": 7.986}}, "step": 0}
Step:0	{"metric": {"dev": {"epoch": 0.45}}, "step": 0}
Step:0	{"metric": {"dev": {"eval_loss": 0.1921004056930542}}, "step": 0}
Step:0	{"metric": {"dev": {"eval_F1_score": 0.01793721970036263}}, "step": 0}
Step:0	{"metric": {"dev": {"eval_Precision": 0.04761904761900983}}, "step": 0}
Step:0	{"metric": {"dev": {"eval_Recall": 0.011049723756904042}}, "step": 0}
Step:0	{"metric": {"dev": {"eval_Metric_time": 0.08440327644348145}}, "step": 0}
Step:0	{"metric": {"dev": {"eval_runtime": 1.1227}}, "step": 0}
Step:0	{"metric": {"dev": {"eval_samples_per_second": 979.811}}, "step": 0}
Step:0	{"metric": {"dev": {"eval_steps_per_second": 8.017}}, "step": 0}
Step:0	{"metric": {"dev": {"epoch": 0.9}}, "step": 0}
Step:1	{"metric": {"dev": {"eval_loss": 0.15103967487812042}}, "step": 1}
Step:1	{"metric": {"dev": {"eval_F1_score": 0.0599144079536525}}, "step": 1}
Step:1	{"metric": {"dev": {"eval_Precision": 0.13291139240497918}}, "step": 1}
Step:1	{"metric": {"dev": {"eval_Recall": 0.03867403314916414}}, "step": 1}
Step:1	{"metric": {"dev": {"eval_Metric_time": 0.08459615707397461}}, "step": 1}
Step:1	{"metric": {"dev": {"eval_runtime": 1.1207}}, "step": 1}
Step:1	{"metric": {"dev": {"eval_samples_per_second": 981.532}}, "step": 1}
Step:1	{"metric": {"dev": {"eval_steps_per_second": 8.031}}, "step": 1}
Step:1	{"metric": {"dev": {"epoch": 1.35}}, "step": 1}
Step:1	{"metric": {"dev": {"eval_loss": 0.1295078843832016}}, "step": 1}
Step:1	{"metric": {"dev": {"eval_F1_score": 0.07647058820309559}}, "step": 1}
Step:1	{"metric": {"dev": {"eval_Precision": 0.1897810218976717}}, "step": 1}
Step:1	{"metric": {"dev": {"eval_Recall": 0.04788213627991751}}, "step": 1}
Step:1	{"metric": {"dev": {"eval_Metric_time": 0.0842428207397461}}, "step": 1}
Step:1	{"metric": {"dev": {"eval_runtime": 1.1198}}, "step": 1}
Step:1	{"metric": {"dev": {"eval_samples_per_second": 982.285}}, "step": 1}
Step:1	{"metric": {"dev": {"eval_steps_per_second": 8.037}}, "step": 1}
Step:1	{"metric": {"dev": {"epoch": 1.8}}, "step": 1}
Step:2	{"metric": {"dev": {"eval_loss": 0.12136832624673843}}, "step": 2}
Step:2	{"metric": {"dev": {"eval_F1_score": 0.10057471260934858}}, "step": 2}
Step:2	{"metric": {"dev": {"eval_Precision": 0.22875816993449102}}, "step": 2}
Step:2	{"metric": {"dev": {"eval_Recall": 0.06445672191527357}}, "step": 2}
Step:2	{"metric": {"dev": {"eval_Metric_time": 0.08552670478820801}}, "step": 2}
Step:2	{"metric": {"dev": {"eval_runtime": 1.1234}}, "step": 2}
Step:2	{"metric": {"dev": {"eval_samples_per_second": 979.19}}, "step": 2}
Step:2	{"metric": {"dev": {"eval_steps_per_second": 8.012}}, "step": 2}
Step:2	{"metric": {"dev": {"epoch": 2.25}}, "step": 2}
Step:2	{"metric": {"dev": {"eval_loss": 0.11627041548490524}}, "step": 2}
Step:2	{"metric": {"dev": {"eval_F1_score": 0.11586206892788202}}, "step": 2}
Step:2	{"metric": {"dev": {"eval_Precision": 0.230769230769104}}, "step": 2}
Step:2	{"metric": {"dev": {"eval_Recall": 0.07734806629832829}}, "step": 2}
Step:2	{"metric": {"dev": {"eval_Metric_time": 0.0736246109008789}}, "step": 2}
Step:2	{"metric": {"dev": {"eval_runtime": 1.1096}}, "step": 2}
Step:2	{"metric": {"dev": {"eval_samples_per_second": 991.311}}, "step": 2}
Step:2	{"metric": {"dev": {"eval_steps_per_second": 8.111}}, "step": 2}
Step:2	{"metric": {"dev": {"epoch": 2.7}}, "step": 2}
Step:3	{"metric": {"dev": {"eval_loss": 0.10937581956386566}}, "step": 3}
Step:3	{"metric": {"dev": {"eval_F1_score": 0.13012729840846174}}, "step": 3}
Step:3	{"metric": {"dev": {"eval_Precision": 0.2804878048778778}}, "step": 3}
Step:3	{"metric": {"dev": {"eval_Recall": 0.08471454880293099}}, "step": 3}
Step:3	{"metric": {"dev": {"eval_Metric_time": 0.08506989479064941}}, "step": 3}
Step:3	{"metric": {"dev": {"eval_runtime": 1.121}}, "step": 3}
Step:3	{"metric": {"dev": {"eval_samples_per_second": 981.235}}, "step": 3}
Step:3	{"metric": {"dev": {"eval_steps_per_second": 8.028}}, "step": 3}
Step:3	{"metric": {"dev": {"epoch": 3.15}}, "step": 3}
Step:3	{"metric": {"dev": {"eval_loss": 0.11004626750946045}}, "step": 3}
Step:3	{"metric": {"dev": {"eval_F1_score": 0.13407821225381736}}, "step": 3}
Step:3	{"metric": {"dev": {"eval_Precision": 0.2774566473986836}}, "step": 3}
Step:3	{"metric": {"dev": {"eval_Recall": 0.08839779005523234}}, "step": 3}
Step:3	{"metric": {"dev": {"eval_Metric_time": 0.08446741104125977}}, "step": 3}
Step:3	{"metric": {"dev": {"eval_runtime": 1.1192}}, "step": 3}
Step:3	{"metric": {"dev": {"eval_samples_per_second": 982.812}}, "step": 3}
Step:3	{"metric": {"dev": {"eval_steps_per_second": 8.041}}, "step": 3}
Step:3	{"metric": {"dev": {"epoch": 3.6}}, "step": 3}
Step:4	{"metric": {"dev": {"eval_loss": 0.10395870357751846}}, "step": 4}
Step:4	{"metric": {"dev": {"eval_F1_score": 0.14722222218510145}}, "step": 4}
Step:4	{"metric": {"dev": {"eval_Precision": 0.29943502824841844}}, "step": 4}
Step:4	{"metric": {"dev": {"eval_Recall": 0.0976058931859857}}, "step": 4}
Step:4	{"metric": {"dev": {"eval_Metric_time": 0.08092665672302246}}, "step": 4}
Step:4	{"metric": {"dev": {"eval_runtime": 1.1271}}, "step": 4}
Step:4	{"metric": {"dev": {"eval_samples_per_second": 975.929}}, "step": 4}
Step:4	{"metric": {"dev": {"eval_steps_per_second": 7.985}}, "step": 4}
Step:4	{"metric": {"dev": {"epoch": 4.05}}, "step": 4}
Step:4	{"metric": {"dev": {"eval_loss": 0.10091768950223923}}, "step": 4}
Step:4	{"metric": {"dev": {"eval_F1_score": 0.18257261407043726}}, "step": 4}
Step:4	{"metric": {"dev": {"eval_Precision": 0.36666666666646297}}, "step": 4}
Step:4	{"metric": {"dev": {"eval_Recall": 0.12154696132594446}}, "step": 4}
Step:4	{"metric": {"dev": {"eval_Metric_time": 0.09089827537536621}}, "step": 4}
Step:4	{"metric": {"dev": {"eval_runtime": 1.1379}}, "step": 4}
Step:4	{"metric": {"dev": {"eval_samples_per_second": 966.656}}, "step": 4}
Step:4	{"metric": {"dev": {"eval_steps_per_second": 7.909}}, "step": 4}
Step:4	{"metric": {"dev": {"epoch": 4.5}}, "step": 4}
Step:4	{"metric": {"dev": {"eval_loss": 0.10095004737377167}}, "step": 4}
Step:4	{"metric": {"dev": {"eval_F1_score": 0.1956521738742974}}, "step": 4}
Step:4	{"metric": {"dev": {"eval_Precision": 0.37305699481845955}}, "step": 4}
Step:4	{"metric": {"dev": {"eval_Recall": 0.1325966850828485}}, "step": 4}
Step:4	{"metric": {"dev": {"eval_Metric_time": 0.09233903884887695}}, "step": 4}
Step:4	{"metric": {"dev": {"eval_runtime": 1.1535}}, "step": 4}
Step:4	{"metric": {"dev": {"eval_samples_per_second": 953.608}}, "step": 4}
Step:4	{"metric": {"dev": {"eval_steps_per_second": 7.802}}, "step": 4}
Step:4	{"metric": {"dev": {"epoch": 4.95}}, "step": 4}
Step:5	{"metric": {"dev": {"eval_loss": 0.09821609407663345}}, "step": 5}
Step:5	{"metric": {"dev": {"eval_F1_score": 0.2146596858226998}}, "step": 5}
Step:5	{"metric": {"dev": {"eval_Precision": 0.3710407239817326}}, "step": 5}
Step:5	{"metric": {"dev": {"eval_Recall": 0.15101289134435522}}, "step": 5}
Step:5	{"metric": {"dev": {"eval_Metric_time": 0.07691764831542969}}, "step": 5}
Step:5	{"metric": {"dev": {"eval_runtime": 1.1236}}, "step": 5}
Step:5	{"metric": {"dev": {"eval_samples_per_second": 978.959}}, "step": 5}
Step:5	{"metric": {"dev": {"eval_steps_per_second": 8.01}}, "step": 5}
Step:5	{"metric": {"dev": {"epoch": 5.4}}, "step": 5}
Step:5	{"metric": {"dev": {"eval_loss": 0.09595692157745361}}, "step": 5}
Step:5	{"metric": {"dev": {"eval_F1_score": 0.2028241334622064}}, "step": 5}
Step:5	{"metric": {"dev": {"eval_Precision": 0.33474576271172257}}, "step": 5}
Step:5	{"metric": {"dev": {"eval_Recall": 0.14548802946590322}}, "step": 5}
Step:5	{"metric": {"dev": {"eval_Metric_time": 0.08508825302124023}}, "step": 5}
Step:5	{"metric": {"dev": {"eval_runtime": 1.1218}}, "step": 5}
Step:5	{"metric": {"dev": {"eval_samples_per_second": 980.582}}, "step": 5}
Step:5	{"metric": {"dev": {"eval_steps_per_second": 8.023}}, "step": 5}
Step:5	{"metric": {"dev": {"epoch": 5.85}}, "step": 5}
Step:6	{"metric": {"dev": {"eval_loss": 0.0950305163860321}}, "step": 6}
Step:6	{"metric": {"dev": {"eval_F1_score": 0.21799746510278364}}, "step": 6}
Step:6	{"metric": {"dev": {"eval_Precision": 0.34959349593481726}}, "step": 6}
Step:6	{"metric": {"dev": {"eval_Recall": 0.15837937384895792}}, "step": 6}
Step:6	{"metric": {"dev": {"eval_Metric_time": 0.08524179458618164}}, "step": 6}
Step:6	{"metric": {"dev": {"eval_runtime": 1.1191}}, "step": 6}
Step:6	{"metric": {"dev": {"eval_samples_per_second": 982.921}}, "step": 6}
Step:6	{"metric": {"dev": {"eval_steps_per_second": 8.042}}, "step": 6}
Step:6	{"metric": {"dev": {"epoch": 6.3}}, "step": 6}
Step:6	{"metric": {"dev": {"eval_loss": 0.0947158932685852}}, "step": 6}
Step:6	{"metric": {"dev": {"eval_F1_score": 0.22660098517731225}}, "step": 6}
Step:6	{"metric": {"dev": {"eval_Precision": 0.3420074349441108}}, "step": 6}
Step:6	{"metric": {"dev": {"eval_Recall": 0.16942909760586197}}, "step": 6}
Step:6	{"metric": {"dev": {"eval_Metric_time": 0.08479070663452148}}, "step": 6}
Step:6	{"metric": {"dev": {"eval_runtime": 1.1233}}, "step": 6}
Step:6	{"metric": {"dev": {"eval_samples_per_second": 979.275}}, "step": 6}
Step:6	{"metric": {"dev": {"eval_steps_per_second": 8.012}}, "step": 6}
Step:6	{"metric": {"dev": {"epoch": 6.75}}, "step": 6}
