Step:0	{"metric": {"dev": {"eval_loss": 0.17004069685935974}}, "step": 0}
Step:0	{"metric": {"dev": {"eval_F1_score": 0.05731523375596549}}, "step": 0}
Step:0	{"metric": {"dev": {"eval_Precision": 0.15702479338829997}}, "step": 0}
Step:0	{"metric": {"dev": {"eval_Recall": 0.035055350553499065}}, "step": 0}
Step:0	{"metric": {"dev": {"eval_Metric_time": 3.200821876525879}}, "step": 0}
Step:0	{"metric": {"dev": {"eval_runtime": 7.8451}}, "step": 0}
Step:0	{"metric": {"dev": {"eval_samples_per_second": 140.216}}, "step": 0}
Step:0	{"metric": {"dev": {"eval_steps_per_second": 1.147}}, "step": 0}
Step:0	{"metric": {"dev": {"epoch": 1.0}}, "step": 0}
Step:1	{"metric": {"dev": {"eval_loss": 0.11745797097682953}}, "step": 1}
Step:1	{"metric": {"dev": {"eval_F1_score": 0.09711684367334605}}, "step": 1}
Step:1	{"metric": {"dev": {"eval_Precision": 0.2735042735040397}}, "step": 1}
Step:1	{"metric": {"dev": {"eval_Recall": 0.05904059040589316}}, "step": 1}
Step:1	{"metric": {"dev": {"eval_Metric_time": 3.134737253189087}}, "step": 1}
Step:1	{"metric": {"dev": {"eval_runtime": 4.2105}}, "step": 1}
Step:1	{"metric": {"dev": {"eval_samples_per_second": 261.251}}, "step": 1}
Step:1	{"metric": {"dev": {"eval_steps_per_second": 2.138}}, "step": 1}
Step:1	{"metric": {"dev": {"epoch": 2.0}}, "step": 1}
Step:2	{"metric": {"dev": {"eval_loss": 0.10163331776857376}}, "step": 2}
Step:2	{"metric": {"dev": {"eval_F1_score": 0.191891891852645}}, "step": 2}
Step:2	{"metric": {"dev": {"eval_Precision": 0.3585858585856775}}, "step": 2}
Step:2	{"metric": {"dev": {"eval_Recall": 0.13099630996307546}}, "step": 2}
Step:2	{"metric": {"dev": {"eval_Metric_time": 3.165599822998047}}, "step": 2}
Step:2	{"metric": {"dev": {"eval_runtime": 4.2462}}, "step": 2}
Step:2	{"metric": {"dev": {"eval_samples_per_second": 259.052}}, "step": 2}
Step:2	{"metric": {"dev": {"eval_steps_per_second": 2.12}}, "step": 2}
Step:2	{"metric": {"dev": {"epoch": 3.0}}, "step": 2}
Step:3	{"metric": {"dev": {"eval_loss": 0.0881204828619957}}, "step": 3}
Step:3	{"metric": {"dev": {"eval_F1_score": 0.3022113021667291}}, "step": 3}
Step:3	{"metric": {"dev": {"eval_Precision": 0.4522058823527749}}, "step": 3}
Step:3	{"metric": {"dev": {"eval_Recall": 0.22693726937265185}}, "step": 3}
Step:3	{"metric": {"dev": {"eval_Metric_time": 3.1459550857543945}}, "step": 3}
Step:3	{"metric": {"dev": {"eval_runtime": 4.2341}}, "step": 3}
Step:3	{"metric": {"dev": {"eval_samples_per_second": 259.798}}, "step": 3}
Step:3	{"metric": {"dev": {"eval_steps_per_second": 2.126}}, "step": 3}
Step:3	{"metric": {"dev": {"epoch": 4.0}}, "step": 3}
Step:4	{"metric": {"dev": {"eval_loss": 0.08101767301559448}}, "step": 4}
Step:4	{"metric": {"dev": {"eval_F1_score": 0.34645669286571357}}, "step": 4}
Step:4	{"metric": {"dev": {"eval_Precision": 0.4438040345820047}}, "step": 4}
Step:4	{"metric": {"dev": {"eval_Recall": 0.28413284132836086}}, "step": 4}
Step:4	{"metric": {"dev": {"eval_Metric_time": 3.1233742237091064}}, "step": 4}
Step:4	{"metric": {"dev": {"eval_runtime": 4.2021}}, "step": 4}
Step:4	{"metric": {"dev": {"eval_samples_per_second": 261.775}}, "step": 4}
Step:4	{"metric": {"dev": {"eval_steps_per_second": 2.142}}, "step": 4}
Step:4	{"metric": {"dev": {"epoch": 5.0}}, "step": 4}
Step:5	{"metric": {"dev": {"eval_loss": 0.0768093466758728}}, "step": 5}
Step:5	{"metric": {"dev": {"eval_F1_score": 0.37860962561963796}}, "step": 5}
Step:5	{"metric": {"dev": {"eval_Precision": 0.4503816793891984}}, "step": 5}
Step:5	{"metric": {"dev": {"eval_Recall": 0.32656826568259656}}, "step": 5}
Step:5	{"metric": {"dev": {"eval_Metric_time": 3.1396472454071045}}, "step": 5}
Step:5	{"metric": {"dev": {"eval_runtime": 4.2212}}, "step": 5}
Step:5	{"metric": {"dev": {"eval_samples_per_second": 260.591}}, "step": 5}
Step:5	{"metric": {"dev": {"eval_steps_per_second": 2.132}}, "step": 5}
Step:5	{"metric": {"dev": {"epoch": 6.0}}, "step": 5}
Step:6	{"metric": {"dev": {"eval_loss": 0.07380996644496918}}, "step": 6}
Step:6	{"metric": {"dev": {"eval_F1_score": 0.4207253885517094}}, "step": 6}
Step:6	{"metric": {"dev": {"eval_Precision": 0.4799054373521324}}, "step": 6}
Step:6	{"metric": {"dev": {"eval_Recall": 0.37453874538738474}}, "step": 6}
Step:6	{"metric": {"dev": {"eval_Metric_time": 3.1362810134887695}}, "step": 6}
Step:6	{"metric": {"dev": {"eval_runtime": 4.2153}}, "step": 6}
Step:6	{"metric": {"dev": {"eval_samples_per_second": 260.957}}, "step": 6}
Step:6	{"metric": {"dev": {"eval_steps_per_second": 2.135}}, "step": 6}
Step:6	{"metric": {"dev": {"epoch": 7.0}}, "step": 6}
Step:7	{"metric": {"dev": {"eval_loss": 0.0721726268529892}}, "step": 7}
Step:7	{"metric": {"dev": {"eval_F1_score": 0.40663900410006804}}, "step": 7}
Step:7	{"metric": {"dev": {"eval_Precision": 0.4644549763032075}}, "step": 7}
Step:7	{"metric": {"dev": {"eval_Recall": 0.3616236162360956}}, "step": 7}
Step:7	{"metric": {"dev": {"eval_Metric_time": 3.1458182334899902}}, "step": 7}
Step:7	{"metric": {"dev": {"eval_runtime": 4.2296}}, "step": 7}
Step:7	{"metric": {"dev": {"eval_samples_per_second": 260.072}}, "step": 7}
Step:7	{"metric": {"dev": {"eval_steps_per_second": 2.128}}, "step": 7}
Step:7	{"metric": {"dev": {"epoch": 8.0}}, "step": 7}
Step:8	{"metric": {"dev": {"eval_loss": 0.07072488963603973}}, "step": 8}
Step:8	{"metric": {"dev": {"eval_F1_score": 0.4142857142361928}}, "step": 8}
Step:8	{"metric": {"dev": {"eval_Precision": 0.4634703196345974}}, "step": 8}
Step:8	{"metric": {"dev": {"eval_Recall": 0.37453874538738474}}, "step": 8}
Step:8	{"metric": {"dev": {"eval_Metric_time": 3.149669647216797}}, "step": 8}
Step:8	{"metric": {"dev": {"eval_runtime": 4.2378}}, "step": 8}
Step:8	{"metric": {"dev": {"eval_samples_per_second": 259.569}}, "step": 8}
Step:8	{"metric": {"dev": {"eval_steps_per_second": 2.124}}, "step": 8}
Step:8	{"metric": {"dev": {"epoch": 9.0}}, "step": 8}
Step:9	{"metric": {"dev": {"eval_loss": 0.0710606649518013}}, "step": 9}
Step:9	{"metric": {"dev": {"eval_F1_score": 0.4304568527422959}}, "step": 9}
Step:9	{"metric": {"dev": {"eval_Precision": 0.4785553047402983}}, "step": 9}
Step:9	{"metric": {"dev": {"eval_Recall": 0.3911439114390422}}, "step": 9}
Step:9	{"metric": {"dev": {"eval_Metric_time": 3.1466562747955322}}, "step": 9}
Step:9	{"metric": {"dev": {"eval_runtime": 4.232}}, "step": 9}
Step:9	{"metric": {"dev": {"eval_samples_per_second": 259.924}}, "step": 9}
Step:9	{"metric": {"dev": {"eval_steps_per_second": 2.127}}, "step": 9}
Step:9	{"metric": {"dev": {"epoch": 10.0}}, "step": 9}
