Step:0	{"metric": {"dev": {"eval_loss": 0.20786412060260773}}, "step": 0}
Step:0	{"metric": {"dev": {"eval_F1_score": 0.03464566926632624}}, "step": 0}
Step:0	{"metric": {"dev": {"eval_Precision": 0.11827956989234593}}, "step": 0}
Step:0	{"metric": {"dev": {"eval_Recall": 0.020295202952025772}}, "step": 0}
Step:0	{"metric": {"dev": {"eval_Metric_time": 0.11909079551696777}}, "step": 0}
Step:0	{"metric": {"dev": {"eval_runtime": 1.6899}}, "step": 0}
Step:0	{"metric": {"dev": {"eval_samples_per_second": 650.908}}, "step": 0}
Step:0	{"metric": {"dev": {"eval_steps_per_second": 5.326}}, "step": 0}
Step:0	{"metric": {"dev": {"epoch": 0.9}}, "step": 0}
Step:1	{"metric": {"dev": {"eval_loss": 0.12894590198993683}}, "step": 1}
Step:1	{"metric": {"dev": {"eval_F1_score": 0.0829493087278548}}, "step": 1}
Step:1	{"metric": {"dev": {"eval_Precision": 0.24770642201812137}}, "step": 1}
Step:1	{"metric": {"dev": {"eval_Recall": 0.049815498154972354}}, "step": 1}
Step:1	{"metric": {"dev": {"eval_Metric_time": 0.08473706245422363}}, "step": 1}
Step:1	{"metric": {"dev": {"eval_runtime": 1.1276}}, "step": 1}
Step:1	{"metric": {"dev": {"eval_samples_per_second": 975.488}}, "step": 1}
Step:1	{"metric": {"dev": {"eval_steps_per_second": 7.981}}, "step": 1}
Step:1	{"metric": {"dev": {"epoch": 1.8}}, "step": 1}
Step:2	{"metric": {"dev": {"eval_loss": 0.11566337198019028}}, "step": 2}
Step:2	{"metric": {"dev": {"eval_F1_score": 0.14454664910483023}}, "step": 2}
Step:2	{"metric": {"dev": {"eval_Precision": 0.2511415525113009}}, "step": 2}
Step:2	{"metric": {"dev": {"eval_Recall": 0.10147601476012887}}, "step": 2}
Step:2	{"metric": {"dev": {"eval_Metric_time": 0.08514022827148438}}, "step": 2}
Step:2	{"metric": {"dev": {"eval_runtime": 1.1285}}, "step": 2}
Step:2	{"metric": {"dev": {"eval_samples_per_second": 974.716}}, "step": 2}
Step:2	{"metric": {"dev": {"eval_steps_per_second": 7.975}}, "step": 2}
Step:2	{"metric": {"dev": {"epoch": 2.7}}, "step": 2}
Step:3	{"metric": {"dev": {"eval_loss": 0.10177844762802124}}, "step": 3}
Step:3	{"metric": {"dev": {"eval_F1_score": 0.2255266418393542}}, "step": 3}
Step:3	{"metric": {"dev": {"eval_Precision": 0.34339622641496476}}, "step": 3}
Step:3	{"metric": {"dev": {"eval_Recall": 0.16789667896675867}}, "step": 3}
Step:3	{"metric": {"dev": {"eval_Metric_time": 0.11067056655883789}}, "step": 3}
Step:3	{"metric": {"dev": {"eval_runtime": 1.1685}}, "step": 3}
Step:3	{"metric": {"dev": {"eval_samples_per_second": 941.391}}, "step": 3}
Step:3	{"metric": {"dev": {"eval_steps_per_second": 7.702}}, "step": 3}
Step:3	{"metric": {"dev": {"epoch": 3.6}}, "step": 3}
Step:4	{"metric": {"dev": {"eval_loss": 0.087176114320755}}, "step": 4}
Step:4	{"metric": {"dev": {"eval_F1_score": 0.3026634382114634}}, "step": 4}
Step:4	{"metric": {"dev": {"eval_Precision": 0.4401408450702676}}, "step": 4}
Step:4	{"metric": {"dev": {"eval_Recall": 0.23062730627302017}}, "step": 4}
Step:4	{"metric": {"dev": {"eval_Metric_time": 0.0865478515625}}, "step": 4}
Step:4	{"metric": {"dev": {"eval_runtime": 1.206}}, "step": 4}
Step:4	{"metric": {"dev": {"eval_samples_per_second": 912.088}}, "step": 4}
Step:4	{"metric": {"dev": {"eval_steps_per_second": 7.463}}, "step": 4}
Step:4	{"metric": {"dev": {"epoch": 4.5}}, "step": 4}
Step:5	{"metric": {"dev": {"eval_loss": 0.08079314976930618}}, "step": 5}
Step:5	{"metric": {"dev": {"eval_F1_score": 0.3632336655111753}}, "step": 5}
Step:5	{"metric": {"dev": {"eval_Precision": 0.4542936288087384}}, "step": 5}
Step:5	{"metric": {"dev": {"eval_Recall": 0.30258302583020247}}, "step": 5}
Step:5	{"metric": {"dev": {"eval_Metric_time": 0.11424875259399414}}, "step": 5}
Step:5	{"metric": {"dev": {"eval_runtime": 1.1927}}, "step": 5}
Step:5	{"metric": {"dev": {"eval_samples_per_second": 922.295}}, "step": 5}
Step:5	{"metric": {"dev": {"eval_steps_per_second": 7.546}}, "step": 5}
Step:5	{"metric": {"dev": {"epoch": 5.4}}, "step": 5}
Step:6	{"metric": {"dev": {"eval_loss": 0.0731920525431633}}, "step": 6}
Step:6	{"metric": {"dev": {"eval_F1_score": 0.3987068965030511}}, "step": 6}
Step:6	{"metric": {"dev": {"eval_Precision": 0.4792746113988396}}, "step": 6}
Step:6	{"metric": {"dev": {"eval_Recall": 0.3413284132840698}}, "step": 6}
Step:6	{"metric": {"dev": {"eval_Metric_time": 0.10800623893737793}}, "step": 6}
Step:6	{"metric": {"dev": {"eval_runtime": 1.1711}}, "step": 6}
Step:6	{"metric": {"dev": {"eval_samples_per_second": 939.287}}, "step": 6}
Step:6	{"metric": {"dev": {"eval_steps_per_second": 7.685}}, "step": 6}
Step:6	{"metric": {"dev": {"epoch": 6.3}}, "step": 6}
