Step:2	{"metric": {"dev": {"eval_loss": 2.9208180904388428}}, "step": 2}
Step:2	{"metric": {"dev": {"eval_F1_score": 0.024805038161875983}}, "step": 2}
Step:2	{"metric": {"dev": {"eval_F1_score_detect": 0.027442047407487652}}, "step": 2}
Step:2	{"metric": {"dev": {"eval_Precision_detect": 0.016283433514613695}}, "step": 2}
Step:2	{"metric": {"dev": {"eval_Recall_detect": 0.08719346049046173}}, "step": 2}
Step:2	{"metric": {"dev": {"eval_F1_score_correct": 0.014257001179429296}}, "step": 2}
Step:2	{"metric": {"dev": {"eval_Precision_correct": 0.008459752568139146}}, "step": 2}
Step:2	{"metric": {"dev": {"eval_Recall_correct": 0.04529972752043519}}, "step": 2}
Step:2	{"metric": {"dev": {"eval_Metric_time": 29.87540364265442}}, "step": 2}
Step:2	{"metric": {"dev": {"eval_runtime": 143.0633}}, "step": 2}
Step:2	{"metric": {"dev": {"eval_samples_per_second": 6.99}}, "step": 2}
Step:2	{"metric": {"dev": {"eval_steps_per_second": 0.056}}, "step": 2}
Step:2	{"metric": {"dev": {"epoch": 2.58}}, "step": 2}
Step:5	{"metric": {"dev": {"eval_loss": 0.8963828086853027}}, "step": 5}
Step:5	{"metric": {"dev": {"eval_F1_score": 0.032745209607400384}}, "step": 5}
Step:5	{"metric": {"dev": {"eval_F1_score_detect": 0.03623600831732258}}, "step": 5}
Step:5	{"metric": {"dev": {"eval_Precision_detect": 0.02224897103362576}}, "step": 5}
Step:5	{"metric": {"dev": {"eval_Recall_detect": 0.09758174386920815}}, "step": 5}
Step:5	{"metric": {"dev": {"eval_F1_score_correct": 0.0187820147677116}}, "step": 5}
Step:5	{"metric": {"dev": {"eval_Precision_correct": 0.011532189174497122}}, "step": 5}
Step:5	{"metric": {"dev": {"eval_Recall_correct": 0.05057901907356862}}, "step": 5}
Step:5	{"metric": {"dev": {"eval_Metric_time": 30.579270362854004}}, "step": 5}
Step:5	{"metric": {"dev": {"eval_runtime": 174.3977}}, "step": 5}
Step:5	{"metric": {"dev": {"eval_samples_per_second": 5.734}}, "step": 5}
Step:5	{"metric": {"dev": {"eval_steps_per_second": 0.046}}, "step": 5}
Step:5	{"metric": {"dev": {"epoch": 5.17}}, "step": 5}
Step:7	{"metric": {"dev": {"eval_loss": 0.6298044919967651}}, "step": 7}
Step:7	{"metric": {"dev": {"eval_F1_score": 0.0550295045491125}}, "step": 7}
Step:7	{"metric": {"dev": {"eval_F1_score_detect": 0.06120488536426268}}, "step": 7}
Step:7	{"metric": {"dev": {"eval_Precision_detect": 0.05125258561250228}}, "step": 7}
Step:7	{"metric": {"dev": {"eval_Recall_detect": 0.07595367847411315}}, "step": 7}
Step:7	{"metric": {"dev": {"eval_F1_score_correct": 0.030327981288511777}}, "step": 7}
Step:7	{"metric": {"dev": {"eval_Precision_correct": 0.025396460583773553}}, "step": 7}
Step:7	{"metric": {"dev": {"eval_Recall_correct": 0.037636239782015704}}, "step": 7}
Step:7	{"metric": {"dev": {"eval_Metric_time": 33.134772300720215}}, "step": 7}
Step:7	{"metric": {"dev": {"eval_runtime": 199.296}}, "step": 7}
Step:7	{"metric": {"dev": {"eval_samples_per_second": 5.018}}, "step": 7}
Step:7	{"metric": {"dev": {"eval_steps_per_second": 0.04}}, "step": 7}
Step:7	{"metric": {"dev": {"epoch": 7.75}}, "step": 7}
