Step:0	{"metric": {"dev": {"eval_loss": 0.1470949649810791}}, "step": 0}
Step:0	{"metric": {"dev": {"eval_F1_score": 0.06572769950474454}}, "step": 0}
Step:0	{"metric": {"dev": {"eval_Precision": 0.21649484536060154}}, "step": 0}
Step:0	{"metric": {"dev": {"eval_Recall": 0.03874538745386739}}, "step": 0}
Step:0	{"metric": {"dev": {"eval_Metric_time": 3.3418147563934326}}, "step": 0}
Step:0	{"metric": {"dev": {"eval_runtime": 5.0996}}, "step": 0}
Step:0	{"metric": {"dev": {"eval_samples_per_second": 215.703}}, "step": 0}
Step:0	{"metric": {"dev": {"eval_steps_per_second": 1.765}}, "step": 0}
Step:0	{"metric": {"dev": {"epoch": 1.0}}, "step": 0}
Step:1	{"metric": {"dev": {"eval_loss": 0.11412675678730011}}, "step": 1}
Step:1	{"metric": {"dev": {"eval_F1_score": 0.12463768112568704}}, "step": 1}
Step:1	{"metric": {"dev": {"eval_Precision": 0.2905405405403442}}, "step": 1}
Step:1	{"metric": {"dev": {"eval_Recall": 0.07933579335791893}}, "step": 1}
Step:1	{"metric": {"dev": {"eval_Metric_time": 3.2214033603668213}}, "step": 1}
Step:1	{"metric": {"dev": {"eval_runtime": 4.3041}}, "step": 1}
Step:1	{"metric": {"dev": {"eval_samples_per_second": 255.569}}, "step": 1}
Step:1	{"metric": {"dev": {"eval_steps_per_second": 2.091}}, "step": 1}
Step:1	{"metric": {"dev": {"epoch": 2.0}}, "step": 1}
Step:2	{"metric": {"dev": {"eval_loss": 0.10046976804733276}}, "step": 2}
Step:2	{"metric": {"dev": {"eval_F1_score": 0.18039215682139212}}, "step": 2}
Step:2	{"metric": {"dev": {"eval_Precision": 0.3094170403586057}}, "step": 2}
Step:2	{"metric": {"dev": {"eval_Recall": 0.12730627306270711}}, "step": 2}
Step:2	{"metric": {"dev": {"eval_Metric_time": 3.2487683296203613}}, "step": 2}
Step:2	{"metric": {"dev": {"eval_runtime": 4.3333}}, "step": 2}
Step:2	{"metric": {"dev": {"eval_samples_per_second": 253.845}}, "step": 2}
Step:2	{"metric": {"dev": {"eval_steps_per_second": 2.077}}, "step": 2}
Step:2	{"metric": {"dev": {"epoch": 3.0}}, "step": 2}
