Step:0	{"metric": {"dev": {"eval_loss": 0.2311316430568695}}, "step": 0}
Step:0	{"metric": {"dev": {"eval_F1_score": 0.0}}, "step": 0}
Step:0	{"metric": {"dev": {"eval_Precision": 0.0}}, "step": 0}
Step:0	{"metric": {"dev": {"eval_Recall": 0.0}}, "step": 0}
Step:0	{"metric": {"dev": {"eval_Metric_time": 0.0852198600769043}}, "step": 0}
Step:0	{"metric": {"dev": {"eval_runtime": 1.1256}}, "step": 0}
Step:0	{"metric": {"dev": {"eval_samples_per_second": 977.248}}, "step": 0}
Step:0	{"metric": {"dev": {"eval_steps_per_second": 7.996}}, "step": 0}
Step:0	{"metric": {"dev": {"epoch": 0.45}}, "step": 0}
Step:0	{"metric": {"dev": {"eval_loss": 0.15120406448841095}}, "step": 0}
Step:0	{"metric": {"dev": {"eval_F1_score": 0.05502063269945376}}, "step": 0}
Step:0	{"metric": {"dev": {"eval_Precision": 0.10869565217385398}}, "step": 0}
Step:0	{"metric": {"dev": {"eval_Recall": 0.036832412523013475}}, "step": 0}
Step:0	{"metric": {"dev": {"eval_Metric_time": 0.07494759559631348}}, "step": 0}
Step:0	{"metric": {"dev": {"eval_runtime": 1.1196}}, "step": 0}
Step:0	{"metric": {"dev": {"eval_samples_per_second": 982.488}}, "step": 0}
Step:0	{"metric": {"dev": {"eval_steps_per_second": 8.039}}, "step": 0}
Step:0	{"metric": {"dev": {"epoch": 0.9}}, "step": 0}
Step:1	{"metric": {"dev": {"eval_loss": 0.12378492951393127}}, "step": 1}
Step:1	{"metric": {"dev": {"eval_F1_score": 0.08683473385710558}}, "step": 1}
Step:1	{"metric": {"dev": {"eval_Precision": 0.18128654970749633}}, "step": 1}
Step:1	{"metric": {"dev": {"eval_Recall": 0.05709023941067088}}, "step": 1}
Step:1	{"metric": {"dev": {"eval_Metric_time": 0.0857841968536377}}, "step": 1}
Step:1	{"metric": {"dev": {"eval_runtime": 1.1249}}, "step": 1}
Step:1	{"metric": {"dev": {"eval_samples_per_second": 977.88}}, "step": 1}
Step:1	{"metric": {"dev": {"eval_steps_per_second": 8.001}}, "step": 1}
Step:1	{"metric": {"dev": {"epoch": 1.35}}, "step": 1}
Step:1	{"metric": {"dev": {"eval_loss": 0.11165763437747955}}, "step": 1}
Step:1	{"metric": {"dev": {"eval_F1_score": 0.1323529411442556}}, "step": 1}
Step:1	{"metric": {"dev": {"eval_Precision": 0.3284671532844318}}, "step": 1}
Step:1	{"metric": {"dev": {"eval_Recall": 0.08287292817678031}}, "step": 1}
Step:1	{"metric": {"dev": {"eval_Metric_time": 0.08424806594848633}}, "step": 1}
Step:1	{"metric": {"dev": {"eval_runtime": 1.1237}}, "step": 1}
Step:1	{"metric": {"dev": {"eval_samples_per_second": 978.915}}, "step": 1}
Step:1	{"metric": {"dev": {"eval_steps_per_second": 8.009}}, "step": 1}
Step:1	{"metric": {"dev": {"epoch": 1.8}}, "step": 1}
Step:2	{"metric": {"dev": {"eval_loss": 0.1101207509636879}}, "step": 2}
Step:2	{"metric": {"dev": {"eval_F1_score": 0.14149659860082}}, "step": 2}
Step:2	{"metric": {"dev": {"eval_Precision": 0.2708333333331923}}, "step": 2}
Step:2	{"metric": {"dev": {"eval_Recall": 0.09576427255983502}}, "step": 2}
Step:2	{"metric": {"dev": {"eval_Metric_time": 0.08615922927856445}}, "step": 2}
Step:2	{"metric": {"dev": {"eval_runtime": 1.1232}}, "step": 2}
Step:2	{"metric": {"dev": {"eval_samples_per_second": 979.366}}, "step": 2}
Step:2	{"metric": {"dev": {"eval_steps_per_second": 8.013}}, "step": 2}
Step:2	{"metric": {"dev": {"epoch": 2.25}}, "step": 2}
Step:2	{"metric": {"dev": {"eval_loss": 0.10578884929418564}}, "step": 2}
Step:2	{"metric": {"dev": {"eval_F1_score": 0.18622448975328995}}, "step": 2}
Step:2	{"metric": {"dev": {"eval_Precision": 0.302904564315227}}, "step": 2}
Step:2	{"metric": {"dev": {"eval_Recall": 0.13443830570899917}}, "step": 2}
Step:2	{"metric": {"dev": {"eval_Metric_time": 0.08576226234436035}}, "step": 2}
Step:2	{"metric": {"dev": {"eval_runtime": 1.1269}}, "step": 2}
Step:2	{"metric": {"dev": {"eval_samples_per_second": 976.166}}, "step": 2}
Step:2	{"metric": {"dev": {"eval_steps_per_second": 7.987}}, "step": 2}
Step:2	{"metric": {"dev": {"epoch": 2.7}}, "step": 2}
Step:3	{"metric": {"dev": {"eval_loss": 0.09965859353542328}}, "step": 3}
Step:3	{"metric": {"dev": {"eval_F1_score": 0.23209876538784666}}, "step": 3}
Step:3	{"metric": {"dev": {"eval_Precision": 0.3520599250935011}}, "step": 3}
Step:3	{"metric": {"dev": {"eval_Recall": 0.17311233885816332}}, "step": 3}
Step:3	{"metric": {"dev": {"eval_Metric_time": 0.08659529685974121}}, "step": 3}
Step:3	{"metric": {"dev": {"eval_runtime": 1.1277}}, "step": 3}
Step:3	{"metric": {"dev": {"eval_samples_per_second": 975.464}}, "step": 3}
Step:3	{"metric": {"dev": {"eval_steps_per_second": 7.981}}, "step": 3}
Step:3	{"metric": {"dev": {"epoch": 3.15}}, "step": 3}
Step:3	{"metric": {"dev": {"eval_loss": 0.09345322847366333}}, "step": 3}
Step:3	{"metric": {"dev": {"eval_F1_score": 0.25567502982294216}}, "step": 3}
Step:3	{"metric": {"dev": {"eval_Precision": 0.36394557823116874}}, "step": 3}
Step:3	{"metric": {"dev": {"eval_Recall": 0.19705340699812207}}, "step": 3}
Step:3	{"metric": {"dev": {"eval_Metric_time": 0.08550143241882324}}, "step": 3}
Step:3	{"metric": {"dev": {"eval_runtime": 1.1228}}, "step": 3}
Step:3	{"metric": {"dev": {"eval_samples_per_second": 979.712}}, "step": 3}
Step:3	{"metric": {"dev": {"eval_steps_per_second": 8.016}}, "step": 3}
Step:3	{"metric": {"dev": {"epoch": 3.6}}, "step": 3}
Step:4	{"metric": {"dev": {"eval_loss": 0.08842382580041885}}, "step": 4}
Step:4	{"metric": {"dev": {"eval_F1_score": 0.2626025790861427}}, "step": 4}
Step:4	{"metric": {"dev": {"eval_Precision": 0.3612903225805286}}, "step": 4}
Step:4	{"metric": {"dev": {"eval_Recall": 0.20626151012887545}}, "step": 4}
Step:4	{"metric": {"dev": {"eval_Metric_time": 0.08719301223754883}}, "step": 4}
Step:4	{"metric": {"dev": {"eval_runtime": 1.128}}, "step": 4}
Step:4	{"metric": {"dev": {"eval_samples_per_second": 975.19}}, "step": 4}
Step:4	{"metric": {"dev": {"eval_steps_per_second": 7.979}}, "step": 4}
Step:4	{"metric": {"dev": {"epoch": 4.05}}, "step": 4}
Step:4	{"metric": {"dev": {"eval_loss": 0.08473825454711914}}, "step": 4}
Step:4	{"metric": {"dev": {"eval_F1_score": 0.33783783779024756}}, "step": 4}
Step:4	{"metric": {"dev": {"eval_Precision": 0.43478260869552615}}, "step": 4}
Step:4	{"metric": {"dev": {"eval_Recall": 0.27624309392260105}}, "step": 4}
Step:4	{"metric": {"dev": {"eval_Metric_time": 0.08674860000610352}}, "step": 4}
Step:4	{"metric": {"dev": {"eval_runtime": 1.1321}}, "step": 4}
Step:4	{"metric": {"dev": {"eval_samples_per_second": 971.642}}, "step": 4}
Step:4	{"metric": {"dev": {"eval_steps_per_second": 7.95}}, "step": 4}
Step:4	{"metric": {"dev": {"epoch": 4.5}}, "step": 4}
Step:4	{"metric": {"dev": {"eval_loss": 0.08444654941558838}}, "step": 4}
Step:4	{"metric": {"dev": {"eval_F1_score": 0.31543624156297384}}, "step": 4}
Step:4	{"metric": {"dev": {"eval_Precision": 0.40170940170928726}}, "step": 4}
Step:4	{"metric": {"dev": {"eval_Recall": 0.25966850828724497}}, "step": 4}
Step:4	{"metric": {"dev": {"eval_Metric_time": 0.08642983436584473}}, "step": 4}
Step:4	{"metric": {"dev": {"eval_runtime": 1.1226}}, "step": 4}
Step:4	{"metric": {"dev": {"eval_samples_per_second": 979.877}}, "step": 4}
Step:4	{"metric": {"dev": {"eval_steps_per_second": 8.017}}, "step": 4}
Step:4	{"metric": {"dev": {"epoch": 4.95}}, "step": 4}
Step:5	{"metric": {"dev": {"eval_loss": 0.08485933393239975}}, "step": 5}
Step:5	{"metric": {"dev": {"eval_F1_score": 0.36673773982323477}}, "step": 5}
Step:5	{"metric": {"dev": {"eval_Precision": 0.43544303797457334}}, "step": 5}
Step:5	{"metric": {"dev": {"eval_Recall": 0.31675874769791584}}, "step": 5}
Step:5	{"metric": {"dev": {"eval_Metric_time": 0.08653593063354492}}, "step": 5}
Step:5	{"metric": {"dev": {"eval_runtime": 1.1273}}, "step": 5}
Step:5	{"metric": {"dev": {"eval_samples_per_second": 975.813}}, "step": 5}
Step:5	{"metric": {"dev": {"eval_steps_per_second": 7.984}}, "step": 5}
Step:5	{"metric": {"dev": {"epoch": 5.4}}, "step": 5}
Step:5	{"metric": {"dev": {"eval_loss": 0.08081518113613129}}, "step": 5}
Step:5	{"metric": {"dev": {"eval_F1_score": 0.3689727462821168}}, "step": 5}
Step:5	{"metric": {"dev": {"eval_Precision": 0.4282238442821343}}, "step": 5}
Step:5	{"metric": {"dev": {"eval_Recall": 0.32412523020251854}}, "step": 5}
Step:5	{"metric": {"dev": {"eval_Metric_time": 0.08691596984863281}}, "step": 5}
Step:5	{"metric": {"dev": {"eval_runtime": 1.1247}}, "step": 5}
Step:5	{"metric": {"dev": {"eval_samples_per_second": 978.058}}, "step": 5}
Step:5	{"metric": {"dev": {"eval_steps_per_second": 8.002}}, "step": 5}
Step:5	{"metric": {"dev": {"epoch": 5.85}}, "step": 5}
Step:6	{"metric": {"dev": {"eval_loss": 0.07890939712524414}}, "step": 6}
Step:6	{"metric": {"dev": {"eval_F1_score": 0.3829344432390077}}, "step": 6}
Step:6	{"metric": {"dev": {"eval_Precision": 0.44019138755970333}}, "step": 6}
Step:6	{"metric": {"dev": {"eval_Recall": 0.33885819521172394}}, "step": 6}
Step:6	{"metric": {"dev": {"eval_Metric_time": 0.08684587478637695}}, "step": 6}
Step:6	{"metric": {"dev": {"eval_runtime": 1.1253}}, "step": 6}
Step:6	{"metric": {"dev": {"eval_samples_per_second": 977.506}}, "step": 6}
Step:6	{"metric": {"dev": {"eval_steps_per_second": 7.998}}, "step": 6}
Step:6	{"metric": {"dev": {"epoch": 6.3}}, "step": 6}
Step:6	{"metric": {"dev": {"eval_loss": 0.07835261523723602}}, "step": 6}
Step:6	{"metric": {"dev": {"eval_F1_score": 0.3843782116669366}}, "step": 6}
Step:6	{"metric": {"dev": {"eval_Precision": 0.43488372093013145}}, "step": 6}
Step:6	{"metric": {"dev": {"eval_Recall": 0.34438305709017597}}, "step": 6}
Step:6	{"metric": {"dev": {"eval_Metric_time": 0.0863046646118164}}, "step": 6}
Step:6	{"metric": {"dev": {"eval_runtime": 1.1269}}, "step": 6}
Step:6	{"metric": {"dev": {"eval_samples_per_second": 976.126}}, "step": 6}
Step:6	{"metric": {"dev": {"eval_steps_per_second": 7.986}}, "step": 6}
Step:6	{"metric": {"dev": {"epoch": 6.75}}, "step": 6}
Step:7	{"metric": {"dev": {"eval_loss": 0.0778474435210228}}, "step": 7}
Step:7	{"metric": {"dev": {"eval_F1_score": 0.39064089516918765}}, "step": 7}
Step:7	{"metric": {"dev": {"eval_Precision": 0.4363636363635372}}, "step": 7}
Step:7	{"metric": {"dev": {"eval_Recall": 0.35359116022092935}}, "step": 7}
Step:7	{"metric": {"dev": {"eval_Metric_time": 0.08787274360656738}}, "step": 7}
Step:7	{"metric": {"dev": {"eval_runtime": 1.1382}}, "step": 7}
Step:7	{"metric": {"dev": {"eval_samples_per_second": 966.469}}, "step": 7}
Step:7	{"metric": {"dev": {"eval_steps_per_second": 7.907}}, "step": 7}
Step:7	{"metric": {"dev": {"epoch": 7.2}}, "step": 7}
Step:7	{"metric": {"dev": {"eval_loss": 0.0767570212483406}}, "step": 7}
Step:7	{"metric": {"dev": {"eval_F1_score": 0.4012282496946548}}, "step": 7}
Step:7	{"metric": {"dev": {"eval_Precision": 0.4516129032257024}}, "step": 7}
Step:7	{"metric": {"dev": {"eval_Recall": 0.36095764272553205}}, "step": 7}
Step:7	{"metric": {"dev": {"eval_Metric_time": 0.08896064758300781}}, "step": 7}
Step:7	{"metric": {"dev": {"eval_runtime": 1.1405}}, "step": 7}
Step:7	{"metric": {"dev": {"eval_samples_per_second": 964.491}}, "step": 7}
Step:7	{"metric": {"dev": {"eval_steps_per_second": 7.891}}, "step": 7}
Step:7	{"metric": {"dev": {"epoch": 7.65}}, "step": 7}
Step:8	{"metric": {"dev": {"eval_loss": 0.07666010409593582}}, "step": 8}
Step:8	{"metric": {"dev": {"eval_F1_score": 0.4125379170383651}}, "step": 8}
Step:8	{"metric": {"dev": {"eval_Precision": 0.4573991031389109}}, "step": 8}
Step:8	{"metric": {"dev": {"eval_Recall": 0.3756906077347374}}, "step": 8}
Step:8	{"metric": {"dev": {"eval_Metric_time": 0.10270380973815918}}, "step": 8}
Step:8	{"metric": {"dev": {"eval_runtime": 1.1515}}, "step": 8}
Step:8	{"metric": {"dev": {"eval_samples_per_second": 955.238}}, "step": 8}
Step:8	{"metric": {"dev": {"eval_steps_per_second": 7.816}}, "step": 8}
Step:8	{"metric": {"dev": {"epoch": 8.1}}, "step": 8}
Step:8	{"metric": {"dev": {"eval_loss": 0.0767144188284874}}, "step": 8}
Step:8	{"metric": {"dev": {"eval_F1_score": 0.3999999999503893}}, "step": 8}
Step:8	{"metric": {"dev": {"eval_Precision": 0.4429530201341291}}, "step": 8}
Step:8	{"metric": {"dev": {"eval_Recall": 0.3646408839778334}}, "step": 8}
Step:8	{"metric": {"dev": {"eval_Metric_time": 0.08774685859680176}}, "step": 8}
Step:8	{"metric": {"dev": {"eval_runtime": 1.1389}}, "step": 8}
Step:8	{"metric": {"dev": {"eval_samples_per_second": 965.826}}, "step": 8}
Step:8	{"metric": {"dev": {"eval_steps_per_second": 7.902}}, "step": 8}
Step:8	{"metric": {"dev": {"epoch": 8.55}}, "step": 8}
Step:9	{"metric": {"dev": {"eval_loss": 0.07656873017549515}}, "step": 9}
Step:9	{"metric": {"dev": {"eval_F1_score": 0.3999999999503893}}, "step": 9}
Step:9	{"metric": {"dev": {"eval_Precision": 0.4429530201341291}}, "step": 9}
Step:9	{"metric": {"dev": {"eval_Recall": 0.3646408839778334}}, "step": 9}
Step:9	{"metric": {"dev": {"eval_Metric_time": 0.09322309494018555}}, "step": 9}
Step:9	{"metric": {"dev": {"eval_runtime": 1.1455}}, "step": 9}
Step:9	{"metric": {"dev": {"eval_samples_per_second": 960.255}}, "step": 9}
Step:9	{"metric": {"dev": {"eval_steps_per_second": 7.857}}, "step": 9}
Step:9	{"metric": {"dev": {"epoch": 9.0}}, "step": 9}
Step:9	{"metric": {"dev": {"eval_loss": 0.07713700830936432}}, "step": 9}
Step:9	{"metric": {"dev": {"eval_F1_score": 0.3927492446633504}}, "step": 9}
Step:9	{"metric": {"dev": {"eval_Precision": 0.43333333333323704}}, "step": 9}
Step:9	{"metric": {"dev": {"eval_Recall": 0.35911602209938137}}, "step": 9}
Step:9	{"metric": {"dev": {"eval_Metric_time": 0.08907246589660645}}, "step": 9}
Step:9	{"metric": {"dev": {"eval_runtime": 1.1375}}, "step": 9}
Step:9	{"metric": {"dev": {"eval_samples_per_second": 967.064}}, "step": 9}
Step:9	{"metric": {"dev": {"eval_steps_per_second": 7.912}}, "step": 9}
Step:9	{"metric": {"dev": {"epoch": 9.46}}, "step": 9}
Step:9	{"metric": {"dev": {"eval_loss": 0.07657469063997269}}, "step": 9}
Step:9	{"metric": {"dev": {"eval_F1_score": 0.4072580644664959}}, "step": 9}
Step:9	{"metric": {"dev": {"eval_Precision": 0.44988864142528956}}, "step": 9}
Step:9	{"metric": {"dev": {"eval_Recall": 0.37200736648243604}}, "step": 9}
Step:9	{"metric": {"dev": {"eval_Metric_time": 0.08883166313171387}}, "step": 9}
Step:9	{"metric": {"dev": {"eval_runtime": 1.1385}}, "step": 9}
Step:9	{"metric": {"dev": {"eval_samples_per_second": 966.145}}, "step": 9}
Step:9	{"metric": {"dev": {"eval_steps_per_second": 7.905}}, "step": 9}
Step:9	{"metric": {"dev": {"epoch": 9.91}}, "step": 9}
