Step:0	{"metric": {"dev": {"eval_loss": 6.556763172149658}}, "step": 0}
Step:0	{"metric": {"dev": {"eval_F1_score": 0.014918855486833773}}, "step": 0}
Step:0	{"metric": {"dev": {"eval_F1_score_detect": 0.016457016211594244}}, "step": 0}
Step:0	{"metric": {"dev": {"eval_Precision_detect": 0.009099099099099082}}, "step": 0}
Step:0	{"metric": {"dev": {"eval_Recall_detect": 0.08600136239781869}}, "step": 0}
Step:0	{"metric": {"dev": {"eval_F1_score_correct": 0.008766212587791882}}, "step": 0}
Step:0	{"metric": {"dev": {"eval_Precision_correct": 0.004846846846846838}}, "step": 0}
Step:0	{"metric": {"dev": {"eval_Recall_correct": 0.045810626702996494}}, "step": 0}
Step:0	{"metric": {"dev": {"eval_Metric_time": 29.72207021713257}}, "step": 0}
Step:0	{"metric": {"dev": {"eval_runtime": 182.454}}, "step": 0}
Step:0	{"metric": {"dev": {"eval_samples_per_second": 5.481}}, "step": 0}
Step:0	{"metric": {"dev": {"eval_steps_per_second": 0.044}}, "step": 0}
Step:0	{"metric": {"dev": {"epoch": 1.0}}, "step": 0}
Step:1	{"metric": {"dev": {"eval_loss": 4.478275299072266}}, "step": 1}
Step:1	{"metric": {"dev": {"eval_F1_score": 0.01802686395050407}}, "step": 1}
Step:1	{"metric": {"dev": {"eval_F1_score_detect": 0.019949176257105957}}, "step": 1}
Step:1	{"metric": {"dev": {"eval_Precision_detect": 0.01110149110149108}}, "step": 1}
Step:1	{"metric": {"dev": {"eval_Recall_detect": 0.09826294277928987}}, "step": 1}
Step:1	{"metric": {"dev": {"eval_F1_score_correct": 0.0103376147240965}}, "step": 1}
Step:1	{"metric": {"dev": {"eval_Precision_correct": 0.005752765752765741}}, "step": 1}
Step:1	{"metric": {"dev": {"eval_Recall_correct": 0.05091961852860949}}, "step": 1}
Step:1	{"metric": {"dev": {"eval_Metric_time": 28.919798612594604}}, "step": 1}
Step:1	{"metric": {"dev": {"eval_runtime": 163.1625}}, "step": 1}
Step:1	{"metric": {"dev": {"eval_samples_per_second": 6.129}}, "step": 1}
Step:1	{"metric": {"dev": {"eval_steps_per_second": 0.049}}, "step": 1}
Step:1	{"metric": {"dev": {"epoch": 2.0}}, "step": 1}
Step:2	{"metric": {"dev": {"eval_loss": 2.72672176361084}}, "step": 2}
Step:2	{"metric": {"dev": {"eval_F1_score": 0.015918958000671345}}, "step": 2}
Step:2	{"metric": {"dev": {"eval_F1_score_detect": 0.017037231911998796}}, "step": 2}
Step:2	{"metric": {"dev": {"eval_Precision_detect": 0.010557639002119638}}, "step": 2}
Step:2	{"metric": {"dev": {"eval_Recall_detect": 0.044107629427792165}}, "step": 2}
Step:2	{"metric": {"dev": {"eval_F1_score_correct": 0.011445862355361549}}, "step": 2}
Step:2	{"metric": {"dev": {"eval_Precision_correct": 0.007092776781346784}}, "step": 2}
Step:2	{"metric": {"dev": {"eval_Recall_correct": 0.029632152588555352}}, "step": 2}
Step:2	{"metric": {"dev": {"eval_Metric_time": 33.343512773513794}}, "step": 2}
Step:2	{"metric": {"dev": {"eval_runtime": 196.8253}}, "step": 2}
Step:2	{"metric": {"dev": {"eval_samples_per_second": 5.081}}, "step": 2}
Step:2	{"metric": {"dev": {"eval_steps_per_second": 0.041}}, "step": 2}
Step:2	{"metric": {"dev": {"epoch": 3.0}}, "step": 2}
Step:3	{"metric": {"dev": {"eval_loss": 2.1676340103149414}}, "step": 3}
Step:3	{"metric": {"dev": {"eval_F1_score": 0.025100250297547602}}, "step": 3}
Step:3	{"metric": {"dev": {"eval_F1_score_detect": 0.02741390621413932}}, "step": 3}
Step:3	{"metric": {"dev": {"eval_Precision_detect": 0.015988660524450696}}, "step": 3}
Step:3	{"metric": {"dev": {"eval_Recall_detect": 0.09604904632152425}}, "step": 3}
Step:3	{"metric": {"dev": {"eval_F1_score_correct": 0.015845626631180717}}, "step": 3}
Step:3	{"metric": {"dev": {"eval_Precision_correct": 0.00924167257264349}}, "step": 3}
Step:3	{"metric": {"dev": {"eval_Recall_correct": 0.05551771117166118}}, "step": 3}
Step:3	{"metric": {"dev": {"eval_Metric_time": 32.40357542037964}}, "step": 3}
Step:3	{"metric": {"dev": {"eval_runtime": 190.7287}}, "step": 3}
Step:3	{"metric": {"dev": {"eval_samples_per_second": 5.243}}, "step": 3}
Step:3	{"metric": {"dev": {"eval_steps_per_second": 0.042}}, "step": 3}
Step:3	{"metric": {"dev": {"epoch": 4.0}}, "step": 3}
Step:4	{"metric": {"dev": {"eval_loss": 1.4434112310409546}}, "step": 4}
Step:4	{"metric": {"dev": {"eval_F1_score": 0.031105766449723477}}, "step": 4}
Step:4	{"metric": {"dev": {"eval_F1_score_detect": 0.034072037995276916}}, "step": 4}
Step:4	{"metric": {"dev": {"eval_Precision_detect": 0.020479107868107593}}, "step": 4}
Step:4	{"metric": {"dev": {"eval_Recall_detect": 0.10132833787465767}}, "step": 4}
Step:4	{"metric": {"dev": {"eval_F1_score_correct": 0.019240680267509722}}, "step": 4}
Step:4	{"metric": {"dev": {"eval_Precision_correct": 0.011564672678460758}}, "step": 4}
Step:4	{"metric": {"dev": {"eval_Recall_correct": 0.05722070844686551}}, "step": 4}
Step:4	{"metric": {"dev": {"eval_Metric_time": 30.354647159576416}}, "step": 4}
Step:4	{"metric": {"dev": {"eval_runtime": 185.297}}, "step": 4}
Step:4	{"metric": {"dev": {"eval_samples_per_second": 5.397}}, "step": 4}
Step:4	{"metric": {"dev": {"eval_steps_per_second": 0.043}}, "step": 4}
Step:4	{"metric": {"dev": {"epoch": 5.0}}, "step": 4}
Step:5	{"metric": {"dev": {"eval_loss": 0.8203462958335876}}, "step": 5}
Step:5	{"metric": {"dev": {"eval_F1_score": 0.04930157998742693}}, "step": 5}
Step:5	{"metric": {"dev": {"eval_F1_score_detect": 0.05495763677698491}}, "step": 5}
Step:5	{"metric": {"dev": {"eval_Precision_detect": 0.041393583994480496}}, "step": 5}
Step:5	{"metric": {"dev": {"eval_Recall_detect": 0.08174386920980788}}, "step": 5}
Step:5	{"metric": {"dev": {"eval_F1_score_correct": 0.026677352829194992}}, "step": 5}
Step:5	{"metric": {"dev": {"eval_Precision_correct": 0.020093135563987407}}, "step": 5}
Step:5	{"metric": {"dev": {"eval_Recall_correct": 0.0396798365122609}}, "step": 5}
Step:5	{"metric": {"dev": {"eval_Metric_time": 33.66376256942749}}, "step": 5}
Step:5	{"metric": {"dev": {"eval_runtime": 195.5714}}, "step": 5}
Step:5	{"metric": {"dev": {"eval_samples_per_second": 5.113}}, "step": 5}
Step:5	{"metric": {"dev": {"eval_steps_per_second": 0.041}}, "step": 5}
Step:5	{"metric": {"dev": {"epoch": 6.0}}, "step": 5}
Step:6	{"metric": {"dev": {"eval_loss": 0.6708874106407166}}, "step": 6}
Step:6	{"metric": {"dev": {"eval_F1_score": 0.051495315060207714}}, "step": 6}
Step:6	{"metric": {"dev": {"eval_F1_score_detect": 0.057245539678356785}}, "step": 6}
Step:6	{"metric": {"dev": {"eval_Precision_detect": 0.04593202883625081}}, "step": 6}
Step:6	{"metric": {"dev": {"eval_Recall_detect": 0.07595367847411315}}, "step": 6}
Step:6	{"metric": {"dev": {"eval_F1_score_correct": 0.028494416587611423}}, "step": 6}
Step:6	{"metric": {"dev": {"eval_Precision_correct": 0.022863027806384936}}, "step": 6}
Step:6	{"metric": {"dev": {"eval_Recall_correct": 0.03780653950953614}}, "step": 6}
Step:6	{"metric": {"dev": {"eval_Metric_time": 32.68831419944763}}, "step": 6}
Step:6	{"metric": {"dev": {"eval_runtime": 195.5819}}, "step": 6}
Step:6	{"metric": {"dev": {"eval_samples_per_second": 5.113}}, "step": 6}
Step:6	{"metric": {"dev": {"eval_steps_per_second": 0.041}}, "step": 6}
Step:6	{"metric": {"dev": {"epoch": 7.0}}, "step": 6}
Step:7	{"metric": {"dev": {"eval_loss": 0.5962420105934143}}, "step": 7}
Step:7	{"metric": {"dev": {"eval_F1_score": 0.059778648470450474}}, "step": 7}
Step:7	{"metric": {"dev": {"eval_F1_score_detect": 0.06613047358903153}}, "step": 7}
Step:7	{"metric": {"dev": {"eval_Precision_detect": 0.0554466858789619}}, "step": 7}
Step:7	{"metric": {"dev": {"eval_Recall_detect": 0.08191416893732831}}, "step": 7}
Step:7	{"metric": {"dev": {"eval_F1_score_correct": 0.03437134799612622}}, "step": 7}
Step:7	{"metric": {"dev": {"eval_Precision_correct": 0.02881844380403425}}, "step": 7}
Step:7	{"metric": {"dev": {"eval_Recall_correct": 0.04257493188010827}}, "step": 7}
Step:7	{"metric": {"dev": {"eval_Metric_time": 32.916115522384644}}, "step": 7}
Step:7	{"metric": {"dev": {"eval_runtime": 195.2651}}, "step": 7}
Step:7	{"metric": {"dev": {"eval_samples_per_second": 5.121}}, "step": 7}
Step:7	{"metric": {"dev": {"eval_steps_per_second": 0.041}}, "step": 7}
Step:7	{"metric": {"dev": {"epoch": 8.0}}, "step": 7}
Step:8	{"metric": {"dev": {"eval_loss": 0.5655723810195923}}, "step": 8}
Step:8	{"metric": {"dev": {"eval_F1_score": 0.05976678300809704}}, "step": 8}
Step:8	{"metric": {"dev": {"eval_F1_score_detect": 0.06588049273864574}}, "step": 8}
Step:8	{"metric": {"dev": {"eval_Precision_detect": 0.05372300419039375}}, "step": 8}
Step:8	{"metric": {"dev": {"eval_Recall_detect": 0.08514986376021653}}, "step": 8}
Step:8	{"metric": {"dev": {"eval_F1_score_correct": 0.035311944085902235}}, "step": 8}
Step:8	{"metric": {"dev": {"eval_Precision_correct": 0.02879553024605105}}, "step": 8}
Step:8	{"metric": {"dev": {"eval_Recall_correct": 0.04564032697547606}}, "step": 8}
Step:8	{"metric": {"dev": {"eval_Metric_time": 32.764309883117676}}, "step": 8}
Step:8	{"metric": {"dev": {"eval_runtime": 194.6396}}, "step": 8}
Step:8	{"metric": {"dev": {"eval_samples_per_second": 5.138}}, "step": 8}
Step:8	{"metric": {"dev": {"eval_steps_per_second": 0.041}}, "step": 8}
Step:8	{"metric": {"dev": {"epoch": 9.0}}, "step": 8}
Step:9	{"metric": {"dev": {"eval_loss": 0.5513161420822144}}, "step": 9}
Step:9	{"metric": {"dev": {"eval_F1_score": 0.06340255805940072}}, "step": 9}
Step:9	{"metric": {"dev": {"eval_F1_score_detect": 0.07000412593177031}}, "step": 9}
Step:9	{"metric": {"dev": {"eval_Precision_detect": 0.05870818915801547}}, "step": 9}
Step:9	{"metric": {"dev": {"eval_Recall_detect": 0.08668256130790043}}, "step": 9}
Step:9	{"metric": {"dev": {"eval_F1_score_correct": 0.03699628656992233}}, "step": 9}
Step:9	{"metric": {"dev": {"eval_Precision_correct": 0.03102652825836181}}, "step": 9}
Step:9	{"metric": {"dev": {"eval_Recall_correct": 0.045810626702996494}}, "step": 9}
Step:9	{"metric": {"dev": {"eval_Metric_time": 32.507808208465576}}, "step": 9}
Step:9	{"metric": {"dev": {"eval_runtime": 194.9291}}, "step": 9}
Step:9	{"metric": {"dev": {"eval_samples_per_second": 5.13}}, "step": 9}
Step:9	{"metric": {"dev": {"eval_steps_per_second": 0.041}}, "step": 9}
Step:9	{"metric": {"dev": {"epoch": 10.0}}, "step": 9}
