Step:0	{"metric": {"dev": {"eval_loss": 1.9970226287841797}}, "step": 0}
Step:0	{"metric": {"dev": {"eval_F1_score": 0.0}}, "step": 0}
Step:0	{"metric": {"dev": {"eval_Precision": 0.0}}, "step": 0}
Step:0	{"metric": {"dev": {"eval_Recall": 0.0}}, "step": 0}
Step:0	{"metric": {"dev": {"eval_Metric_time": 0.08083677291870117}}, "step": 0}
Step:0	{"metric": {"dev": {"eval_runtime": 1.3108}}, "step": 0}
Step:0	{"metric": {"dev": {"eval_samples_per_second": 839.162}}, "step": 0}
Step:0	{"metric": {"dev": {"eval_steps_per_second": 6.866}}, "step": 0}
Step:0	{"metric": {"dev": {"epoch": 0.45}}, "step": 0}
Step:0	{"metric": {"dev": {"eval_loss": 2.3442821502685547}}, "step": 0}
Step:0	{"metric": {"dev": {"eval_F1_score": 0.0}}, "step": 0}
Step:0	{"metric": {"dev": {"eval_Precision": 0.0}}, "step": 0}
Step:0	{"metric": {"dev": {"eval_Recall": 0.0}}, "step": 0}
Step:0	{"metric": {"dev": {"eval_Metric_time": 0.08031988143920898}}, "step": 0}
Step:0	{"metric": {"dev": {"eval_runtime": 1.2745}}, "step": 0}
Step:0	{"metric": {"dev": {"eval_samples_per_second": 863.095}}, "step": 0}
Step:0	{"metric": {"dev": {"eval_steps_per_second": 7.062}}, "step": 0}
Step:0	{"metric": {"dev": {"epoch": 0.9}}, "step": 0}
Step:1	{"metric": {"dev": {"eval_loss": 4.715988636016846}}, "step": 1}
Step:1	{"metric": {"dev": {"eval_F1_score": 0.0}}, "step": 1}
Step:1	{"metric": {"dev": {"eval_Precision": 0.0}}, "step": 1}
Step:1	{"metric": {"dev": {"eval_Recall": 0.0}}, "step": 1}
Step:1	{"metric": {"dev": {"eval_Metric_time": 0.06356501579284668}}, "step": 1}
Step:1	{"metric": {"dev": {"eval_runtime": 1.2714}}, "step": 1}
Step:1	{"metric": {"dev": {"eval_samples_per_second": 865.214}}, "step": 1}
Step:1	{"metric": {"dev": {"eval_steps_per_second": 7.079}}, "step": 1}
Step:1	{"metric": {"dev": {"epoch": 1.35}}, "step": 1}
