Step:0	{"metric": {"dev": {"eval_loss": 2.930922746658325}}, "step": 0}
Step:0	{"metric": {"dev": {"eval_F1_score": 0.0}}, "step": 0}
Step:0	{"metric": {"dev": {"eval_Precision": 0.0}}, "step": 0}
Step:0	{"metric": {"dev": {"eval_Recall": 0.0}}, "step": 0}
Step:0	{"metric": {"dev": {"eval_Metric_time": 0.062349557876586914}}, "step": 0}
Step:0	{"metric": {"dev": {"eval_runtime": 1.4636}}, "step": 0}
Step:0	{"metric": {"dev": {"eval_samples_per_second": 751.576}}, "step": 0}
Step:0	{"metric": {"dev": {"eval_steps_per_second": 12.299}}, "step": 0}
Step:0	{"metric": {"dev": {"epoch": 0.23}}, "step": 0}
Step:0	{"metric": {"dev": {"eval_loss": 2.851544141769409}}, "step": 0}
Step:0	{"metric": {"dev": {"eval_F1_score": 0.0031104198804195924}}, "step": 0}
Step:0	{"metric": {"dev": {"eval_Precision": 0.00999999999999}}, "step": 0}
Step:0	{"metric": {"dev": {"eval_Recall": 0.0018416206261506736}}, "step": 0}
Step:0	{"metric": {"dev": {"eval_Metric_time": 0.06301379203796387}}, "step": 0}
Step:0	{"metric": {"dev": {"eval_runtime": 1.4428}}, "step": 0}
Step:0	{"metric": {"dev": {"eval_samples_per_second": 762.422}}, "step": 0}
Step:0	{"metric": {"dev": {"eval_steps_per_second": 12.476}}, "step": 0}
Step:0	{"metric": {"dev": {"epoch": 0.45}}, "step": 0}
Step:0	{"metric": {"dev": {"eval_loss": 2.8101351261138916}}, "step": 0}
Step:0	{"metric": {"dev": {"eval_F1_score": 0.044247787578712755}}, "step": 0}
Step:0	{"metric": {"dev": {"eval_Precision": 0.11111111111102882}}, "step": 0}
Step:0	{"metric": {"dev": {"eval_Recall": 0.027624309392260103}}, "step": 0}
Step:0	{"metric": {"dev": {"eval_Metric_time": 0.06266498565673828}}, "step": 0}
Step:0	{"metric": {"dev": {"eval_runtime": 1.4391}}, "step": 0}
Step:0	{"metric": {"dev": {"eval_samples_per_second": 764.346}}, "step": 0}
Step:0	{"metric": {"dev": {"eval_steps_per_second": 12.507}}, "step": 0}
Step:0	{"metric": {"dev": {"epoch": 0.68}}, "step": 0}
Step:0	{"metric": {"dev": {"eval_loss": 2.792043685913086}}, "step": 0}
Step:0	{"metric": {"dev": {"eval_F1_score": 0.0756756756365862}}, "step": 0}
Step:0	{"metric": {"dev": {"eval_Precision": 0.14213197969535935}}, "step": 0}
Step:0	{"metric": {"dev": {"eval_Recall": 0.05156537753221886}}, "step": 0}
Step:0	{"metric": {"dev": {"eval_Metric_time": 0.06449270248413086}}, "step": 0}
Step:0	{"metric": {"dev": {"eval_runtime": 1.4379}}, "step": 0}
Step:0	{"metric": {"dev": {"eval_samples_per_second": 765.0}}, "step": 0}
Step:0	{"metric": {"dev": {"eval_steps_per_second": 12.518}}, "step": 0}
Step:0	{"metric": {"dev": {"epoch": 0.9}}, "step": 0}
Step:1	{"metric": {"dev": {"eval_loss": 2.7813916206359863}}, "step": 1}
Step:1	{"metric": {"dev": {"eval_F1_score": 0.09383378012121879}}, "step": 1}
Step:1	{"metric": {"dev": {"eval_Precision": 0.17241379310336336}}, "step": 1}
Step:1	{"metric": {"dev": {"eval_Recall": 0.06445672191527357}}, "step": 1}
Step:1	{"metric": {"dev": {"eval_Metric_time": 0.06416201591491699}}, "step": 1}
Step:1	{"metric": {"dev": {"eval_runtime": 1.4427}}, "step": 1}
Step:1	{"metric": {"dev": {"eval_samples_per_second": 762.435}}, "step": 1}
Step:1	{"metric": {"dev": {"eval_steps_per_second": 12.476}}, "step": 1}
Step:1	{"metric": {"dev": {"epoch": 1.13}}, "step": 1}
Step:1	{"metric": {"dev": {"eval_loss": 2.7716140747070312}}, "step": 1}
Step:1	{"metric": {"dev": {"eval_F1_score": 0.11624441129546975}}, "step": 1}
Step:1	{"metric": {"dev": {"eval_Precision": 0.30468749999976197}}, "step": 1}
Step:1	{"metric": {"dev": {"eval_Recall": 0.07182320441987627}}, "step": 1}
Step:1	{"metric": {"dev": {"eval_Metric_time": 0.06229257583618164}}, "step": 1}
Step:1	{"metric": {"dev": {"eval_runtime": 1.4324}}, "step": 1}
Step:1	{"metric": {"dev": {"eval_samples_per_second": 767.965}}, "step": 1}
Step:1	{"metric": {"dev": {"eval_steps_per_second": 12.567}}, "step": 1}
Step:1	{"metric": {"dev": {"epoch": 1.35}}, "step": 1}
Step:1	{"metric": {"dev": {"eval_loss": 2.7690696716308594}}, "step": 1}
Step:1	{"metric": {"dev": {"eval_F1_score": 0.1449664429134565}}, "step": 1}
Step:1	{"metric": {"dev": {"eval_Precision": 0.267326732673135}}, "step": 1}
Step:1	{"metric": {"dev": {"eval_Recall": 0.09944751381213637}}, "step": 1}
Step:1	{"metric": {"dev": {"eval_Metric_time": 0.06364870071411133}}, "step": 1}
Step:1	{"metric": {"dev": {"eval_runtime": 1.4403}}, "step": 1}
Step:1	{"metric": {"dev": {"eval_samples_per_second": 763.75}}, "step": 1}
Step:1	{"metric": {"dev": {"eval_steps_per_second": 12.498}}, "step": 1}
Step:1	{"metric": {"dev": {"epoch": 1.58}}, "step": 1}
Step:1	{"metric": {"dev": {"eval_loss": 2.7675933837890625}}, "step": 1}
Step:1	{"metric": {"dev": {"eval_F1_score": 0.17105263153810216}}, "step": 1}
Step:1	{"metric": {"dev": {"eval_Precision": 0.2995391705067744}}, "step": 1}
Step:1	{"metric": {"dev": {"eval_Recall": 0.11970534069979379}}, "step": 1}
Step:1	{"metric": {"dev": {"eval_Metric_time": 0.06504988670349121}}, "step": 1}
Step:1	{"metric": {"dev": {"eval_runtime": 1.457}}, "step": 1}
Step:1	{"metric": {"dev": {"eval_samples_per_second": 754.95}}, "step": 1}
Step:1	{"metric": {"dev": {"eval_steps_per_second": 12.354}}, "step": 1}
Step:1	{"metric": {"dev": {"epoch": 1.8}}, "step": 1}
