Step:0	{"metric": {"dev": {"eval_loss": 0.2307804524898529}}, "step": 0}
Step:0	{"metric": {"dev": {"eval_F1_score": 0.0}}, "step": 0}
Step:0	{"metric": {"dev": {"eval_Precision": 0.0}}, "step": 0}
Step:0	{"metric": {"dev": {"eval_Recall": 0.0}}, "step": 0}
Step:0	{"metric": {"dev": {"eval_Metric_time": 0.08512759208679199}}, "step": 0}
Step:0	{"metric": {"dev": {"eval_runtime": 1.1752}}, "step": 0}
Step:0	{"metric": {"dev": {"eval_samples_per_second": 935.991}}, "step": 0}
Step:0	{"metric": {"dev": {"eval_steps_per_second": 7.658}}, "step": 0}
Step:0	{"metric": {"dev": {"epoch": 0.45}}, "step": 0}
Step:0	{"metric": {"dev": {"eval_loss": 0.15180589258670807}}, "step": 0}
Step:0	{"metric": {"dev": {"eval_F1_score": 0.053908355755880516}}, "step": 0}
Step:0	{"metric": {"dev": {"eval_Precision": 0.10050251256276357}}, "step": 0}
Step:0	{"metric": {"dev": {"eval_Recall": 0.036832412523013475}}, "step": 0}
Step:0	{"metric": {"dev": {"eval_Metric_time": 0.08540964126586914}}, "step": 0}
Step:0	{"metric": {"dev": {"eval_runtime": 1.1074}}, "step": 0}
Step:0	{"metric": {"dev": {"eval_samples_per_second": 993.354}}, "step": 0}
Step:0	{"metric": {"dev": {"eval_steps_per_second": 8.127}}, "step": 0}
Step:0	{"metric": {"dev": {"epoch": 0.9}}, "step": 0}
Step:1	{"metric": {"dev": {"eval_loss": 0.12266020476818085}}, "step": 1}
Step:1	{"metric": {"dev": {"eval_F1_score": 0.08757062143315418}}, "step": 1}
Step:1	{"metric": {"dev": {"eval_Precision": 0.18787878787867401}}, "step": 1}
Step:1	{"metric": {"dev": {"eval_Recall": 0.05709023941067088}}, "step": 1}
Step:1	{"metric": {"dev": {"eval_Metric_time": 0.09228277206420898}}, "step": 1}
Step:1	{"metric": {"dev": {"eval_runtime": 1.116}}, "step": 1}
Step:1	{"metric": {"dev": {"eval_samples_per_second": 985.64}}, "step": 1}
Step:1	{"metric": {"dev": {"eval_steps_per_second": 8.064}}, "step": 1}
Step:1	{"metric": {"dev": {"epoch": 1.35}}, "step": 1}
Step:1	{"metric": {"dev": {"eval_loss": 0.1128978356719017}}, "step": 1}
Step:1	{"metric": {"dev": {"eval_F1_score": 0.12191581999559234}}, "step": 1}
Step:1	{"metric": {"dev": {"eval_Precision": 0.2876712328765153}}, "step": 1}
Step:1	{"metric": {"dev": {"eval_Recall": 0.07734806629832829}}, "step": 1}
Step:1	{"metric": {"dev": {"eval_Metric_time": 0.09270858764648438}}, "step": 1}
Step:1	{"metric": {"dev": {"eval_runtime": 1.1192}}, "step": 1}
Step:1	{"metric": {"dev": {"eval_samples_per_second": 982.813}}, "step": 1}
Step:1	{"metric": {"dev": {"eval_steps_per_second": 8.041}}, "step": 1}
Step:1	{"metric": {"dev": {"epoch": 1.8}}, "step": 1}
Step:2	{"metric": {"dev": {"eval_loss": 0.11055430769920349}}, "step": 2}
Step:2	{"metric": {"dev": {"eval_F1_score": 0.1432432432041355}}, "step": 2}
Step:2	{"metric": {"dev": {"eval_Precision": 0.26903553299478733}}, "step": 2}
Step:2	{"metric": {"dev": {"eval_Recall": 0.0976058931859857}}, "step": 2}
Step:2	{"metric": {"dev": {"eval_Metric_time": 0.08654546737670898}}, "step": 2}
Step:2	{"metric": {"dev": {"eval_runtime": 1.1112}}, "step": 2}
Step:2	{"metric": {"dev": {"eval_samples_per_second": 989.893}}, "step": 2}
Step:2	{"metric": {"dev": {"eval_steps_per_second": 8.099}}, "step": 2}
Step:2	{"metric": {"dev": {"epoch": 2.25}}, "step": 2}
Step:2	{"metric": {"dev": {"eval_loss": 0.1067853718996048}}, "step": 2}
Step:2	{"metric": {"dev": {"eval_F1_score": 0.19774718393637666}}, "step": 2}
Step:2	{"metric": {"dev": {"eval_Precision": 0.3085937499998795}}, "step": 2}
Step:2	{"metric": {"dev": {"eval_Recall": 0.14548802946590322}}, "step": 2}
Step:2	{"metric": {"dev": {"eval_Metric_time": 0.08603239059448242}}, "step": 2}
Step:2	{"metric": {"dev": {"eval_runtime": 1.1073}}, "step": 2}
Step:2	{"metric": {"dev": {"eval_samples_per_second": 993.418}}, "step": 2}
Step:2	{"metric": {"dev": {"eval_steps_per_second": 8.128}}, "step": 2}
Step:2	{"metric": {"dev": {"epoch": 2.7}}, "step": 2}
Step:3	{"metric": {"dev": {"eval_loss": 0.09817997366189957}}, "step": 3}
Step:3	{"metric": {"dev": {"eval_F1_score": 0.22250316051315605}}, "step": 3}
Step:3	{"metric": {"dev": {"eval_Precision": 0.35483870967727626}}, "step": 3}
Step:3	{"metric": {"dev": {"eval_Recall": 0.16206261510125927}}, "step": 3}
Step:3	{"metric": {"dev": {"eval_Metric_time": 0.0754232406616211}}, "step": 3}
Step:3	{"metric": {"dev": {"eval_runtime": 1.103}}, "step": 3}
Step:3	{"metric": {"dev": {"eval_samples_per_second": 997.249}}, "step": 3}
Step:3	{"metric": {"dev": {"eval_steps_per_second": 8.159}}, "step": 3}
Step:3	{"metric": {"dev": {"epoch": 3.15}}, "step": 3}
Step:3	{"metric": {"dev": {"eval_loss": 0.09359073638916016}}, "step": 3}
Step:3	{"metric": {"dev": {"eval_F1_score": 0.2591283862907021}}, "step": 3}
Step:3	{"metric": {"dev": {"eval_Precision": 0.3594771241828891}}, "step": 3}
Step:3	{"metric": {"dev": {"eval_Recall": 0.2025782688765741}}, "step": 3}
Step:3	{"metric": {"dev": {"eval_Metric_time": 0.08632111549377441}}, "step": 3}
Step:3	{"metric": {"dev": {"eval_runtime": 1.1081}}, "step": 3}
Step:3	{"metric": {"dev": {"eval_samples_per_second": 992.704}}, "step": 3}
Step:3	{"metric": {"dev": {"eval_steps_per_second": 8.122}}, "step": 3}
Step:3	{"metric": {"dev": {"epoch": 3.6}}, "step": 3}
Step:4	{"metric": {"dev": {"eval_loss": 0.09018560498952866}}, "step": 4}
Step:4	{"metric": {"dev": {"eval_F1_score": 0.28041714943183665}}, "step": 4}
Step:4	{"metric": {"dev": {"eval_Precision": 0.37812499999988186}}, "step": 4}
Step:4	{"metric": {"dev": {"eval_Recall": 0.2228360957642315}}, "step": 4}
Step:4	{"metric": {"dev": {"eval_Metric_time": 0.08730196952819824}}, "step": 4}
Step:4	{"metric": {"dev": {"eval_runtime": 1.1095}}, "step": 4}
Step:4	{"metric": {"dev": {"eval_samples_per_second": 991.419}}, "step": 4}
Step:4	{"metric": {"dev": {"eval_steps_per_second": 8.112}}, "step": 4}
Step:4	{"metric": {"dev": {"epoch": 4.05}}, "step": 4}
Step:4	{"metric": {"dev": {"eval_loss": 0.08310534805059433}}, "step": 4}
Step:4	{"metric": {"dev": {"eval_F1_score": 0.3322033897830125}}, "step": 4}
Step:4	{"metric": {"dev": {"eval_Precision": 0.4298245614033831}}, "step": 4}
Step:4	{"metric": {"dev": {"eval_Recall": 0.270718232044149}}, "step": 4}
Step:4	{"metric": {"dev": {"eval_Metric_time": 0.08603262901306152}}, "step": 4}
Step:4	{"metric": {"dev": {"eval_runtime": 1.1076}}, "step": 4}
Step:4	{"metric": {"dev": {"eval_samples_per_second": 993.117}}, "step": 4}
Step:4	{"metric": {"dev": {"eval_steps_per_second": 8.126}}, "step": 4}
Step:4	{"metric": {"dev": {"epoch": 4.5}}, "step": 4}
Step:4	{"metric": {"dev": {"eval_loss": 0.08295424282550812}}, "step": 4}
Step:4	{"metric": {"dev": {"eval_F1_score": 0.3546576879433366}}, "step": 4}
Step:4	{"metric": {"dev": {"eval_Precision": 0.4540229885056167}}, "step": 4}
Step:4	{"metric": {"dev": {"eval_Recall": 0.29097605893180645}}, "step": 4}
Step:4	{"metric": {"dev": {"eval_Metric_time": 0.08629441261291504}}, "step": 4}
Step:4	{"metric": {"dev": {"eval_runtime": 1.1078}}, "step": 4}
Step:4	{"metric": {"dev": {"eval_samples_per_second": 992.927}}, "step": 4}
Step:4	{"metric": {"dev": {"eval_steps_per_second": 8.124}}, "step": 4}
Step:4	{"metric": {"dev": {"epoch": 4.95}}, "step": 4}
Step:5	{"metric": {"dev": {"eval_loss": 0.08303455263376236}}, "step": 5}
Step:5	{"metric": {"dev": {"eval_F1_score": 0.37923728808664425}}, "step": 5}
Step:5	{"metric": {"dev": {"eval_Precision": 0.4463840399001381}}, "step": 5}
Step:5	{"metric": {"dev": {"eval_Recall": 0.32965009208097057}}, "step": 5}
Step:5	{"metric": {"dev": {"eval_Metric_time": 0.08696484565734863}}, "step": 5}
Step:5	{"metric": {"dev": {"eval_runtime": 1.1114}}, "step": 5}
Step:5	{"metric": {"dev": {"eval_samples_per_second": 989.722}}, "step": 5}
Step:5	{"metric": {"dev": {"eval_steps_per_second": 8.098}}, "step": 5}
Step:5	{"metric": {"dev": {"epoch": 5.4}}, "step": 5}
Step:5	{"metric": {"dev": {"eval_loss": 0.08070483803749084}}, "step": 5}
Step:5	{"metric": {"dev": {"eval_F1_score": 0.3784355179214167}}, "step": 5}
Step:5	{"metric": {"dev": {"eval_Precision": 0.4441687344912049}}, "step": 5}
Step:5	{"metric": {"dev": {"eval_Recall": 0.32965009208097057}}, "step": 5}
Step:5	{"metric": {"dev": {"eval_Metric_time": 0.08663320541381836}}, "step": 5}
Step:5	{"metric": {"dev": {"eval_runtime": 1.1095}}, "step": 5}
Step:5	{"metric": {"dev": {"eval_samples_per_second": 991.414}}, "step": 5}
Step:5	{"metric": {"dev": {"eval_steps_per_second": 8.112}}, "step": 5}
Step:5	{"metric": {"dev": {"epoch": 5.85}}, "step": 5}
Step:6	{"metric": {"dev": {"eval_loss": 0.07983652502298355}}, "step": 6}
Step:6	{"metric": {"dev": {"eval_F1_score": 0.39958158990899995}}, "step": 6}
Step:6	{"metric": {"dev": {"eval_Precision": 0.46246973365606237}}, "step": 6}
Step:6	{"metric": {"dev": {"eval_Recall": 0.35174953959477867}}, "step": 6}
Step:6	{"metric": {"dev": {"eval_Metric_time": 0.0869748592376709}}, "step": 6}
Step:6	{"metric": {"dev": {"eval_runtime": 1.1058}}, "step": 6}
Step:6	{"metric": {"dev": {"eval_samples_per_second": 994.717}}, "step": 6}
Step:6	{"metric": {"dev": {"eval_steps_per_second": 8.139}}, "step": 6}
Step:6	{"metric": {"dev": {"epoch": 6.3}}, "step": 6}
Step:6	{"metric": {"dev": {"eval_loss": 0.07762088626623154}}, "step": 6}
Step:6	{"metric": {"dev": {"eval_F1_score": 0.40824742263104324}}, "step": 6}
Step:6	{"metric": {"dev": {"eval_Precision": 0.4637002341919289}}, "step": 6}
Step:6	{"metric": {"dev": {"eval_Recall": 0.3646408839778334}}, "step": 6}
Step:6	{"metric": {"dev": {"eval_Metric_time": 0.08673572540283203}}, "step": 6}
Step:6	{"metric": {"dev": {"eval_runtime": 1.1109}}, "step": 6}
Step:6	{"metric": {"dev": {"eval_samples_per_second": 990.158}}, "step": 6}
Step:6	{"metric": {"dev": {"eval_steps_per_second": 8.101}}, "step": 6}
Step:6	{"metric": {"dev": {"epoch": 6.75}}, "step": 6}
Step:7	{"metric": {"dev": {"eval_loss": 0.0791785791516304}}, "step": 7}
Step:7	{"metric": {"dev": {"eval_F1_score": 0.3836734693382617}}, "step": 7}
Step:7	{"metric": {"dev": {"eval_Precision": 0.43020594965665215}}, "step": 7}
Step:7	{"metric": {"dev": {"eval_Recall": 0.34622467771632665}}, "step": 7}
Step:7	{"metric": {"dev": {"eval_Metric_time": 0.08794951438903809}}, "step": 7}
Step:7	{"metric": {"dev": {"eval_runtime": 1.1072}}, "step": 7}
Step:7	{"metric": {"dev": {"eval_samples_per_second": 993.53}}, "step": 7}
Step:7	{"metric": {"dev": {"eval_steps_per_second": 8.129}}, "step": 7}
Step:7	{"metric": {"dev": {"epoch": 7.2}}, "step": 7}
Step:7	{"metric": {"dev": {"eval_loss": 0.07560360431671143}}, "step": 7}
Step:7	{"metric": {"dev": {"eval_F1_score": 0.42448979586886565}}, "step": 7}
Step:7	{"metric": {"dev": {"eval_Precision": 0.4759725400456577}}, "step": 7}
Step:7	{"metric": {"dev": {"eval_Recall": 0.3830570902393401}}, "step": 7}
Step:7	{"metric": {"dev": {"eval_Metric_time": 0.08717799186706543}}, "step": 7}
Step:7	{"metric": {"dev": {"eval_runtime": 1.1086}}, "step": 7}
Step:7	{"metric": {"dev": {"eval_samples_per_second": 992.232}}, "step": 7}
Step:7	{"metric": {"dev": {"eval_steps_per_second": 8.118}}, "step": 7}
Step:7	{"metric": {"dev": {"epoch": 7.65}}, "step": 7}
Step:8	{"metric": {"dev": {"eval_loss": 0.07791692018508911}}, "step": 8}
Step:8	{"metric": {"dev": {"eval_F1_score": 0.41505595112035254}}, "step": 8}
Step:8	{"metric": {"dev": {"eval_Precision": 0.46363636363625826}}, "step": 8}
Step:8	{"metric": {"dev": {"eval_Recall": 0.3756906077347374}}, "step": 8}
Step:8	{"metric": {"dev": {"eval_Metric_time": 0.08727264404296875}}, "step": 8}
Step:8	{"metric": {"dev": {"eval_runtime": 1.1081}}, "step": 8}
Step:8	{"metric": {"dev": {"eval_samples_per_second": 992.714}}, "step": 8}
Step:8	{"metric": {"dev": {"eval_steps_per_second": 8.122}}, "step": 8}
Step:8	{"metric": {"dev": {"epoch": 8.1}}, "step": 8}
Step:8	{"metric": {"dev": {"eval_loss": 0.07694093137979507}}, "step": 8}
Step:8	{"metric": {"dev": {"eval_F1_score": 0.4331983805172058}}, "step": 8}
Step:8	{"metric": {"dev": {"eval_Precision": 0.48089887640438633}}, "step": 8}
Step:8	{"metric": {"dev": {"eval_Recall": 0.39410681399624414}}, "step": 8}
Step:8	{"metric": {"dev": {"eval_Metric_time": 0.0872812271118164}}, "step": 8}
Step:8	{"metric": {"dev": {"eval_runtime": 1.1089}}, "step": 8}
Step:8	{"metric": {"dev": {"eval_samples_per_second": 991.954}}, "step": 8}
Step:8	{"metric": {"dev": {"eval_steps_per_second": 8.116}}, "step": 8}
Step:8	{"metric": {"dev": {"epoch": 8.55}}, "step": 8}
Step:9	{"metric": {"dev": {"eval_loss": 0.07635410130023956}}, "step": 9}
Step:9	{"metric": {"dev": {"eval_F1_score": 0.42362525453295924}}, "step": 9}
Step:9	{"metric": {"dev": {"eval_Precision": 0.47380410022768255}}, "step": 9}
Step:9	{"metric": {"dev": {"eval_Recall": 0.3830570902393401}}, "step": 9}
Step:9	{"metric": {"dev": {"eval_Metric_time": 0.0867910385131836}}, "step": 9}
Step:9	{"metric": {"dev": {"eval_runtime": 1.1068}}, "step": 9}
Step:9	{"metric": {"dev": {"eval_samples_per_second": 993.888}}, "step": 9}
Step:9	{"metric": {"dev": {"eval_steps_per_second": 8.132}}, "step": 9}
Step:9	{"metric": {"dev": {"epoch": 9.0}}, "step": 9}
Step:9	{"metric": {"dev": {"eval_loss": 0.07682240754365921}}, "step": 9}
Step:9	{"metric": {"dev": {"eval_F1_score": 0.4327603639544379}}, "step": 9}
Step:9	{"metric": {"dev": {"eval_Precision": 0.479820627802583}}, "step": 9}
Step:9	{"metric": {"dev": {"eval_Recall": 0.39410681399624414}}, "step": 9}
Step:9	{"metric": {"dev": {"eval_Metric_time": 0.08687353134155273}}, "step": 9}
Step:9	{"metric": {"dev": {"eval_runtime": 1.109}}, "step": 9}
Step:9	{"metric": {"dev": {"eval_samples_per_second": 991.851}}, "step": 9}
Step:9	{"metric": {"dev": {"eval_steps_per_second": 8.115}}, "step": 9}
Step:9	{"metric": {"dev": {"epoch": 9.46}}, "step": 9}
Step:9	{"metric": {"dev": {"eval_loss": 0.07658664882183075}}, "step": 9}
Step:9	{"metric": {"dev": {"eval_F1_score": 0.44240570841123694}}, "step": 9}
Step:9	{"metric": {"dev": {"eval_Precision": 0.4954337899542248}}, "step": 9}
Step:9	{"metric": {"dev": {"eval_Recall": 0.39963167587469617}}, "step": 9}
Step:9	{"metric": {"dev": {"eval_Metric_time": 0.08692812919616699}}, "step": 9}
Step:9	{"metric": {"dev": {"eval_runtime": 1.1106}}, "step": 9}
Step:9	{"metric": {"dev": {"eval_samples_per_second": 990.488}}, "step": 9}
Step:9	{"metric": {"dev": {"eval_steps_per_second": 8.104}}, "step": 9}
Step:9	{"metric": {"dev": {"epoch": 9.91}}, "step": 9}
