Step:0	{"metric": {"dev": {"eval_loss": 0.21295864880084991}}, "step": 0}
Step:0	{"metric": {"dev": {"eval_F1_score": 0.02945508096942875}}, "step": 0}
Step:0	{"metric": {"dev": {"eval_Precision": 0.07352941176465182}}, "step": 0}
Step:0	{"metric": {"dev": {"eval_Recall": 0.018416206261506737}}, "step": 0}
Step:0	{"metric": {"dev": {"eval_Metric_time": 0.08448982238769531}}, "step": 0}
Step:0	{"metric": {"dev": {"eval_runtime": 1.1279}}, "step": 0}
Step:0	{"metric": {"dev": {"eval_samples_per_second": 975.244}}, "step": 0}
Step:0	{"metric": {"dev": {"eval_steps_per_second": 7.979}}, "step": 0}
Step:0	{"metric": {"dev": {"epoch": 0.9}}, "step": 0}
Step:1	{"metric": {"dev": {"eval_loss": 0.13175928592681885}}, "step": 1}
Step:1	{"metric": {"dev": {"eval_F1_score": 0.08132530117499047}}, "step": 1}
Step:1	{"metric": {"dev": {"eval_Precision": 0.22314049586758417}}, "step": 1}
Step:1	{"metric": {"dev": {"eval_Recall": 0.04972375690606819}}, "step": 1}
Step:1	{"metric": {"dev": {"eval_Metric_time": 0.08386039733886719}}, "step": 1}
Step:1	{"metric": {"dev": {"eval_runtime": 1.1264}}, "step": 1}
Step:1	{"metric": {"dev": {"eval_samples_per_second": 976.553}}, "step": 1}
Step:1	{"metric": {"dev": {"eval_steps_per_second": 7.99}}, "step": 1}
Step:1	{"metric": {"dev": {"epoch": 1.8}}, "step": 1}
Step:2	{"metric": {"dev": {"eval_loss": 0.11943820118904114}}, "step": 2}
Step:2	{"metric": {"dev": {"eval_F1_score": 0.13838120100307624}}, "step": 2}
Step:2	{"metric": {"dev": {"eval_Precision": 0.23766816143487102}}, "step": 2}
Step:2	{"metric": {"dev": {"eval_Recall": 0.0976058931859857}}, "step": 2}
Step:2	{"metric": {"dev": {"eval_Metric_time": 0.08452796936035156}}, "step": 2}
Step:2	{"metric": {"dev": {"eval_runtime": 1.128}}, "step": 2}
Step:2	{"metric": {"dev": {"eval_samples_per_second": 975.137}}, "step": 2}
Step:2	{"metric": {"dev": {"eval_steps_per_second": 7.978}}, "step": 2}
Step:2	{"metric": {"dev": {"epoch": 2.7}}, "step": 2}
Step:3	{"metric": {"dev": {"eval_loss": 0.10675015300512314}}, "step": 3}
Step:3	{"metric": {"dev": {"eval_F1_score": 0.22058823524953772}}, "step": 3}
Step:3	{"metric": {"dev": {"eval_Precision": 0.32967032967020893}}, "step": 3}
Step:3	{"metric": {"dev": {"eval_Recall": 0.16574585635356062}}, "step": 3}
Step:3	{"metric": {"dev": {"eval_Metric_time": 0.08505678176879883}}, "step": 3}
Step:3	{"metric": {"dev": {"eval_runtime": 1.131}}, "step": 3}
Step:3	{"metric": {"dev": {"eval_samples_per_second": 972.622}}, "step": 3}
Step:3	{"metric": {"dev": {"eval_steps_per_second": 7.958}}, "step": 3}
Step:3	{"metric": {"dev": {"epoch": 3.6}}, "step": 3}
Step:4	{"metric": {"dev": {"eval_loss": 0.09144487977027893}}, "step": 4}
Step:4	{"metric": {"dev": {"eval_F1_score": 0.2870928829462922}}, "step": 4}
Step:4	{"metric": {"dev": {"eval_Precision": 0.4160839160837706}}, "step": 4}
Step:4	{"metric": {"dev": {"eval_Recall": 0.21915285451193015}}, "step": 4}
Step:4	{"metric": {"dev": {"eval_Metric_time": 0.08538484573364258}}, "step": 4}
Step:4	{"metric": {"dev": {"eval_runtime": 1.1267}}, "step": 4}
Step:4	{"metric": {"dev": {"eval_samples_per_second": 976.294}}, "step": 4}
Step:4	{"metric": {"dev": {"eval_steps_per_second": 7.988}}, "step": 4}
Step:4	{"metric": {"dev": {"epoch": 4.5}}, "step": 4}
Step:5	{"metric": {"dev": {"eval_loss": 0.08820689469575882}}, "step": 5}
Step:5	{"metric": {"dev": {"eval_F1_score": 0.35205183580454846}}, "step": 5}
Step:5	{"metric": {"dev": {"eval_Precision": 0.42558746736281317}}, "step": 5}
Step:5	{"metric": {"dev": {"eval_Recall": 0.30018416206255977}}, "step": 5}
Step:5	{"metric": {"dev": {"eval_Metric_time": 0.08617424964904785}}, "step": 5}
Step:5	{"metric": {"dev": {"eval_runtime": 1.1266}}, "step": 5}
Step:5	{"metric": {"dev": {"eval_samples_per_second": 976.384}}, "step": 5}
Step:5	{"metric": {"dev": {"eval_steps_per_second": 7.989}}, "step": 5}
Step:5	{"metric": {"dev": {"epoch": 5.4}}, "step": 5}
Step:6	{"metric": {"dev": {"eval_loss": 0.07977380603551865}}, "step": 6}
Step:6	{"metric": {"dev": {"eval_F1_score": 0.392405063242116}}, "step": 6}
Step:6	{"metric": {"dev": {"eval_Precision": 0.4592592592591459}}, "step": 6}
Step:6	{"metric": {"dev": {"eval_Recall": 0.3425414364640253}}, "step": 6}
Step:6	{"metric": {"dev": {"eval_Metric_time": 0.08644437789916992}}, "step": 6}
Step:6	{"metric": {"dev": {"eval_runtime": 1.1362}}, "step": 6}
Step:6	{"metric": {"dev": {"eval_samples_per_second": 968.107}}, "step": 6}
Step:6	{"metric": {"dev": {"eval_steps_per_second": 7.921}}, "step": 6}
Step:6	{"metric": {"dev": {"epoch": 6.3}}, "step": 6}
Step:7	{"metric": {"dev": {"eval_loss": 0.07793833315372467}}, "step": 7}
Step:7	{"metric": {"dev": {"eval_F1_score": 0.4020512820018476}}, "step": 7}
Step:7	{"metric": {"dev": {"eval_Precision": 0.4537037037035987}}, "step": 7}
Step:7	{"metric": {"dev": {"eval_Recall": 0.36095764272553205}}, "step": 7}
Step:7	{"metric": {"dev": {"eval_Metric_time": 0.08638262748718262}}, "step": 7}
Step:7	{"metric": {"dev": {"eval_runtime": 1.1284}}, "step": 7}
Step:7	{"metric": {"dev": {"eval_samples_per_second": 974.872}}, "step": 7}
Step:7	{"metric": {"dev": {"eval_steps_per_second": 7.976}}, "step": 7}
Step:7	{"metric": {"dev": {"epoch": 7.2}}, "step": 7}
Step:8	{"metric": {"dev": {"eval_loss": 0.07505114376544952}}, "step": 8}
Step:8	{"metric": {"dev": {"eval_F1_score": 0.4406091370062738}}, "step": 8}
Step:8	{"metric": {"dev": {"eval_Precision": 0.49095022624423285}}, "step": 8}
Step:8	{"metric": {"dev": {"eval_Recall": 0.39963167587469617}}, "step": 8}
Step:8	{"metric": {"dev": {"eval_Metric_time": 0.08631587028503418}}, "step": 8}
Step:8	{"metric": {"dev": {"eval_runtime": 1.1341}}, "step": 8}
Step:8	{"metric": {"dev": {"eval_samples_per_second": 969.942}}, "step": 8}
Step:8	{"metric": {"dev": {"eval_steps_per_second": 7.936}}, "step": 8}
Step:8	{"metric": {"dev": {"epoch": 8.1}}, "step": 8}
Step:9	{"metric": {"dev": {"eval_loss": 0.07170114666223526}}, "step": 9}
Step:9	{"metric": {"dev": {"eval_F1_score": 0.4541751526999591}}, "step": 9}
Step:9	{"metric": {"dev": {"eval_Precision": 0.507972665147948}}, "step": 9}
Step:9	{"metric": {"dev": {"eval_Recall": 0.4106813996316002}}, "step": 9}
Step:9	{"metric": {"dev": {"eval_Metric_time": 0.08588171005249023}}, "step": 9}
Step:9	{"metric": {"dev": {"eval_runtime": 1.1234}}, "step": 9}
Step:9	{"metric": {"dev": {"eval_samples_per_second": 979.176}}, "step": 9}
Step:9	{"metric": {"dev": {"eval_steps_per_second": 8.011}}, "step": 9}
Step:9	{"metric": {"dev": {"epoch": 9.0}}, "step": 9}
Step:9	{"metric": {"dev": {"eval_loss": 0.07268527150154114}}, "step": 9}
Step:9	{"metric": {"dev": {"eval_F1_score": 0.4547283701716648}}, "step": 9}
Step:9	{"metric": {"dev": {"eval_Precision": 0.5011086474499997}}, "step": 9}
Step:9	{"metric": {"dev": {"eval_Recall": 0.41620626151005224}}, "step": 9}
Step:9	{"metric": {"dev": {"eval_Metric_time": 0.08547329902648926}}, "step": 9}
Step:9	{"metric": {"dev": {"eval_runtime": 1.1265}}, "step": 9}
Step:9	{"metric": {"dev": {"eval_samples_per_second": 976.498}}, "step": 9}
Step:9	{"metric": {"dev": {"eval_steps_per_second": 7.99}}, "step": 9}
Step:9	{"metric": {"dev": {"epoch": 9.91}}, "step": 9}
