Step:0	{"metric": {"dev": {"eval_loss": 0.20847757160663605}}, "step": 0}
Step:0	{"metric": {"dev": {"eval_F1_score": 0.04107424958042372}}, "step": 0}
Step:0	{"metric": {"dev": {"eval_Precision": 0.14285714285698586}}, "step": 0}
Step:0	{"metric": {"dev": {"eval_Recall": 0.023985239852394098}}, "step": 0}
Step:0	{"metric": {"dev": {"eval_Metric_time": 0.06683087348937988}}, "step": 0}
Step:0	{"metric": {"dev": {"eval_runtime": 1.1914}}, "step": 0}
Step:0	{"metric": {"dev": {"eval_samples_per_second": 923.307}}, "step": 0}
Step:0	{"metric": {"dev": {"eval_steps_per_second": 7.554}}, "step": 0}
Step:0	{"metric": {"dev": {"epoch": 0.9}}, "step": 0}
Step:1	{"metric": {"dev": {"eval_loss": 0.13537834584712982}}, "step": 1}
Step:1	{"metric": {"dev": {"eval_F1_score": 0.06779661013357433}}, "step": 1}
Step:1	{"metric": {"dev": {"eval_Precision": 0.14457831325292497}}, "step": 1}
Step:1	{"metric": {"dev": {"eval_Recall": 0.044280442804419874}}, "step": 1}
Step:1	{"metric": {"dev": {"eval_Metric_time": 0.06712913513183594}}, "step": 1}
Step:1	{"metric": {"dev": {"eval_runtime": 1.1824}}, "step": 1}
Step:1	{"metric": {"dev": {"eval_samples_per_second": 930.324}}, "step": 1}
Step:1	{"metric": {"dev": {"eval_steps_per_second": 7.612}}, "step": 1}
Step:1	{"metric": {"dev": {"epoch": 1.8}}, "step": 1}
Step:2	{"metric": {"dev": {"eval_loss": 0.11569066345691681}}, "step": 2}
Step:2	{"metric": {"dev": {"eval_F1_score": 0.11813186809379225}}, "step": 2}
Step:2	{"metric": {"dev": {"eval_Precision": 0.23118279569880046}}, "step": 2}
Step:2	{"metric": {"dev": {"eval_Recall": 0.07933579335791893}}, "step": 2}
Step:2	{"metric": {"dev": {"eval_Metric_time": 0.06432008743286133}}, "step": 2}
Step:2	{"metric": {"dev": {"eval_runtime": 1.1911}}, "step": 2}
Step:2	{"metric": {"dev": {"eval_samples_per_second": 923.494}}, "step": 2}
Step:2	{"metric": {"dev": {"eval_steps_per_second": 7.556}}, "step": 2}
Step:2	{"metric": {"dev": {"epoch": 2.7}}, "step": 2}
