Step:0	{"metric": {"dev": {"eval_loss": 4.211733818054199}}, "step": 0}
Step:0	{"metric": {"dev": {"eval_F1_score": 0.0}}, "step": 0}
Step:0	{"metric": {"dev": {"eval_Precision": 0.0}}, "step": 0}
Step:0	{"metric": {"dev": {"eval_Recall": 0.0}}, "step": 0}
Step:0	{"metric": {"dev": {"eval_Metric_time": 0.0849754810333252}}, "step": 0}
Step:0	{"metric": {"dev": {"eval_runtime": 1.4044}}, "step": 0}
Step:0	{"metric": {"dev": {"eval_samples_per_second": 783.261}}, "step": 0}
Step:0	{"metric": {"dev": {"eval_steps_per_second": 6.409}}, "step": 0}
Step:0	{"metric": {"dev": {"epoch": 0.45}}, "step": 0}
Step:0	{"metric": {"dev": {"eval_loss": 4.1511006355285645}}, "step": 0}
Step:0	{"metric": {"dev": {"eval_F1_score": 0.0}}, "step": 0}
Step:0	{"metric": {"dev": {"eval_Precision": 0.0}}, "step": 0}
Step:0	{"metric": {"dev": {"eval_Recall": 0.0}}, "step": 0}
Step:0	{"metric": {"dev": {"eval_Metric_time": 0.08478522300720215}}, "step": 0}
Step:0	{"metric": {"dev": {"eval_runtime": 1.2609}}, "step": 0}
Step:0	{"metric": {"dev": {"eval_samples_per_second": 872.4}}, "step": 0}
Step:0	{"metric": {"dev": {"eval_steps_per_second": 7.138}}, "step": 0}
Step:0	{"metric": {"dev": {"epoch": 0.9}}, "step": 0}
Step:1	{"metric": {"dev": {"eval_loss": 4.089203834533691}}, "step": 1}
Step:1	{"metric": {"dev": {"eval_F1_score": 0.0}}, "step": 1}
Step:1	{"metric": {"dev": {"eval_Precision": 0.0}}, "step": 1}
Step:1	{"metric": {"dev": {"eval_Recall": 0.0}}, "step": 1}
Step:1	{"metric": {"dev": {"eval_Metric_time": 0.08541369438171387}}, "step": 1}
Step:1	{"metric": {"dev": {"eval_runtime": 1.3106}}, "step": 1}
Step:1	{"metric": {"dev": {"eval_samples_per_second": 839.29}}, "step": 1}
Step:1	{"metric": {"dev": {"eval_steps_per_second": 6.867}}, "step": 1}
Step:1	{"metric": {"dev": {"epoch": 1.35}}, "step": 1}
Step:1	{"metric": {"dev": {"eval_loss": 4.027543544769287}}, "step": 1}
Step:1	{"metric": {"dev": {"eval_F1_score": 0.0}}, "step": 1}
Step:1	{"metric": {"dev": {"eval_Precision": 0.0}}, "step": 1}
Step:1	{"metric": {"dev": {"eval_Recall": 0.0}}, "step": 1}
Step:1	{"metric": {"dev": {"eval_Metric_time": 0.08472895622253418}}, "step": 1}
Step:1	{"metric": {"dev": {"eval_runtime": 1.2689}}, "step": 1}
Step:1	{"metric": {"dev": {"eval_samples_per_second": 866.863}}, "step": 1}
Step:1	{"metric": {"dev": {"eval_steps_per_second": 7.093}}, "step": 1}
Step:1	{"metric": {"dev": {"epoch": 1.8}}, "step": 1}
Step:2	{"metric": {"dev": {"eval_loss": 4.0019636154174805}}, "step": 2}
Step:2	{"metric": {"dev": {"eval_F1_score": 0.0}}, "step": 2}
Step:2	{"metric": {"dev": {"eval_Precision": 0.0}}, "step": 2}
Step:2	{"metric": {"dev": {"eval_Recall": 0.0}}, "step": 2}
Step:2	{"metric": {"dev": {"eval_Metric_time": 0.09064483642578125}}, "step": 2}
Step:2	{"metric": {"dev": {"eval_runtime": 1.2685}}, "step": 2}
Step:2	{"metric": {"dev": {"eval_samples_per_second": 867.168}}, "step": 2}
Step:2	{"metric": {"dev": {"eval_steps_per_second": 7.095}}, "step": 2}
Step:2	{"metric": {"dev": {"epoch": 2.25}}, "step": 2}
Step:2	{"metric": {"dev": {"eval_loss": 3.9624440670013428}}, "step": 2}
Step:2	{"metric": {"dev": {"eval_F1_score": 0.0}}, "step": 2}
Step:2	{"metric": {"dev": {"eval_Precision": 0.0}}, "step": 2}
Step:2	{"metric": {"dev": {"eval_Recall": 0.0}}, "step": 2}
Step:2	{"metric": {"dev": {"eval_Metric_time": 0.08510661125183105}}, "step": 2}
Step:2	{"metric": {"dev": {"eval_runtime": 1.275}}, "step": 2}
Step:2	{"metric": {"dev": {"eval_samples_per_second": 862.715}}, "step": 2}
Step:2	{"metric": {"dev": {"eval_steps_per_second": 7.059}}, "step": 2}
Step:2	{"metric": {"dev": {"epoch": 2.7}}, "step": 2}
Step:3	{"metric": {"dev": {"eval_loss": 3.8917782306671143}}, "step": 3}
Step:3	{"metric": {"dev": {"eval_F1_score": 0.0}}, "step": 3}
Step:3	{"metric": {"dev": {"eval_Precision": 0.0}}, "step": 3}
Step:3	{"metric": {"dev": {"eval_Recall": 0.0}}, "step": 3}
Step:3	{"metric": {"dev": {"eval_Metric_time": 0.08508729934692383}}, "step": 3}
Step:3	{"metric": {"dev": {"eval_runtime": 1.2747}}, "step": 3}
Step:3	{"metric": {"dev": {"eval_samples_per_second": 862.935}}, "step": 3}
Step:3	{"metric": {"dev": {"eval_steps_per_second": 7.06}}, "step": 3}
Step:3	{"metric": {"dev": {"epoch": 3.15}}, "step": 3}
Step:3	{"metric": {"dev": {"eval_loss": 3.8319272994995117}}, "step": 3}
Step:3	{"metric": {"dev": {"eval_F1_score": 0.0}}, "step": 3}
Step:3	{"metric": {"dev": {"eval_Precision": 0.0}}, "step": 3}
Step:3	{"metric": {"dev": {"eval_Recall": 0.0}}, "step": 3}
Step:3	{"metric": {"dev": {"eval_Metric_time": 0.08448576927185059}}, "step": 3}
Step:3	{"metric": {"dev": {"eval_runtime": 1.2942}}, "step": 3}
Step:3	{"metric": {"dev": {"eval_samples_per_second": 849.972}}, "step": 3}
Step:3	{"metric": {"dev": {"eval_steps_per_second": 6.954}}, "step": 3}
Step:3	{"metric": {"dev": {"epoch": 3.6}}, "step": 3}
Step:4	{"metric": {"dev": {"eval_loss": 3.674808979034424}}, "step": 4}
Step:4	{"metric": {"dev": {"eval_F1_score": 0.0}}, "step": 4}
Step:4	{"metric": {"dev": {"eval_Precision": 0.0}}, "step": 4}
Step:4	{"metric": {"dev": {"eval_Recall": 0.0}}, "step": 4}
Step:4	{"metric": {"dev": {"eval_Metric_time": 0.08565831184387207}}, "step": 4}
Step:4	{"metric": {"dev": {"eval_runtime": 1.3002}}, "step": 4}
Step:4	{"metric": {"dev": {"eval_samples_per_second": 846.042}}, "step": 4}
Step:4	{"metric": {"dev": {"eval_steps_per_second": 6.922}}, "step": 4}
Step:4	{"metric": {"dev": {"epoch": 4.05}}, "step": 4}
Step:4	{"metric": {"dev": {"eval_loss": 3.669757127761841}}, "step": 4}
Step:4	{"metric": {"dev": {"eval_F1_score": 0.0}}, "step": 4}
Step:4	{"metric": {"dev": {"eval_Precision": 0.0}}, "step": 4}
Step:4	{"metric": {"dev": {"eval_Recall": 0.0}}, "step": 4}
Step:4	{"metric": {"dev": {"eval_Metric_time": 0.08502030372619629}}, "step": 4}
Step:4	{"metric": {"dev": {"eval_runtime": 1.2966}}, "step": 4}
Step:4	{"metric": {"dev": {"eval_samples_per_second": 848.365}}, "step": 4}
Step:4	{"metric": {"dev": {"eval_steps_per_second": 6.941}}, "step": 4}
Step:4	{"metric": {"dev": {"epoch": 4.5}}, "step": 4}
Step:4	{"metric": {"dev": {"eval_loss": 3.6938605308532715}}, "step": 4}
Step:4	{"metric": {"dev": {"eval_F1_score": 0.0}}, "step": 4}
Step:4	{"metric": {"dev": {"eval_Precision": 0.0}}, "step": 4}
Step:4	{"metric": {"dev": {"eval_Recall": 0.0}}, "step": 4}
Step:4	{"metric": {"dev": {"eval_Metric_time": 0.08431887626647949}}, "step": 4}
Step:4	{"metric": {"dev": {"eval_runtime": 1.2708}}, "step": 4}
Step:4	{"metric": {"dev": {"eval_samples_per_second": 865.614}}, "step": 4}
Step:4	{"metric": {"dev": {"eval_steps_per_second": 7.082}}, "step": 4}
Step:4	{"metric": {"dev": {"epoch": 4.95}}, "step": 4}
Step:5	{"metric": {"dev": {"eval_loss": 3.616084337234497}}, "step": 5}
Step:5	{"metric": {"dev": {"eval_F1_score": 0.0}}, "step": 5}
Step:5	{"metric": {"dev": {"eval_Precision": 0.0}}, "step": 5}
Step:5	{"metric": {"dev": {"eval_Recall": 0.0}}, "step": 5}
Step:5	{"metric": {"dev": {"eval_Metric_time": 0.0853581428527832}}, "step": 5}
Step:5	{"metric": {"dev": {"eval_runtime": 1.2928}}, "step": 5}
Step:5	{"metric": {"dev": {"eval_samples_per_second": 850.885}}, "step": 5}
Step:5	{"metric": {"dev": {"eval_steps_per_second": 6.962}}, "step": 5}
Step:5	{"metric": {"dev": {"epoch": 5.4}}, "step": 5}
Step:5	{"metric": {"dev": {"eval_loss": 3.5707921981811523}}, "step": 5}
Step:5	{"metric": {"dev": {"eval_F1_score": 0.0}}, "step": 5}
Step:5	{"metric": {"dev": {"eval_Precision": 0.0}}, "step": 5}
Step:5	{"metric": {"dev": {"eval_Recall": 0.0}}, "step": 5}
Step:5	{"metric": {"dev": {"eval_Metric_time": 0.08574104309082031}}, "step": 5}
Step:5	{"metric": {"dev": {"eval_runtime": 1.2774}}, "step": 5}
Step:5	{"metric": {"dev": {"eval_samples_per_second": 861.091}}, "step": 5}
Step:5	{"metric": {"dev": {"eval_steps_per_second": 7.045}}, "step": 5}
Step:5	{"metric": {"dev": {"epoch": 5.85}}, "step": 5}
Step:6	{"metric": {"dev": {"eval_loss": 3.5056192874908447}}, "step": 6}
Step:6	{"metric": {"dev": {"eval_F1_score": 0.0}}, "step": 6}
Step:6	{"metric": {"dev": {"eval_Precision": 0.0}}, "step": 6}
Step:6	{"metric": {"dev": {"eval_Recall": 0.0}}, "step": 6}
Step:6	{"metric": {"dev": {"eval_Metric_time": 0.08520078659057617}}, "step": 6}
Step:6	{"metric": {"dev": {"eval_runtime": 1.3008}}, "step": 6}
Step:6	{"metric": {"dev": {"eval_samples_per_second": 845.61}}, "step": 6}
Step:6	{"metric": {"dev": {"eval_steps_per_second": 6.919}}, "step": 6}
Step:6	{"metric": {"dev": {"epoch": 6.3}}, "step": 6}
Step:6	{"metric": {"dev": {"eval_loss": 3.4162464141845703}}, "step": 6}
Step:6	{"metric": {"dev": {"eval_F1_score": 0.0}}, "step": 6}
Step:6	{"metric": {"dev": {"eval_Precision": 0.0}}, "step": 6}
Step:6	{"metric": {"dev": {"eval_Recall": 0.0}}, "step": 6}
Step:6	{"metric": {"dev": {"eval_Metric_time": 0.08511686325073242}}, "step": 6}
Step:6	{"metric": {"dev": {"eval_runtime": 1.2923}}, "step": 6}
Step:6	{"metric": {"dev": {"eval_samples_per_second": 851.222}}, "step": 6}
Step:6	{"metric": {"dev": {"eval_steps_per_second": 6.965}}, "step": 6}
Step:6	{"metric": {"dev": {"epoch": 6.75}}, "step": 6}
Step:7	{"metric": {"dev": {"eval_loss": 3.3917925357818604}}, "step": 7}
Step:7	{"metric": {"dev": {"eval_F1_score": 0.0}}, "step": 7}
Step:7	{"metric": {"dev": {"eval_Precision": 0.0}}, "step": 7}
Step:7	{"metric": {"dev": {"eval_Recall": 0.0}}, "step": 7}
Step:7	{"metric": {"dev": {"eval_Metric_time": 0.08539772033691406}}, "step": 7}
Step:7	{"metric": {"dev": {"eval_runtime": 1.3113}}, "step": 7}
Step:7	{"metric": {"dev": {"eval_samples_per_second": 838.878}}, "step": 7}
Step:7	{"metric": {"dev": {"eval_steps_per_second": 6.864}}, "step": 7}
Step:7	{"metric": {"dev": {"epoch": 7.2}}, "step": 7}
Step:7	{"metric": {"dev": {"eval_loss": 3.3927152156829834}}, "step": 7}
Step:7	{"metric": {"dev": {"eval_F1_score": 0.0}}, "step": 7}
Step:7	{"metric": {"dev": {"eval_Precision": 0.0}}, "step": 7}
Step:7	{"metric": {"dev": {"eval_Recall": 0.0}}, "step": 7}
Step:7	{"metric": {"dev": {"eval_Metric_time": 0.08566665649414062}}, "step": 7}
Step:7	{"metric": {"dev": {"eval_runtime": 1.287}}, "step": 7}
Step:7	{"metric": {"dev": {"eval_samples_per_second": 854.678}}, "step": 7}
Step:7	{"metric": {"dev": {"eval_steps_per_second": 6.993}}, "step": 7}
Step:7	{"metric": {"dev": {"epoch": 7.65}}, "step": 7}
Step:8	{"metric": {"dev": {"eval_loss": 3.28934383392334}}, "step": 8}
Step:8	{"metric": {"dev": {"eval_F1_score": 0.0}}, "step": 8}
Step:8	{"metric": {"dev": {"eval_Precision": 0.0}}, "step": 8}
Step:8	{"metric": {"dev": {"eval_Recall": 0.0}}, "step": 8}
Step:8	{"metric": {"dev": {"eval_Metric_time": 0.08654928207397461}}, "step": 8}
Step:8	{"metric": {"dev": {"eval_runtime": 1.2736}}, "step": 8}
Step:8	{"metric": {"dev": {"eval_samples_per_second": 863.676}}, "step": 8}
Step:8	{"metric": {"dev": {"eval_steps_per_second": 7.066}}, "step": 8}
Step:8	{"metric": {"dev": {"epoch": 8.1}}, "step": 8}
Step:8	{"metric": {"dev": {"eval_loss": 3.2985587120056152}}, "step": 8}
Step:8	{"metric": {"dev": {"eval_F1_score": 0.0}}, "step": 8}
Step:8	{"metric": {"dev": {"eval_Precision": 0.0}}, "step": 8}
Step:8	{"metric": {"dev": {"eval_Recall": 0.0}}, "step": 8}
Step:8	{"metric": {"dev": {"eval_Metric_time": 0.08569526672363281}}, "step": 8}
Step:8	{"metric": {"dev": {"eval_runtime": 1.3116}}, "step": 8}
Step:8	{"metric": {"dev": {"eval_samples_per_second": 838.641}}, "step": 8}
Step:8	{"metric": {"dev": {"eval_steps_per_second": 6.862}}, "step": 8}
Step:8	{"metric": {"dev": {"epoch": 8.55}}, "step": 8}
Step:9	{"metric": {"dev": {"eval_loss": 3.2888784408569336}}, "step": 9}
Step:9	{"metric": {"dev": {"eval_F1_score": 0.0}}, "step": 9}
Step:9	{"metric": {"dev": {"eval_Precision": 0.0}}, "step": 9}
Step:9	{"metric": {"dev": {"eval_Recall": 0.0}}, "step": 9}
Step:9	{"metric": {"dev": {"eval_Metric_time": 0.08618688583374023}}, "step": 9}
Step:9	{"metric": {"dev": {"eval_runtime": 1.2834}}, "step": 9}
Step:9	{"metric": {"dev": {"eval_samples_per_second": 857.129}}, "step": 9}
Step:9	{"metric": {"dev": {"eval_steps_per_second": 7.013}}, "step": 9}
Step:9	{"metric": {"dev": {"epoch": 9.0}}, "step": 9}
Step:9	{"metric": {"dev": {"eval_loss": 3.3102543354034424}}, "step": 9}
Step:9	{"metric": {"dev": {"eval_F1_score": 0.0}}, "step": 9}
Step:9	{"metric": {"dev": {"eval_Precision": 0.0}}, "step": 9}
Step:9	{"metric": {"dev": {"eval_Recall": 0.0}}, "step": 9}
Step:9	{"metric": {"dev": {"eval_Metric_time": 0.08016180992126465}}, "step": 9}
Step:9	{"metric": {"dev": {"eval_runtime": 1.2964}}, "step": 9}
Step:9	{"metric": {"dev": {"eval_samples_per_second": 848.518}}, "step": 9}
Step:9	{"metric": {"dev": {"eval_steps_per_second": 6.942}}, "step": 9}
Step:9	{"metric": {"dev": {"epoch": 9.46}}, "step": 9}
Step:9	{"metric": {"dev": {"eval_loss": 3.3040735721588135}}, "step": 9}
Step:9	{"metric": {"dev": {"eval_F1_score": 0.0}}, "step": 9}
Step:9	{"metric": {"dev": {"eval_Precision": 0.0}}, "step": 9}
Step:9	{"metric": {"dev": {"eval_Recall": 0.0}}, "step": 9}
Step:9	{"metric": {"dev": {"eval_Metric_time": 0.08553194999694824}}, "step": 9}
Step:9	{"metric": {"dev": {"eval_runtime": 1.2782}}, "step": 9}
Step:9	{"metric": {"dev": {"eval_samples_per_second": 860.581}}, "step": 9}
Step:9	{"metric": {"dev": {"eval_steps_per_second": 7.041}}, "step": 9}
Step:9	{"metric": {"dev": {"epoch": 9.91}}, "step": 9}
