Step:0	{"metric": {"dev": {"eval_loss": 8.077590942382812}}, "step": 0}
Step:0	{"metric": {"dev": {"eval_F1_score": 0.0}}, "step": 0}
Step:0	{"metric": {"dev": {"eval_Precision": 0.0}}, "step": 0}
Step:0	{"metric": {"dev": {"eval_Recall": 0.0}}, "step": 0}
Step:0	{"metric": {"dev": {"eval_Metric_time": 0.0882711410522461}}, "step": 0}
Step:0	{"metric": {"dev": {"eval_runtime": 1.3278}}, "step": 0}
Step:0	{"metric": {"dev": {"eval_samples_per_second": 828.421}}, "step": 0}
Step:0	{"metric": {"dev": {"eval_steps_per_second": 9.037}}, "step": 0}
Step:0	{"metric": {"dev": {"epoch": 0.34}}, "step": 0}
Step:0	{"metric": {"dev": {"eval_loss": 7.274417400360107}}, "step": 0}
Step:0	{"metric": {"dev": {"eval_F1_score": 0.0}}, "step": 0}
Step:0	{"metric": {"dev": {"eval_Precision": 0.0}}, "step": 0}
Step:0	{"metric": {"dev": {"eval_Recall": 0.0}}, "step": 0}
Step:0	{"metric": {"dev": {"eval_Metric_time": 0.08067607879638672}}, "step": 0}
Step:0	{"metric": {"dev": {"eval_runtime": 1.2853}}, "step": 0}
Step:0	{"metric": {"dev": {"eval_samples_per_second": 855.842}}, "step": 0}
Step:0	{"metric": {"dev": {"eval_steps_per_second": 9.336}}, "step": 0}
Step:0	{"metric": {"dev": {"epoch": 0.68}}, "step": 0}
Step:1	{"metric": {"dev": {"eval_loss": 7.277032375335693}}, "step": 1}
Step:1	{"metric": {"dev": {"eval_F1_score": 0.0}}, "step": 1}
Step:1	{"metric": {"dev": {"eval_Precision": 0.0}}, "step": 1}
Step:1	{"metric": {"dev": {"eval_Recall": 0.0}}, "step": 1}
Step:1	{"metric": {"dev": {"eval_Metric_time": 0.08093810081481934}}, "step": 1}
Step:1	{"metric": {"dev": {"eval_runtime": 1.2824}}, "step": 1}
Step:1	{"metric": {"dev": {"eval_samples_per_second": 857.795}}, "step": 1}
Step:1	{"metric": {"dev": {"eval_steps_per_second": 9.358}}, "step": 1}
Step:1	{"metric": {"dev": {"epoch": 1.01}}, "step": 1}
Step:1	{"metric": {"dev": {"eval_loss": 7.276589870452881}}, "step": 1}
Step:1	{"metric": {"dev": {"eval_F1_score": 0.0}}, "step": 1}
Step:1	{"metric": {"dev": {"eval_Precision": 0.0}}, "step": 1}
Step:1	{"metric": {"dev": {"eval_Recall": 0.0}}, "step": 1}
Step:1	{"metric": {"dev": {"eval_Metric_time": 0.08066248893737793}}, "step": 1}
Step:1	{"metric": {"dev": {"eval_runtime": 1.2948}}, "step": 1}
Step:1	{"metric": {"dev": {"eval_samples_per_second": 849.567}}, "step": 1}
Step:1	{"metric": {"dev": {"eval_steps_per_second": 9.268}}, "step": 1}
Step:1	{"metric": {"dev": {"epoch": 1.35}}, "step": 1}
Step:1	{"metric": {"dev": {"eval_loss": 7.273907661437988}}, "step": 1}
Step:1	{"metric": {"dev": {"eval_F1_score": 0.0}}, "step": 1}
Step:1	{"metric": {"dev": {"eval_Precision": 0.0}}, "step": 1}
Step:1	{"metric": {"dev": {"eval_Recall": 0.0}}, "step": 1}
Step:1	{"metric": {"dev": {"eval_Metric_time": 0.08023738861083984}}, "step": 1}
Step:1	{"metric": {"dev": {"eval_runtime": 1.291}}, "step": 1}
Step:1	{"metric": {"dev": {"eval_samples_per_second": 852.025}}, "step": 1}
Step:1	{"metric": {"dev": {"eval_steps_per_second": 9.295}}, "step": 1}
Step:1	{"metric": {"dev": {"epoch": 1.69}}, "step": 1}
Step:2	{"metric": {"dev": {"eval_loss": 7.272665500640869}}, "step": 2}
Step:2	{"metric": {"dev": {"eval_F1_score": 0.0}}, "step": 2}
Step:2	{"metric": {"dev": {"eval_Precision": 0.0}}, "step": 2}
Step:2	{"metric": {"dev": {"eval_Recall": 0.0}}, "step": 2}
Step:2	{"metric": {"dev": {"eval_Metric_time": 0.08046936988830566}}, "step": 2}
Step:2	{"metric": {"dev": {"eval_runtime": 1.2985}}, "step": 2}
Step:2	{"metric": {"dev": {"eval_samples_per_second": 847.141}}, "step": 2}
Step:2	{"metric": {"dev": {"eval_steps_per_second": 9.242}}, "step": 2}
Step:2	{"metric": {"dev": {"epoch": 2.03}}, "step": 2}
Step:2	{"metric": {"dev": {"eval_loss": 7.27220344543457}}, "step": 2}
Step:2	{"metric": {"dev": {"eval_F1_score": 0.0}}, "step": 2}
Step:2	{"metric": {"dev": {"eval_Precision": 0.0}}, "step": 2}
Step:2	{"metric": {"dev": {"eval_Recall": 0.0}}, "step": 2}
Step:2	{"metric": {"dev": {"eval_Metric_time": 0.08003735542297363}}, "step": 2}
Step:2	{"metric": {"dev": {"eval_runtime": 1.299}}, "step": 2}
Step:2	{"metric": {"dev": {"eval_samples_per_second": 846.781}}, "step": 2}
Step:2	{"metric": {"dev": {"eval_steps_per_second": 9.238}}, "step": 2}
Step:2	{"metric": {"dev": {"epoch": 2.36}}, "step": 2}
Step:2	{"metric": {"dev": {"eval_loss": 7.27194881439209}}, "step": 2}
Step:2	{"metric": {"dev": {"eval_F1_score": 0.0}}, "step": 2}
Step:2	{"metric": {"dev": {"eval_Precision": 0.0}}, "step": 2}
Step:2	{"metric": {"dev": {"eval_Recall": 0.0}}, "step": 2}
Step:2	{"metric": {"dev": {"eval_Metric_time": 0.08042335510253906}}, "step": 2}
Step:2	{"metric": {"dev": {"eval_runtime": 1.292}}, "step": 2}
Step:2	{"metric": {"dev": {"eval_samples_per_second": 851.396}}, "step": 2}
Step:2	{"metric": {"dev": {"eval_steps_per_second": 9.288}}, "step": 2}
Step:2	{"metric": {"dev": {"epoch": 2.7}}, "step": 2}
Step:3	{"metric": {"dev": {"eval_loss": 7.271463871002197}}, "step": 3}
Step:3	{"metric": {"dev": {"eval_F1_score": 0.0}}, "step": 3}
Step:3	{"metric": {"dev": {"eval_Precision": 0.0}}, "step": 3}
Step:3	{"metric": {"dev": {"eval_Recall": 0.0}}, "step": 3}
Step:3	{"metric": {"dev": {"eval_Metric_time": 0.06221723556518555}}, "step": 3}
Step:3	{"metric": {"dev": {"eval_runtime": 1.2757}}, "step": 3}
Step:3	{"metric": {"dev": {"eval_samples_per_second": 862.256}}, "step": 3}
Step:3	{"metric": {"dev": {"eval_steps_per_second": 9.406}}, "step": 3}
Step:3	{"metric": {"dev": {"epoch": 3.04}}, "step": 3}
Step:3	{"metric": {"dev": {"eval_loss": 7.272571086883545}}, "step": 3}
Step:3	{"metric": {"dev": {"eval_F1_score": 0.0}}, "step": 3}
Step:3	{"metric": {"dev": {"eval_Precision": 0.0}}, "step": 3}
Step:3	{"metric": {"dev": {"eval_Recall": 0.0}}, "step": 3}
Step:3	{"metric": {"dev": {"eval_Metric_time": 0.08055281639099121}}, "step": 3}
Step:3	{"metric": {"dev": {"eval_runtime": 1.2977}}, "step": 3}
Step:3	{"metric": {"dev": {"eval_samples_per_second": 847.667}}, "step": 3}
Step:3	{"metric": {"dev": {"eval_steps_per_second": 9.247}}, "step": 3}
Step:3	{"metric": {"dev": {"epoch": 3.38}}, "step": 3}
Step:3	{"metric": {"dev": {"eval_loss": 7.271143436431885}}, "step": 3}
Step:3	{"metric": {"dev": {"eval_F1_score": 0.0}}, "step": 3}
Step:3	{"metric": {"dev": {"eval_Precision": 0.0}}, "step": 3}
Step:3	{"metric": {"dev": {"eval_Recall": 0.0}}, "step": 3}
Step:3	{"metric": {"dev": {"eval_Metric_time": 0.08037590980529785}}, "step": 3}
Step:3	{"metric": {"dev": {"eval_runtime": 1.3029}}, "step": 3}
Step:3	{"metric": {"dev": {"eval_samples_per_second": 844.242}}, "step": 3}
Step:3	{"metric": {"dev": {"eval_steps_per_second": 9.21}}, "step": 3}
Step:3	{"metric": {"dev": {"epoch": 3.71}}, "step": 3}
Step:4	{"metric": {"dev": {"eval_loss": 7.2709550857543945}}, "step": 4}
Step:4	{"metric": {"dev": {"eval_F1_score": 0.0}}, "step": 4}
Step:4	{"metric": {"dev": {"eval_Precision": 0.0}}, "step": 4}
Step:4	{"metric": {"dev": {"eval_Recall": 0.0}}, "step": 4}
Step:4	{"metric": {"dev": {"eval_Metric_time": 0.06180691719055176}}, "step": 4}
Step:4	{"metric": {"dev": {"eval_runtime": 1.2745}}, "step": 4}
Step:4	{"metric": {"dev": {"eval_samples_per_second": 863.081}}, "step": 4}
Step:4	{"metric": {"dev": {"eval_steps_per_second": 9.415}}, "step": 4}
Step:4	{"metric": {"dev": {"epoch": 4.05}}, "step": 4}
Step:4	{"metric": {"dev": {"eval_loss": 7.270857810974121}}, "step": 4}
Step:4	{"metric": {"dev": {"eval_F1_score": 0.0}}, "step": 4}
Step:4	{"metric": {"dev": {"eval_Precision": 0.0}}, "step": 4}
Step:4	{"metric": {"dev": {"eval_Recall": 0.0}}, "step": 4}
Step:4	{"metric": {"dev": {"eval_Metric_time": 0.08041143417358398}}, "step": 4}
Step:4	{"metric": {"dev": {"eval_runtime": 1.3007}}, "step": 4}
Step:4	{"metric": {"dev": {"eval_samples_per_second": 845.716}}, "step": 4}
Step:4	{"metric": {"dev": {"eval_steps_per_second": 9.226}}, "step": 4}
Step:4	{"metric": {"dev": {"epoch": 4.39}}, "step": 4}
Step:4	{"metric": {"dev": {"eval_loss": 7.270852088928223}}, "step": 4}
Step:4	{"metric": {"dev": {"eval_F1_score": 0.0}}, "step": 4}
Step:4	{"metric": {"dev": {"eval_Precision": 0.0}}, "step": 4}
Step:4	{"metric": {"dev": {"eval_Recall": 0.0}}, "step": 4}
Step:4	{"metric": {"dev": {"eval_Metric_time": 0.0804603099822998}}, "step": 4}
Step:4	{"metric": {"dev": {"eval_runtime": 1.289}}, "step": 4}
Step:4	{"metric": {"dev": {"eval_samples_per_second": 853.353}}, "step": 4}
Step:4	{"metric": {"dev": {"eval_steps_per_second": 9.309}}, "step": 4}
Step:4	{"metric": {"dev": {"epoch": 4.73}}, "step": 4}
