Step:0	{"metric": {"dev": {"eval_loss": 8.90135669708252}}, "step": 0}
Step:0	{"metric": {"dev": {"eval_F1_score": 0.0}}, "step": 0}
Step:0	{"metric": {"dev": {"eval_Precision": 0.0}}, "step": 0}
Step:0	{"metric": {"dev": {"eval_Recall": 0.0}}, "step": 0}
Step:0	{"metric": {"dev": {"eval_Metric_time": 0.09978151321411133}}, "step": 0}
Step:0	{"metric": {"dev": {"eval_runtime": 2.1915}}, "step": 0}
Step:0	{"metric": {"dev": {"eval_samples_per_second": 501.946}}, "step": 0}
Step:0	{"metric": {"dev": {"eval_steps_per_second": 8.214}}, "step": 0}
Step:0	{"metric": {"dev": {"epoch": 0.23}}, "step": 0}
Step:0	{"metric": {"dev": {"eval_loss": 8.94267749786377}}, "step": 0}
Step:0	{"metric": {"dev": {"eval_F1_score": 0.0}}, "step": 0}
Step:0	{"metric": {"dev": {"eval_Precision": 0.0}}, "step": 0}
Step:0	{"metric": {"dev": {"eval_Recall": 0.0}}, "step": 0}
Step:0	{"metric": {"dev": {"eval_Metric_time": 0.061041831970214844}}, "step": 0}
Step:0	{"metric": {"dev": {"eval_runtime": 1.5718}}, "step": 0}
Step:0	{"metric": {"dev": {"eval_samples_per_second": 699.82}}, "step": 0}
Step:0	{"metric": {"dev": {"eval_steps_per_second": 11.452}}, "step": 0}
Step:0	{"metric": {"dev": {"epoch": 0.45}}, "step": 0}
Step:0	{"metric": {"dev": {"eval_loss": 8.954630851745605}}, "step": 0}
Step:0	{"metric": {"dev": {"eval_F1_score": 0.0}}, "step": 0}
Step:0	{"metric": {"dev": {"eval_Precision": 0.0}}, "step": 0}
Step:0	{"metric": {"dev": {"eval_Recall": 0.0}}, "step": 0}
Step:0	{"metric": {"dev": {"eval_Metric_time": 0.06216096878051758}}, "step": 0}
Step:0	{"metric": {"dev": {"eval_runtime": 1.5658}}, "step": 0}
Step:0	{"metric": {"dev": {"eval_samples_per_second": 702.529}}, "step": 0}
Step:0	{"metric": {"dev": {"eval_steps_per_second": 11.496}}, "step": 0}
Step:0	{"metric": {"dev": {"epoch": 0.68}}, "step": 0}
Step:0	{"metric": {"dev": {"eval_loss": 8.960344314575195}}, "step": 0}
Step:0	{"metric": {"dev": {"eval_F1_score": 0.0}}, "step": 0}
Step:0	{"metric": {"dev": {"eval_Precision": 0.0}}, "step": 0}
Step:0	{"metric": {"dev": {"eval_Recall": 0.0}}, "step": 0}
Step:0	{"metric": {"dev": {"eval_Metric_time": 0.06138730049133301}}, "step": 0}
Step:0	{"metric": {"dev": {"eval_runtime": 1.5655}}, "step": 0}
Step:0	{"metric": {"dev": {"eval_samples_per_second": 702.657}}, "step": 0}
Step:0	{"metric": {"dev": {"eval_steps_per_second": 11.498}}, "step": 0}
Step:0	{"metric": {"dev": {"epoch": 0.9}}, "step": 0}
