Step:0	{"metric": {"dev": {"eval_loss": 2.5637762546539307}}, "step": 0}
Step:0	{"metric": {"dev": {"eval_F1_score": 0.0}}, "step": 0}
Step:0	{"metric": {"dev": {"eval_Precision": 0.0}}, "step": 0}
Step:0	{"metric": {"dev": {"eval_Recall": 0.0}}, "step": 0}
Step:0	{"metric": {"dev": {"eval_Metric_time": 0.06208634376525879}}, "step": 0}
Step:0	{"metric": {"dev": {"eval_runtime": 1.2641}}, "step": 0}
Step:0	{"metric": {"dev": {"eval_samples_per_second": 870.218}}, "step": 0}
Step:0	{"metric": {"dev": {"eval_steps_per_second": 7.12}}, "step": 0}
Step:0	{"metric": {"dev": {"epoch": 0.45}}, "step": 0}
Step:0	{"metric": {"dev": {"eval_loss": 4.392809867858887}}, "step": 0}
Step:0	{"metric": {"dev": {"eval_F1_score": 0.0}}, "step": 0}
Step:0	{"metric": {"dev": {"eval_Precision": 0.0}}, "step": 0}
Step:0	{"metric": {"dev": {"eval_Recall": 0.0}}, "step": 0}
Step:0	{"metric": {"dev": {"eval_Metric_time": 0.060993194580078125}}, "step": 0}
Step:0	{"metric": {"dev": {"eval_runtime": 1.2511}}, "step": 0}
Step:0	{"metric": {"dev": {"eval_samples_per_second": 879.246}}, "step": 0}
Step:0	{"metric": {"dev": {"eval_steps_per_second": 7.194}}, "step": 0}
Step:0	{"metric": {"dev": {"epoch": 0.9}}, "step": 0}
Step:1	{"metric": {"dev": {"eval_loss": 5.594465255737305}}, "step": 1}
Step:1	{"metric": {"dev": {"eval_F1_score": 0.0}}, "step": 1}
Step:1	{"metric": {"dev": {"eval_Precision": 0.0}}, "step": 1}
Step:1	{"metric": {"dev": {"eval_Recall": 0.0}}, "step": 1}
Step:1	{"metric": {"dev": {"eval_Metric_time": 0.08009552955627441}}, "step": 1}
Step:1	{"metric": {"dev": {"eval_runtime": 1.2734}}, "step": 1}
Step:1	{"metric": {"dev": {"eval_samples_per_second": 863.838}}, "step": 1}
Step:1	{"metric": {"dev": {"eval_steps_per_second": 7.068}}, "step": 1}
Step:1	{"metric": {"dev": {"epoch": 1.35}}, "step": 1}
Step:1	{"metric": {"dev": {"eval_loss": 6.046112537384033}}, "step": 1}
Step:1	{"metric": {"dev": {"eval_F1_score": 0.0}}, "step": 1}
Step:1	{"metric": {"dev": {"eval_Precision": 0.0}}, "step": 1}
Step:1	{"metric": {"dev": {"eval_Recall": 0.0}}, "step": 1}
Step:1	{"metric": {"dev": {"eval_Metric_time": 0.07933974266052246}}, "step": 1}
Step:1	{"metric": {"dev": {"eval_runtime": 1.2581}}, "step": 1}
Step:1	{"metric": {"dev": {"eval_samples_per_second": 874.36}}, "step": 1}
Step:1	{"metric": {"dev": {"eval_steps_per_second": 7.154}}, "step": 1}
Step:1	{"metric": {"dev": {"epoch": 1.8}}, "step": 1}
Step:2	{"metric": {"dev": {"eval_loss": 6.217103004455566}}, "step": 2}
Step:2	{"metric": {"dev": {"eval_F1_score": 0.0}}, "step": 2}
Step:2	{"metric": {"dev": {"eval_Precision": 0.0}}, "step": 2}
Step:2	{"metric": {"dev": {"eval_Recall": 0.0}}, "step": 2}
Step:2	{"metric": {"dev": {"eval_Metric_time": 0.07978677749633789}}, "step": 2}
Step:2	{"metric": {"dev": {"eval_runtime": 1.2777}}, "step": 2}
Step:2	{"metric": {"dev": {"eval_samples_per_second": 860.951}}, "step": 2}
Step:2	{"metric": {"dev": {"eval_steps_per_second": 7.044}}, "step": 2}
Step:2	{"metric": {"dev": {"epoch": 2.25}}, "step": 2}
Step:2	{"metric": {"dev": {"eval_loss": 6.297191619873047}}, "step": 2}
Step:2	{"metric": {"dev": {"eval_F1_score": 0.0}}, "step": 2}
Step:2	{"metric": {"dev": {"eval_Precision": 0.0}}, "step": 2}
Step:2	{"metric": {"dev": {"eval_Recall": 0.0}}, "step": 2}
Step:2	{"metric": {"dev": {"eval_Metric_time": 0.07972598075866699}}, "step": 2}
Step:2	{"metric": {"dev": {"eval_runtime": 1.2803}}, "step": 2}
Step:2	{"metric": {"dev": {"eval_samples_per_second": 859.142}}, "step": 2}
Step:2	{"metric": {"dev": {"eval_steps_per_second": 7.029}}, "step": 2}
Step:2	{"metric": {"dev": {"epoch": 2.7}}, "step": 2}
Step:3	{"metric": {"dev": {"eval_loss": 6.338270664215088}}, "step": 3}
Step:3	{"metric": {"dev": {"eval_F1_score": 0.0}}, "step": 3}
Step:3	{"metric": {"dev": {"eval_Precision": 0.0}}, "step": 3}
Step:3	{"metric": {"dev": {"eval_Recall": 0.0}}, "step": 3}
Step:3	{"metric": {"dev": {"eval_Metric_time": 0.07966899871826172}}, "step": 3}
Step:3	{"metric": {"dev": {"eval_runtime": 1.2888}}, "step": 3}
Step:3	{"metric": {"dev": {"eval_samples_per_second": 853.498}}, "step": 3}
Step:3	{"metric": {"dev": {"eval_steps_per_second": 6.983}}, "step": 3}
Step:3	{"metric": {"dev": {"epoch": 3.15}}, "step": 3}
Step:3	{"metric": {"dev": {"eval_loss": 6.354015350341797}}, "step": 3}
Step:3	{"metric": {"dev": {"eval_F1_score": 0.0}}, "step": 3}
Step:3	{"metric": {"dev": {"eval_Precision": 0.0}}, "step": 3}
Step:3	{"metric": {"dev": {"eval_Recall": 0.0}}, "step": 3}
Step:3	{"metric": {"dev": {"eval_Metric_time": 0.08539128303527832}}, "step": 3}
Step:3	{"metric": {"dev": {"eval_runtime": 1.2788}}, "step": 3}
Step:3	{"metric": {"dev": {"eval_samples_per_second": 860.213}}, "step": 3}
Step:3	{"metric": {"dev": {"eval_steps_per_second": 7.038}}, "step": 3}
Step:3	{"metric": {"dev": {"epoch": 3.6}}, "step": 3}
Step:4	{"metric": {"dev": {"eval_loss": 6.364813327789307}}, "step": 4}
Step:4	{"metric": {"dev": {"eval_F1_score": 0.0}}, "step": 4}
Step:4	{"metric": {"dev": {"eval_Precision": 0.0}}, "step": 4}
Step:4	{"metric": {"dev": {"eval_Recall": 0.0}}, "step": 4}
Step:4	{"metric": {"dev": {"eval_Metric_time": 0.06923675537109375}}, "step": 4}
Step:4	{"metric": {"dev": {"eval_runtime": 1.2727}}, "step": 4}
Step:4	{"metric": {"dev": {"eval_samples_per_second": 864.338}}, "step": 4}
Step:4	{"metric": {"dev": {"eval_steps_per_second": 7.072}}, "step": 4}
Step:4	{"metric": {"dev": {"epoch": 4.05}}, "step": 4}
Step:4	{"metric": {"dev": {"eval_loss": 6.374317169189453}}, "step": 4}
Step:4	{"metric": {"dev": {"eval_F1_score": 0.0}}, "step": 4}
Step:4	{"metric": {"dev": {"eval_Precision": 0.0}}, "step": 4}
Step:4	{"metric": {"dev": {"eval_Recall": 0.0}}, "step": 4}
Step:4	{"metric": {"dev": {"eval_Metric_time": 0.07998991012573242}}, "step": 4}
Step:4	{"metric": {"dev": {"eval_runtime": 1.2804}}, "step": 4}
Step:4	{"metric": {"dev": {"eval_samples_per_second": 859.079}}, "step": 4}
Step:4	{"metric": {"dev": {"eval_steps_per_second": 7.029}}, "step": 4}
Step:4	{"metric": {"dev": {"epoch": 4.5}}, "step": 4}
Step:4	{"metric": {"dev": {"eval_loss": 6.383458137512207}}, "step": 4}
Step:4	{"metric": {"dev": {"eval_F1_score": 0.0}}, "step": 4}
Step:4	{"metric": {"dev": {"eval_Precision": 0.0}}, "step": 4}
Step:4	{"metric": {"dev": {"eval_Recall": 0.0}}, "step": 4}
Step:4	{"metric": {"dev": {"eval_Metric_time": 0.07959508895874023}}, "step": 4}
Step:4	{"metric": {"dev": {"eval_runtime": 1.2694}}, "step": 4}
Step:4	{"metric": {"dev": {"eval_samples_per_second": 866.566}}, "step": 4}
Step:4	{"metric": {"dev": {"eval_steps_per_second": 7.09}}, "step": 4}
Step:4	{"metric": {"dev": {"epoch": 4.95}}, "step": 4}
